Log file open, 01/08/18 13:58:04
LogInit:Display: Running engine for game: MyVR
LogPlatformFile: Not using cached read wrapper
LogInit:Display: RandInit(-1172490392) SRandInit(-1172490392).
LogTaskGraph: Started task graph with 5 named threads and 8 total threads with 1 sets of task threads.
LogStats: Stats thread started at 0.100448
LogInit: Using libcurl 7.47.1
LogInit:  - built for x86_64-pc-win32
LogInit:  - supports SSL with OpenSSL/1.0.2g
LogInit:  - supports HTTP deflate (compression) using libz 1.2.8
LogInit:  - other features:
LogInit:      CURL_VERSION_SSL
LogInit:      CURL_VERSION_LIBZ
LogInit:      CURL_VERSION_IPV6
LogInit:      CURL_VERSION_ASYNCHDNS
LogInit:      CURL_VERSION_LARGEFILE
LogInit:      CURL_VERSION_IDN
LogInit:  CurlRequestOptions (configurable via config and command line):
LogInit:  - bVerifyPeer = false  - Libcurl will NOT verify peer certificate
LogInit:  - bUseHttpProxy = false  - Libcurl will NOT use HTTP proxy
LogInit:  - bDontReuseConnections = false  - Libcurl will reuse connections
LogInit:  - CertBundlePath = nullptr  - Libcurl will use whatever was configured at build time.
OCULUS: Info: [CAPI] LibOVR module is located at C:\Program Files\Oculus\Support\oculus-runtime\LibOVRRT64_1.dll
OCULUS: Debug: Connected to the server running version (prod = 1).1.20.0(build = 501061) feature version = 0. Client runs version (prod = 1).1.20.0(build = 501061) feature version = 0
LogHMD: GearVR: Emulating GearVR using Oculus Rift!
LogInit: Build: ++UE4+Release-4.16-CL-3561208
LogInit: Engine Version: 4.16.3-3561208+++UE4+Release-4.16
LogInit: Compatible Engine Version: 4.16.0-3452394+++UE4+Release-4.16
LogInit: Net CL: 3452394
LogDevObjectVersion: Number of dev versions registered: 16
LogDevObjectVersion:   Dev-Blueprints (B0D832E4-1F89-4F0D-ACCF-7EB736FD4AA2): 9
LogDevObjectVersion:   Dev-Build (E1C64328-A22C-4D53-A36C-8E866417BD8C): 0
LogDevObjectVersion:   Dev-Core (375EC13C-06E4-48FB-B500-84F0262A717E): 2
LogDevObjectVersion:   Dev-Editor (E4B068ED-F494-42E9-A231-DA0B2E46BB41): 17
LogDevObjectVersion:   Dev-Framework (CFFC743F-43B0-4480-9391-14DF171D2073): 23
LogDevObjectVersion:   Dev-Mobile (B02B49B5-BB20-44E9-A304-32B752E40360): 0
LogDevObjectVersion:   Dev-Networking (A4E4105C-59A1-49B5-A7C5-40C4547EDFEE): 0
LogDevObjectVersion:   Dev-Online (39C831C9-5AE6-47DC-9A44-9C173E1C8E7C): 0
LogDevObjectVersion:   Dev-Physics (78F01B33-EBEA-4F98-B9B4-84EACCB95AA2): 0
LogDevObjectVersion:   Dev-Platform (6631380F-2D4D-43E0-8009-CF276956A95A): 0
LogDevObjectVersion:   Dev-Rendering (12F88B9F-8875-4AFC-A67C-D90C383ABD29): 15
LogDevObjectVersion:   Dev-Sequencer (7B5AE74C-D270-4C10-A958-57980B212A5A): 4
LogDevObjectVersion:   Dev-VR (D7296918-1DD6-4BDD-9DE2-64A83CC13884): 0
LogDevObjectVersion:   Dev-LoadTimes (C2A15278-BFE7-4AFE-6C17-90FF531DF755): 1
LogDevObjectVersion:   Private-Geometry (6EACA3D4-40EC-4CC1-B786-8BED09428FC5): 1
LogDevObjectVersion:   Dev-AnimPhys (29E575DD-E0A3-4627-9D10-D276232CDCEA): 3
LogInit: Compiled (64-bit): Jul 28 2017 11:49:47
LogInit: Compiled with Visual C++: 19.00.24215.01
LogInit: Build Configuration: Development
LogInit: Branch Name: ++UE4+Release-4.16
LogInit: Command line:  
LogInit: Base directory: C:/Program Files/Epic Games/UE_4.16/Engine/Binaries/Win64/
LogInit: Installed Engine Build: 1
LogInit: Presizing for max 8388607 objects, including 0 objects not considered by GC, pre-allocating 0 bytes for permanent pool.
LogInit: Object subsystem initialized
[2018.01.08-18.58.05:834][  0]LogInit: Selected Device Profile: [Windows]
[2018.01.08-18.58.05:834][  0]LogInit: Applying CVar settings loaded from the selected device profile: [Windows]
[2018.01.08-18.58.05:848][  0]LogInit: Computer: DESKTOP-TVE1Q8K
[2018.01.08-18.58.05:848][  0]LogInit: User: Cosmotron
[2018.01.08-18.58.05:848][  0]LogInit: CPU Page size=4096, Cores=4
[2018.01.08-18.58.05:848][  0]LogInit: High frequency timer resolution =2.648437 MHz
[2018.01.08-18.58.05:848][  0]LogMemory: Memory total: Physical=32.0GB (32GB approx)
[2018.01.08-18.58.05:848][  0]LogMemory: Platform Memory Stats for Windows
[2018.01.08-18.58.05:848][  0]LogMemory: Process Physical Memory: 277.01 MB used, 277.01 MB peak
[2018.01.08-18.58.05:848][  0]LogMemory: Process Virtual Memory: 264.13 MB used, 264.13 MB peak
[2018.01.08-18.58.05:848][  0]LogMemory: Physical Memory: 5637.04 MB used,  27085.67 MB free, 32722.71 MB total
[2018.01.08-18.58.05:848][  0]LogMemory: Virtual Memory: 713.89 MB used,  27085.67 MB free, 134217728.00 MB total
[2018.01.08-18.58.05:935][  0]LogInit: Using OS detected language (en-US).
[2018.01.08-18.58.05:935][  0]LogInit: Using OS detected locale (en-US).
[2018.01.08-18.58.05:938][  0]LogTextLocalizationManager: No specific localization for 'en-US' exists, so the 'en' localization will be used.
[2018.01.08-18.58.06:962][  0]LogD3D11RHI: D3D11 adapters:
[2018.01.08-18.58.07:010][  0]LogD3D11RHI:    0. 'NVIDIA GeForce GTX 1070' (Feature Level 11_0)
[2018.01.08-18.58.07:010][  0]LogD3D11RHI:       8089/0/16361 MB DedicatedVideo/DedicatedSystem/SharedSystem, Outputs:1, VendorId:0x10de
[2018.01.08-18.58.07:013][  0]LogD3D11RHI:    1. 'Microsoft Basic Render Driver' (Feature Level 11_0)
[2018.01.08-18.58.07:013][  0]LogD3D11RHI:       0/0/16361 MB DedicatedVideo/DedicatedSystem/SharedSystem, Outputs:0, VendorId:0x1414
[2018.01.08-18.58.07:013][  0]LogD3D11RHI: Chosen D3D11 Adapter: 0
[2018.01.08-18.58.07:021][  0]LogD3D11RHI: Creating new Direct3DDevice
[2018.01.08-18.58.07:021][  0]LogD3D11RHI:     GPU DeviceId: 0x1be1 (for the marketing name, search the web for "GPU Device Id")
[2018.01.08-18.58.07:021][  0]LogWindows: EnumDisplayDevices:
[2018.01.08-18.58.07:022][  0]LogWindows:    0. 'NVIDIA GeForce GTX 1070' (P:1 D:1)
[2018.01.08-18.58.07:022][  0]LogWindows:    1. 'NVIDIA GeForce GTX 1070' (P:0 D:0)
[2018.01.08-18.58.07:022][  0]LogWindows:    2. 'NVIDIA GeForce GTX 1070' (P:0 D:0)
[2018.01.08-18.58.07:022][  0]LogWindows:    3. 'NVIDIA GeForce GTX 1070' (P:0 D:0)
[2018.01.08-18.58.07:022][  0]LogWindows: DebugString: GetVideoDriverDetailsInvalid PrimaryIsNotTheChoosenAdapter GetVideoDriverDetailsInvalid PrimaryIsNotTheChoosenAdapter GetVideoDriverDetailsInvalid PrimaryIsNotTheChoosenAdapter GetVideoDriverDetailsInvalid PrimaryIsNotTheChoosenAdapter FoundDriverCount:0 
[2018.01.08-18.58.07:022][  0]LogD3D11RHI:     Adapter Name: NVIDIA GeForce GTX 1070
[2018.01.08-18.58.07:022][  0]LogD3D11RHI:   Driver Version: Unknown (internal:Unknown, unified:Unknown)
[2018.01.08-18.58.07:022][  0]LogD3D11RHI:      Driver Date: Unknown
[2018.01.08-18.58.07:022][  0]LogRHI: Texture pool is 1361 MB (70% of 1945 MB)
[2018.01.08-18.58.07:058][  0]LogD3D11RHI: Async texture creation enabled
[2018.01.08-18.58.07:130][  0]LogD3D11RHI: GPU Timing Frequency: 1000.000000 (Debug: 2 1)
[2018.01.08-18.58.07:173][  0]LogShaderCompilers: Guid format shader working directory is -14 characters bigger than the processId version (../../../../../../Users/Cosmotron/Documents/Unreal Projects/MyVR/Intermediate/Shaders/WorkingDirectory/9460/).
[2018.01.08-18.58.07:173][  0]LogShaderCompilers: Cleaned the shader compiler working directory 'C:/Users/Cosmotron/AppData/Local/Temp/UnrealShaderWorkingDir/213503134E2D7EF65C64CCBF14CF2866/'.
[2018.01.08-18.58.07:173][  0]LogShaderCompilers:Display: Using Local Shader Compiler.
[2018.01.08-18.58.08:523][  0]LogTemp:Display: Loaded TP AllDesktopTargetPlatform
[2018.01.08-18.58.08:577][  0]LogTemp:Display: Loaded TP MacClientTargetPlatform
[2018.01.08-18.58.08:631][  0]LogTemp:Display: Loaded TP MacNoEditorTargetPlatform
[2018.01.08-18.58.08:689][  0]LogTemp:Display: Loaded TP MacServerTargetPlatform
[2018.01.08-18.58.08:745][  0]LogTemp:Display: Loaded TP MacTargetPlatform
[2018.01.08-18.58.08:801][  0]LogTemp:Display: Loaded TP WindowsClientTargetPlatform
[2018.01.08-18.58.08:858][  0]LogTemp:Display: Loaded TP WindowsNoEditorTargetPlatform
[2018.01.08-18.58.08:912][  0]LogTemp:Display: Loaded TP WindowsServerTargetPlatform
[2018.01.08-18.58.08:963][  0]LogTemp:Display: Loaded TP WindowsTargetPlatform
[2018.01.08-18.58.09:019][  0]LogTemp:Display: Loaded TP AndroidTargetPlatform
[2018.01.08-18.58.09:072][  0]LogTemp:Display: Loaded TP Android_ASTCTargetPlatform
[2018.01.08-18.58.09:131][  0]LogTemp:Display: Loaded TP Android_ATCTargetPlatform
[2018.01.08-18.58.09:185][  0]LogTemp:Display: Loaded TP Android_DXTTargetPlatform
[2018.01.08-18.58.09:239][  0]LogTemp:Display: Loaded TP Android_ETC1TargetPlatform
[2018.01.08-18.58.09:293][  0]LogTemp:Display: Loaded TP Android_ETC2TargetPlatform
[2018.01.08-18.58.09:405][  0]LogTemp:Display: Loaded TP Android_MultiTargetPlatform
[2018.01.08-18.58.09:405][  0]LogTemp:Display: Loaded TP Android_PVRTCTargetPlatform
[2018.01.08-18.58.09:448][  0]LogTemp:Display: Loaded TP HTML5TargetPlatform
[2018.01.08-18.58.09:554][  0]LogTemp:Display: Loaded TP IOSTargetPlatform
[2018.01.08-18.58.09:588][  0]LogTemp:Display: Loaded TP TVOSTargetPlatform
[2018.01.08-18.58.09:642][  0]LogTemp:Display: Loaded TP LinuxClientTargetPlatform
[2018.01.08-18.58.09:699][  0]LogTemp:Display: Loaded TP LinuxNoEditorTargetPlatform
[2018.01.08-18.58.09:751][  0]LogTemp:Display: Loaded TP LinuxServerTargetPlatform
[2018.01.08-18.58.09:805][  0]LogTemp:Display: Loaded TP LinuxTargetPlatform
[2018.01.08-18.58.09:805][  0]LogTargetPlatformManager:Display: Building Assets For Windows
[2018.01.08-18.58.10:342][  0]LogDerivedDataCache:Display: Max Cache Size: 512 MB
[2018.01.08-18.58.10:425][  0]LogDerivedDataCache: Loaded boot cache 0.08s 90MB C:/Users/Cosmotron/AppData/Local/UnrealEngine/4.16/DerivedDataCache/Boot.ddc.
[2018.01.08-18.58.10:425][  0]LogDerivedDataCache:Display: Loaded Boot cache: C:/Users/Cosmotron/AppData/Local/UnrealEngine/4.16/DerivedDataCache/Boot.ddc
[2018.01.08-18.58.10:425][  0]LogDerivedDataCache: FDerivedDataBackendGraph:  Pak pak cache file ../../../../../../Users/Cosmotron/Documents/Unreal Projects/MyVR/DerivedDataCache/DDC.ddp not found, will not use a pak cache.
[2018.01.08-18.58.10:425][  0]LogDerivedDataCache: Unable to find inner node Pak for hierarchical cache Hierarchy.
[2018.01.08-18.58.10:425][  0]LogDerivedDataCache: FDerivedDataBackendGraph:  CompressedPak pak cache file ../../../../../../Users/Cosmotron/Documents/Unreal Projects/MyVR/DerivedDataCache/Compressed.ddp not found, will not use a pak cache.
[2018.01.08-18.58.10:425][  0]LogDerivedDataCache: Unable to find inner node CompressedPak for hierarchical cache Hierarchy.
[2018.01.08-18.58.10:442][  0]LogDerivedDataCache:Display: Pak cache opened for reading ../../../Engine/DerivedDataCache/Compressed.ddp.
[2018.01.08-18.58.10:455][  0]LogDerivedDataCache: Using Local data cache path C:/Users/Cosmotron/AppData/Local/UnrealEngine/Common/DerivedDataCache: Writable
[2018.01.08-18.58.10:465][  0]LogMaterial: Verifying Global Shaders for PCD3D_SM5
[2018.01.08-18.58.10:465][  0]LogSlate: Using Freetype 2.6.0
[2018.01.08-18.58.10:466][  0]LogSlate: SlateFontCache - WITH_FREETYPE: 1, WITH_HARFBUZZ: 1
[2018.01.08-18.58.10:466][  0]LogSlate: SlateFontCache - WITH_FREETYPE: 1, WITH_HARFBUZZ: 1
[2018.01.08-18.58.10:820][  0]LogInit: Selected Device Profile: [Windows]
[2018.01.08-18.58.10:890][  0]LogContentStreaming: Texture pool size is 0.00 MB
[2018.01.08-18.58.11:066][  0]LogMeshUtilities: Using QuadricMeshReduction for automatic static mesh reduction
[2018.01.08-18.58.11:117][  0]LogSimplygon: Simplygon DLL not present - disabling.
[2018.01.08-18.58.11:169][  0]LogMeshUtilities: Using SimplygonSwarm for distributed automatic mesh merging
[2018.01.08-18.58.11:169][  0]LogMeshUtilities: No automatic skeletal mesh reduction module available
[2018.01.08-18.58.11:169][  0]LogMeshUtilities: No automatic mesh merging module available
[2018.01.08-18.58.11:821][  0]LogNetVersion: MyVR , NetCL: 3452394, EngineNetVer: 2, GameNetVer: 0 (Checksum: 2902849245)
[2018.01.08-18.58.11:889][  0]LogAssetRegistry: FAssetRegistry took 0.0255 seconds to start up
[2018.01.08-18.58.11:961][  0]LogPackageLocalizationCache: Processed 4 localized package path(s) for 2 prioritized culture(s) in 0.042868 seconds
[2018.01.08-18.58.11:969][  0]LogUObjectArray: 34194 objects as part of root set at end of initial load.
[2018.01.08-18.58.11:969][  0]LogUObjectAllocator: 7260416 out of 0 bytes used by permanent object pool.
[2018.01.08-18.58.11:969][  0]LogUObjectArray: CloseDisregardForGC: 0/0 objects in disregard for GC pool
[2018.01.08-18.58.12:041][  0]LogInit: WinSock: version 1.1 (2.2), MaxSocks=32767, MaxUdp=65467
[2018.01.08-18.58.14:656][  0]LogTcpMessaging: Initializing TcpMessaging bridge
[2018.01.08-18.58.14:698][  0]LogUdpMessaging: Initializing bridge on interface 0.0.0.0:0 to multicast group 230.0.0.1:6666.
[2018.01.08-18.58.15:275][  0]LogMaterial: Uniform references updated for custom material expression Custom.
[2018.01.08-18.58.15:717][  0]SourceControl: Info Source control is disabled
[2018.01.08-18.58.15:718][  0]SourceControl: Info Source control is disabled
[2018.01.08-18.58.15:768][  0]SourceControl: Info Source control is disabled
[2018.01.08-18.58.15:820][  0]SourceControl: Info Source control is disabled
[2018.01.08-18.58.16:556][  0]LogAndroidPermission: UAndroidPermissionCallbackProxy::GetInstance
[2018.01.08-18.58.17:213][  0]LogEngine: Initializing Engine...
[2018.01.08-18.58.20:791][  0]LogHMD: SteamVR initialized.  Driver: lighthouse  Display: LHR-B4FB29CD
[2018.01.08-18.58.21:009][  0]LogStats: UGameplayTagsManager::ConstructGameplayTagTree: Construct from data asset -  0.000 s
[2018.01.08-18.58.21:009][  0]LogStats: UGameplayTagsManager::ConstructGameplayTagTree: GameplayTagTreeChangedEvent.Broadcast -  0.000 s
[2018.01.08-18.58.21:156][  0]LogAIModule: Creating AISystem for world Untitled
[2018.01.08-18.58.21:173][  0]LogInit: XAudio2 using 'Speakers (Realtek High Definition Audio)' : 2 channels at 48 kHz using 32 bits per sample (channel mask 0x3)
[2018.01.08-18.58.21:196][  0]LogInit: FAudioDevice initialized.
[2018.01.08-18.58.21:245][  0]LogDerivedDataCache: Saved boot cache 0.05s 90MB C:/Users/Cosmotron/AppData/Local/UnrealEngine/4.16/DerivedDataCache/Boot.ddc.
[2018.01.08-18.58.21:261][  0]LogInit: Texture streaming: Enabled
[2018.01.08-18.58.21:370][  0]LogEngineSessionManager: EngineSessionManager initialized
[2018.01.08-18.58.21:614][  0]LogInit: Transaction tracking system initialized
[2018.01.08-18.58.21:967][  0]BlueprintLog: New page: Editor Load
[2018.01.08-18.58.23:004][  0]LocalizationService: Info Localization service is disabled
[2018.01.08-18.58.23:755][  0]LogConsoleResponse:Display: 
[2018.01.08-18.58.23:929][  0]LogCook:Display: Max memory allowance for cook 16384mb min free memory 0mb
[2018.01.08-18.58.23:929][  0]LogCook:Display: Mobile HDR setting 1
[2018.01.08-18.58.24:090][  0]LogFileCache: Scanning file cache for directory 'C:/Users/Cosmotron/Documents/Unreal Projects/MyVR/Content/' took 0.01s
[2018.01.08-18.58.25:060][  0]SourceControl: Info Source control is disabled
[2018.01.08-18.58.25:060][  0]Cmd: MAP LOAD FILE="../../../../../../Users/Cosmotron/Documents/Unreal Projects/MyVR/Content/VirtualRealityBP/Maps/StartupMap.umap" TEMPLATE=0 SHOWPROGRESS=1 FEATURELEVEL=3
[2018.01.08-18.58.25:061][  0]LightingResults: New page: Lighting Build
[2018.01.08-18.58.25:108][  0]MapCheck: New page: Map Check
[2018.01.08-18.58.25:108][  0]LightingResults: New page: Lighting Build
[2018.01.08-18.58.25:204][  0]LogAIModule: Creating AISystem for world StartupMap
[2018.01.08-18.58.25:211][  0]LogEditorServer: Finished looking for orphan Actors (0.000 secs)
[2018.01.08-18.58.25:226][  0]Cmd: MAP CHECKDEP NOCLEARLOG
[2018.01.08-18.58.25:274][  0]MapCheck: Info Map check complete: 0 Error(s), 0 Warning(s), took 47.963ms to complete.
[2018.01.08-18.58.25:274][  0]LogFileHelpers: Loading map 'StartupMap' took 0.214
[2018.01.08-18.58.25:432][  0]LogCollectionManager: Loaded 0 collections in 0.001740 seconds
[2018.01.08-18.58.25:518][  0]LogFileCache: Scanning file cache for directory 'C:/Users/Cosmotron/Documents/Unreal Projects/MyVR/Saved/Collections/' took 0.01s
[2018.01.08-18.58.25:518][  0]LogFileCache: Scanning file cache for directory 'C:/Users/Cosmotron/Documents/Unreal Projects/MyVR/Content/Developers/Cosmotron/Collections/' took 0.01s
[2018.01.08-18.58.25:518][  0]LogFileCache: Scanning file cache for directory 'C:/Users/Cosmotron/Documents/Unreal Projects/MyVR/Content/Collections/' took 0.01s
[2018.01.08-18.58.25:518][  0]LogCollectionManager: Rebuilt the GUID cache for 0 collections in 0.000002 seconds
[2018.01.08-18.58.25:529][  0]LogContentBrowser: Native class hierarchy populated in 0.0103 seconds. Added 2329 classes and 491 folders.
[2018.01.08-18.58.25:600][  0]LogContentBrowser: Native class hierarchy updated for 'WidgetCarousel' in 0.0005 seconds. Added 0 classes and 0 folders.
[2018.01.08-18.58.25:638][  0]LogContentBrowser: Native class hierarchy updated for 'AddContentDialog' in 0.0006 seconds. Added 0 classes and 0 folders.
[2018.01.08-18.58.25:684][  0]LogContentBrowser: Native class hierarchy updated for 'SceneOutliner' in 0.0006 seconds. Added 1 classes and 2 folders.
[2018.01.08-18.58.25:771][  0]LogCrashTracker: Crashtracker disabled due to settings.
[2018.01.08-18.58.26:680][  0]LogSlate: Only BGRA pngs, bmps or icos are supported in by External Image Picker
[2018.01.08-18.58.26:701][  0]LogSlate: Took 0.000186 seconds to synchronously load lazily loaded font '../../../Engine/Content/Slate/Fonts/Roboto-Regular.ttf' (155K)
[2018.01.08-18.58.26:703][  0]LogSlate: Took 0.000218 seconds to synchronously load lazily loaded font '../../../Engine/Content/Slate/Fonts/Roboto-Bold.ttf' (160K)
[2018.01.08-18.58.26:710][  0]LogSlate: Took 0.000241 seconds to synchronously load lazily loaded font '../../../Engine/Content/Editor/Slate/Fonts/FontAwesome.ttf' (139K)
[2018.01.08-18.58.26:822][  0]LogTemp: Executing iPhonePackager certificates Engine -bundlename com.YourCompany.MyVR
[2018.01.08-18.58.26:822][  0]LogTemp: CWD: C:\Program Files\Epic Games\UE_4.16\Engine\Binaries\DotNET\IOS
[2018.01.08-18.58.26:822][  0]LogTemp: Initial Dir: C:\Program Files\Epic Games\UE_4.16
[2018.01.08-18.58.26:822][  0]LogTemp: Env CWD: C:\Program Files\Epic Games\UE_4.16\Engine\Binaries\DotNET\IOS
[2018.01.08-18.58.26:822][  0]LogTemp: BranchPath = DESKTOP-TVE1Q8K/C/Program Files/Epic Games/UE_4.16/Engine/Binaries --- GameBranchPath = DESKTOP-TVE1Q8K/C/Program Files/Epic Games/UE_4.16/Engine/Binaries
[2018.01.08-18.58.26:822][  0]LogTemp: IPP ERROR: Could not find provision directory 'C:\Users\Cosmotron\AppData\Local/Apple Computer/MobileDevice/Provisioning Profiles/'.
[2018.01.08-18.58.26:822][  0]LogRenderer: Reallocating scene render targets to support 1072x496 NumSamples 1 (Frame:1).
[2018.01.08-18.58.26:953][  0]LogUObjectGlobals:Warning: Failed to find object 'Class None.'
[2018.01.08-18.58.27:024][  0]LogContentBrowser: Native class hierarchy updated for 'HierarchicalLODOutliner' in 0.0006 seconds. Added 1 classes and 2 folders.
[2018.01.08-18.58.27:025][  0]LogLoad: (Engine Initialization) Total time: 23.47 seconds
[2018.01.08-18.58.27:025][  0]LogLoad: (Engine Initialization) Total Blueprint compile time: 0.05 seconds
[2018.01.08-18.58.27:025][  0]LogExternalProfiler: No external profilers were discovered.  External profiling features will not be available.
[2018.01.08-18.58.27:034][  0]LogWindowsTextInputMethodSystem:Display: IME system now deactivated.
[2018.01.08-18.58.27:035][  0]LogOcInput: OculusInput pre-init called
[2018.01.08-18.58.27:051][  0]LogOcInput: OculusInput is initialized. Init status 0. Runtime version: 1.20.0
[2018.01.08-18.58.27:051][  0]LogHMD: Starting GearVRController plugin
[2018.01.08-18.58.27:052][  0]LogSteamVRController: Controller role for device 1 is 2 (invalid=0, left=1, right=2).
[2018.01.08-18.58.27:052][  0]LogSteamVRController:Warning: Controller device 1 is being assigned to its prefered role 'right'.
[2018.01.08-18.58.27:052][  0]LogSteamVRController: Controller device 1 is being assigned unreal hand 1 (left=0, right=1).
[2018.01.08-18.58.27:052][  0]LogSteamVRController: Controller role for device 4 is 1 (invalid=0, left=1, right=2).
[2018.01.08-18.58.27:052][  0]LogSteamVRController: Putting controller 4 on the left hand because there is already a controller for the right.
[2018.01.08-18.58.27:052][  0]LogSteamVRController: Controller device 4 is being assigned unreal hand 0 (left=0, right=1).
[2018.01.08-18.58.27:072][  0]LogContentStreaming: Texture pool size now 1000 MB
[2018.01.08-18.58.27:120][  0]LogSlate: Took 0.000121 seconds to synchronously load lazily loaded font '../../../Engine/Content/Slate/Fonts/Roboto-Light.ttf' (159K)
[2018.01.08-18.58.27:138][  1]LogAssetRegistry: Asset discovery search completed in 15.2706 seconds
[2018.01.08-18.58.27:140][  1]LogCollectionManager: Rebuilt the object cache for 0 collections in 0.000001 seconds (found 0 objects)
[2018.01.08-18.58.27:140][  1]LogCollectionManager: Fixed up redirectors for 0 collections in 0.000028 seconds (updated 0 objects)
[2018.01.08-18.58.28:950][154]LogSlate: Took 0.000131 seconds to synchronously load lazily loaded font '../../../Engine/Content/Slate/Fonts/Roboto-Light.ttf' (159K)
[2018.01.08-18.58.29:595][154]LogAIModule: Creating AISystem for world MotionControllerMap
[2018.01.08-18.58.29:626][154]Cmd: MAP LOAD FILE="../../../../../../Users/Cosmotron/Documents/Unreal Projects/MyVR/Content/VirtualRealityBP/Maps/MotionControllerMap.umap" TEMPLATE=0 SHOWPROGRESS=1 FEATURELEVEL=3
[2018.01.08-18.58.29:627][154]LightingResults: New page: Lighting Build
[2018.01.08-18.58.29:627][154]LoadErrors: New page: Loading map: MotionControllerMap.umap
[2018.01.08-18.58.29:628][154]MapCheck: New page: Map Check
[2018.01.08-18.58.29:628][154]LightingResults: New page: Lighting Build
[2018.01.08-18.58.29:692][154]LogEditorServer: Finished looking for orphan Actors (0.000 secs)
[2018.01.08-18.58.29:731][154]Cmd: MAP CHECKDEP NOCLEARLOG
[2018.01.08-18.58.29:785][154]MapCheck: Info Map check complete: 0 Error(s), 0 Warning(s), took 54.322ms to complete.
[2018.01.08-18.58.29:785][154]LogFileHelpers: Loading map 'MotionControllerMap' took 0.159
[2018.01.08-18.59.10:815][856]LogSlate: Took 0.005247 seconds to synchronously load lazily loaded font '../../../Engine/Content/Editor/Slate/Fonts/Roboto-Italic.ttf' (157K)
[2018.01.08-18.59.41:864][416]LogRenderer: Reallocating scene render targets to support 1080x496 NumSamples 1 (Frame:5881).
[2018.01.08-18.59.41:906][417]LogRenderer: Reallocating scene render targets to support 1088x496 NumSamples 1 (Frame:5883).
[2018.01.08-18.59.41:949][418]LogRenderer: Reallocating scene render targets to support 1092x496 NumSamples 1 (Frame:5885).
[2018.01.08-18.59.41:990][419]LogRenderer: Reallocating scene render targets to support 1096x496 NumSamples 1 (Frame:5887).
[2018.01.08-18.59.42:030][420]LogRenderer: Reallocating scene render targets to support 1108x496 NumSamples 1 (Frame:5889).
[2018.01.08-18.59.42:072][421]LogRenderer: Reallocating scene render targets to support 1112x496 NumSamples 1 (Frame:5891).
[2018.01.08-18.59.42:229][428]LogRenderer: Reallocating scene render targets to support 1116x496 NumSamples 1 (Frame:5897).
[2018.01.08-18.59.42:271][429]LogRenderer: Reallocating scene render targets to support 1128x496 NumSamples 1 (Frame:5899).
[2018.01.08-18.59.42:312][430]LogRenderer: Reallocating scene render targets to support 1132x496 NumSamples 1 (Frame:5901).
[2018.01.08-18.59.42:396][432]LogRenderer: Reallocating scene render targets to support 1136x496 NumSamples 1 (Frame:5905).
[2018.01.08-19.00.00:496][ 27]LogContentBrowser: Native class hierarchy updated for 'BlueprintGraph' in 0.0010 seconds. Added 112 classes and 0 folders.
[2018.01.08-19.00.01:265][ 27]LogMaterial: Missing cached shader map for material PersonaFloorMat, compiling. 
[2018.01.08-19.00.01:392][ 27]LogSlate: Took 0.005510 seconds to synchronously load lazily loaded font '../../../Engine/Content/Editor/Slate/Fonts/Roboto-BoldCondensed.ttf' (158K)
[2018.01.08-19.04.52:587][ 21]LogRenderer: Reallocating scene render targets to support 1136x780 NumSamples 1 (Frame:1).
[2018.01.08-19.10.13:637][ 84]LogRenderer: Reallocating scene render targets to support 1420x780 NumSamples 1 (Frame:1).
[2018.01.08-19.19.40:936][856]LogContentBrowser: Native class hierarchy updated for 'SkeletonEditor' in 0.0007 seconds. Added 1 classes and 2 folders.
[2018.01.08-19.19.41:100][856]LogActorComponent: RegisterComponentWithWorld: (/Engine/Transient.World_13:PersistentLevel.Actor_0.DebugSkelMeshComponent_0) Already registered. Aborting.
[2018.01.08-19.19.41:150][856]LogSkeletalMesh: USkeletalMeshComponent::InitArticulated : Bodies already created (/Engine/Transient.World_13:PersistentLevel.Actor_0.DebugSkelMeshComponent_0) - call TermArticulated first.
[2018.01.08-19.19.41:454][856]LogContentBrowser: Native class hierarchy updated for 'ClothingSystemEditorInterface' in 0.0005 seconds. Added 1 classes and 0 folders.
[2018.01.08-19.19.57:610][765]LogContentBrowser: Native class hierarchy updated for 'PhAT' in 0.0006 seconds. Added 2 classes and 3 folders.
[2018.01.08-19.19.57:737][766]LogRenderer: Reallocating scene render targets to support 1420x804 NumSamples 1 (Frame:1).
[2018.01.08-20.12.17:181][864]LogActorComponent: UnregisterComponent: (/Engine/Transient.EditorFloorComp) Not registered. Aborting.
[2018.01.08-20.12.17:265][864]LogActorComponent: UnregisterComponent: (/Engine/Transient.EditorFloorComp) Not registered. Aborting.
[2018.01.08-20.12.17:555][865]Cmd: QUIT_EDITOR
[2018.01.08-20.12.17:590][865]LogWindowsTextInputMethodSystem:Display: IME system now deactivated.
[2018.01.08-20.12.17:604][865]LogExit: Preparing to exit.
[2018.01.08-20.12.18:444][865]LogDirectoryWatcher: A directory notification for 'C:/Users/Cosmotron/Documents/Unreal Projects/MyVR/Content/' was aborted.
[2018.01.08-20.12.18:480][865]LogExit: Editor shut down
[2018.01.08-20.12.18:484][865]LogExit: Transaction tracking system shut down
[2018.01.08-20.12.18:588][865]LogObj: Freed 0b from 0 cluster array pools.
[2018.01.08-20.12.18:589][865]LogExit: Object subsystem successfully closed.
[2018.01.08-20.12.18:616][865]LogD3D11RHI: Shutdown
[2018.01.08-20.12.18:616][865]LogD3D11RHI: CleanupD3DDevice
[2018.01.08-20.12.18:879][865]LogD3D11RHI: ~FD3D11DynamicRHI
[2018.01.08-20.12.18:896][865]LogModuleManager: Shutting down and abandoning module PhAT (536)
[2018.01.08-20.12.18:896][865]LogModuleManager: Shutting down and abandoning module ClothingSystemEditorInterface (534)
[2018.01.08-20.12.18:896][865]LogModuleManager: Shutting down and abandoning module SkeletonEditor (532)
[2018.01.08-20.12.18:896][865]LogModuleManager: Shutting down and abandoning module BlueprintGraph (530)
[2018.01.08-20.12.18:896][865]LogModuleManager: Shutting down and abandoning module BlueprintProfiler (528)
[2018.01.08-20.12.18:897][865]LogModuleManager: Shutting down and abandoning module HierarchicalLODOutliner (526)
[2018.01.08-20.12.18:897][865]LogModuleManager: Shutting down and abandoning module ExternalImagePicker (524)
[2018.01.08-20.12.18:897][865]LogModuleManager: Shutting down and abandoning module CrashTracker (522)
[2018.01.08-20.12.18:897][865]LogModuleManager: Shutting down and abandoning module SceneOutliner (520)
[2018.01.08-20.12.18:897][865]LogModuleManager: Shutting down and abandoning module AddContentDialog (518)
[2018.01.08-20.12.18:897][865]LogDirectoryWatcher: A directory notification for 'C:/Program Files/Epic Games/UE_4.16/FeaturePacks/' was aborted.
[2018.01.08-20.12.18:898][865]LogModuleManager: Shutting down and abandoning module WidgetCarousel (517)
[2018.01.08-20.12.18:898][865]LogModuleManager: Shutting down and abandoning module EditorWidgets (514)
[2018.01.08-20.12.18:898][865]LogModuleManager: Shutting down and abandoning module CollectionManager (512)
[2018.01.08-20.12.18:898][865]LogDirectoryWatcher: A directory notification for 'C:/Users/Cosmotron/Documents/Unreal Projects/MyVR/Content/Collections/' was aborted.
[2018.01.08-20.12.18:898][865]LogDirectoryWatcher: A directory notification for 'C:/Users/Cosmotron/Documents/Unreal Projects/MyVR/Content/Developers/Cosmotron/Collections/' was aborted.
[2018.01.08-20.12.18:898][865]LogDirectoryWatcher: A directory notification for 'C:/Users/Cosmotron/Documents/Unreal Projects/MyVR/Saved/Collections/' was aborted.
[2018.01.08-20.12.18:898][865]LogModuleManager: Shutting down and abandoning module StatsViewer (510)
[2018.01.08-20.12.18:898][865]LogModuleManager: Shutting down and abandoning module FoliageEdit (508)
[2018.01.08-20.12.18:898][865]LogModuleManager: Shutting down and abandoning module LandscapeEditor (506)
[2018.01.08-20.12.18:898][865]LogModuleManager: Shutting down and abandoning module MeshPaintMode (504)
[2018.01.08-20.12.18:898][865]LogModuleManager: Shutting down and abandoning module SceneDepthPickerMode (502)
[2018.01.08-20.12.18:898][865]LogModuleManager: Shutting down and abandoning module ActorPickerMode (500)
[2018.01.08-20.12.18:898][865]LogModuleManager: Shutting down and abandoning module GeometryMode (498)
[2018.01.08-20.12.18:898][865]LogModuleManager: Shutting down and abandoning module TextureAlignMode (496)
[2018.01.08-20.12.18:898][865]LogModuleManager: Shutting down and abandoning module BspMode (494)
[2018.01.08-20.12.18:898][865]LogModuleManager: Shutting down and abandoning module HardwareSurvey (492)
[2018.01.08-20.12.18:898][865]LogModuleManager: Shutting down and abandoning module SequenceRecorderSections (490)
[2018.01.08-20.12.18:898][865]LogModuleManager: Shutting down and abandoning module AutomationWorker (488)
[2018.01.08-20.12.18:898][865]LogModuleManager: Shutting down and abandoning module MatineeToLevelSequence (486)
[2018.01.08-20.12.18:898][865]LogModuleManager: Shutting down and abandoning module LevelSequenceEditor (484)
[2018.01.08-20.12.18:898][865]LogModuleManager: Shutting down and abandoning module PlacementMode (483)
[2018.01.08-20.12.18:898][865]LogModuleManager: Shutting down and abandoning module WmfMediaFactory (480)
[2018.01.08-20.12.18:898][865]LogModuleManager: Shutting down and abandoning module WmfMediaEditor (478)
[2018.01.08-20.12.18:898][865]LogModuleManager: Shutting down and abandoning module AvfMediaFactory (476)
[2018.01.08-20.12.18:898][865]LogModuleManager: Shutting down and abandoning module AvfMediaEditor (474)
[2018.01.08-20.12.18:898][865]LogModuleManager: Shutting down and abandoning module AndroidMediaFactory (472)
[2018.01.08-20.12.18:898][865]LogModuleManager: Shutting down and abandoning module Media (471)
[2018.01.08-20.12.18:898][865]LogModuleManager: Shutting down and abandoning module AndroidMediaEditor (468)
[2018.01.08-20.12.18:898][865]LogModuleManager: Shutting down and abandoning module CharacterAI (466)
[2018.01.08-20.12.18:898][865]LogModuleManager: Shutting down and abandoning module AudioCapture (464)
[2018.01.08-20.12.18:898][865]LogModuleManager: Shutting down and abandoning module SequenceRecorder (463)
[2018.01.08-20.12.18:898][865]LogModuleManager: Shutting down and abandoning module SmartSnapping (460)
[2018.01.08-20.12.18:898][865]LogModuleManager: Shutting down and abandoning module SessionServices (458)
[2018.01.08-20.12.18:898][865]LogModuleManager: Shutting down and abandoning module ViewportSnapping (456)
[2018.01.08-20.12.18:898][865]LogModuleManager: Shutting down and abandoning module ViewportInteraction (454)
[2018.01.08-20.12.18:898][865]LogModuleManager: Shutting down and abandoning module ClothPainter (452)
[2018.01.08-20.12.18:898][865]LogModuleManager: Shutting down and abandoning module LogVisualizer (450)
[2018.01.08-20.12.18:899][865]LogModuleManager: Shutting down and abandoning module IntroTutorials (448)
[2018.01.08-20.12.18:899][865]LogModuleManager: Shutting down and abandoning module GameProjectGeneration (447)
[2018.01.08-20.12.18:899][865]LogModuleManager: Shutting down and abandoning module EditorLiveStreaming (444)
[2018.01.08-20.12.18:899][865]LogModuleManager: Shutting down and abandoning module IOSPlatformEditor (442)
[2018.01.08-20.12.18:899][865]LogModuleManager: Shutting down and abandoning module HTML5PlatformEditor (440)
[2018.01.08-20.12.18:899][865]LogModuleManager: Shutting down and abandoning module AndroidPlatformEditor (438)
[2018.01.08-20.12.18:899][865]LogModuleManager: Shutting down and abandoning module AndroidDeviceDetection (437)
[2018.01.08-20.12.19:131][865]LogModuleManager: Shutting down and abandoning module IOSRuntimeSettings (434)
[2018.01.08-20.12.19:131][865]LogModuleManager: Shutting down and abandoning module AndroidRuntimeSettings (432)
[2018.01.08-20.12.19:131][865]LogModuleManager: Shutting down and abandoning module InputBindingEditor (430)
[2018.01.08-20.12.19:131][865]LogModuleManager: Shutting down and abandoning module MergeActors (428)
[2018.01.08-20.12.19:131][865]LogModuleManager: Shutting down and abandoning module SizeMap (426)
[2018.01.08-20.12.19:131][865]LogModuleManager: Shutting down and abandoning module TreeMap (424)
[2018.01.08-20.12.19:131][865]LogModuleManager: Shutting down and abandoning module ReferenceViewer (422)
[2018.01.08-20.12.19:131][865]LogModuleManager: Shutting down and abandoning module LocalizationDashboard (420)
[2018.01.08-20.12.19:131][865]LogModuleManager: Shutting down and abandoning module LocalizationService (419)
[2018.01.08-20.12.19:131][865]LogModuleManager: Shutting down and abandoning module HardwareTargeting (416)
[2018.01.08-20.12.19:131][865]LogModuleManager: Shutting down and abandoning module DeviceProfileEditor (414)
[2018.01.08-20.12.19:131][865]LogModuleManager: Shutting down and abandoning module UndoHistory (412)
[2018.01.08-20.12.19:131][865]LogModuleManager: Shutting down and abandoning module UserFeedback (410)
[2018.01.08-20.12.19:131][865]LogModuleManager: Shutting down and abandoning module XmlParser (408)
[2018.01.08-20.12.19:131][865]LogModuleManager: Shutting down and abandoning module Blutility (406)
[2018.01.08-20.12.19:131][865]LogModuleManager: Shutting down and abandoning module ProjectSettingsViewer (404)
[2018.01.08-20.12.19:131][865]LogModuleManager: Shutting down and abandoning module ProjectTargetPlatformEditor (403)
[2018.01.08-20.12.19:131][865]LogModuleManager: Shutting down and abandoning module EditorSettingsViewer (400)
[2018.01.08-20.12.19:131][865]LogModuleManager: Shutting down and abandoning module SettingsEditor (398)
[2018.01.08-20.12.19:131][865]LogModuleManager: Shutting down and abandoning module ProjectLauncher (396)
[2018.01.08-20.12.19:131][865]LogModuleManager: Shutting down and abandoning module SessionFrontend (394)
[2018.01.08-20.12.19:131][865]LogModuleManager: Shutting down and abandoning module ProfilerClient (392)
[2018.01.08-20.12.19:131][865]LogModuleManager: Shutting down and abandoning module DeviceManager (390)
[2018.01.08-20.12.19:131][865]LogModuleManager: Shutting down and abandoning module TargetDeviceServices (389)
[2018.01.08-20.12.19:196][865]LogModuleManager: Shutting down and abandoning module AutomationController (386)
[2018.01.08-20.12.19:196][865]LogModuleManager: Shutting down and abandoning module AutomationWindow (384)
[2018.01.08-20.12.19:196][865]LogModuleManager: Shutting down and abandoning module Layers (382)
[2018.01.08-20.12.19:196][865]LogModuleManager: Shutting down and abandoning module ComponentVisualizers (380)
[2018.01.08-20.12.19:196][865]LogModuleManager: Shutting down and abandoning module DetailCustomizations (378)
[2018.01.08-20.12.19:196][865]LogModuleManager: Shutting down and abandoning module PackagesDialog (376)
[2018.01.08-20.12.19:196][865]LogModuleManager: Shutting down and abandoning module Persona (374)
[2018.01.08-20.12.19:196][865]LogModuleManager: Shutting down and abandoning module AdvancedPreviewScene (373)
[2018.01.08-20.12.19:196][865]LogModuleManager: Shutting down and abandoning module AnimGraph (371)
[2018.01.08-20.12.19:196][865]LogModuleManager: Shutting down and abandoning module Kismet (368)
[2018.01.08-20.12.19:202][865]LogModuleManager: Shutting down and abandoning module ClassViewer (366)
[2018.01.08-20.12.19:202][865]LogModuleManager: Shutting down and abandoning module Toolbox (364)
[2018.01.08-20.12.19:202][865]LogModuleManager: Shutting down and abandoning module ModuleUI (362)
[2018.01.08-20.12.19:202][865]LogModuleManager: Shutting down and abandoning module MovieSceneTools (360)
[2018.01.08-20.12.19:202][865]LogModuleManager: Shutting down and abandoning module OutputLog (358)
[2018.01.08-20.12.19:202][865]LogModuleManager: Shutting down and abandoning module GammaUI (356)
[2018.01.08-20.12.19:202][865]LogModuleManager: Shutting down and abandoning module Documentation (354)
[2018.01.08-20.12.19:203][865]LogModuleManager: Shutting down and abandoning module MovieSceneTracks (352)
[2018.01.08-20.12.19:203][865]LogModuleManager: Shutting down and abandoning module MovieScene (350)
[2018.01.08-20.12.19:203][865]LogModuleManager: Shutting down and abandoning module Niagara (348)
[2018.01.08-20.12.19:203][865]LogModuleManager: Shutting down and abandoning module NiagaraEditor (347)
[2018.01.08-20.12.19:203][865]LogModuleManager: Shutting down and abandoning module StreamingPauseRendering (344)
[2018.01.08-20.12.19:203][865]LogModuleManager: Shutting down and abandoning module AnalyticsET (342)
[2018.01.08-20.12.19:203][865]LogModuleManager: Shutting down and abandoning module PortalServices (340)
[2018.01.08-20.12.19:203][865]LogModuleManager: Shutting down and abandoning module PortalRpc (338)
[2018.01.08-20.12.19:203][865]LogModuleManager: Shutting down and abandoning module MessagingRpc (336)
[2018.01.08-20.12.19:203][865]LogModuleManager: Shutting down and abandoning module AIModule (334)
[2018.01.08-20.12.19:203][865]LogModuleManager: Shutting down and abandoning module GameplayDebugger (333)
[2018.01.08-20.12.19:203][865]LogModuleManager: Shutting down and abandoning module AITestSuite (331)
[2018.01.08-20.12.19:203][865]LogModuleManager: Shutting down and abandoning module ProfilerService (328)
[2018.01.08-20.12.19:384][865]LogModuleManager: Shutting down and abandoning module TaskGraph (326)
[2018.01.08-20.12.19:384][865]LogModuleManager: Shutting down and abandoning module SteamVRController (324)
[2018.01.08-20.12.19:384][865]LogModuleManager: Shutting down and abandoning module SteamVR (322)
[2018.01.08-20.12.19:384][865]LogModuleManager: Shutting down and abandoning module ProceduralMeshComponentEditor (320)
[2018.01.08-20.12.19:384][865]LogModuleManager: Shutting down and abandoning module ProceduralMeshComponent (318)
[2018.01.08-20.12.19:384][865]LogModuleManager: Shutting down and abandoning module OculusLibrary (316)
[2018.01.08-20.12.19:384][865]LogModuleManager: Shutting down and abandoning module OculusInput (314)
[2018.01.08-20.12.19:384][865]LogModuleManager: Shutting down and abandoning module MobilePatchingUtils (312)
[2018.01.08-20.12.19:384][865]LogModuleManager: Shutting down and abandoning module CustomMeshComponent (310)
[2018.01.08-20.12.19:384][865]LogModuleManager: Shutting down and abandoning module CableComponent (308)
[2018.01.08-20.12.19:384][865]LogModuleManager: Shutting down and abandoning module ArchVisCharacter (306)
[2018.01.08-20.12.19:384][865]LogModuleManager: Shutting down and abandoning module AndroidPermission (304)
[2018.01.08-20.12.19:384][865]LogModuleManager: Shutting down and abandoning module MediaPlayerEditor (300)
[2018.01.08-20.12.19:384][865]LogModuleManager: Shutting down and abandoning module HTML5Networking (298)
[2018.01.08-20.12.19:384][865]LogModuleManager: Shutting down and abandoning module AlembicImporter (296)
[2018.01.08-20.12.19:384][865]LogModuleManager: Shutting down and abandoning module AlembicLibrary (295)
[2018.01.08-20.12.19:385][865]LogModuleManager: Shutting down and abandoning module GeometryCache (294)
[2018.01.08-20.12.19:385][865]LogModuleManager: Shutting down and abandoning module GeometryCacheEd (293)
[2018.01.08-20.12.19:385][865]LogModuleManager: Shutting down and abandoning module SuperSearchEditor (288)
[2018.01.08-20.12.19:385][865]LogModuleManager: Shutting down and abandoning module SuperSearch (287)
[2018.01.08-20.12.19:385][865]LogModuleManager: Shutting down and abandoning module SpeedTreeImporter (284)
[2018.01.08-20.12.19:385][865]LogModuleManager: Shutting down and abandoning module PluginBrowser (282)
[2018.01.08-20.12.19:385][865]LogModuleManager: Shutting down and abandoning module MobileLauncherProfileWizard (280)
[2018.01.08-20.12.19:385][865]LogModuleManager: Shutting down and abandoning module VisualStudioSourceCodeAccess (278)
[2018.01.08-20.12.19:385][865]LogModuleManager: Shutting down and abandoning module DesktopPlatform (277)
[2018.01.08-20.12.19:385][865]LogModuleManager: Shutting down and abandoning module UObjectPlugin (274)
[2018.01.08-20.12.19:385][865]LogModuleManager: Shutting down and abandoning module SubversionSourceControl (272)
[2018.01.08-20.12.19:385][865]LogModuleManager: Shutting down and abandoning module PerforceSourceControl (270)
[2018.01.08-20.12.19:385][865]LogModuleManager: Shutting down and abandoning module GitSourceControl (268)
[2018.01.08-20.12.19:385][865]LogModuleManager: Shutting down and abandoning module SourceControl (267)
[2018.01.08-20.12.19:385][865]LogModuleManager: Shutting down and abandoning module LightPropagationVolumeEditor (264)
[2018.01.08-20.12.19:385][865]LogModuleManager: Shutting down and abandoning module PaperTiledImporter (262)
[2018.01.08-20.12.19:385][865]LogModuleManager: Shutting down and abandoning module PaperSpriteSheetImporter (260)
[2018.01.08-20.12.19:385][865]LogModuleManager: Shutting down and abandoning module Paper2DEditor (258)
[2018.01.08-20.12.19:385][865]LogModuleManager: Shutting down and abandoning module MeshPaint (257)
[2018.01.08-20.12.19:385][865]LogModuleManager: Shutting down and abandoning module LevelEditor (255)
[2018.01.08-20.12.19:386][865]LogModuleManager: Shutting down and abandoning module PixelInspectorModule (254)
[2018.01.08-20.12.19:386][865]LogModuleManager: Shutting down and abandoning module MainFrame (252)
[2018.01.08-20.12.19:386][865]LogModuleManager: Shutting down and abandoning module HotReload (251)
[2018.01.08-20.12.19:386][865]LogModuleManager: Shutting down and abandoning module PhysXVehiclesEditor (246)
[2018.01.08-20.12.19:387][865]LogModuleManager: Shutting down and abandoning module PhysXVehicles (244)
[2018.01.08-20.12.19:387][865]LogModuleManager: Shutting down and abandoning module LocationServicesBPLibrary (242)
[2018.01.08-20.12.19:387][865]LogModuleManager: Shutting down and abandoning module ImmediatePhysicsEditor (240)
[2018.01.08-20.12.19:387][865]LogModuleManager: Shutting down and abandoning module ImmediatePhysics (238)
[2018.01.08-20.12.19:387][865]LogModuleManager: Shutting down and abandoning module UdpMessaging (236)
[2018.01.08-20.12.19:487][865]LogModuleManager: Shutting down and abandoning module TcpMessaging (234)
[2018.01.08-20.12.19:588][865]LogModuleManager: Shutting down and abandoning module GameplayTagsEditor (232)
[2018.01.08-20.12.19:588][865]LogModuleManager: Shutting down and abandoning module FacialAnimationEditor (230)
[2018.01.08-20.12.19:588][865]LogModuleManager: Shutting down and abandoning module FacialAnimation (228)
[2018.01.08-20.12.19:588][865]LogModuleManager: Shutting down and abandoning module AssetManagerEditor (226)
[2018.01.08-20.12.19:588][865]LogModuleManager: Shutting down and abandoning module GraphEditor (225)
[2018.01.08-20.12.19:588][865]LogModuleManager: Shutting down and abandoning module ContentBrowser (223)
[2018.01.08-20.12.19:588][865]LogModuleManager: Shutting down and abandoning module LightPropagationVolumeRuntime (220)
[2018.01.08-20.12.19:588][865]LogModuleManager: Shutting down and abandoning module Paper2D (218)
[2018.01.08-20.12.19:588][865]LogModuleManager: Shutting down and abandoning module WindowsMoviePlayer (216)
[2018.01.08-20.12.19:588][865]LogModuleManager: Shutting down and abandoning module WmfMedia (214)
[2018.01.08-20.12.19:590][865]LogModuleManager: Shutting down and abandoning module ClothingSystemEditor (212)
[2018.01.08-20.12.19:591][865]LogModuleManager: Shutting down and abandoning module ClothingSystemRuntime (210)
[2018.01.08-20.12.19:591][865]LogModuleManager: Shutting down and abandoning module MediaAssets (208)
[2018.01.08-20.12.19:591][865]LogModuleManager: Shutting down and abandoning module GameLiveStreaming (206)
[2018.01.08-20.12.19:591][865]LogModuleManager: Shutting down and abandoning module VREditor (204)
[2018.01.08-20.12.19:591][865]LogModuleManager: Shutting down and abandoning module StringTableEditor (202)
[2018.01.08-20.12.19:591][865]LogModuleManager: Shutting down and abandoning module GameplayTasksEditor (200)
[2018.01.08-20.12.19:591][865]LogModuleManager: Shutting down and abandoning module BehaviorTreeEditor (198)
[2018.01.08-20.12.19:591][865]LogModuleManager: Shutting down and abandoning module FunctionalTesting (196)
[2018.01.08-20.12.19:591][865]LogModuleManager: Shutting down and abandoning module CollisionAnalyzer (194)
[2018.01.08-20.12.19:591][865]LogModuleManager: Shutting down and abandoning module UMG (192)
[2018.01.08-20.12.19:591][865]LogModuleManager: Shutting down and abandoning module UMGEditor (191)
[2018.01.08-20.12.19:591][865]LogModuleManager: Shutting down and abandoning module Sequencer (190)
[2018.01.08-20.12.19:591][865]LogModuleManager: Shutting down and abandoning module AssetTools (188)
[2018.01.08-20.12.19:591][865]LogModuleManager: Shutting down and abandoning module MessageLog (187)
[2018.01.08-20.12.19:591][865]LogModuleManager: Shutting down and abandoning module WorkspaceMenuStructure (186)
[2018.01.08-20.12.19:591][865]LogModuleManager: Shutting down and abandoning module SlateReflector (180)
[2018.01.08-20.12.19:591][865]LogModuleManager: Shutting down and abandoning module Slate (178)
[2018.01.08-20.12.19:591][865]LogModuleManager: Shutting down and abandoning module EditorStyle (176)
[2018.01.08-20.12.19:593][865]LogModuleManager: Shutting down and abandoning module SourceCodeAccess (174)
[2018.01.08-20.12.19:593][865]LogModuleManager: Shutting down and abandoning module HeadMountedDisplay (172)
[2018.01.08-20.12.19:593][865]LogModuleManager: Shutting down and abandoning module XAudio2 (170)
[2018.01.08-20.12.19:593][865]LogModuleManager: Shutting down and abandoning module Networking (168)
[2018.01.08-20.12.19:593][865]LogModuleManager: Shutting down and abandoning module Core (164)
[2018.01.08-20.12.19:593][865]LogModuleManager: Shutting down and abandoning module AssetRegistry (162)
[2018.01.08-20.12.19:748][865]LogDirectoryWatcher: A directory notification for '../../../Engine/Content/' was aborted.
[2018.01.08-20.12.19:748][865]LogDirectoryWatcher: A directory notification for '../../../../../../Users/Cosmotron/Documents/Unreal Projects/MyVR/Content/' was aborted.
[2018.01.08-20.12.19:748][865]LogDirectoryWatcher: A directory notification for '../../../Engine/Plugins/2D/Paper2D/Content/' was aborted.
[2018.01.08-20.12.19:748][865]LogDirectoryWatcher: A directory notification for '../../../Engine/Plugins/Runtime/GearVR/Content/' was aborted.
[2018.01.08-20.12.19:751][865]LogModuleManager: Shutting down and abandoning module DirectoryWatcher (161)
[2018.01.08-20.12.19:751][865]LogModuleManager: Shutting down and abandoning module KismetCompiler (158)
[2018.01.08-20.12.19:751][865]LogModuleManager: Shutting down and abandoning module LevelSequence (156)
[2018.01.08-20.12.19:751][865]LogModuleManager: Shutting down and abandoning module PhysXFormats (154)
[2018.01.08-20.12.19:751][865]LogModuleManager: Shutting down and abandoning module MeshUtilities (152)
[2018.01.08-20.12.19:751][865]LogModuleManager: Shutting down and abandoning module SimplygonSwarm (151)
[2018.01.08-20.12.19:751][865]LogModuleManager: Shutting down and abandoning module SimplygonMeshReduction (149)
[2018.01.08-20.12.19:751][865]LogModuleManager: Shutting down and abandoning module QuadricMeshReduction (147)
[2018.01.08-20.12.19:751][865]LogModuleManager: Shutting down and abandoning module DerivedDataCache (144)
[2018.01.08-20.12.19:822][865]LogDerivedDataCache: Shutdown
[2018.01.08-20.12.19:822][865]LogModuleManager: Shutting down and abandoning module TargetPlatform (142)
[2018.01.08-20.12.19:822][865]LogModuleManager: Shutting down and abandoning module VulkanShaderFormat (141)
[2018.01.08-20.12.19:822][865]LogModuleManager: Shutting down and abandoning module ShaderFormatVectorVM (139)
[2018.01.08-20.12.19:822][865]LogModuleManager: Shutting down and abandoning module ShaderFormatOpenGL (137)
[2018.01.08-20.12.19:822][865]LogModuleManager: Shutting down and abandoning module ShaderFormatD3D (135)
[2018.01.08-20.12.19:822][865]LogModuleManager: Shutting down and abandoning module MetalShaderFormat (133)
[2018.01.08-20.12.19:822][865]LogModuleManager: Shutting down and abandoning module TextureFormatUncompressed (131)
[2018.01.08-20.12.19:822][865]LogModuleManager: Shutting down and abandoning module TextureFormatPVR (129)
[2018.01.08-20.12.19:822][865]LogModuleManager: Shutting down and abandoning module TextureFormatDXT (127)
[2018.01.08-20.12.19:822][865]LogModuleManager: Shutting down and abandoning module TextureFormatIntelISPCTexComp (125)
[2018.01.08-20.12.19:822][865]LogModuleManager: Shutting down and abandoning module TextureFormatASTC (123)
[2018.01.08-20.12.19:822][865]LogModuleManager: Shutting down and abandoning module ImageWrapper (122)
[2018.01.08-20.12.19:822][865]LogModuleManager: Shutting down and abandoning module TextureFormatAndroid (119)
[2018.01.08-20.12.19:822][865]LogModuleManager: Shutting down and abandoning module AudioFormatOpus (117)
[2018.01.08-20.12.19:822][865]LogModuleManager: Shutting down and abandoning module AudioFormatOgg (115)
[2018.01.08-20.12.19:822][865]LogModuleManager: Shutting down and abandoning module AudioFormatADPCM (113)
[2018.01.08-20.12.19:822][865]LogModuleManager: Shutting down and abandoning module LinuxTargetPlatform (111)
[2018.01.08-20.12.19:822][865]LogModuleManager: Shutting down and abandoning module LinuxServerTargetPlatform (109)
[2018.01.08-20.12.19:822][865]LogModuleManager: Shutting down and abandoning module LinuxNoEditorTargetPlatform (107)
[2018.01.08-20.12.19:822][865]LogModuleManager: Shutting down and abandoning module LinuxClientTargetPlatform (105)
[2018.01.08-20.12.19:822][865]LogModuleManager: Shutting down and abandoning module TVOSTargetPlatform (103)
[2018.01.08-20.12.19:822][865]LogModuleManager: Shutting down and abandoning module Messaging (101)
[2018.01.08-20.12.19:822][865]LogModuleManager: Shutting down and abandoning module IOSTargetPlatform (99)
[2018.01.08-20.12.19:822][865]LogModuleManager: Shutting down and abandoning module HTML5TargetPlatform (97)
[2018.01.08-20.12.19:822][865]LogModuleManager: Shutting down and abandoning module Android_PVRTCTargetPlatform (95)
[2018.01.08-20.12.19:822][865]LogModuleManager: Shutting down and abandoning module Android_MultiTargetPlatform (93)
[2018.01.08-20.12.19:822][865]LogModuleManager: Shutting down and abandoning module Android_ETC2TargetPlatform (91)
[2018.01.08-20.12.19:822][865]LogModuleManager: Shutting down and abandoning module Android_ETC1TargetPlatform (89)
[2018.01.08-20.12.19:822][865]LogModuleManager: Shutting down and abandoning module Android_DXTTargetPlatform (87)
[2018.01.08-20.12.19:822][865]LogModuleManager: Shutting down and abandoning module Android_ATCTargetPlatform (85)
[2018.01.08-20.12.19:822][865]LogModuleManager: Shutting down and abandoning module Android_ASTCTargetPlatform (83)
[2018.01.08-20.12.19:822][865]LogModuleManager: Shutting down and abandoning module AndroidTargetPlatform (81)
[2018.01.08-20.12.19:822][865]LogModuleManager: Shutting down and abandoning module WindowsTargetPlatform (79)
[2018.01.08-20.12.19:822][865]LogModuleManager: Shutting down and abandoning module WindowsServerTargetPlatform (77)
[2018.01.08-20.12.19:822][865]LogModuleManager: Shutting down and abandoning module WindowsNoEditorTargetPlatform (75)
[2018.01.08-20.12.19:822][865]LogModuleManager: Shutting down and abandoning module WindowsClientTargetPlatform (73)
[2018.01.08-20.12.19:822][865]LogModuleManager: Shutting down and abandoning module MacTargetPlatform (71)
[2018.01.08-20.12.19:822][865]LogModuleManager: Shutting down and abandoning module MacServerTargetPlatform (69)
[2018.01.08-20.12.19:822][865]LogModuleManager: Shutting down and abandoning module MacNoEditorTargetPlatform (67)
[2018.01.08-20.12.19:822][865]LogModuleManager: Shutting down and abandoning module MacClientTargetPlatform (65)
[2018.01.08-20.12.19:822][865]LogModuleManager: Shutting down and abandoning module AllDesktopTargetPlatform (63)
[2018.01.08-20.12.19:822][865]LogModuleManager: Shutting down and abandoning module InputCore (60)
[2018.01.08-20.12.19:822][865]LogModuleManager: Shutting down and abandoning module Settings (58)
[2018.01.08-20.12.19:822][865]LogModuleManager: Shutting down and abandoning module OculusRift (56)
[2018.01.08-20.12.19:824][865]LogHMD: Oculus shutdown.
[2018.01.08-20.12.19:824][865]LogModuleManager: Shutting down and abandoning module GearVRController (54)
[2018.01.08-20.12.19:824][865]LogModuleManager: Shutting down and abandoning module GearVR (52)
[2018.01.08-20.12.19:824][865]LogModuleManager: Shutting down and abandoning module ExampleDeviceProfileSelector (50)
[2018.01.08-20.12.19:824][865]LogModuleManager: Shutting down and abandoning module OnlineBlueprintSupport (48)
[2018.01.08-20.12.19:824][865]LogModuleManager: Shutting down and abandoning module OnlineSubsystem (44)
[2018.01.08-20.12.19:824][865]LogOnline:Display: Unloading online subsystem: NULL
[2018.01.08-20.12.19:824][865]LogModuleManager: Shutting down and abandoning module XMPP (43)
[2018.01.08-20.12.19:824][865]LogModuleManager: Shutting down and abandoning module HTTP (41)
[2018.01.08-20.12.19:824][865]LogHttp:Display: Http module shutting down, but needs to wait on 1 outstanding Http requests:
[2018.01.08-20.12.19:824][865]LogHttp:Display: 	verb=[POST] url=[https://datarouter.ol.epicgames.com/datarouter/api/v1/public/data?SessionID=%7B78ADE2D7-42C1-CA6F-CAF3-488E02CC384A%7D&AppID=UEEditor.Rocket.Release&AppVersion=4.16.3-3561208%2B%2B%2BUE4%2BRelease-4.16&UserID=a198cc664e80f62bffec53ae281df260%7Caede66b47dc74c7dbc239fe2c29745e4%7Cd3a968a9-d84c-4791-baa5-56d6482b1928&AppEnvironment=datacollector-binary&UploadType=eteventstream] status=Processing
[2018.01.08-20.12.19:848][865]LogModuleManager: Shutting down and abandoning module SSL (40)
[2018.01.08-20.12.19:850][865]LogModuleManager: Shutting down and abandoning module HTTPChunkInstaller (36)
[2018.01.08-20.12.19:850][865]LogModuleManager: Shutting down and abandoning module AnimationModifiers (34)
[2018.01.08-20.12.19:850][865]LogModuleManager: Shutting down and abandoning module PropertyEditor (33)
[2018.01.08-20.12.19:850][865]LogModuleManager: Shutting down and abandoning module AudioEditor (30)
[2018.01.08-20.12.19:850][865]LogModuleManager: Shutting down and abandoning module TextureCompressor (28)
[2018.01.08-20.12.19:850][865]LogModuleManager: Shutting down and abandoning module ShaderCore (26)
[2018.01.08-20.12.19:850][865]LogModuleManager: Shutting down and abandoning module Landscape (24)
[2018.01.08-20.12.19:850][865]LogModuleManager: Shutting down and abandoning module SlateRHIRenderer (22)
[2018.01.08-20.12.19:852][865]LogModuleManager: Shutting down and abandoning module OpenGLDrv (20)
[2018.01.08-20.12.19:852][865]LogModuleManager: Shutting down and abandoning module D3D11RHI (18)
[2018.01.08-20.12.19:852][865]LogModuleManager: Shutting down and abandoning module AnimGraphRuntime (16)
[2018.01.08-20.12.19:852][865]LogModuleManager: Shutting down and abandoning module Renderer (14)
[2018.01.08-20.12.19:852][865]LogModuleManager: Shutting down and abandoning module Engine (12)
[2018.01.08-20.12.19:852][865]LogModuleManager: Shutting down and abandoning module CoreUObject (10)
[2018.01.08-20.12.19:852][865]LogModuleManager: Shutting down and abandoning module NetworkFile (8)
[2018.01.08-20.12.19:852][865]LogModuleManager: Shutting down and abandoning module StreamingFile (6)
[2018.01.08-20.12.19:852][865]LogModuleManager: Shutting down and abandoning module SandboxFile (4)
[2018.01.08-20.12.19:852][865]LogModuleManager: Shutting down and abandoning module PakFile (2)
[2018.01.08-20.12.19:854][865]LogExit: Exiting.
[2018.01.08-20.12.19:868][865]Log file closed, 01/08/18 15:12:19
