"../../../VR_PhantomMechanic/Content/Imported/Enemies/Paladin_Character_Skeleton.uasset" 0
"../../../VR_PhantomMechanic/Content/Imported/Enemies/paladin_prop_j_nordstrom_Anim_mixamo_com.uasset" 1
"../../../VR_PhantomMechanic/Content/Imported/Enemies/paladin_prop_j_nordstrom_Anim_Take_001.uasset" 2
"../../../VR_PhantomMechanic/Content/Imported/FirstPerson/Character/Mesh/SK_Mannequin_Arms_Skeleton.uasset" 3
"../../../VR_PhantomMechanic/Content/Imported/FirstPerson/Animations/FirstPerson_Fire.uasset" 4
"../../../VR_PhantomMechanic/Content/Imported/FirstPerson/Animations/FirstPersonFire_Montage.uasset" 5
"../../../VR_PhantomMechanic/Content/Imported/FirstPerson/Animations/FirstPerson_Idle.uasset" 6
"../../../VR_PhantomMechanic/Content/Imported/FirstPerson/Animations/FirstPerson_JumpEnd.uasset" 7
"../../../VR_PhantomMechanic/Content/Imported/FirstPerson/Animations/FirstPerson_JumpLoop.uasset" 8
"../../../VR_PhantomMechanic/Content/Imported/FirstPerson/Animations/FirstPerson_JumpStart.uasset" 9
"../../../VR_PhantomMechanic/Content/Imported/FirstPerson/Animations/FirstPerson_Run.uasset" 10
"../../../Engine/Content/EditorBlueprintResources/StandardMacros.uasset" 11
"../../../VR_PhantomMechanic/Content/Imported/FirstPerson/Animations/FirstPerson_AnimBP.uasset" 12
"../../../VR_PhantomMechanic/Content/VirtualReality/Mannequin/Character/Mesh/MannequinHand_Right_Skeleton.uasset" 13
"../../../VR_PhantomMechanic/Content/VirtualReality/Mannequin/Animations/MannequinHand_Right_CanGrab.uasset" 14
"../../../VR_PhantomMechanic/Content/VirtualReality/Mannequin/Animations/MannequinHand_Right_Grab.uasset" 15
"../../../VR_PhantomMechanic/Content/VirtualReality/Mannequin/Animations/MannequinHand_Right_Open.uasset" 16
"../../../VR_PhantomMechanic/Content/VirtualReality/Mannequin/Animations/RightGrip_BS.uasset" 17
"../../../VR_PhantomMechanic/Content/VirtualRealityBP/Blueprints/GripEnum.uasset" 18
"../../../VR_PhantomMechanic/Content/VirtualReality/Mannequin/Animations/RightHand_AnimBP.uasset" 19
"../../../VR_PhantomMechanic/Content/PhantomMechanic/Assets/Meshes/RightArm/R_MannequinArm_Skeleton.uasset" 20
"../../../VR_PhantomMechanic/Content/PhantomMechanic/Player/Etheral/Animation/R_EtheralAnimBP.uasset" 21
"../../../VR_PhantomMechanic/Content/PhantomMechanic/Player/Physical/Animation/R_PhysicalAnimBP.uasset" 22
"../../../VR_PhantomMechanic/Content/Imported/StarterContent/Materials/M_Glass.uasset" 23
"../../../Engine/Content/Functions/Engine_MaterialFunctions01/Opacity/CameraDepthFade.uasset" 24
"../../../Engine/Content/EngineMaterials/T_Default_Material_Grid_M.uasset" 25
"../../../Engine/Content/EngineMaterials/T_Default_Material_Grid_N.uasset" 26
"../../../Engine/Content/EngineMaterials/DefaultMaterial.uasset" 27
"../../../Engine/Content/BasicShapes/Sphere.uasset" 28
"../../../VR_PhantomMechanic/Content/PhantomMechanic/TestObjects/ParryObj.uasset" 29
"../../../VR_PhantomMechanic/Content/PhantomMechanic/Equipment/SwordActor.uasset" 30
"../../../VR_PhantomMechanic/Content/PhantomMechanic/Equipment/RightSword.uasset" 31
"../../../Engine/Content/Functions/Engine_MaterialFunctions02/Fresnel_Function.uasset" 32
"../../../Engine/Content/EditorMaterials/Cascade/CASC_Cross.uasset" 33
"../../../Engine/Content/EditorMaterials/Cascade/CASC_None.uasset" 34
"../../../Engine/Content/Functions/Engine_MaterialFunctions03/Blends/Blend_Overlay.uasset" 35
"../../../VR_PhantomMechanic/Content/GTFreeMaterials/Textures/Metal_Gold/Metal_Gold_2k_g.uasset" 36
"../../../VR_PhantomMechanic/Content/GTFreeMaterials/Textures/Metal_Gold/Metal_Gold_2k_s.uasset" 37
"../../../VR_PhantomMechanic/Content/Imported/FirstPerson/Character/Textures/UE4_Mannequin__normals.uasset" 38
"../../../VR_PhantomMechanic/Content/PhantomMechanic/Assets/Materials/Earth_Base_Color.uasset" 39
"../../../VR_PhantomMechanic/Content/PhantomMechanic/Assets/Materials/Scanlines_T2.uasset" 40
"../../../VR_PhantomMechanic/Content/SoulCity/Effects/Textures/Noise/T_TilingNoise03.uasset" 41
"../../../VR_PhantomMechanic/Content/PhantomMechanic/Assets/Materials/HoloGold.uasset" 42
"../../../Engine/Content/Functions/Engine_MaterialFunctions02/Utility/BlendAngleCorrectedNormals.uasset" 43
"../../../Engine/Content/Functions/MaterialLayerFunctions/MatLayerBlend_NormalBlend.uasset" 44
"../../../Engine/Content/Functions/MaterialLayerFunctions/MatLayerBlend_Simple.uasset" 45
"../../../VR_PhantomMechanic/Content/Imported/FirstPerson/Character/Materials/MaterialLayers/T_ML_Rubber_Blue_01_D.uasset" 46
"../../../VR_PhantomMechanic/Content/Imported/FirstPerson/Character/Materials/MaterialLayers/T_ML_Rubber_Blue_01_N.uasset" 47
"../../../VR_PhantomMechanic/Content/Imported/FirstPerson/Character/Materials/MaterialLayers/ML_GlossyBlack_Latex_UE4.uasset" 48
"../../../VR_PhantomMechanic/Content/Imported/FirstPerson/Character/Materials/MaterialLayers/ML_Plastic_Shiny_Beige.uasset" 49
"../../../VR_PhantomMechanic/Content/Imported/FirstPerson/Character/Textures/UE4_LOGO_CARD.uasset" 50
"../../../VR_PhantomMechanic/Content/Imported/FirstPerson/Character/Materials/MaterialLayers/ML_Plastic_Shiny_Beige_LOGO.uasset" 51
"../../../VR_PhantomMechanic/Content/Imported/FirstPerson/Character/Materials/MaterialLayers/T_ML_Aluminum01.uasset" 52
"../../../VR_PhantomMechanic/Content/Imported/FirstPerson/Character/Materials/MaterialLayers/T_ML_Aluminum01_N.uasset" 53
"../../../VR_PhantomMechanic/Content/Imported/FirstPerson/Character/Materials/MaterialLayers/ML_SoftMetal_UE4.uasset" 54
"../../../VR_PhantomMechanic/Content/Imported/FirstPerson/Character/Textures/UE4_Mannequin_MAT_MASKA.uasset" 55
"../../../VR_PhantomMechanic/Content/Imported/FirstPerson/Character/Materials/M_UE4Man_Body.uasset" 56
"../../../VR_PhantomMechanic/Content/PhantomMechanic/Assets/Meshes/RightArm/R_MannequinArm_PhysicsAsset.uasset" 57
"../../../VR_PhantomMechanic/Content/PhantomMechanic/Assets/Meshes/RightArm/R_MannequinArm.uasset" 58
"../../../VR_PhantomMechanic/Content/PhantomMechanic/Player/RightArm_Actor.uasset" 59
"../../../VR_PhantomMechanic/Content/VirtualRealityBP/Blueprints/PickupActorInterface.uasset" 60
"../../../VR_PhantomMechanic/Content/VirtualRealityBP/Blueprints/MotionControllerHaptics.uasset" 61
"../../../VR_PhantomMechanic/Content/VirtualRealityBP/Blueprints/myHaptic.uasset" 62
"../../../Engine/Content/Functions/Engine_MaterialFunctions02/Utility/BreakOutFloat2Components.uasset" 63
"../../../Engine/Content/Functions/Engine_MaterialFunctions01/Texturing/ScaleUVsByCenter.uasset" 64
"../../../Engine/Content/Functions/Engine_MaterialFunctions02/ScreenResolution.uasset" 65
"../../../Engine/Content/Functions/Engine_MaterialFunctions02/Texturing/ScreenAlignedUVs.uasset" 66
"../../../Engine/Content/Functions/Engine_MaterialFunctions02/Utility/CameraDirectionVector.uasset" 67
"../../../Engine/Content/Functions/Engine_MaterialFunctions02/Utility/DepthFromWorldPosition.uasset" 68
"../../../VR_PhantomMechanic/Content/VirtualReality/Materials/MF_OccludedPixels.uasset" 69
"../../../VR_PhantomMechanic/Content/VirtualReality/Materials/TeleportMCP.uasset" 70
"../../../Engine/Content/EngineMaterials/Good64x64TilingNoiseHighFreq.uasset" 71
"../../../VR_PhantomMechanic/Content/VirtualReality/Materials/M_ArcEndpoint.uasset" 72
"../../../VR_PhantomMechanic/Content/VirtualReality/Materials/M_SplineArcMat.uasset" 73
"../../../VR_PhantomMechanic/Content/VirtualReality/Materials/M_TeleportPreviews.uasset" 74
"../../../VR_PhantomMechanic/Content/VirtualReality/Materials/MI_ChaperoneOutline.uasset" 75
"../../../VR_PhantomMechanic/Content/VirtualReality/Materials/MI_TeleportCylinderPreview.uasset" 76
"../../../Engine/Content/BasicShapes/Cylinder.uasset" 77
"../../../Engine/Content/EngineMaterials/WorldGridMaterial.uasset" 78
"../../../VR_PhantomMechanic/Content/VirtualReality/Meshes/1x1_cube.uasset" 79
"../../../VR_PhantomMechanic/Content/VirtualReality/Meshes/BeaconDirection.uasset" 80
"../../../VR_PhantomMechanic/Content/VirtualReality/Meshes/BeamMesh.uasset" 81
"../../../VR_PhantomMechanic/Content/VirtualReality/Meshes/SM_FatCylinder.uasset" 82
"../../../VR_PhantomMechanic/Content/PhantomMechanic/Player/PlayerArm_Actor.uasset" 83
"../../../VR_PhantomMechanic/Content/PhantomMechanic/Assets/Meshes/NewLeftArm/L_MannequinArm_Skeleton.uasset" 84
"../../../VR_PhantomMechanic/Content/PhantomMechanic/Player/Etheral/Animation/L_EtheralAnimBP.uasset" 85
"../../../VR_PhantomMechanic/Content/PhantomMechanic/Player/Physical/Animation/NewL_PhysicalAnimBP.uasset" 86
"../../../VR_PhantomMechanic/Content/PhantomMechanic/Equipment/LeftSword.uasset" 87
"../../../VR_PhantomMechanic/Content/PhantomMechanic/Assets/Meshes/NewLeftArm/M_UE4Man_Body.uasset" 88
"../../../VR_PhantomMechanic/Content/PhantomMechanic/Assets/Meshes/NewLeftArm/L_MannequinArm_PhysicsAsset.uasset" 89
"../../../VR_PhantomMechanic/Content/PhantomMechanic/Assets/Meshes/NewLeftArm/L_MannequinArm.uasset" 90
"../../../VR_PhantomMechanic/Content/PhantomMechanic/Player/LeftArm_Actor.uasset" 91
"../../../Engine/Content/BasicShapes/BasicShapeMaterial.uasset" 92
"../../../Engine/Content/BasicShapes/Cube.uasset" 93
"../../../VR_PhantomMechanic/Content/PhantomMechanic/Player/VR_Character.uasset" 94
"../../../VR_PhantomMechanic/Content/Imported/FirstPerson/Animations/VR_AnimBP.uasset" 95
"../../../VR_PhantomMechanic/Content/Imported/FirstPerson/Audio/FirstPersonTemplateWeaponFire02.uasset" 96
"../../../VR_PhantomMechanic/Content/Imported/FirstPerson/FPWeapon/Materials/MaterialLayers/ML_Plastic_Shiny_Beige_LOGO.uasset" 97
"../../../VR_PhantomMechanic/Content/Imported/FirstPerson/FPWeapon/Materials/MaterialLayers/T_ML_FineRubber.uasset" 98
"../../../VR_PhantomMechanic/Content/Imported/FirstPerson/FPWeapon/Mesh/SK_FPGun_PhysicsAsset.uasset" 99
"../../../VR_PhantomMechanic/Content/Imported/FirstPerson/Meshes/BaseMaterial.uasset" 100
"../../../VR_PhantomMechanic/Content/Imported/FirstPerson/Meshes/CubeMaterialOverride.uasset" 101
"../../../VR_PhantomMechanic/Content/Imported/FirstPerson/Meshes/FirstPersonProjectileMaterial.uasset" 102
"../../../VR_PhantomMechanic/Content/Imported/FirstPerson/Meshes/FirstPersonProjectileMesh.uasset" 103
"../../../VR_PhantomMechanic/Content/Imported/FirstPerson/Textures/FirstPersonCrosshair.uasset" 104
"../../../VR_PhantomMechanic/Content/Imported/Geometry/Meshes/CubeMaterial.uasset" 105
"../../../VR_PhantomMechanic/Content/Imported/Geometry/Meshes/1M_Cube.uasset" 106
"../../../VR_PhantomMechanic/Content/Imported/Geometry/Meshes/1M_Cube_Chamfer.uasset" 107
"../../../VR_PhantomMechanic/Content/Imported/Geometry/Meshes/TemplateFloor.uasset" 108
"../../../VR_PhantomMechanic/Content/Imported/Enemies/Animations/Sword_And_Shield_Idle.uasset" 109
"../../../VR_PhantomMechanic/Content/Imported/Enemies/Paladin_diffuse.uasset" 110
"../../../VR_PhantomMechanic/Content/Imported/Enemies/Paladin_normal.uasset" 111
"../../../VR_PhantomMechanic/Content/Imported/Enemies/Paladin_specular.uasset" 112
"../../../VR_PhantomMechanic/Content/Imported/Enemies/Paladin_MAT.uasset" 113
"../../../VR_PhantomMechanic/Content/Imported/Enemies/paladin_prop_j_nordstrom_PhysicsAsset.uasset" 114
"../../../VR_PhantomMechanic/Content/Imported/Enemies/paladin_prop_j_nordstrom.uasset" 115
"../../../VR_PhantomMechanic/Content/Imported/StarterContent/Textures/T_Burst_M.uasset" 116
"../../../VR_PhantomMechanic/Content/Imported/StarterContent/Particles/Materials/M_Burst.uasset" 117
"../../../VR_PhantomMechanic/Content/Imported/StarterContent/Textures/T_Explosion_SubUV.uasset" 118
"../../../VR_PhantomMechanic/Content/Imported/StarterContent/Particles/Materials/M_explosion_subUV.uasset" 119
"../../../VR_PhantomMechanic/Content/Imported/StarterContent/Particles/Materials/m_flare_01.uasset" 120
"../../../Engine/Content/Functions/Engine_MaterialFunctions01/Gradient/RadialGradient.uasset" 121
"../../../VR_PhantomMechanic/Content/Imported/StarterContent/Particles/Materials/M_radial_ramp.uasset" 122
"../../../VR_PhantomMechanic/Content/Imported/StarterContent/Textures/T_Smoke_SubUV.uasset" 123
"../../../VR_PhantomMechanic/Content/Imported/StarterContent/Textures/T_Smoke_Tiled_D.uasset" 124
"../../../VR_PhantomMechanic/Content/Imported/StarterContent/Particles/Materials/M_smoke_subUV.uasset" 125
"../../../VR_PhantomMechanic/Content/Imported/StarterContent/Particles/P_Explosion.uasset" 126
"../../../VR_PhantomMechanic/Content/Imported/Enemies/EnemyPawn.uasset" 127
"../../../VR_PhantomMechanic/Content/Imported/Enemies/PaladinAnim_BpP.uasset" 128
"../../../VR_PhantomMechanic/Content/Imported/Imported/Enemies/EnemyPawn.uasset" 129
"../../../VR_PhantomMechanic/Content/Imported/Imported/Enemies/PaladinAnim_BpP.uasset" 130
"../../../VR_PhantomMechanic/Content/Imported/Enemies/Paladin_MAT_ncl1_1.uasset" 131
"../../../VR_PhantomMechanic/Content/Imported/Enemies/Paladin_Character_PhysicsAsset.uasset" 132
"../../../VR_PhantomMechanic/Content/Imported/Imported/Enemies/Paladin_Character.uasset" 133
"../../../VR_PhantomMechanic/Content/Imported/Imported/Enemies/Paladin_Character_PhysicsAsset.uasset" 134
"../../../VR_PhantomMechanic/Content/Imported/Imported/Enemies/Paladin_Character_Skeleton.uasset" 135
"../../../VR_PhantomMechanic/Content/Imported/Imported/Enemies/Paladin_diffuse.uasset" 136
"../../../VR_PhantomMechanic/Content/Imported/Imported/Enemies/Paladin_MAT.uasset" 137
"../../../VR_PhantomMechanic/Content/Imported/Imported/Enemies/Paladin_MAT_ncl1_1.uasset" 138
"../../../VR_PhantomMechanic/Content/Imported/Imported/Enemies/Paladin_normal.uasset" 139
"../../../VR_PhantomMechanic/Content/Imported/Imported/Enemies/paladin_prop_j_nordstrom.uasset" 140
"../../../VR_PhantomMechanic/Content/Imported/Imported/Enemies/paladin_prop_j_nordstrom_Anim_mixamo_com.uasset" 141
"../../../VR_PhantomMechanic/Content/Imported/Imported/Enemies/paladin_prop_j_nordstrom_Anim_Take_001.uasset" 142
"../../../VR_PhantomMechanic/Content/Imported/Imported/Enemies/paladin_prop_j_nordstrom_PhysicsAsset.uasset" 143
"../../../VR_PhantomMechanic/Content/Imported/Imported/Enemies/Paladin_specular.uasset" 144
"../../../VR_PhantomMechanic/Content/Imported/Enemies/Animations/Sword_And_Shield_Block.uasset" 145
"../../../VR_PhantomMechanic/Content/Imported/Enemies/Animations/Sword_And_Shield_Block_1_.uasset" 146
"../../../VR_PhantomMechanic/Content/Imported/Enemies/ParryAnim_BP.uasset" 147
"../../../VR_PhantomMechanic/Content/Imported/Enemies/ParryPawn.uasset" 148
"../../../VR_PhantomMechanic/Content/Imported/Imported/Enemies/ParryAnim_BP.uasset" 149
"../../../VR_PhantomMechanic/Content/Imported/Imported/Enemies/ParryPawn.uasset" 150
"../../../VR_PhantomMechanic/Content/Imported/Imported/Enemies/Animations/Sword_And_Shield_Block.uasset" 151
"../../../VR_PhantomMechanic/Content/Imported/Imported/Enemies/Animations/Sword_And_Shield_Block_1_.uasset" 152
"../../../VR_PhantomMechanic/Content/Imported/Imported/Enemies/Animations/Sword_And_Shield_Idle.uasset" 153
"../../../VR_PhantomMechanic/Content/Imported/Imported/FirstPerson/Character/Materials/M_UE4Man_Body.uasset" 154
"../../../VR_PhantomMechanic/Content/Imported/Imported/FirstPerson/Character/Materials/MaterialLayers/ML_SoftMetal_UE4.uasset" 155
"../../../VR_PhantomMechanic/Content/Imported/Imported/FirstPerson/Character/Materials/MaterialLayers/T_ML_Aluminum01.uasset" 156
"../../../VR_PhantomMechanic/Content/Imported/Imported/FirstPerson/Character/Materials/MaterialLayers/T_ML_Aluminum01_N.uasset" 157
"../../../VR_PhantomMechanic/Content/Imported/Imported/FirstPerson/Character/Textures/UE4_LOGO_CARD.uasset" 158
"../../../VR_PhantomMechanic/Content/Imported/Imported/FirstPerson/Character/Textures/UE4_Mannequin_MAT_MASKA.uasset" 159
"../../../VR_PhantomMechanic/Content/Imported/Imported/FirstPerson/Character/Textures/UE4_Mannequin__normals.uasset" 160
"../../../VR_PhantomMechanic/Content/Imported/Imported/StarterContent/Materials/M_Glass.uasset" 161
"../../../VR_PhantomMechanic/Content/Imported/Imported/StarterContent/Particles/P_Explosion.uasset" 162
"../../../VR_PhantomMechanic/Content/Imported/Imported/StarterContent/Particles/Materials/M_Burst.uasset" 163
"../../../VR_PhantomMechanic/Content/Imported/Imported/StarterContent/Particles/Materials/M_explosion_subUV.uasset" 164
"../../../VR_PhantomMechanic/Content/Imported/Imported/StarterContent/Particles/Materials/m_flare_01.uasset" 165
"../../../VR_PhantomMechanic/Content/Imported/Imported/StarterContent/Particles/Materials/M_radial_ramp.uasset" 166
"../../../VR_PhantomMechanic/Content/Imported/Imported/StarterContent/Particles/Materials/M_smoke_subUV.uasset" 167
"../../../VR_PhantomMechanic/Content/Imported/Imported/StarterContent/Textures/T_Burst_M.uasset" 168
"../../../VR_PhantomMechanic/Content/Imported/Imported/StarterContent/Textures/T_Explosion_SubUV.uasset" 169
"../../../VR_PhantomMechanic/Content/Imported/Imported/StarterContent/Textures/T_Smoke_SubUV.uasset" 170
"../../../VR_PhantomMechanic/Content/Imported/Imported/StarterContent/Textures/T_Smoke_Tiled_D.uasset" 171
"../../../VR_PhantomMechanic/Content/Imported/InfinityBladeFireLands/Environments/Forge/Env_Forge/Materials/M_Forge_Face.uasset" 172
"../../../VR_PhantomMechanic/Content/Imported/InfinityBladeFireLands/Environments/Forge/Env_Forge/Materials/M_Forge_Tool.uasset" 173
"../../../VR_PhantomMechanic/Content/Imported/InfinityBladeFireLands/Environments/Forge/Env_Forge/Materials/M_Forge_Wood.uasset" 174
"../../../VR_PhantomMechanic/Content/Imported/InfinityBladeFireLands/Environments/Forge/Env_Forge/StaticMesh/SM_Anvil_1.uasset" 175
"../../../VR_PhantomMechanic/Content/Imported/InfinityBladeFireLands/Environments/Forge/Env_Forge/Textures/Pickup_Ore_D.uasset" 176
"../../../VR_PhantomMechanic/Content/Imported/InfinityBladeFireLands/Environments/Forge/Env_Forge/Textures/Pickup_Ore_N.uasset" 177
"../../../VR_PhantomMechanic/Content/Imported/PhantomMechanic/Assets/Materials/AnotherEtheralMat.uasset" 178
"../../../VR_PhantomMechanic/Content/Imported/PhantomMechanic/Assets/Meshes/NewLeftArm/L_MannequinArm.uasset" 179
"../../../VR_PhantomMechanic/Content/Imported/PhantomMechanic/Assets/Meshes/NewLeftArm/L_MannequinArm_PhysicsAsset.uasset" 180
"../../../VR_PhantomMechanic/Content/Imported/PhantomMechanic/Assets/Meshes/NewLeftArm/L_MannequinArm_Skeleton.uasset" 181
"../../../VR_PhantomMechanic/Content/Imported/PhantomMechanic/Assets/Meshes/NewLeftArm/M_UE4Man_Body.uasset" 182
"../../../VR_PhantomMechanic/Content/Imported/PhantomMechanic/Assets/Meshes/RightArm/R_MannequinArm.uasset" 183
"../../../VR_PhantomMechanic/Content/Imported/PhantomMechanic/Assets/Meshes/RightArm/R_MannequinArm_PhysicsAsset.uasset" 184
"../../../VR_PhantomMechanic/Content/Imported/PhantomMechanic/Assets/Meshes/RightArm/R_MannequinArm_Skeleton.uasset" 185
"../../../VR_PhantomMechanic/Content/Imported/PhantomMechanic/Equipment/LeftSword.uasset" 186
"../../../VR_PhantomMechanic/Content/Imported/PhantomMechanic/Equipment/RightSword.uasset" 187
"../../../VR_PhantomMechanic/Content/Imported/PhantomMechanic/Equipment/SwordActor.uasset" 188
"../../../VR_PhantomMechanic/Content/PhantomMechanic/Assets/Materials/AnotherEtheralMat.uasset" 189
"../../../VR_PhantomMechanic/Content/Imported/PhantomMechanic/Player/LeftArm_Actor.uasset" 190
"../../../VR_PhantomMechanic/Content/Imported/PhantomMechanic/Player/PlayerArm_Actor.uasset" 191
"../../../VR_PhantomMechanic/Content/Imported/PhantomMechanic/Player/RightArm_Actor.uasset" 192
"../../../VR_PhantomMechanic/Content/Imported/PhantomMechanic/Player/VR_Character.uasset" 193
"../../../VR_PhantomMechanic/Content/Imported/PhantomMechanic/Player/Etheral/Animation/L_EtheralAnimBP.uasset" 194
"../../../VR_PhantomMechanic/Content/Imported/PhantomMechanic/Player/Etheral/Animation/R_EtheralAnimBP.uasset" 195
"../../../VR_PhantomMechanic/Content/Imported/PhantomMechanic/Player/Physical/Animation/NewL_PhysicalAnimBP.uasset" 196
"../../../VR_PhantomMechanic/Content/Imported/PhantomMechanic/Player/Physical/Animation/R_PhysicalAnimBP.uasset" 197
"../../../VR_PhantomMechanic/Content/Imported/PhantomMechanic/TestObjects/ParryObj.uasset" 198
"../../../VR_PhantomMechanic/Content/Imported/StarterContent/Audio/Collapse01.uasset" 199
"../../../VR_PhantomMechanic/Content/Imported/StarterContent/Audio/Collapse02.uasset" 200
"../../../VR_PhantomMechanic/Content/Imported/StarterContent/Audio/Collapse_Cue.uasset" 201
"../../../VR_PhantomMechanic/Content/Imported/StarterContent/Audio/Light01.uasset" 202
"../../../VR_PhantomMechanic/Content/Imported/StarterContent/Audio/Light01_Cue.uasset" 203
"../../../VR_PhantomMechanic/Content/Imported/StarterContent/Audio/Light02.uasset" 204
"../../../VR_PhantomMechanic/Content/Imported/StarterContent/Audio/Light02_Cue.uasset" 205
"../../../VR_PhantomMechanic/Content/Imported/StarterContent/Audio/Starter_Birds01.uasset" 206
"../../../VR_PhantomMechanic/Content/Imported/StarterContent/Audio/Starter_Wind05.uasset" 207
"../../../VR_PhantomMechanic/Content/Imported/StarterContent/Audio/Starter_Wind06.uasset" 208
"../../../VR_PhantomMechanic/Content/Imported/StarterContent/Audio/Starter_Background_Cue.uasset" 209
"../../../VR_PhantomMechanic/Content/Imported/StarterContent/Audio/Starter_Music01.uasset" 210
"../../../VR_PhantomMechanic/Content/Imported/StarterContent/Audio/Starter_Music_Cue.uasset" 211
"../../../VR_PhantomMechanic/Content/Imported/StarterContent/Textures/T_Lamp_M.uasset" 212
"../../../VR_PhantomMechanic/Content/Imported/StarterContent/Textures/T_Lamp_N.uasset" 213
"../../../VR_PhantomMechanic/Content/Imported/StarterContent/Props/Materials/M_Lamp.uasset" 214
"../../../VR_PhantomMechanic/Content/Imported/StarterContent/Props/SM_Lamp_Ceiling.uasset" 215
"../../../VR_PhantomMechanic/Content/Imported/StarterContent/Blueprints/Blueprint_CeilingLight.uasset" 216
"../../../VR_PhantomMechanic/Content/Imported/StarterContent/Audio/Explosion01.uasset" 217
"../../../VR_PhantomMechanic/Content/Imported/StarterContent/Audio/Explosion02.uasset" 218
"../../../VR_PhantomMechanic/Content/Imported/StarterContent/Audio/Explosion_Cue.uasset" 219
"../../../VR_PhantomMechanic/Content/Imported/StarterContent/Blueprints/Blueprint_Effect_Explosion.uasset" 220
"../../../VR_PhantomMechanic/Content/Imported/StarterContent/Audio/Fire01.uasset" 221
"../../../VR_PhantomMechanic/Content/Imported/StarterContent/Audio/Fire01_Cue.uasset" 222
"../../../VR_PhantomMechanic/Content/Imported/StarterContent/Textures/T_Fire_SubUV.uasset" 223
"../../../VR_PhantomMechanic/Content/Imported/StarterContent/Textures/T_Fire_Tiled_D.uasset" 224
"../../../VR_PhantomMechanic/Content/Imported/StarterContent/Particles/Materials/M_Fire_SubUV.uasset" 225
"../../../VR_PhantomMechanic/Content/Imported/StarterContent/Textures/T_Water_N.uasset" 226
"../../../VR_PhantomMechanic/Content/Imported/StarterContent/Particles/Materials/M_Heat_Distortion.uasset" 227
"../../../VR_PhantomMechanic/Content/Imported/StarterContent/Particles/Materials/M_Radial_Gradient.uasset" 228
"../../../VR_PhantomMechanic/Content/Imported/StarterContent/Particles/P_Fire.uasset" 229
"../../../VR_PhantomMechanic/Content/Imported/StarterContent/Blueprints/Blueprint_Effect_Fire.uasset" 230
"../../../VR_PhantomMechanic/Content/Imported/StarterContent/Audio/Smoke01.uasset" 231
"../../../VR_PhantomMechanic/Content/Imported/StarterContent/Audio/Smoke01_Cue.uasset" 232
"../../../VR_PhantomMechanic/Content/Imported/StarterContent/Particles/P_Smoke.uasset" 233
"../../../VR_PhantomMechanic/Content/Imported/StarterContent/Blueprints/Blueprint_Effect_Smoke.uasset" 234
"../../../VR_PhantomMechanic/Content/Imported/StarterContent/Audio/Fire_Sparks01.uasset" 235
"../../../VR_PhantomMechanic/Content/Imported/StarterContent/Audio/Fire_Sparks01_Cue.uasset" 236
"../../../VR_PhantomMechanic/Content/Imported/StarterContent/Textures/T_Spark_Core.uasset" 237
"../../../VR_PhantomMechanic/Content/Imported/StarterContent/Particles/Materials/M_Spark.uasset" 238
"../../../VR_PhantomMechanic/Content/Imported/StarterContent/Particles/P_Sparks.uasset" 239
"../../../VR_PhantomMechanic/Content/Imported/StarterContent/Blueprints/Blueprint_Effect_Sparks.uasset" 240
"../../../VR_PhantomMechanic/Content/Imported/StarterContent/Audio/Steam01.uasset" 241
"../../../VR_PhantomMechanic/Content/Imported/StarterContent/Audio/Steam01_Cue.uasset" 242
"../../../VR_PhantomMechanic/Content/Imported/StarterContent/Particles/P_Steam_Lit.uasset" 243
"../../../VR_PhantomMechanic/Content/Imported/StarterContent/Blueprints/Blueprint_Effect_Steam.uasset" 244
"../../../VR_PhantomMechanic/Content/Imported/StarterContent/Props/SM_Lamp_Wall.uasset" 245
"../../../VR_PhantomMechanic/Content/Imported/StarterContent/Blueprints/Blueprint_WallSconce.uasset" 246
"../../../VR_PhantomMechanic/Content/Imported/StarterContent/Blueprints/Assets/FogBrightnessLUT.uasset" 247
"../../../VR_PhantomMechanic/Content/Imported/StarterContent/Blueprints/Assets/SunlightColorLUT.uasset" 248
"../../../VR_PhantomMechanic/Content/Imported/StarterContent/Blueprints/Assets/M_LightStage_Arrows.uasset" 249
"../../../Engine/Content/MapTemplates/Sky/DaylightAmbientCubemap.uasset" 250
"../../../VR_PhantomMechanic/Content/Imported/StarterContent/Blueprints/Assets/M_LightStage_Skybox_Master.uasset" 251
"../../../VR_PhantomMechanic/Content/Imported/StarterContent/Blueprints/Assets/M_LightStage_Skybox_Black.uasset" 252
"../../../VR_PhantomMechanic/Content/Imported/StarterContent/Blueprints/Assets/M_LightStage_Skybox_HDRI.uasset" 253
"../../../Engine/Content/EditorMaterials/Thumbnails/SkySphereMaterial.uasset" 254
"../../../VR_PhantomMechanic/Content/Imported/StarterContent/Blueprints/Assets/Skybox.uasset" 255
"../../../VR_PhantomMechanic/Content/Imported/StarterContent/Blueprints/Assets/SM_Arrows.uasset" 256
"../../../VR_PhantomMechanic/Content/Imported/StarterContent/HDRI/HDRI_Epic_Courtyard_Daylight.uasset" 257
"../../../VR_PhantomMechanic/Content/Imported/StarterContent/Blueprints/BP_LightStudio.uasset" 258
"../../../VR_PhantomMechanic/Content/Imported/StarterContent/Materials/M_AssetPlatform.uasset" 259
"../../../VR_PhantomMechanic/Content/Imported/StarterContent/Textures/T_Brick_Clay_Beveled_D.uasset" 260
"../../../VR_PhantomMechanic/Content/Imported/StarterContent/Textures/T_Brick_Clay_Beveled_M.uasset" 261
"../../../VR_PhantomMechanic/Content/Imported/StarterContent/Textures/T_Brick_Clay_Beveled_N.uasset" 262
"../../../VR_PhantomMechanic/Content/Imported/StarterContent/Textures/T_MacroVariation.uasset" 263
"../../../VR_PhantomMechanic/Content/Imported/StarterContent/Materials/M_Brick_Clay_Beveled.uasset" 264
"../../../VR_PhantomMechanic/Content/Imported/StarterContent/Textures/T_Brick_Clay_New_D.uasset" 265
"../../../VR_PhantomMechanic/Content/Imported/StarterContent/Textures/T_Brick_Clay_New_M.uasset" 266
"../../../VR_PhantomMechanic/Content/Imported/StarterContent/Textures/T_Brick_Clay_New_N.uasset" 267
"../../../VR_PhantomMechanic/Content/Imported/StarterContent/Textures/T_Detail_Rocky_N.uasset" 268
"../../../VR_PhantomMechanic/Content/Imported/StarterContent/Materials/M_Brick_Clay_New.uasset" 269
"../../../VR_PhantomMechanic/Content/Imported/StarterContent/Textures/T_Brick_Clay_Old_D.uasset" 270
"../../../VR_PhantomMechanic/Content/Imported/StarterContent/Textures/T_Brick_Clay_Old_N.uasset" 271
"../../../VR_PhantomMechanic/Content/Imported/StarterContent/Textures/T_Perlin_Noise_M.uasset" 272
"../../../VR_PhantomMechanic/Content/Imported/StarterContent/Materials/M_Brick_Clay_Old.uasset" 273
"../../../VR_PhantomMechanic/Content/Imported/StarterContent/Textures/T_Brick_Cut_Stone_D.uasset" 274
"../../../VR_PhantomMechanic/Content/Imported/StarterContent/Textures/T_Brick_Cut_Stone_N.uasset" 275
"../../../VR_PhantomMechanic/Content/Imported/StarterContent/Materials/M_Brick_Cut_Stone.uasset" 276
"../../../VR_PhantomMechanic/Content/Imported/StarterContent/Textures/T_Brick_Hewn_Stone_D.uasset" 277
"../../../VR_PhantomMechanic/Content/Imported/StarterContent/Textures/T_Brick_Hewn_Stone_M.uasset" 278
"../../../VR_PhantomMechanic/Content/Imported/StarterContent/Textures/T_Brick_Hewn_Stone_N.uasset" 279
"../../../VR_PhantomMechanic/Content/Imported/StarterContent/Materials/M_Brick_Hewn_Stone.uasset" 280
"../../../VR_PhantomMechanic/Content/Imported/StarterContent/Textures/T_Ceramic_Tile_M.uasset" 281
"../../../VR_PhantomMechanic/Content/Imported/StarterContent/Textures/T_Ceramic_Tile_N.uasset" 282
"../../../VR_PhantomMechanic/Content/Imported/StarterContent/Textures/T_Rock_Marble_Polished_D.uasset" 283
"../../../VR_PhantomMechanic/Content/Imported/StarterContent/Materials/M_Ceramic_Tile_Checker.uasset" 284
"../../../VR_PhantomMechanic/Content/Imported/StarterContent/Textures/T_CobbleStone_Pebble_D.uasset" 285
"../../../VR_PhantomMechanic/Content/Imported/StarterContent/Textures/T_CobbleStone_Pebble_M.uasset" 286
"../../../VR_PhantomMechanic/Content/Imported/StarterContent/Textures/T_CobbleStone_Pebble_N.uasset" 287
"../../../VR_PhantomMechanic/Content/Imported/StarterContent/Materials/M_CobbleStone_Pebble.uasset" 288
"../../../VR_PhantomMechanic/Content/Imported/StarterContent/Textures/T_CobbleStone_Rough_D.uasset" 289
"../../../VR_PhantomMechanic/Content/Imported/StarterContent/Textures/T_CobbleStone_Rough_N.uasset" 290
"../../../VR_PhantomMechanic/Content/Imported/StarterContent/Textures/T_Gradinet_01.uasset" 291
"../../../VR_PhantomMechanic/Content/Imported/StarterContent/Textures/T_Rock_Smooth_Granite_D.uasset" 292
"../../../VR_PhantomMechanic/Content/Imported/StarterContent/Materials/M_CobbleStone_Rough.uasset" 293
"../../../VR_PhantomMechanic/Content/Imported/StarterContent/Textures/T_CobbleStone_Smooth_D.uasset" 294
"../../../VR_PhantomMechanic/Content/Imported/StarterContent/Textures/T_CobbleStone_Smooth_M.uasset" 295
"../../../VR_PhantomMechanic/Content/Imported/StarterContent/Textures/T_CobbleStone_Smooth_N.uasset" 296
"../../../VR_PhantomMechanic/Content/Imported/StarterContent/Materials/M_CobbleStone_Smooth.uasset" 297
"../../../Engine/Content/EditorMeshes/ColorCalibrator/T_ColorGrid.uasset" 298
"../../../VR_PhantomMechanic/Content/Imported/StarterContent/Materials/M_ColorGrid_LowSpec.uasset" 299
"../../../VR_PhantomMechanic/Content/Imported/StarterContent/Textures/T_Concrete_Grime_D.uasset" 300
"../../../VR_PhantomMechanic/Content/Imported/StarterContent/Textures/T_Metal_Rust_N.uasset" 301
"../../../VR_PhantomMechanic/Content/Imported/StarterContent/Materials/M_Concrete_Grime.uasset" 302
"../../../VR_PhantomMechanic/Content/Imported/StarterContent/Textures/T_Concrete_Panels_D.uasset" 303
"../../../VR_PhantomMechanic/Content/Imported/StarterContent/Textures/T_Concrete_Panels_N.uasset" 304
"../../../VR_PhantomMechanic/Content/Imported/StarterContent/Materials/M_Concrete_Panels.uasset" 305
"../../../VR_PhantomMechanic/Content/Imported/StarterContent/Textures/T_Concrete_Poured_D.uasset" 306
"../../../VR_PhantomMechanic/Content/Imported/StarterContent/Textures/T_Concrete_Poured_N.uasset" 307
"../../../VR_PhantomMechanic/Content/Imported/StarterContent/Materials/M_Concrete_Poured.uasset" 308
"../../../VR_PhantomMechanic/Content/Imported/StarterContent/Textures/T_Concrete_Tiles_D.uasset" 309
"../../../VR_PhantomMechanic/Content/Imported/StarterContent/Textures/T_Concrete_Tiles_M.uasset" 310
"../../../VR_PhantomMechanic/Content/Imported/StarterContent/Textures/T_Concrete_Tiles_N.uasset" 311
"../../../VR_PhantomMechanic/Content/Imported/StarterContent/Textures/T_Concrete_Tiles_Variation_M.uasset" 312
"../../../VR_PhantomMechanic/Content/Imported/StarterContent/Materials/M_Concrete_Tiles.uasset" 313
"../../../VR_PhantomMechanic/Content/Imported/StarterContent/Textures/T_Ground_Grass_D.uasset" 314
"../../../VR_PhantomMechanic/Content/Imported/StarterContent/Textures/T_Ground_Grass_N.uasset" 315
"../../../VR_PhantomMechanic/Content/Imported/StarterContent/Materials/M_Ground_Grass.uasset" 316
"../../../VR_PhantomMechanic/Content/Imported/StarterContent/Textures/T_Ground_Gravel_D.uasset" 317
"../../../VR_PhantomMechanic/Content/Imported/StarterContent/Textures/T_Ground_Gravel_N.uasset" 318
"../../../VR_PhantomMechanic/Content/Imported/StarterContent/Materials/M_Ground_Gravel.uasset" 319
"../../../VR_PhantomMechanic/Content/Imported/StarterContent/Textures/T_ground_Moss_D.uasset" 320
"../../../VR_PhantomMechanic/Content/Imported/StarterContent/Textures/T_Ground_Moss_N.uasset" 321
"../../../VR_PhantomMechanic/Content/Imported/StarterContent/Materials/M_Ground_Moss.uasset" 322
"../../../VR_PhantomMechanic/Content/Imported/StarterContent/Materials/M_Metal_Brushed_Nickel.uasset" 323
"../../../VR_PhantomMechanic/Content/Imported/StarterContent/Materials/M_Metal_Brushed_Nickel1.uasset" 324
"../../../VR_PhantomMechanic/Content/Imported/StarterContent/Textures/T_Metal_Aluminum_D.uasset" 325
"../../../VR_PhantomMechanic/Content/Imported/StarterContent/Textures/T_Metal_Gold_N.uasset" 326
"../../../VR_PhantomMechanic/Content/Imported/StarterContent/Materials/M_Metal_Burnished_Steel.uasset" 327
"../../../VR_PhantomMechanic/Content/Imported/StarterContent/Materials/M_Metal_Chrome.uasset" 328
"../../../VR_PhantomMechanic/Content/Imported/StarterContent/Textures/T_Metal_Copper_D.uasset" 329
"../../../VR_PhantomMechanic/Content/Imported/StarterContent/Materials/M_Metal_Copper.uasset" 330
"../../../VR_PhantomMechanic/Content/Imported/StarterContent/Textures/T_Metal_Gold_D.uasset" 331
"../../../VR_PhantomMechanic/Content/Imported/StarterContent/Materials/M_Metal_Gold.uasset" 332
"../../../VR_PhantomMechanic/Content/Imported/StarterContent/Textures/T_Metal_Rust_D.uasset" 333
"../../../VR_PhantomMechanic/Content/Imported/StarterContent/Materials/M_Metal_Rust.uasset" 334
"../../../VR_PhantomMechanic/Content/Imported/StarterContent/Textures/T_Metal_Steel_D.uasset" 335
"../../../VR_PhantomMechanic/Content/Imported/StarterContent/Textures/T_Metal_Steel_N.uasset" 336
"../../../VR_PhantomMechanic/Content/Imported/StarterContent/Materials/M_Metal_Steel.uasset" 337
"../../../VR_PhantomMechanic/Content/Imported/StarterContent/Textures/T_Rock_Basalt_D.uasset" 338
"../../../VR_PhantomMechanic/Content/Imported/StarterContent/Textures/T_Rock_Basalt_N.uasset" 339
"../../../VR_PhantomMechanic/Content/Imported/StarterContent/Materials/M_Rock_Basalt.uasset" 340
"../../../VR_PhantomMechanic/Content/Imported/StarterContent/Materials/M_Rock_Marble_Polished.uasset" 341
"../../../VR_PhantomMechanic/Content/Imported/StarterContent/Textures/T_Rock_Sandstone_D.uasset" 342
"../../../VR_PhantomMechanic/Content/Imported/StarterContent/Textures/T_Rock_Sandstone_N.uasset" 343
"../../../VR_PhantomMechanic/Content/Imported/StarterContent/Materials/M_Rock_Sandstone.uasset" 344
"../../../VR_PhantomMechanic/Content/Imported/StarterContent/Textures/T_Rock_Slate_D.uasset" 345
"../../../VR_PhantomMechanic/Content/Imported/StarterContent/Textures/T_Rock_Slate_N.uasset" 346
"../../../VR_PhantomMechanic/Content/Imported/StarterContent/Materials/M_Rock_Slate.uasset" 347
"../../../VR_PhantomMechanic/Content/Imported/StarterContent/Textures/T_Checker_Noise_M.uasset" 348
"../../../VR_PhantomMechanic/Content/Imported/StarterContent/Textures/T_Single_Tile_N.uasset" 349
"../../../VR_PhantomMechanic/Content/Imported/StarterContent/Textures/T_Tech_Dot_M.uasset" 350
"../../../VR_PhantomMechanic/Content/Imported/StarterContent/Textures/T_Tech_Dot_N.uasset" 351
"../../../VR_PhantomMechanic/Content/Imported/StarterContent/Materials/M_Tech_Checker_Dot.uasset" 352
"../../../VR_PhantomMechanic/Content/Imported/StarterContent/Textures/T_Tech_Hex_Tile_M.uasset" 353
"../../../VR_PhantomMechanic/Content/Imported/StarterContent/Textures/T_Tech_Hex_Tile_N.uasset" 354
"../../../VR_PhantomMechanic/Content/Imported/StarterContent/Materials/M_Tech_Hex_Tile.uasset" 355
"../../../VR_PhantomMechanic/Content/Imported/StarterContent/Materials/M_Tech_Hex_Tile_Pulse.uasset" 356
"../../../VR_PhantomMechanic/Content/Imported/StarterContent/Textures/T_Tech_Panel_M.uasset" 357
"../../../VR_PhantomMechanic/Content/Imported/StarterContent/Textures/T_Tech_Panel_N.uasset" 358
"../../../VR_PhantomMechanic/Content/Imported/StarterContent/Materials/M_Tech_Panel.uasset" 359
"../../../VR_PhantomMechanic/Content/Imported/StarterContent/Materials/M_Water_Lake.uasset" 360
"../../../VR_PhantomMechanic/Content/Imported/StarterContent/Textures/T_Water_M.uasset" 361
"../../../VR_PhantomMechanic/Content/Imported/StarterContent/Materials/M_Water_Ocean.uasset" 362
"../../../VR_PhantomMechanic/Content/Imported/StarterContent/Textures/T_Wood_Floor_Walnut_D.uasset" 363
"../../../VR_PhantomMechanic/Content/Imported/StarterContent/Textures/T_Wood_Floor_Walnut_M.uasset" 364
"../../../VR_PhantomMechanic/Content/Imported/StarterContent/Textures/T_Wood_Floor_Walnut_N.uasset" 365
"../../../VR_PhantomMechanic/Content/Imported/StarterContent/Materials/M_Wood_Floor_Walnut_Polished.uasset" 366
"../../../Engine/Content/Functions/Engine_MaterialFunctions01/Opacity/AlphaOffset.uasset" 367
"../../../VR_PhantomMechanic/Content/Imported/StarterContent/Materials/M_Wood_Floor_Walnut_Worn.uasset" 368
"../../../VR_PhantomMechanic/Content/Imported/StarterContent/Textures/T_Wood_Oak_D.uasset" 369
"../../../VR_PhantomMechanic/Content/Imported/StarterContent/Textures/T_Wood_Oak_N.uasset" 370
"../../../VR_PhantomMechanic/Content/Imported/StarterContent/Materials/M_Wood_Oak.uasset" 371
"../../../VR_PhantomMechanic/Content/Imported/StarterContent/Textures/T_Wood_Pine_D.uasset" 372
"../../../VR_PhantomMechanic/Content/Imported/StarterContent/Textures/T_Wood_Pine_N.uasset" 373
"../../../VR_PhantomMechanic/Content/Imported/StarterContent/Materials/M_Wood_Pine.uasset" 374
"../../../VR_PhantomMechanic/Content/Imported/StarterContent/Textures/T_Wood_Walnut_D.uasset" 375
"../../../VR_PhantomMechanic/Content/Imported/StarterContent/Textures/T_Wood_Walnut_N.uasset" 376
"../../../VR_PhantomMechanic/Content/Imported/StarterContent/Materials/M_Wood_Walnut.uasset" 377
"../../../VR_PhantomMechanic/Content/Imported/StarterContent/Textures/T_Dust_Particle_D.uasset" 378
"../../../VR_PhantomMechanic/Content/Imported/StarterContent/Particles/Materials/M_Dust_Particle.uasset" 379
"../../../VR_PhantomMechanic/Content/Imported/StarterContent/Particles/P_Ambient_Dust.uasset" 380
"../../../VR_PhantomMechanic/Content/Imported/StarterContent/Props/MaterialSphere.uasset" 381
"../../../VR_PhantomMechanic/Content/Imported/StarterContent/Textures/T_Bush_D.uasset" 382
"../../../VR_PhantomMechanic/Content/Imported/StarterContent/Textures/T_Bush_N.uasset" 383
"../../../VR_PhantomMechanic/Content/Imported/StarterContent/Props/Materials/M_Bush.uasset" 384
"../../../VR_PhantomMechanic/Content/Imported/StarterContent/Props/SM_Bush.uasset" 385
"../../../VR_PhantomMechanic/Content/Imported/StarterContent/Textures/T_Chair_M.uasset" 386
"../../../VR_PhantomMechanic/Content/Imported/StarterContent/Textures/T_Chair_N.uasset" 387
"../../../VR_PhantomMechanic/Content/Imported/StarterContent/Props/Materials/M_Chair.uasset" 388
"../../../VR_PhantomMechanic/Content/Imported/StarterContent/Props/SM_Chair.uasset" 389
"../../../VR_PhantomMechanic/Content/Imported/StarterContent/Textures/T_Frame_M.uasset" 390
"../../../VR_PhantomMechanic/Content/Imported/StarterContent/Textures/T_Frame_N.uasset" 391
"../../../VR_PhantomMechanic/Content/Imported/StarterContent/Props/Materials/M_Frame.uasset" 392
"../../../VR_PhantomMechanic/Content/Imported/StarterContent/Props/SM_CornerFrame.uasset" 393
"../../../VR_PhantomMechanic/Content/Imported/StarterContent/Props/SM_Couch.uasset" 394
"../../../VR_PhantomMechanic/Content/Imported/StarterContent/Textures/T_Door_M.uasset" 395
"../../../VR_PhantomMechanic/Content/Imported/StarterContent/Textures/T_Door_N.uasset" 396
"../../../VR_PhantomMechanic/Content/Imported/StarterContent/Props/Materials/M_Door.uasset" 397
"../../../VR_PhantomMechanic/Content/Imported/StarterContent/Props/SM_Door.uasset" 398
"../../../VR_PhantomMechanic/Content/Imported/StarterContent/Props/SM_DoorFrame.uasset" 399
"../../../VR_PhantomMechanic/Content/Imported/StarterContent/Props/SM_GlassWindow.uasset" 400
"../../../VR_PhantomMechanic/Content/Imported/StarterContent/Props/Materials/M_MaterialSphere.uasset" 401
"../../../VR_PhantomMechanic/Content/Imported/StarterContent/Props/Materials/M_MaterialSphere_Plain.uasset" 402
"../../../VR_PhantomMechanic/Content/Imported/StarterContent/Props/SM_MatPreviewMesh_02.uasset" 403
"../../../VR_PhantomMechanic/Content/Imported/StarterContent/Props/SM_PillarFrame.uasset" 404
"../../../VR_PhantomMechanic/Content/Imported/StarterContent/Props/SM_PillarFrame300.uasset" 405
"../../../VR_PhantomMechanic/Content/Imported/StarterContent/Textures/T_RockMesh_M.uasset" 406
"../../../VR_PhantomMechanic/Content/Imported/StarterContent/Textures/T_RockMesh_N.uasset" 407
"../../../VR_PhantomMechanic/Content/Imported/StarterContent/Props/Materials/M_Rock.uasset" 408
"../../../VR_PhantomMechanic/Content/Imported/StarterContent/Props/SM_Rock.uasset" 409
"../../../VR_PhantomMechanic/Content/Imported/StarterContent/Textures/T_Shelf_M.uasset" 410
"../../../VR_PhantomMechanic/Content/Imported/StarterContent/Textures/T_Shelf_N.uasset" 411
"../../../VR_PhantomMechanic/Content/Imported/StarterContent/Props/Materials/M_Shelf.uasset" 412
"../../../VR_PhantomMechanic/Content/Imported/StarterContent/Props/SM_Shelf.uasset" 413
"../../../VR_PhantomMechanic/Content/Imported/StarterContent/Materials/M_Basic_Floor.uasset" 414
"../../../VR_PhantomMechanic/Content/Imported/StarterContent/Materials/M_Basic_Wall.uasset" 415
"../../../VR_PhantomMechanic/Content/Imported/StarterContent/Props/SM_Stairs.uasset" 416
"../../../VR_PhantomMechanic/Content/Imported/StarterContent/Textures/T_TableRound_M.uasset" 417
"../../../VR_PhantomMechanic/Content/Imported/StarterContent/Textures/T_TableRound_N.uasset" 418
"../../../VR_PhantomMechanic/Content/Imported/StarterContent/Props/Materials/M_TableRound.uasset" 419
"../../../VR_PhantomMechanic/Content/Imported/StarterContent/Props/SM_TableRound.uasset" 420
"../../../VR_PhantomMechanic/Content/Imported/StarterContent/Props/SM_WindowFrame.uasset" 421
"../../../VR_PhantomMechanic/Content/Imported/StarterContent/Textures/T_Statue_M.uasset" 422
"../../../VR_PhantomMechanic/Content/Imported/StarterContent/Textures/T_Statue_N.uasset" 423
"../../../VR_PhantomMechanic/Content/Imported/StarterContent/Props/Materials/M_StatueGlass1.uasset" 424
"../../../VR_PhantomMechanic/Content/Imported/StarterContent/Shapes/Shape_Cone.uasset" 425
"../../../VR_PhantomMechanic/Content/Imported/StarterContent/Shapes/Shape_Cube.uasset" 426
"../../../VR_PhantomMechanic/Content/Imported/StarterContent/Shapes/Shape_Cylinder.uasset" 427
"../../../VR_PhantomMechanic/Content/Imported/StarterContent/Shapes/Shape_NarrowCapsule.uasset" 428
"../../../VR_PhantomMechanic/Content/Imported/StarterContent/Shapes/Shape_Pipe.uasset" 429
"../../../VR_PhantomMechanic/Content/Imported/StarterContent/Shapes/Shape_Pipe_180.uasset" 430
"../../../VR_PhantomMechanic/Content/Imported/StarterContent/Shapes/Shape_Pipe_90.uasset" 431
"../../../VR_PhantomMechanic/Content/Imported/StarterContent/Shapes/Shape_Plane.uasset" 432
"../../../VR_PhantomMechanic/Content/Imported/StarterContent/Shapes/Shape_QuadPyramid.uasset" 433
"../../../VR_PhantomMechanic/Content/Imported/StarterContent/Shapes/Shape_Sphere.uasset" 434
"../../../VR_PhantomMechanic/Content/Imported/StarterContent/Shapes/Shape_Torus.uasset" 435
"../../../VR_PhantomMechanic/Content/Imported/StarterContent/Shapes/Shape_Trim.uasset" 436
"../../../VR_PhantomMechanic/Content/Imported/StarterContent/Shapes/Shape_Trim_90_In.uasset" 437
"../../../VR_PhantomMechanic/Content/Imported/StarterContent/Shapes/Shape_Trim_90_Out.uasset" 438
"../../../VR_PhantomMechanic/Content/Imported/StarterContent/Shapes/Shape_TriPyramid.uasset" 439
"../../../VR_PhantomMechanic/Content/Imported/StarterContent/Shapes/Shape_Tube.uasset" 440
"../../../VR_PhantomMechanic/Content/Imported/StarterContent/Shapes/Shape_Wedge_A.uasset" 441
"../../../VR_PhantomMechanic/Content/Imported/StarterContent/Shapes/Shape_Wedge_B.uasset" 442
"../../../VR_PhantomMechanic/Content/Imported/StarterContent/Shapes/Shape_WideCapsule.uasset" 443
"../../../VR_PhantomMechanic/Content/PhantomMechanic/Assets/Environment/blood_up_Mat.uasset" 444
"../../../VR_PhantomMechanic/Content/PhantomMechanic/Assets/Environment/Skybox.uasset" 445
"../../../VR_PhantomMechanic/Content/PhantomMechanic/Assets/Environment/Sparks.uasset" 446
"../../../Engine/Content/Functions/Engine_MaterialFunctions01/Opacity/SoftOpacity.uasset" 447
"../../../VR_PhantomMechanic/Content/PhantomMechanic/Assets/Materials/AstralBody_Haczars.uasset" 448
"../../../VR_PhantomMechanic/Content/PhantomMechanic/Assets/Materials/Earth_Normal.uasset" 449
"../../../VR_PhantomMechanic/Content/PhantomMechanic/Assets/Materials/EtheralMat.uasset" 450
"../../../VR_PhantomMechanic/Content/PhantomMechanic/Assets/Materials/EtheralMat12.uasset" 451
"../../../VR_PhantomMechanic/Content/PhantomMechanic/Assets/Materials/HologramArm.uasset" 452
"../../../VR_PhantomMechanic/Content/PhantomMechanic/Assets/Materials/Scanlines_T.uasset" 453
"../../../VR_PhantomMechanic/Content/PhantomMechanic/Assets/Materials/Sword_Trail_test.uasset" 454
"../../../VR_PhantomMechanic/Content/PhantomMechanic/Assets/Materials/UE4_Mannequin__normals.uasset" 455
"../../../VR_PhantomMechanic/Content/PhantomMechanic/Assets/Meshes/M_UE4Man_Body.uasset" 456
"../../../VR_PhantomMechanic/Content/PhantomMechanic/Assets/Meshes/StaticMesh.uasset" 457
"../../../VR_PhantomMechanic/Content/PhantomMechanic/Assets/SwordTrail/trail.uasset" 458
"../../../VR_PhantomMechanic/Content/PhantomMechanic/Assets/SwordTrail/AnimTrail.uasset" 459
"../../../VR_PhantomMechanic/Content/PhantomMechanic/Assets/SwordTrail/Sword_King_Arthas.uasset" 460
"../../../VR_PhantomMechanic/Content/PhantomMechanic/Assets/SwordTrail/5_Material35_1_0_0.uasset" 461
"../../../VR_PhantomMechanic/Content/PhantomMechanic/Assets/SwordTrail/5_Material35_1__1_0_0.uasset" 462
"../../../VR_PhantomMechanic/Content/PhantomMechanic/Assets/SwordTrail/5_Material35_2__1_0_0.uasset" 463
"../../../VR_PhantomMechanic/Content/PhantomMechanic/Assets/SwordTrail/5_Material35_3__1_0_0.uasset" 464
"../../../VR_PhantomMechanic/Content/PhantomMechanic/Assets/SwordTrail/testsword01_Skeleton.uasset" 465
"../../../VR_PhantomMechanic/Content/PhantomMechanic/Assets/SwordTrail/testsword01.uasset" 466
"../../../VR_PhantomMechanic/Content/PhantomMechanic/Equipment/NewSwordActor.uasset" 467
"../../../VR_PhantomMechanic/Content/PhantomMechanic/Player/Etheral/Animation/NewL_EtheralAnimBP.uasset" 468
"../../../VR_PhantomMechanic/Content/PhantomMechanic/Assets/Meshes/LeftArm/L_MannequinArm_Skeleton.uasset" 469
"../../../VR_PhantomMechanic/Content/PhantomMechanic/Player/Physical/Animation/L_PhysicalAnimBP.uasset" 470
"../../../VR_PhantomMechanic/Content/SoulCity/EffectsMobileOpt/Smoke/Textures/T_ForestFireSmokeColumn.uasset" 471
"../../../VR_PhantomMechanic/Content/SoulCity/EffectsMobileOpt/Smoke/Materials/M_chimney.uasset" 472
"../../../VR_PhantomMechanic/Content/SoulCity/EffectsMobileOpt/Smoke/Meshes/SM_ChimneySmoke.uasset" 473
"../../../VR_PhantomMechanic/Content/SoulCity/EffectsMobileOpt/Smoke/Textures/T_ForestFireSmokeColumnNormal.uasset" 474
"../../../VR_PhantomMechanic/Content/SoulCity/Environment/Textures/Effects/T_Clouds_01_M.uasset" 475
"../../../VR_PhantomMechanic/Content/SoulCity/Environment/Textures/Effects/T_SmokeBall_01_8_8_D.uasset" 476
"../../../VR_PhantomMechanic/Content/SoulCity/EffectsMobileOpt/Sparks/Materials/M_Smoke_MacroUV_Subtle_Near.uasset" 477
"../../../VR_PhantomMechanic/Content/SoulCity/Environment/Textures/Effects/T_SparkSingle_M.uasset" 478
"../../../VR_PhantomMechanic/Content/SoulCity/Environment/Materials/Effects/M_Single_Master.uasset" 479
"../../../VR_PhantomMechanic/Content/SoulCity/EffectsMobileOpt/Engine/Textures/T_Smoke_Tile_01.uasset" 480
"../../../VR_PhantomMechanic/Content/SoulCity/Environment/Textures/Effects/T_SparkCore_2X2_M.uasset" 481
"../../../VR_PhantomMechanic/Content/SoulCity/Environment/Materials/Effects/M_Spark_Core_Master.uasset" 482
"../../../VR_PhantomMechanic/Content/SoulCity/EffectsMobileOpt/Engine/Textures/nope.uasset" 483
"../../../VR_PhantomMechanic/Content/SoulCity/Environment/Textures/Effects/T_Flare_02_M.uasset" 484
"../../../VR_PhantomMechanic/Content/SoulCity/EffectsMobileOpt/Sparks/Materials/M_Flare_Master.uasset" 485
"../../../VR_PhantomMechanic/Content/SoulCity/EffectsMobileOpt/Sparks/Materials/MI_Flare_Blue.uasset" 486
"../../../VR_PhantomMechanic/Content/SoulCity/Environment/Textures/Effects/T_Spark_Bits_2X2_M.uasset" 487
"../../../VR_PhantomMechanic/Content/SoulCity/Environment/Materials/Effects/MI_Spark_Bits.uasset" 488
"../../../VR_PhantomMechanic/Content/SoulCity/EffectsMobileOpt/Sparks/ParticleSystems/P_WeldSparksWindy.uasset" 489
"../../../Engine/Content/BasicShapes/Cone.uasset" 490
"../../../Engine/Content/BasicShapes/Plane.uasset" 491
"../../../Engine/Content/EditorLandscapeResources/DataLayer.uasset" 492
"../../../Engine/Content/EditorMaterials/GizmoMaterial.uasset" 493
"../../../Engine/Content/EditorMaterials/MAT_Groups_Toggle.uasset" 494
"../../../Engine/Content/EditorMaterials/MAT_Groups_Visibility.uasset" 495
"../../../Engine/Content/EditorMaterials/PreviewShadowIndicator.uasset" 496
"../../../Engine/Content/EditorMaterials/PreviewShadowIndicatorMaterial.uasset" 497
"../../../Engine/Content/EditorMaterials/MatineeGroups/MAT_ColorTrack.uasset" 498
"../../../Engine/Content/EditorMaterials/MatineeGroups/MAT_Groups_Anim.uasset" 499
"../../../Engine/Content/EditorMaterials/MatineeGroups/MAT_Groups_AudioMaster.uasset" 500
"../../../Engine/Content/EditorMaterials/MatineeGroups/MAT_Groups_Director.uasset" 501
"../../../Engine/Content/EditorMaterials/MatineeGroups/MAT_Groups_Event.uasset" 502
"../../../Engine/Content/EditorMaterials/MatineeGroups/MAT_Groups_Fade.uasset" 503
"../../../Engine/Content/EditorMaterials/MatineeGroups/MAT_Groups_Float.uasset" 504
"../../../Engine/Content/EditorMaterials/MatineeGroups/MAT_Groups_Move.uasset" 505
"../../../Engine/Content/EditorMaterials/MatineeGroups/MAT_Groups_Slomo.uasset" 506
"../../../Engine/Content/EditorMaterials/MatineeGroups/MAT_Groups_Sound.uasset" 507
"../../../Engine/Content/EditorMaterials/MatineeGroups/MAT_Groups_Vector.uasset" 508
"../../../Engine/Content/EditorMaterials/ParticleSystems/PSysThumbnail_NoImage.uasset" 509
"../../../Engine/Content/EditorMaterials/ParticleSystems/PSysThumbnail_OOD.uasset" 510
"../../../Engine/Content/EditorMaterials/Camera/CineMat.uasset" 511
"../../../Engine/Content/EditorMaterials/Camera/MI_CineMat_Rig.uasset" 512
"../../../Engine/Content/EditorMeshes/Camera/SM_CraneRig_Arm.uasset" 513
"../../../Engine/Content/EditorMeshes/Camera/SM_CraneRig_Base.uasset" 514
"../../../Engine/Content/EditorMeshes/Camera/SM_CraneRig_Body.uasset" 515
"../../../Engine/Content/EditorMeshes/Camera/SM_CraneRig_Mount.uasset" 516
"../../../Engine/Content/EditorMeshes/Camera/SM_RailRig_Mount.uasset" 517
"../../../Engine/Content/EditorMeshes/Camera/SM_RailRig_Track.uasset" 518
"../../../Engine/Content/EditorMeshes/ColorCalibrator/M_ChromeBall.uasset" 519
"../../../Engine/Content/EditorMeshes/ColorCalibrator/M_ClearCoat.uasset" 520
"../../../Engine/Content/EditorMeshes/ColorCalibrator/M_ClearCoatBlack.uasset" 521
"../../../Engine/Content/EditorMeshes/ColorCalibrator/Color_checker.uasset" 522
"../../../Engine/Content/EditorMeshes/ColorCalibrator/M_ColorGrid.uasset" 523
"../../../Engine/Content/EditorMeshes/ColorCalibrator/M_GreyBall.uasset" 524
"../../../Engine/Content/EditorMeshes/ColorCalibrator/SM_ColorCalibrator.uasset" 525
"../../../Engine/Content/EditorResources/BSPVertex.uasset" 526
"../../../Engine/Content/EditorResources/EmptyActor.uasset" 527
"../../../Engine/Content/EditorResources/S_Actor.uasset" 528
"../../../Engine/Content/EditorResources/S_Trigger.uasset" 529
"../../../Engine/Content/EditorResources/LightIcons/S_LightError.uasset" 530
"../../../Engine/Content/EditorResources/SequenceRecorder/Countdown.uasset" 531
"../../../Engine/Content/EditorResources/SequenceRecorder/RecordingIndicator.uasset" 532
"../../../Engine/Content/EditorSounds/Notifications/CompileFailed.uasset" 533
"../../../Engine/Content/EditorSounds/Notifications/CompileFailed_Cue.uasset" 534
"../../../Engine/Content/EditorSounds/Notifications/CompileSuccess.uasset" 535
"../../../Engine/Content/EditorSounds/Notifications/CompileStart_Cue.uasset" 536
"../../../Engine/Content/EditorSounds/Notifications/CompileSuccess_Cue.uasset" 537
"../../../Engine/Content/EngineDamageTypes/DmgTypeBP_Environmental.uasset" 538
"../../../Engine/Content/EngineDebugMaterials/HeatmapGradient.uasset" 539
"../../../Engine/Content/EngineDebugMaterials/BoneWeightMaterial.uasset" 540
"../../../Engine/Content/EngineDebugMaterials/ClothMaterial.uasset" 541
"../../../Engine/Content/EngineDebugMaterials/ClothMaterial_WF.uasset" 542
"../../../Engine/Content/EngineDebugMaterials/DebugEditorMaterial.uasset" 543
"../../../Engine/Content/EngineDebugMaterials/DebugMeshMaterial.uasset" 544
"../../../Engine/Content/EngineDebugMaterials/GeomMaterial.uasset" 545
"../../../Engine/Content/EngineFonts/Faces/RobotoBold.uasset" 546
"../../../Engine/Content/EngineFonts/Faces/RobotoBoldItalic.uasset" 547
"../../../Engine/Content/EngineFonts/Faces/RobotoItalic.uasset" 548
"../../../Engine/Content/EngineFonts/Faces/RobotoLight.uasset" 549
"../../../Engine/Content/EngineFonts/Faces/RobotoRegular.uasset" 550
"../../../Engine/Content/EngineFonts/Roboto.uasset" 551
"../../../Engine/Content/EngineFonts/Faces/RobotoTiny.uasset" 552
"../../../Engine/Content/EngineFonts/RobotoTiny.uasset" 553
"../../../Engine/Content/EngineMaterials/DefaultBloomKernel.uasset" 554
"../../../Engine/Content/EngineMaterials/DefaultBokeh.uasset" 555
"../../../Engine/Content/EngineMaterials/DefaultDiffuse.uasset" 556
"../../../Engine/Content/EngineMaterials/DefaultDeferredDecalMaterial.uasset" 557
"../../../Engine/Content/EngineMaterials/DefaultLightFunctionMaterial.uasset" 558
"../../../Engine/Content/EngineMaterials/DefaultPhysicalMaterial.uasset" 559
"../../../Engine/Content/EngineMaterials/DefaultPostProcessMaterial.uasset" 560
"../../../Engine/Content/EngineFonts/RobotoDistanceField.uasset" 561
"../../../Engine/Content/EngineMaterials/DefaultTextMaterialOpaque.uasset" 562
"../../../Engine/Content/EngineMaterials/DefaultWhiteGrid.uasset" 563
"../../../Engine/Content/EngineMaterials/EditorBrushMaterial.uasset" 564
"../../../Engine/Content/EngineMaterials/MiniFont.uasset" 565
"../../../Engine/Content/EngineMaterials/InvalidLightmapSettings.uasset" 566
"../../../Engine/Content/EngineMaterials/M_InvalidLightmapSettings.uasset" 567
"../../../Engine/Content/Functions/Engine_MaterialFunctions02/WorldPositionOffset/CameraOffset.uasset" 568
"../../../Engine/Content/EngineMaterials/PhAT_JointLimitMaterial.uasset" 569
"../../../Engine/Content/EngineMaterials/PreintegratedSkinBRDF.uasset" 570
"../../../Engine/Content/EngineMaterials/RemoveSurfaceMaterial.uasset" 571
"../../../Engine/Content/EngineMaterials/WeightMapPlaceholderTexture.uasset" 572
"../../../Engine/Content/EngineResources/WhiteSquareTexture.uasset" 573
"../../../Engine/Content/EngineMaterials/Widget3DPassThrough.uasset" 574
"../../../Engine/Content/EngineMaterials/Widget3DPassThrough_Masked.uasset" 575
"../../../Engine/Content/EngineMaterials/Widget3DPassThrough_Opaque.uasset" 576
"../../../Engine/Content/EngineMaterials/Widget3DPassThrough_Masked_OneSided.uasset" 577
"../../../Engine/Content/EngineMaterials/Widget3DPassThrough_Opaque_OneSided.uasset" 578
"../../../Engine/Content/EngineMaterials/Widget3DPassThrough_Translucent.uasset" 579
"../../../Engine/Content/EngineMaterials/Widget3DPassThrough_Translucent_OneSided.uasset" 580
"../../../Engine/Content/EngineMeshes/Cube.uasset" 581
"../../../Engine/Content/EngineMeshes/Cylinder.uasset" 582
"../../../Engine/Content/EngineMeshes/Sphere.uasset" 583
"../../../Engine/Content/EngineResources/Black.uasset" 584
"../../../Engine/Content/EngineResources/DefaultTexture.uasset" 585
"../../../Engine/Content/EngineResources/DefaultTextureCube.uasset" 586
"../../../Engine/Content/EngineResources/GradientTexture0.uasset" 587
"../../../Engine/Content/EngineSounds/Master.uasset" 588
"../../../Engine/Content/Functions/Engine_MaterialFunctions01/Shading/ConvertFromDiffSpec.uasset" 589
"../../../Engine/Content/Functions/Engine_MaterialFunctions01/Shading/PowerToRoughness.uasset" 590
"../../../Engine/Content/Maps/Templates/Thumbnails/Default.uasset" 591
"../../../Engine/Content/Maps/Templates/Thumbnails/VR-Basic.uasset" 592
"../../../Engine/Content/MobileResources/T_MobileControls_texture.uasset" 593
"../../../Engine/Content/MobileResources/T_MobileMenu2.uasset" 594
"../../../Engine/Content/MobileResources/HUD/AnalogHat.uasset" 595
"../../../Engine/Content/MobileResources/HUD/VirtualJoystick_Background.uasset" 596
"../../../Engine/Content/MobileResources/HUD/VirtualJoystick_Thumb.uasset" 597
"../../../Engine/Content/MobileResources/HUD/DefaultVirtualJoysticks.uasset" 598
"../../../Engine/Content/MobileResources/HUD/LeftVirtualJoystickOnly.uasset" 599
"../../../Engine/Content/MobileResources/HUD/MobileHUDButton1_off.uasset" 600
"../../../Engine/Content/MobileResources/HUD/MobileHUDButton1_on.uasset" 601
"../../../Engine/Content/MobileResources/HUD/MobileHUDButton2_off.uasset" 602
"../../../Engine/Content/MobileResources/HUD/MobileHUDButton2_on.uasset" 603
"../../../Engine/Content/MobileResources/HUD/MobileHUDButton3.uasset" 604
"../../../Engine/Content/MobileResources/HUD/MobileHUDButtonFire.uasset" 605
"../../../Engine/Content/MobileResources/HUD/MobileHUDDirectionPad.uasset" 606
"../../../Engine/Content/MobileResources/HUD/MobileHUDDirectionPad2.uasset" 607
"../../../Engine/Content/MobileResources/HUD/MobileHUDDirectionPad3.uasset" 608
"../../../Engine/Content/MobileResources/HUD/MobileHUDDirectionStick.uasset" 609
"../../../Engine/Content/MobileResources/HUD/T_Castle_ThumbstickInner.uasset" 610
"../../../Engine/Content/MobileResources/HUD/T_Castle_ThumbstickOutter.uasset" 611
"../../../Engine/Content/Tutorial/ContentIntroCurve.uasset" 612
"../../../Engine/Content/Tutorial/Basics/TutorialAssets/icon_tab_Levels_40x.uasset" 613
"../../../Engine/Content/Tutorial/BlueprintTutorials/TutorialAssets/BlueprintInterface_64x.uasset" 614
"../../../Engine/Content/Tutorial/BlueprintTutorials/TutorialAssets/BlueprintMacroLibrary_64x.uasset" 615
"../../../Engine/Content/Tutorial/BlueprintTutorials/TutorialAssets/Blueprint_64x.uasset" 616
"../../../Engine/Content/Tutorial/BlueprintTutorials/TutorialAssets/Tutorial_BP_Interface.uasset" 617
"../../../Engine/Content/Tutorial/Foliage/TutorialAssets/Foliage.uasset" 618
"../../../Engine/Content/Tutorial/Landscape/TutorialAssets/Landscape.uasset" 619
"../../../Engine/Content/Tutorial/Paper2D/TutorialAssets/Paper2DFlipbook_TutorialIcon.uasset" 620
"../../../Engine/Content/Tutorial/Paper2D/TutorialAssets/Paper2DSprite_TutorialIcon.uasset" 621
"../../../Engine/Content/Tutorial/SubEditors/TutorialAssets/icon_Editor_Preferences_General_40x.uasset" 622
"../../../Engine/Content/Tutorial/SubEditors/TutorialAssets/icon_ShowSkeletalMeshes_40x.uasset" 623
"../../../Engine/Content/Tutorial/SubEditors/TutorialAssets/TutorialMaterial.uasset" 624
"../../../Engine/Content/Tutorial/SubEditors/TutorialAssets/T_SmokeSubUV_8X8.uasset" 625
"../../../Engine/Content/Tutorial/SubEditors/TutorialAssets/T_soft_smoke.uasset" 626
"../../../Engine/Content/Tutorial/SubEditors/TutorialAssets/M_smoke_subUV_blackbody.uasset" 627
"../../../Engine/Content/Tutorial/SubEditors/TutorialAssets/TutorialParticleSystem.uasset" 628
"../../../Engine/Content/VREditor/Devices/Generic/GenericHMDMaterial.uasset" 629
"../../../Engine/Content/VREditor/Devices/Generic/GenericHMD.uasset" 630
"../../../Engine/Content/VREditor/FloatingText/LineMaterial.uasset" 631
"../../../Engine/Content/VREditor/FloatingText/JointSphere.uasset" 632
"../../../Engine/Content/VREditor/FloatingText/LineSegmentCylinder.uasset" 633
"../../../Engine/Content/VREditor/Fonts/VRText_RobotoLarge.uasset" 634
"../../../Engine/Content/VREditor/Fonts/VRTextMaterial.uasset" 635
"../../../Engine/Content/VREditor/Fonts/TranslucentVRTextMaterial.uasset" 636
"../../../Engine/Content/VREditor/LaserPointer/CursorPointer.uasset" 637
"../../../Engine/Content/VREditor/LaserPointer/VR_LaserPower_01.uasset" 638
"../../../Engine/Content/VREditor/TransformGizmo/TransformGizmoMaterial.uasset" 639
"../../../Engine/Content/VREditor/LaserPointer/HoverMaterial.uasset" 640
"../../../Engine/Content/VREditor/TransformGizmo/TranslucentTransformGizmoMaterial.uasset" 641
"../../../Engine/Content/VREditor/LaserPointer/TranslucentHoverMaterial.uasset" 642
"../../../Engine/Content/VREditor/LaserPointer/HoverMesh.uasset" 643
"../../../Engine/Content/VREditor/LaserPointer/LaserPointerMaterial.uasset" 644
"../../../Engine/Content/VREditor/LaserPointer/LaserPointerMaterialInst.uasset" 645
"../../../Engine/Content/VREditor/LaserPointer/TranslucentLaserPointerMaterialInst.uasset" 646
"../../../Engine/Content/VREditor/LaserPointer/LaserPointerMesh.uasset" 647
"../../../Engine/Content/VREditor/LaserPointer/LaserPointerMesh_End.uasset" 648
"../../../Engine/Content/VREditor/LaserPointer/LaserPointerMesh_Start.uasset" 649
"../../../Engine/Content/Functions/Engine_MaterialFunctions02/Utility/BreakOutFloat3Components.uasset" 650
"../../../Engine/Content/Functions/Engine_MaterialFunctions02/Math/Transform3x3Matrix.uasset" 651
"../../../Engine/Content/Functions/Engine_MaterialFunctions02/SplitComponents.uasset" 652
"../../../Engine/Content/Functions/Engine_MaterialFunctions02/Utility/MakeFloat3.uasset" 653
"../../../Engine/Content/VREditor/SnapGrid/SnapGridMaterial.uasset" 654
"../../../Engine/Content/VREditor/SnapGrid/SnapGridPlaneMesh.uasset" 655
"../../../Engine/Content/VREditor/Sounds/VR_teleport.uasset" 656
"../../../Engine/Content/VREditor/Sounds/UI/Click_on_Button_Cue.uasset" 657
"../../../Engine/Content/VREditor/Sounds/UI/Dockable_Window_Close.uasset" 658
"../../../Engine/Content/VREditor/Sounds/UI/Dockable_Window_Drop.uasset" 659
"../../../Engine/Content/VREditor/Sounds/UI/Dockable_Window_Open.uasset" 660
"../../../Engine/Content/VREditor/Sounds/UI/Dockable_Window_Pick_Up.uasset" 661
"../../../Engine/Content/VREditor/Sounds/UI/Drop_Item_From_ContentBrowser.uasset" 662
"../../../Engine/Content/VREditor/Sounds/UI/Floating_UI_Open-001.uasset" 663
"../../../Engine/Content/VREditor/Sounds/UI/Gizmo_Handle_Clicked.uasset" 664
"../../../Engine/Content/VREditor/Sounds/UI/Object_PickUp.uasset" 665
"../../../Engine/Content/VREditor/Sounds/UI/Object_Snaps_To_Another_Actor.uasset" 666
"../../../Engine/Content/VREditor/Sounds/UI/Object_Snaps_To_Grid.uasset" 667
"../../../Engine/Content/VREditor/Sounds/UI/Radial_Menu_FadeOut.uasset" 668
"../../../Engine/Content/VREditor/Sounds/UI/Scaling_Down.uasset" 669
"../../../Engine/Content/VREditor/Sounds/UI/Scaling_Up.uasset" 670
"../../../Engine/Content/VREditor/Sounds/UI/Selection_Changes.uasset" 671
"../../../Engine/Content/VREditor/Sounds/UI/Teleport_Mode_Entered.uasset" 672
"../../../Engine/Content/VREditor/Teleport/TeleportDirectionMaterial.uasset" 673
"../../../Engine/Content/VREditor/Teleport/TeleportDirectionMaterial_Inst.uasset" 674
"../../../Engine/Content/VREditor/Teleport/TeleportDirectionMesh.uasset" 675
"../../../Engine/Content/VREditor/TransformGizmo/BoundingBoxCorner.uasset" 676
"../../../Engine/Content/VREditor/TransformGizmo/BoundingBoxEdge.uasset" 677
"../../../Engine/Content/VREditor/TransformGizmo/PlaneTranslationHandle.uasset" 678
"../../../Engine/Content/VREditor/TransformGizmo/RotationHandleFull.uasset" 679
"../../../Engine/Content/VREditor/TransformGizmo/RotationHandleIndicator.uasset" 680
"../../../Engine/Content/VREditor/TransformGizmo/RotationHandleQuarter.uasset" 681
"../../../Engine/Content/VREditor/TransformGizmo/Main.uasset" 682
"../../../Engine/Content/VREditor/TransformGizmo/Xray.uasset" 683
"../../../Engine/Content/VREditor/TransformGizmo/SM_Dialog_Close.uasset" 684
"../../../Engine/Content/VREditor/TransformGizmo/SM_Dialog_Move.uasset" 685
"../../../Engine/Content/VREditor/TransformGizmo/SM_Sequencer_Key.uasset" 686
"../../../Engine/Content/VREditor/TransformGizmo/SM_Sequencer_Node.uasset" 687
"../../../Engine/Content/VREditor/TransformGizmo/StartRotationHandleIndicator.uasset" 688
"../../../Engine/Content/VREditor/TransformGizmo/TranslucentTransformGizmoMaterial_Inst.uasset" 689
"../../../Engine/Content/VREditor/TransformGizmo/TransformGizmoFreeRotation.uasset" 690
"../../../Engine/Content/VREditor/TransformGizmo/TransformGizmoMaterial_Inst.uasset" 691
"../../../Engine/Content/VREditor/TransformGizmo/TranslateArrowHandle.uasset" 692
"../../../Engine/Content/VREditor/TransformGizmo/UniformScaleHandle.uasset" 693
"../../../Engine/Content/VREditor/UI/KeyDiskMaterial.uasset" 694
"../../../Engine/Content/VREditor/UI/DiscMaterial.uasset" 695
"../../../Engine/Content/VREditor/UI/SM_Radial_Disk.uasset" 696
"../../../Engine/Content/VREditor/WorldMovementGrid/SimpleGrid.uasset" 697
"../../../Engine/Content/VREditor/WorldMovementGrid/GridMaterial.uasset" 698
"../../../Engine/Content/Functions/Engine_MaterialFunctions01/Density/ExponentialDensity.uasset" 699
"../../../Engine/Content/VREditor/WorldMovementGrid/GridPostProcess.uasset" 700
"../../../Engine/Content/EditorLandscapeResources/FlattenHeightMat.uasset" 701
"../../../Engine/Content/VREditor/WorldMovementGrid/PlaneMesh.uasset" 702
"../../../Engine/Plugins/2D/Paper2D/Content/PlaceholderTextures/DummySpriteTexture.uasset" 703
"../../../Engine/Plugins/2D/Paper2D/Content/DummySprite.uasset" 704
"../../../Engine/Plugins/2D/Paper2D/Content/DefaultPaperTerrainMaterial.uasset" 705
"../../../Engine/Plugins/2D/Paper2D/Content/DefaultSpriteMaterial.uasset" 706
"../../../Engine/Plugins/2D/Paper2D/Content/MaskedUnlitSpriteMaterial.uasset" 707
"../../../Engine/Plugins/2D/Paper2D/Content/OpaqueUnlitSpriteMaterial.uasset" 708
"../../../Engine/Plugins/Media/MediaCompositing/Content/DefaultMediaPlaneMaterial.uasset" 709
"../../../Engine/Content/Functions/Engine_MaterialFunctions02/Utility/MakeFloat4.uasset" 710
"../../../Engine/Plugins/Runtime/AppleARKit/Content/ARKitCameraMaterial.uasset" 711
"../../../Engine/Plugins/Runtime/Oculus/OculusVR/Content/Textures/GearVRController_AO.uasset" 712
"../../../Engine/Plugins/Runtime/Oculus/OculusVR/Content/Textures/GearVRController_Color.uasset" 713
"../../../Engine/Plugins/Runtime/Oculus/OculusVR/Content/Textures/GearVRController_Normal.uasset" 714
"../../../Engine/Plugins/Runtime/Oculus/OculusVR/Content/Materials/GearVRControllerMaterial.uasset" 715
"../../../Engine/Plugins/Runtime/Oculus/OculusVR/Content/Meshes/GearVrController.uasset" 716
"../../../Engine/Content/EngineSky/C_Sky_Cloud_Color.uasset" 717
"../../../Engine/Content/EngineSky/C_Sky_Horizon_Color.uasset" 718
"../../../Engine/Content/EngineSky/C_Sky_Zenith_Color.uasset" 719
"../../../Engine/Content/EngineSky/T_Sky_Blue.uasset" 720
"../../../Engine/Content/EngineSky/T_Sky_Clouds_M.uasset" 721
"../../../Engine/Content/EngineSky/T_Sky_Stars.uasset" 722
"../../../Engine/Content/EngineSky/M_Sky_Panning_Clouds2.uasset" 723
"../../../VR_PhantomMechanic/Content/SoulCity/Environment/Textures/Sky/T_UN_Sky_SM_Overcast01_Bonus.uasset" 724
"../../../VR_PhantomMechanic/Content/SoulCity/Environment/Textures/Sky/T_UN_Sky_SM_Overcast01_Bonus_noMoon.uasset" 725
"../../../VR_PhantomMechanic/Content/SoulCity/Environment/Materials/Sky/M_SkyClouds.uasset" 726
"../../../VR_PhantomMechanic/Content/SoulCity/Environment/Materials/Sky/SM_SkySphere_Cloudy.uasset" 727
"../../../VR_PhantomMechanic/Content/PhantomMechanic/Assets/Environment/BP_Sky_Sphere.uasset" 728
"../../../VR_PhantomMechanic/Content/PhantomMechanic/Assets/Materials/PhantomTestMode.uasset" 729
"../../../VR_PhantomMechanic/Content/PhantomMechanic/Assets/ThePhantomMap_BuiltData.uasset" 730
"../../../Engine/Content/Functions/Engine_MaterialFunctions03/Procedurals/ComputeFilterWidth.uasset" 731
"../../../Engine/Content/EngineMaterials/AntiAliasedTextMaterialTranslucent.uasset" 732
"../../../VR_PhantomMechanic/Content/PhantomMechanic/Assets/Materials/lavaArm.uasset" 733
"../../../VR_PhantomMechanic/Content/PhantomMechanic/Assets/Materials/lavaArm_Inst.uasset" 734
"../../../VR_PhantomMechanic/Content/PhantomMechanic/Assets/Environment/lavamountain.uasset" 735
"../../../VR_PhantomMechanic/Content/SoulCity/EffectsMobileOpt/Smoke/Textures/T_cloud.uasset" 736
"../../../VR_PhantomMechanic/Content/SoulCity/EffectsMobileOpt/Smoke/Textures/T_Smoke_Ball3_5.uasset" 737
"../../../VR_PhantomMechanic/Content/SoulCity/EffectsMobileOpt/Smoke/Materials/M_SoftSmoke.uasset" 738
"../../../VR_PhantomMechanic/Content/SoulCity/EffectsMobileOpt/Smoke/ParticleSystems/P_smokeColumn.uasset" 739
"../../../VR_PhantomMechanic/Content/SoulCity/EffectsMobileOpt/Sparks/ParticleSystems/P_WeldSparks.uasset" 740
"../../../VR_PhantomMechanic/Content/SoulCity/Environment/Textures/Building/T_Soul_LandingZone_D.uasset" 741
"../../../VR_PhantomMechanic/Content/SoulCity/Environment/Textures/Building/T_Soul_LandingZone_N.uasset" 742
"../../../VR_PhantomMechanic/Content/SoulCity/Environment/Textures/Effects/T_Gradient_M.uasset" 743
"../../../VR_PhantomMechanic/Content/SoulCity/Environment/Materials/Building/M_Soul_LandingZone.uasset" 744
"../../../VR_PhantomMechanic/Content/SoulCity/Environment/Meshes/Building/SM_S_Soul_Bridge3.uasset" 745
"../../../VR_PhantomMechanic/Content/PhantomMechanic/Assets/ThePhantomMap.umap" 746
"../../../Engine/Content/EngineSky/SM_SkySphere.uasset" 747
"../../../Engine/Content/EngineSky/BP_Sky_Sphere.uasset" 748
"../../../VR_PhantomMechanic/Content/PhantomMechanic/PhantomTestMode.uasset" 749
"../../../VR_PhantomMechanic/Content/PhantomMechanic/TestObjects/BlockObj.uasset" 750
"../../../VR_PhantomMechanic/Content/PhantomMechanic/Maps/PhantomTestMap_BuiltData.uasset" 751
"../../../VR_PhantomMechanic/Content/PhantomMechanic/Maps/PhantomTestMap.umap" 752
"../../../VR_PhantomMechanic/Content/VirtualRealityBP/Blueprints/HMDLocomotionPawn.uasset" 753
"../../../VR_PhantomMechanic/Content/VirtualRealityBP/Maps/HMDLocomotionMap_BuiltData.uasset" 754
"../../../VR_PhantomMechanic/Content/VirtualReality/Materials/M_BaseMaterial.uasset" 755
"../../../VR_PhantomMechanic/Content/VirtualReality/Materials/MI_BaseMaterial2.uasset" 756
"../../../VR_PhantomMechanic/Content/VirtualReality/Materials/MI_BaseMaterial3.uasset" 757
"../../../VR_PhantomMechanic/Content/Geometry/Meshes/CubeMaterial.uasset" 758
"../../../VR_PhantomMechanic/Content/Geometry/Meshes/1M_Cube.uasset" 759
"../../../VR_PhantomMechanic/Content/VirtualRealityBP/Maps/HMDLocomotionMap.umap" 760
"../../../VR_PhantomMechanic/Content/VirtualReality/Materials/MI_SmallCubes.uasset" 761
"../../../VR_PhantomMechanic/Content/VirtualRealityBP/Blueprints/BP_PickupCube.uasset" 762
"../../../VR_PhantomMechanic/Content/VirtualReality/Mannequin/Character/Textures/UE4_Mannequin__normals.uasset" 763
"../../../VR_PhantomMechanic/Content/VirtualReality/Mannequin/Character/Textures/UE4_Mannequin_MAT_MASKA.uasset" 764
"../../../VR_PhantomMechanic/Content/VirtualReality/Mannequin/Character/Materials/M_HandMat.uasset" 765
"../../../VR_PhantomMechanic/Content/VirtualReality/Mannequin/Character/Mesh/MannequinHand_Right_PhysicsAsset.uasset" 766
"../../../VR_PhantomMechanic/Content/VirtualReality/Mannequin/Character/Mesh/MannequinHand_Right.uasset" 767
"../../../VR_PhantomMechanic/Content/VirtualRealityBP/Blueprints/BP_MotionController.uasset" 768
"../../../VR_PhantomMechanic/Content/VirtualRealityBP/Blueprints/MotionControllerPawn.uasset" 769
"../../../VR_PhantomMechanic/Content/VirtualRealityBP/Maps/MotionControllerMap_BuiltData.uasset" 770
"../../../VR_PhantomMechanic/Content/VirtualRealityBP/Maps/MotionControllerMap.umap" 771
"../../../VR_PhantomMechanic/Content/VirtualRealityBP/Maps/StartupMap_BuiltData.uasset" 772
"../../../VR_PhantomMechanic/Content/VirtualReality/Materials/GenericHMDMaterial.uasset" 773
"../../../VR_PhantomMechanic/Content/VirtualReality/Meshes/GenericHMD.uasset" 774
"../../../VR_PhantomMechanic/Content/VirtualRealityBP/Maps/StartupMap.umap" 775
"../../../Engine/Content/Maps/Entry.umap" 776
