Log file open, 05/07/18 20:02:45
LogWindows: Failed to load 'aqProf.dll' (GetLastError=126)
LogWindows: File 'aqProf.dll' does not exist
LogWindows: Failed to load 'VtuneApi.dll' (GetLastError=126)
LogWindows: File 'VtuneApi.dll' does not exist
LogWindows: Failed to load 'VtuneApi32e.dll' (GetLastError=126)
LogWindows: File 'VtuneApi32e.dll' does not exist
LogInit: Display: Running engine for game: PhantomMechanic
LogPlatformFile: Not using cached read wrapper
LogInit: Display: RandInit(505147339) SRandInit(505147339).
LogInit: Read version file with build ID '3944462'
LogInit: Overriding engine version to CL 4033788, compatible CL 3944462
LogInit: Registered custom module enumerator with build ID '3944462'
LogTaskGraph: Started task graph with 5 named threads and 23 total threads with 3 sets of task threads.
LogStats: Stats thread started at 0.449477
LogD3D11RHI: Aftermath initialized
LogICUInternationalization: Display: ICU TimeZone Detection - Raw Offset: -5:00, Platform Override: ''
LogPluginManager: Mounting plugin Paper2D
LogPluginManager: Mounting plugin LiveLink
LogPluginManager: Mounting plugin LightPropagationVolume
LogPluginManager: Mounting plugin CLionSourceCodeAccess
LogPluginManager: Mounting plugin CodeLiteSourceCodeAccess
LogPluginManager: Mounting plugin GitSourceControl
LogPluginManager: Mounting plugin KDevelopSourceCodeAccess
LogPluginManager: Mounting plugin NullSourceCodeAccess
LogPluginManager: Mounting plugin PerforceSourceControl
LogPluginManager: Mounting plugin SubversionSourceControl
LogPluginManager: Mounting plugin UObjectPlugin
LogPluginManager: Mounting plugin VisualStudioCodeSourceCodeAccess
LogPluginManager: Mounting plugin VisualStudioSourceCodeAccess
LogPluginManager: Mounting plugin XCodeSourceCodeAccess
LogPluginManager: Mounting plugin AssetManagerEditor
LogPluginManager: Mounting plugin CryptoKeys
LogPluginManager: Mounting plugin DataValidation
LogPluginManager: Mounting plugin FacialAnimation
LogPluginManager: Mounting plugin GameplayTagsEditor
LogPluginManager: Mounting plugin MobileLauncherProfileWizard
LogPluginManager: Mounting plugin PluginBrowser
LogPluginManager: Mounting plugin SpeedTreeImporter
LogPluginManager: Mounting plugin DatasmithContent
LogPluginManager: Mounting plugin AlembicImporter
LogPluginManager: Mounting plugin CharacterAI
LogPluginManager: Mounting plugin HTML5Networking
LogPluginManager: Mounting plugin AndroidMedia
LogPluginManager: Mounting plugin AvfMedia
LogPluginManager: Mounting plugin ImgMedia
LogPluginManager: Mounting plugin LinearTimecode
LogPluginManager: Mounting plugin MediaCompositing
LogPluginManager: Mounting plugin MediaPlayerEditor
LogPluginManager: Mounting plugin WmfMedia
LogPluginManager: Mounting plugin TcpMessaging
LogPluginManager: Mounting plugin UdpMessaging
LogPluginManager: Mounting plugin ActorSequence
LogPluginManager: Mounting plugin LevelSequenceEditor
LogPluginManager: Mounting plugin MatineeToLevelSequence
LogPluginManager: Mounting plugin NetcodeUnitTest
LogPluginManager: Mounting plugin NUTUnrealEngine4
LogPluginManager: Mounting plugin OnlineSubsystemGooglePlay
LogPluginManager: Mounting plugin OnlineSubsystemIOS
LogPluginManager: Mounting plugin OnlineSubsystem
LogPluginManager: Mounting plugin OnlineSubsystemNull
LogPluginManager: Mounting plugin OnlineSubsystemUtils
LogPluginManager: Mounting plugin AndroidDeviceProfileSelector
LogPluginManager: Mounting plugin AndroidMoviePlayer
LogPluginManager: Mounting plugin AndroidPermission
LogPluginManager: Mounting plugin AppleARKit
LogPluginManager: Mounting plugin AppleMoviePlayer
LogPluginManager: Mounting plugin ArchVisCharacter
LogPluginManager: Mounting plugin AudioCapture
LogPluginManager: Mounting plugin CableComponent
LogPluginManager: Mounting plugin CustomMeshComponent
LogPluginManager: Mounting plugin ExampleDeviceProfileSelector
LogPluginManager: Mounting plugin GoogleCloudMessaging
LogPluginManager: Mounting plugin ImmediatePhysics
LogPluginManager: Mounting plugin IOSDeviceProfileSelector
LogPluginManager: Mounting plugin LinuxDeviceProfileSelector
LogPluginManager: Mounting plugin LocationServicesBPLibrary
LogPluginManager: Mounting plugin MobilePatchingUtils
LogPluginManager: Mounting plugin OculusVR
LogPluginManager: Plugin shader directory ../../../Engine/Plugins/Runtime/Oculus/OculusVR/Shaders found
LogPluginManager: Mapping shader source directory ../../../Engine/Plugins/Runtime/Oculus/OculusVR/Shaders to virtual directory /Plugin/OculusVR
LogPluginManager: Mounting plugin PhysXVehicles
LogPluginManager: Mounting plugin ProceduralMeshComponent
LogPluginManager: Mounting plugin RuntimePhysXCooking
LogPluginManager: Mounting plugin SteamVR
LogPluginManager: Mounting plugin WindowsMoviePlayer
LogStreaming: Display: Took  0.196s to configure plugins.
LogModuleManager: Display: Found up-to-date module file C:/Users/Edward/Desktop/PhantomMechanic/Binaries/Win64/UE4Editor-PhantomMechanic-6368.dll (API version 3944462).
LogModuleManager: Display: Found up-to-date module file ../../../Engine/Plugins/2D/Paper2D/Binaries/Win64/UE4Editor-Paper2D.dll (API version 3944462).
LogModuleManager: Display: Found up-to-date module file ../../../Engine/Plugins/2D/Paper2D/Binaries/Win64/UE4Editor-Paper2DEditor.dll (API version 3944462).
LogModuleManager: Display: Found up-to-date module file ../../../Engine/Plugins/2D/Paper2D/Binaries/Win64/UE4Editor-PaperSpriteSheetImporter.dll (API version 3944462).
LogModuleManager: Display: Found up-to-date module file ../../../Engine/Plugins/2D/Paper2D/Binaries/Win64/UE4Editor-PaperTiledImporter.dll (API version 3944462).
LogModuleManager: Display: Found up-to-date module file ../../../Engine/Plugins/2D/Paper2D/Binaries/Win64/UE4Editor-SmartSnapping.dll (API version 3944462).
LogModuleManager: Display: Found up-to-date module file ../../../Engine/Plugins/Animation/LiveLink/Binaries/Win64/UE4Editor-LiveLink.dll (API version 3944462).
LogModuleManager: Display: Found up-to-date module file ../../../Engine/Plugins/Animation/LiveLink/Binaries/Win64/UE4Editor-LiveLinkEditor.dll (API version 3944462).
LogModuleManager: Display: Found up-to-date module file ../../../Engine/Plugins/Blendables/LightPropagationVolume/Binaries/Win64/UE4Editor-LightPropagationVolumeRuntime.dll (API version 3944462).
LogModuleManager: Display: Found up-to-date module file ../../../Engine/Plugins/Blendables/LightPropagationVolume/Binaries/Win64/UE4Editor-LightPropagationVolumeEditor.dll (API version 3944462).
LogModuleManager: Display: Found up-to-date module file ../../../Engine/Plugins/Developer/CLionSourceCodeAccess/Binaries/Win64/UE4Editor-CLionSourceCodeAccess.dll (API version 3944462).
LogModuleManager: Display: Found up-to-date module file ../../../Engine/Plugins/Developer/GitSourceControl/Binaries/Win64/UE4Editor-GitSourceControl.dll (API version 3944462).
LogModuleManager: Display: Found up-to-date module file ../../../Engine/Plugins/Developer/PerforceSourceControl/Binaries/Win64/UE4Editor-PerforceSourceControl.dll (API version 3944462).
LogModuleManager: Display: Found up-to-date module file ../../../Engine/Plugins/Developer/SubversionSourceControl/Binaries/Win64/UE4Editor-SubversionSourceControl.dll (API version 3944462).
LogModuleManager: Display: Found up-to-date module file ../../../Engine/Plugins/Developer/UObjectPlugin/Binaries/Win64/UE4Editor-UObjectPlugin.dll (API version 3944462).
LogModuleManager: Display: Found up-to-date module file ../../../Engine/Plugins/Developer/VisualStudioCodeSourceCodeAccess/Binaries/Win64/UE4Editor-VisualStudioCodeSourceCodeAccess.dll (API version 3944462).
LogModuleManager: Display: Found up-to-date module file ../../../Engine/Plugins/Developer/VisualStudioSourceCodeAccess/Binaries/Win64/UE4Editor-VisualStudioSourceCodeAccess.dll (API version 3944462).
LogModuleManager: Display: Found up-to-date module file ../../../Engine/Plugins/Editor/AssetManagerEditor/Binaries/Win64/UE4Editor-AssetManagerEditor.dll (API version 3944462).
LogModuleManager: Display: Found up-to-date module file ../../../Engine/Plugins/Editor/CryptoKeys/Binaries/Win64/UE4Editor-CryptoKeys.dll (API version 3944462).
LogModuleManager: Display: Found up-to-date module file ../../../Engine/Plugins/Editor/CryptoKeys/Binaries/Win64/UE4Editor-CryptoKeysOpenSSL.dll (API version 3944462).
LogModuleManager: Display: Found up-to-date module file ../../../Engine/Plugins/Editor/DataValidation/Binaries/Win64/UE4Editor-DataValidation.dll (API version 3944462).
LogModuleManager: Display: Found up-to-date module file ../../../Engine/Plugins/Editor/FacialAnimation/Binaries/Win64/UE4Editor-FacialAnimation.dll (API version 3944462).
LogModuleManager: Display: Found up-to-date module file ../../../Engine/Plugins/Editor/FacialAnimation/Binaries/Win64/UE4Editor-FacialAnimationEditor.dll (API version 3944462).
LogModuleManager: Display: Found up-to-date module file ../../../Engine/Plugins/Editor/GameplayTagsEditor/Binaries/Win64/UE4Editor-GameplayTagsEditor.dll (API version 3944462).
LogModuleManager: Display: Found up-to-date module file ../../../Engine/Plugins/Editor/MobileLauncherProfileWizard/Binaries/Win64/UE4Editor-MobileLauncherProfileWizard.dll (API version 3944462).
LogModuleManager: Display: Found up-to-date module file ../../../Engine/Plugins/Editor/PluginBrowser/Binaries/Win64/UE4Editor-PluginBrowser.dll (API version 3944462).
LogModuleManager: Display: Found up-to-date module file ../../../Engine/Plugins/Editor/SpeedTreeImporter/Binaries/Win64/UE4Editor-SpeedTreeImporter.dll (API version 3944462).
LogModuleManager: Display: Found up-to-date module file ../../../Engine/Plugins/Enterprise/DatasmithContent/Binaries/Win64/UE4Editor-DatasmithContent.dll (API version 3944462).
LogModuleManager: Display: Found up-to-date module file ../../../Engine/Plugins/Experimental/AlembicImporter/Binaries/Win64/UE4Editor-AlembicImporter.dll (API version 3944462).
LogModuleManager: Display: Found up-to-date module file ../../../Engine/Plugins/Experimental/AlembicImporter/Binaries/Win64/UE4Editor-AlembicLibrary.dll (API version 3944462).
LogModuleManager: Display: Found up-to-date module file ../../../Engine/Plugins/Experimental/CharacterAI/Binaries/Win64/UE4Editor-CharacterAI.dll (API version 3944462).
LogModuleManager: Display: Found up-to-date module file ../../../Engine/Plugins/Experimental/HTML5Networking/Binaries/Win64/UE4Editor-HTML5Networking.dll (API version 3944462).
LogModuleManager: Display: Found up-to-date module file ../../../Engine/Plugins/Media/AndroidMedia/Binaries/Win64/UE4Editor-AndroidMediaEditor.dll (API version 3944462).
LogModuleManager: Display: Found up-to-date module file ../../../Engine/Plugins/Media/AndroidMedia/Binaries/Win64/UE4Editor-AndroidMediaFactory.dll (API version 3944462).
LogModuleManager: Display: Found up-to-date module file ../../../Engine/Plugins/Media/AvfMedia/Binaries/Win64/UE4Editor-AvfMediaEditor.dll (API version 3944462).
LogModuleManager: Display: Found up-to-date module file ../../../Engine/Plugins/Media/AvfMedia/Binaries/Win64/UE4Editor-AvfMediaFactory.dll (API version 3944462).
LogModuleManager: Display: Found up-to-date module file ../../../Engine/Plugins/Media/AvfMedia/Binaries/Win64/UE4Editor-AvfMediaFactory.dll (API version 3944462).
LogModuleManager: Display: Found up-to-date module file ../../../Engine/Plugins/Media/ImgMedia/Binaries/Win64/UE4Editor-ImgMedia.dll (API version 3944462).
LogModuleManager: Display: Found up-to-date module file ../../../Engine/Plugins/Media/ImgMedia/Binaries/Win64/UE4Editor-ImgMediaEditor.dll (API version 3944462).
LogModuleManager: Display: Found up-to-date module file ../../../Engine/Plugins/Media/ImgMedia/Binaries/Win64/UE4Editor-ImgMediaFactory.dll (API version 3944462).
LogModuleManager: Display: Found up-to-date module file ../../../Engine/Plugins/Media/ImgMedia/Binaries/Win64/UE4Editor-ImgMediaFactory.dll (API version 3944462).
LogModuleManager: Display: Found up-to-date module file ../../../Engine/Plugins/Media/ImgMedia/Binaries/Win64/UE4Editor-OpenExrWrapper.dll (API version 3944462).
LogModuleManager: Display: Found up-to-date module file ../../../Engine/Plugins/Media/LinearTimecode/Binaries/Win64/UE4Editor-LinearTimecode.dll (API version 3944462).
LogModuleManager: Display: Found up-to-date module file ../../../Engine/Plugins/Media/MediaCompositing/Binaries/Win64/UE4Editor-MediaCompositing.dll (API version 3944462).
LogModuleManager: Display: Found up-to-date module file ../../../Engine/Plugins/Media/MediaCompositing/Binaries/Win64/UE4Editor-MediaCompositingEditor.dll (API version 3944462).
LogModuleManager: Display: Found up-to-date module file ../../../Engine/Plugins/Media/MediaPlayerEditor/Binaries/Win64/UE4Editor-MediaPlayerEditor.dll (API version 3944462).
LogModuleManager: Display: Found up-to-date module file ../../../Engine/Plugins/Media/WmfMedia/Binaries/Win64/UE4Editor-WmfMedia.dll (API version 3944462).
LogModuleManager: Display: Found up-to-date module file ../../../Engine/Plugins/Media/WmfMedia/Binaries/Win64/UE4Editor-WmfMediaEditor.dll (API version 3944462).
LogModuleManager: Display: Found up-to-date module file ../../../Engine/Plugins/Media/WmfMedia/Binaries/Win64/UE4Editor-WmfMediaFactory.dll (API version 3944462).
LogModuleManager: Display: Found up-to-date module file ../../../Engine/Plugins/Media/WmfMedia/Binaries/Win64/UE4Editor-WmfMediaFactory.dll (API version 3944462).
LogModuleManager: Display: Found up-to-date module file ../../../Engine/Plugins/Messaging/TcpMessaging/Binaries/Win64/UE4Editor-TcpMessaging.dll (API version 3944462).
LogModuleManager: Display: Found up-to-date module file ../../../Engine/Plugins/Messaging/UdpMessaging/Binaries/Win64/UE4Editor-UdpMessaging.dll (API version 3944462).
LogModuleManager: Display: Found up-to-date module file ../../../Engine/Plugins/MovieScene/ActorSequence/Binaries/Win64/UE4Editor-ActorSequence.dll (API version 3944462).
LogModuleManager: Display: Found up-to-date module file ../../../Engine/Plugins/MovieScene/LevelSequenceEditor/Binaries/Win64/UE4Editor-LevelSequenceEditor.dll (API version 3944462).
LogModuleManager: Display: Found up-to-date module file ../../../Engine/Plugins/MovieScene/MatineeToLevelSequence/Binaries/Win64/UE4Editor-MatineeToLevelSequence.dll (API version 3944462).
LogModuleManager: Display: Found up-to-date module file ../../../Engine/Plugins/NetcodeUnitTest/NetcodeUnitTest/Binaries/Win64/UE4Editor-NetcodeUnitTest.dll (API version 3944462).
LogModuleManager: Display: Found up-to-date module file ../../../Engine/Plugins/NetcodeUnitTest/NUTUnrealEngine4/Binaries/Win64/UE4Editor-NUTUnrealEngine4.dll (API version 3944462).
LogModuleManager: Display: Found up-to-date module file ../../../Engine/Plugins/Online/OnlineSubsystem/Binaries/Win64/UE4Editor-OnlineSubsystem.dll (API version 3944462).
LogModuleManager: Display: Found up-to-date module file ../../../Engine/Plugins/Online/OnlineSubsystemNull/Binaries/Win64/UE4Editor-OnlineSubsystemNull.dll (API version 3944462).
LogModuleManager: Display: Found up-to-date module file ../../../Engine/Plugins/Online/OnlineSubsystemUtils/Binaries/Win64/UE4Editor-OnlineSubsystemUtils.dll (API version 3944462).
LogModuleManager: Display: Found up-to-date module file ../../../Engine/Plugins/Online/OnlineSubsystemUtils/Binaries/Win64/UE4Editor-OnlineBlueprintSupport.dll (API version 3944462).
LogModuleManager: Display: Found up-to-date module file ../../../Engine/Plugins/Runtime/AndroidDeviceProfileSelector/Binaries/Win64/UE4Editor-AndroidDeviceProfileSelector.dll (API version 3944462).
LogModuleManager: Display: Found up-to-date module file ../../../Engine/Plugins/Runtime/AndroidPermission/Binaries/Win64/UE4Editor-AndroidPermission.dll (API version 3944462).
LogModuleManager: Display: Found up-to-date module file ../../../Engine/Plugins/Runtime/AppleARKit/Binaries/Win64/UE4Editor-AppleARKit.dll (API version 3944462).
LogModuleManager: Display: Found up-to-date module file ../../../Engine/Plugins/Runtime/ArchVisCharacter/Binaries/Win64/UE4Editor-ArchVisCharacter.dll (API version 3944462).
LogModuleManager: Display: Found up-to-date module file ../../../Engine/Plugins/Runtime/AudioCapture/Binaries/Win64/UE4Editor-AudioCapture.dll (API version 3944462).
LogModuleManager: Display: Found up-to-date module file ../../../Engine/Plugins/Runtime/AudioCapture/Binaries/Win64/UE4Editor-AudioCaptureEditor.dll (API version 3944462).
LogModuleManager: Display: Found up-to-date module file ../../../Engine/Plugins/Runtime/CableComponent/Binaries/Win64/UE4Editor-CableComponent.dll (API version 3944462).
LogModuleManager: Display: Found up-to-date module file ../../../Engine/Plugins/Runtime/CustomMeshComponent/Binaries/Win64/UE4Editor-CustomMeshComponent.dll (API version 3944462).
LogModuleManager: Display: Found up-to-date module file ../../../Engine/Plugins/Runtime/ExampleDeviceProfileSelector/Binaries/Win64/UE4Editor-ExampleDeviceProfileSelector.dll (API version 3944462).
LogModuleManager: Display: Found up-to-date module file ../../../Engine/Plugins/Runtime/ImmediatePhysics/Binaries/Win64/UE4Editor-ImmediatePhysics.dll (API version 3944462).
LogModuleManager: Display: Found up-to-date module file ../../../Engine/Plugins/Runtime/ImmediatePhysics/Binaries/Win64/UE4Editor-ImmediatePhysicsEditor.dll (API version 3944462).
LogModuleManager: Display: Found up-to-date module file ../../../Engine/Plugins/Runtime/LocationServicesBPLibrary/Binaries/Win64/UE4Editor-LocationServicesBPLibrary.dll (API version 3944462).
LogModuleManager: Display: Found up-to-date module file ../../../Engine/Plugins/Runtime/MobilePatchingUtils/Binaries/Win64/UE4Editor-MobilePatchingUtils.dll (API version 3944462).
LogModuleManager: Display: Found up-to-date module file ../../../Engine/Plugins/Runtime/Oculus/OculusVR/Binaries/Win64/UE4Editor-OculusHMD.dll (API version 3944462).
LogModuleManager: Display: Found up-to-date module file ../../../Engine/Plugins/Runtime/Oculus/OculusVR/Binaries/Win64/UE4Editor-OculusInput.dll (API version 3944462).
LogModuleManager: Display: Found up-to-date module file ../../../Engine/Plugins/Runtime/Oculus/OculusVR/Binaries/Win64/UE4Editor-OculusEditor.dll (API version 3944462).
LogModuleManager: Display: Found up-to-date module file ../../../Engine/Plugins/Runtime/PhysXVehicles/Binaries/Win64/UE4Editor-PhysXVehicles.dll (API version 3944462).
LogModuleManager: Display: Found up-to-date module file ../../../Engine/Plugins/Runtime/PhysXVehicles/Binaries/Win64/UE4Editor-PhysXVehiclesEditor.dll (API version 3944462).
LogModuleManager: Display: Found up-to-date module file ../../../Engine/Plugins/Runtime/ProceduralMeshComponent/Binaries/Win64/UE4Editor-ProceduralMeshComponent.dll (API version 3944462).
LogModuleManager: Display: Found up-to-date module file ../../../Engine/Plugins/Runtime/ProceduralMeshComponent/Binaries/Win64/UE4Editor-ProceduralMeshComponentEditor.dll (API version 3944462).
LogModuleManager: Display: Found up-to-date module file ../../../Engine/Plugins/Runtime/RuntimePhysXCooking/Binaries/Win64/UE4Editor-RuntimePhysXCooking.dll (API version 3944462).
LogModuleManager: Display: Found up-to-date module file ../../../Engine/Plugins/Runtime/Steam/SteamVR/Binaries/Win64/UE4Editor-SteamVR.dll (API version 3944462).
LogModuleManager: Display: Found up-to-date module file ../../../Engine/Plugins/Runtime/Steam/SteamVR/Binaries/Win64/UE4Editor-SteamVRController.dll (API version 3944462).
LogModuleManager: Display: Found up-to-date module file ../../../Engine/Plugins/Runtime/WindowsMoviePlayer/Binaries/Win64/UE4Editor-WindowsMoviePlayer.dll (API version 3944462).
LogInit: Using libcurl 7.47.1
LogInit:  - built for x86_64-pc-win32
LogInit:  - supports SSL with OpenSSL/1.0.2g
LogInit:  - supports HTTP deflate (compression) using libz 1.2.8
LogInit:  - other features:
LogInit:      CURL_VERSION_SSL
LogInit:      CURL_VERSION_LIBZ
LogInit:      CURL_VERSION_IPV6
LogInit:      CURL_VERSION_ASYNCHDNS
LogInit:      CURL_VERSION_LARGEFILE
LogInit:      CURL_VERSION_IDN
LogInit:  CurlRequestOptions (configurable via config and command line):
LogInit:  - bVerifyPeer = false  - Libcurl will NOT verify peer certificate
LogInit:  - bUseHttpProxy = false  - Libcurl will NOT use HTTP proxy
LogInit:  - bDontReuseConnections = false  - Libcurl will reuse connections
LogInit:  - CertBundlePath = nullptr  - Libcurl will use whatever was configured at build time.
LogInit:  - MaxHostConnections = 16  - Libcurl will limit the number of connections to a host
LogInit:  - LocalHostAddr = Default
LogInit: WinSock: version 1.1 (2.2), MaxSocks=32767, MaxUdp=65467
LogInit: WinSock: I am EdsRedDesktop (10.0.0.65:0)
LogHMD: Failed initializing OVRPlugin 1.21.0
LogInit: Build: ++UE4+Release-4.19-CL-4033788
LogInit: Engine Version: 4.19.2-4033788+++UE4+Release-4.19
LogInit: Compatible Engine Version: 4.19.0-3944462+++UE4+Release-4.19
LogInit: Net CL: 3944462
LogDevObjectVersion: Number of dev versions registered: 18
LogDevObjectVersion:   Dev-Blueprints (B0D832E4-1F89-4F0D-ACCF-7EB736FD4AA2): 10
LogDevObjectVersion:   Dev-Build (E1C64328-A22C-4D53-A36C-8E866417BD8C): 0
LogDevObjectVersion:   Dev-Core (375EC13C-06E4-48FB-B500-84F0262A717E): 2
LogDevObjectVersion:   Dev-Editor (E4B068ED-F494-42E9-A231-DA0B2E46BB41): 23
LogDevObjectVersion:   Dev-Framework (CFFC743F-43B0-4480-9391-14DF171D2073): 33
LogDevObjectVersion:   Dev-Mobile (B02B49B5-BB20-44E9-A304-32B752E40360): 2
LogDevObjectVersion:   Dev-Networking (A4E4105C-59A1-49B5-A7C5-40C4547EDFEE): 0
LogDevObjectVersion:   Dev-Online (39C831C9-5AE6-47DC-9A44-9C173E1C8E7C): 0
LogDevObjectVersion:   Dev-Physics (78F01B33-EBEA-4F98-B9B4-84EACCB95AA2): 0
LogDevObjectVersion:   Dev-Platform (6631380F-2D4D-43E0-8009-CF276956A95A): 0
LogDevObjectVersion:   Dev-Rendering (12F88B9F-8875-4AFC-A67C-D90C383ABD29): 25
LogDevObjectVersion:   Dev-Sequencer (7B5AE74C-D270-4C10-A958-57980B212A5A): 6
LogDevObjectVersion:   Dev-VR (D7296918-1DD6-4BDD-9DE2-64A83CC13884): 1
LogDevObjectVersion:   Dev-LoadTimes (C2A15278-BFE7-4AFE-6C17-90FF531DF755): 1
LogDevObjectVersion:   Private-Geometry (6EACA3D4-40EC-4CC1-B786-8BED09428FC5): 2
LogDevObjectVersion:   Dev-AnimPhys (29E575DD-E0A3-4627-9D10-D276232CDCEA): 16
LogDevObjectVersion:   Dev-ReflectionCapture (6B266CEC-1EC7-4B8F-A30B-E4D90942FC07): 1
LogDevObjectVersion:   Dev-Automation (0DF73D61-A23F-47EA-B727-89E90C41499A): 1
LogInit: Compiled (64-bit): Apr 27 2018 02:06:57
LogInit: Compiled with Visual C++: 19.00.24215.01
LogInit: Build Configuration: Development
LogInit: Branch Name: ++UE4+Release-4.19
LogInit: Command Line:  -skipcompile
LogInit: Base Directory: E:/Development/Epic Games/UE_4.19/Engine/Binaries/Win64/
LogInit: Installed Engine Build: 1
LogStreaming: Display: Took  0.004s to delete old logs.
LogInit: Presizing for max 8388607 objects, including 0 objects not considered by GC, pre-allocating 0 bytes for permanent pool.
LogInit: Object subsystem initialized
[2018.05.08-00.02.49:203][  0]LogInit: Selected Device Profile: [Windows]
[2018.05.08-00.02.49:203][  0]LogInit: Applying CVar settings loaded from the selected device profile: [Windows]
[2018.05.08-00.02.49:227][  0]LogInit: Computer: EDSREDDESKTOP
[2018.05.08-00.02.49:228][  0]LogInit: User: Edward
[2018.05.08-00.02.49:228][  0]LogInit: CPU Page size=4096, Cores=4
[2018.05.08-00.02.49:228][  0]LogInit: High frequency timer resolution =3.906332 MHz
[2018.05.08-00.02.49:229][  0]LogMemory: Memory total: Physical=7.9GB (8GB approx)
[2018.05.08-00.02.49:229][  0]LogMemory: Platform Memory Stats for Windows
[2018.05.08-00.02.49:229][  0]LogMemory: Process Physical Memory: 280.46 MB used, 280.46 MB peak
[2018.05.08-00.02.49:229][  0]LogMemory: Process Virtual Memory: 269.27 MB used, 269.27 MB peak
[2018.05.08-00.02.49:229][  0]LogMemory: Physical Memory: 5949.53 MB used,  2190.73 MB free, 8140.27 MB total
[2018.05.08-00.02.49:229][  0]LogMemory: Virtual Memory: 746.43 MB used,  2190.73 MB free, 134217728.00 MB total
[2018.05.08-00.02.49:274][  0]LogInit: Using OS detected language (en-US).
[2018.05.08-00.02.49:274][  0]LogInit: Using OS detected locale (en-US).
[2018.05.08-00.02.49:278][  0]LogTextLocalizationManager: No specific localization for 'en-US' exists, so the 'en' localization will be used.
[2018.05.08-00.02.49:911][  0]LogStreaming: Display: Took  0.637s to EndInitTextLocalization.
[2018.05.08-00.02.49:911][  0]LogInit: Setting process to per monitor DPI aware
[2018.05.08-00.02.50:004][  0]LogSlate: New Slate User Created.  User Index 0, Is Virtual User: 0
[2018.05.08-00.02.50:004][  0]LogSlate: Slate User Registered.  User Index 0, Is Virtual User: 0
[2018.05.08-00.02.50:300][  0]LogD3D11RHI: D3D11 adapters:
[2018.05.08-00.02.50:362][  0]LogD3D11RHI:    0. 'AMD Radeon (TM) R9 390 Series' (Feature Level 11_0)
[2018.05.08-00.02.50:362][  0]LogD3D11RHI:       8168/0/4070 MB DedicatedVideo/DedicatedSystem/SharedSystem, Outputs:2, VendorId:0x1002
[2018.05.08-00.02.50:372][  0]LogD3D11RHI:    1. 'Microsoft Basic Render Driver' (Feature Level 11_0)
[2018.05.08-00.02.50:373][  0]LogD3D11RHI:       0/0/4070 MB DedicatedVideo/DedicatedSystem/SharedSystem, Outputs:0, VendorId:0x1414
[2018.05.08-00.02.50:374][  0]LogD3D11RHI: Chosen D3D11 Adapter: 0
[2018.05.08-00.02.50:386][  0]LogD3D11RHI: Creating new Direct3DDevice
[2018.05.08-00.02.50:386][  0]LogD3D11RHI:     GPU DeviceId: 0x67b1 (for the marketing name, search the web for "GPU Device Id")
[2018.05.08-00.02.50:387][  0]LogWindows: EnumDisplayDevices:
[2018.05.08-00.02.50:387][  0]LogWindows:    0. 'AMD Radeon (TM) R9 390 Series' (P:1 D:1)
[2018.05.08-00.02.50:387][  0]LogWindows:    1. 'AMD Radeon (TM) R9 390 Series' (P:0 D:1)
[2018.05.08-00.02.50:388][  0]LogWindows:    2. 'AMD Radeon (TM) R9 390 Series' (P:0 D:0)
[2018.05.08-00.02.50:388][  0]LogWindows:    3. 'AMD Radeon (TM) R9 390 Series' (P:0 D:0)
[2018.05.08-00.02.50:388][  0]LogWindows:    4. 'AMD Radeon (TM) R9 390 Series' (P:0 D:0)
[2018.05.08-00.02.50:389][  0]LogWindows:    5. 'AMD Radeon (TM) R9 390 Series' (P:0 D:0)
[2018.05.08-00.02.50:389][  0]LogWindows:    6. 'AMD Radeon (TM) R9 390 Series' (P:0 D:0)
[2018.05.08-00.02.50:389][  0]LogWindows:    7. 'AMD Radeon (TM) R9 390 Series' (P:0 D:0)
[2018.05.08-00.02.50:390][  0]LogWindows:    8. 'AMD Radeon (TM) R9 390 Series' (P:0 D:0)
[2018.05.08-00.02.50:390][  0]LogWindows:    9. 'AMD Radeon (TM) R9 390 Series' (P:0 D:0)
[2018.05.08-00.02.50:390][  0]LogWindows:    10. 'AMD Radeon (TM) R9 390 Series' (P:0 D:0)
[2018.05.08-00.02.50:391][  0]LogWindows:    11. 'AMD Radeon (TM) R9 390 Series' (P:0 D:0)
[2018.05.08-00.02.50:391][  0]LogWindows:    12. 'AMD Radeon (TM) R9 390 Series' (P:0 D:0)
[2018.05.08-00.02.50:392][  0]LogWindows:    13. 'AMD Radeon (TM) R9 390 Series' (P:0 D:0)
[2018.05.08-00.02.50:392][  0]LogWindows:    14. 'AMD Radeon (TM) R9 390 Series' (P:0 D:0)
[2018.05.08-00.02.50:392][  0]LogWindows:    15. 'AMD Radeon (TM) R9 390 Series' (P:0 D:0)
[2018.05.08-00.02.50:393][  0]LogWindows: DebugString: GetVideoDriverDetailsInvalid PrimaryIsNotTheChoosenAdapter GetVideoDriverDetailsInvalid PrimaryIsNotTheChoosenAdapter GetVideoDriverDetailsInvalid PrimaryIsNotTheChoosenAdapter GetVideoDriverDetailsInvalid PrimaryIsNotTheChoosenAdapter GetVideoDriverDetailsInvalid PrimaryIsNotTheChoosenAdapter GetVideoDriverDetailsInvalid PrimaryIsNotTheChoosenAdapter GetVideoDriverDetailsInvalid PrimaryIsNotTheChoosenAdapter GetVideoDriverDetailsInvalid PrimaryIsNotTheChoosenAdapter GetVideoDriverDetailsInvalid PrimaryIsNotTheChoosenAdapter GetVideoDriverDetailsInvalid PrimaryIsNotTheChoosenAdapter GetVideoDriverDetailsInvalid PrimaryIsNotTheChoosenAdapter GetVideoDriverDetailsInvalid PrimaryIsNotTheChoosenAdapter GetVideoDriverDetailsInvalid PrimaryIsNotTheChoosenAdapter GetVideoDriverDetailsInvalid PrimaryIsNotTheChoosenAdapter GetVideoDriverDetailsInvalid PrimaryIsNotTheChoosenAdapter GetVideoDriverDetailsInvalid PrimaryIsNotTheChoosenAdapter FoundDriverCount:0 
[2018.05.08-00.02.50:393][  0]LogD3D11RHI:     Adapter Name: AMD Radeon (TM) R9 390 Series
[2018.05.08-00.02.50:393][  0]LogD3D11RHI:   Driver Version: Unknown (internal:Unknown, unified:Unknown)
[2018.05.08-00.02.50:393][  0]LogD3D11RHI:      Driver Date: Unknown
[2018.05.08-00.02.50:393][  0]LogRHI: Texture pool is 5717 MB (70% of 8168 MB)
[2018.05.08-00.02.50:804][  0]LogD3D11RHI: Async texture creation enabled
[2018.05.08-00.02.50:821][  0]LogD3D11RHI: GPU Timing Frequency: 27.000000 (Debug: 2 1)
[2018.05.08-00.02.50:823][  0]LogShaderCompilers: Guid format shader working directory is 7 characters bigger than the processId version (C:/Users/Edward/Desktop/PhantomMechanic/Intermediate/Shaders/WorkingDirectory/13428/).
[2018.05.08-00.02.50:824][  0]LogShaderCompilers: Cleaned the shader compiler working directory 'C:/Users/Edward/AppData/Local/Temp/UnrealShaderWorkingDir/43A0202F41BD8B3903B16E9AC754F133/'.
[2018.05.08-00.02.51:106][  0]LogTemp: Display: Loaded TP AllDesktopTargetPlatform
[2018.05.08-00.02.51:128][  0]LogTemp: Display: Loaded TP MacClientTargetPlatform
[2018.05.08-00.02.51:152][  0]LogTemp: Display: Loaded TP MacNoEditorTargetPlatform
[2018.05.08-00.02.51:176][  0]LogTemp: Display: Loaded TP MacServerTargetPlatform
[2018.05.08-00.02.51:199][  0]LogTemp: Display: Loaded TP MacTargetPlatform
[2018.05.08-00.02.51:223][  0]LogTemp: Display: Loaded TP WindowsClientTargetPlatform
[2018.05.08-00.02.51:246][  0]LogTemp: Display: Loaded TP WindowsNoEditorTargetPlatform
[2018.05.08-00.02.51:270][  0]LogTemp: Display: Loaded TP WindowsServerTargetPlatform
[2018.05.08-00.02.51:281][  0]LogTemp: Display: Loaded TP WindowsTargetPlatform
[2018.05.08-00.02.51:302][  0]LogTemp: Display: Loaded TP Android_ASTCTargetPlatform
[2018.05.08-00.02.51:322][  0]LogTemp: Display: Loaded TP Android_ATCTargetPlatform
[2018.05.08-00.02.51:343][  0]LogTemp: Display: Loaded TP Android_DXTTargetPlatform
[2018.05.08-00.02.51:363][  0]LogTemp: Display: Loaded TP Android_ETC1aTargetPlatform
[2018.05.08-00.02.51:383][  0]LogTemp: Display: Loaded TP Android_ETC1TargetPlatform
[2018.05.08-00.02.51:404][  0]LogTemp: Display: Loaded TP Android_ETC2TargetPlatform
[2018.05.08-00.02.51:446][  0]LogTemp: Display: Loaded TP Android_MultiTargetPlatform
[2018.05.08-00.02.51:446][  0]LogTemp: Display: Loaded TP Android_PVRTCTargetPlatform
[2018.05.08-00.02.51:468][  0]LogTemp: Display: Loaded TP AndroidTargetPlatform
[2018.05.08-00.02.51:471][  0]LogTemp: Display: Loaded TP HTML5TargetPlatform
[2018.05.08-00.02.51:525][  0]LogTemp: Display: Loaded TP IOSTargetPlatform
[2018.05.08-00.02.51:548][  0]LogTemp: Display: Loaded TP TVOSTargetPlatform
[2018.05.08-00.02.51:568][  0]LogTemp: Display: Loaded TP LinuxClientTargetPlatform
[2018.05.08-00.02.51:587][  0]LogTemp: Display: Loaded TP LinuxNoEditorTargetPlatform
[2018.05.08-00.02.51:608][  0]LogTemp: Display: Loaded TP LinuxServerTargetPlatform
[2018.05.08-00.02.51:629][  0]LogTemp: Display: Loaded TP LinuxTargetPlatform
[2018.05.08-00.02.51:629][  0]LogTargetPlatformManager: Display: Building Assets For Windows
[2018.05.08-00.02.51:810][  0]LogXGEController: Cannot use XGE Controller as Incredibuild is not installed on this machine.
[2018.05.08-00.02.51:811][  0]LogShaderCompilers: Cannot use XGE Shader Compiler as Incredibuild is not installed on this machine.
[2018.05.08-00.02.51:811][  0]LogShaderCompilers: Display: Using Local Shader Compiler.
[2018.05.08-00.02.52:851][  0]LogDerivedDataCache: Display: Max Cache Size: 512 MB
[2018.05.08-00.02.53:028][  0]LogDerivedDataCache: Loaded boot cache 0.18s 74MB C:/Users/Edward/AppData/Local/UnrealEngine/4.19/DerivedDataCache/Boot.ddc.
[2018.05.08-00.02.53:029][  0]LogDerivedDataCache: Display: Loaded Boot cache: C:/Users/Edward/AppData/Local/UnrealEngine/4.19/DerivedDataCache/Boot.ddc
[2018.05.08-00.02.53:029][  0]LogDerivedDataCache: FDerivedDataBackendGraph:  Pak pak cache file C:/Users/Edward/Desktop/PhantomMechanic/DerivedDataCache/DDC.ddp not found, will not use a pak cache.
[2018.05.08-00.02.53:029][  0]LogDerivedDataCache: Unable to find inner node Pak for hierarchical cache Hierarchy.
[2018.05.08-00.02.53:029][  0]LogDerivedDataCache: FDerivedDataBackendGraph:  CompressedPak pak cache file C:/Users/Edward/Desktop/PhantomMechanic/DerivedDataCache/Compressed.ddp not found, will not use a pak cache.
[2018.05.08-00.02.53:030][  0]LogDerivedDataCache: Unable to find inner node CompressedPak for hierarchical cache Hierarchy.
[2018.05.08-00.02.53:051][  0]LogDerivedDataCache: Display: Pak cache opened for reading ../../../Engine/DerivedDataCache/Compressed.ddp.
[2018.05.08-00.02.53:066][  0]LogDerivedDataCache: Using Local data cache path C:/Users/Edward/AppData/Local/UnrealEngine/Common/DerivedDataCache: Writable
[2018.05.08-00.02.53:066][  0]LogDerivedDataCache: Shared data cache path not found in *engine.ini, will not use an Shared cache.
[2018.05.08-00.02.53:066][  0]LogDerivedDataCache: Unable to find inner node Shared for hierarchical cache Hierarchy.
[2018.05.08-00.02.53:084][  0]LogMaterial: Verifying Global Shaders for PCD3D_SM5
[2018.05.08-00.02.53:085][  0]LogSlate: Using Freetype 2.6.0
[2018.05.08-00.02.53:086][  0]LogSlate: SlateFontCache - WITH_FREETYPE: 1, WITH_HARFBUZZ: 1
[2018.05.08-00.02.53:086][  0]LogSlate: SlateFontCache - WITH_FREETYPE: 1, WITH_HARFBUZZ: 1
[2018.05.08-00.02.53:238][  0]LogAssetRegistry: FAssetRegistry took 0.0333 seconds to start up
[2018.05.08-00.02.53:727][  0]LogInit: Selected Device Profile: [Windows]
[2018.05.08-00.02.53:930][  0]LogSimplygon: Simplygon DLL not present - disabling.
[2018.05.08-00.02.53:936][  0]LogMeshReduction: Using SimplygonSwarm for distributed automatic mesh merging
[2018.05.08-00.02.53:936][  0]LogMeshReduction: Using QuadricMeshReduction for automatic static mesh reduction
[2018.05.08-00.02.53:936][  0]LogMeshReduction: No automatic skeletal mesh reduction module available
[2018.05.08-00.02.53:936][  0]LogMeshReduction: No automatic mesh merging module available
[2018.05.08-00.02.53:936][  0]LogMeshMerging: No automatic mesh merging module available
[2018.05.08-00.02.54:013][  0]LogNetVersion: PhantomMechanic , NetCL: 3944462, EngineNetVer: 2, GameNetVer: 0 (Checksum: 3498347362)
[2018.05.08-00.02.54:748][  0]LogPackageLocalizationCache: Processed 9 localized package path(s) for 2 prioritized culture(s) in 0.182004 seconds
[2018.05.08-00.02.54:761][  0]LogUObjectArray: 36731 objects as part of root set at end of initial load.
[2018.05.08-00.02.54:761][  0]LogUObjectAllocator: 7314976 out of 0 bytes used by permanent object pool.
[2018.05.08-00.02.54:761][  0]LogUObjectArray: CloseDisregardForGC: 0/0 objects in disregard for GC pool
[2018.05.08-00.02.58:992][  0]LogTcpMessaging: Initializing TcpMessaging bridge
[2018.05.08-00.02.59:050][  0]LogUdpMessaging: Initializing bridge on interface 0.0.0.0:0 to multicast group 230.0.0.1:6666.
[2018.05.08-00.03.00:440][  0]SourceControl: Source control is disabled
[2018.05.08-00.03.00:441][  0]SourceControl: Source control is disabled
[2018.05.08-00.03.00:493][  0]SourceControl: Source control is disabled
[2018.05.08-00.03.00:527][  0]SourceControl: Source control is disabled
[2018.05.08-00.03.01:759][  0]LogAndroidPermission: UAndroidPermissionCallbackProxy::GetInstance
[2018.05.08-00.03.02:231][  0]LogOcInput: OculusInput pre-init called
[2018.05.08-00.03.02:778][  0]LogEngine: Initializing Engine...
[2018.05.08-00.03.03:003][  0]LogHMD: Failed to initialize OpenVR with code 126
[2018.05.08-00.03.03:032][  0]LogStats: UGameplayTagsManager::ConstructGameplayTagTree: Construct from data asset -  0.000 s
[2018.05.08-00.03.03:040][  0]LogStats: UGameplayTagsManager::ConstructGameplayTagTree: GameplayTagTreeChangedEvent.Broadcast -  0.000 s
[2018.05.08-00.03.03:601][  0]LogAIModule: Creating AISystem for world Untitled
[2018.05.08-00.03.03:690][  0]LogInit: XAudio2 using 'Speakers (Realtek High Definition Audio)' : 2 channels at 48 kHz using 16 bits per sample (channel mask 0x3)
[2018.05.08-00.03.03:736][  0]LogInit: FAudioDevice initialized.
[2018.05.08-00.03.03:867][  0]LogDerivedDataCache: Saved boot cache 0.13s 74MB C:/Users/Edward/AppData/Local/UnrealEngine/4.19/DerivedDataCache/Boot.ddc.
[2018.05.08-00.03.03:910][  0]LogInit: Texture streaming: Enabled
[2018.05.08-00.03.04:065][  0]LogEngineSessionManager: EngineSessionManager initialized
[2018.05.08-00.03.04:065][  0]LogEngineSessionManager: EngineSessionManager sent abnormal shutdown report. Type=Debugger, SessionId={FB34711E-4742-C102-AC5F-2384502376AF}
[2018.05.08-00.03.04:232][  0]LogInit: Transaction tracking system initialized
[2018.05.08-00.03.04:541][  0]BlueprintLog: New page: Editor Load
[2018.05.08-00.03.05:370][  0]LocalizationService: Localization service is disabled
[2018.05.08-00.03.06:088][  0]LogConsoleResponse: Display: 
[2018.05.08-00.03.07:322][  0]LogFileCache: Scanning file cache for directory 'C:/Users/Edward/Desktop/PhantomMechanic/Content/' took 0.02s
[2018.05.08-00.03.07:322][  0]LogCook: Display: Max memory allowance for cook 16384mb min free memory 0mb
[2018.05.08-00.03.07:326][  0]LogCook: Display: Mobile HDR setting 1
[2018.05.08-00.03.07:326][  0]LogGameplayTags: Display: UGameplayTagsManager::DoneAddingNativeTags. DelegateIsBound: 0
[2018.05.08-00.03.07:326][  0]LogStats: UGameplayTagsManager::ConstructGameplayTagTree: Construct from data asset -  0.000 s
[2018.05.08-00.03.07:327][  0]LogStats: UGameplayTagsManager::ConstructGameplayTagTree: GameplayTagTreeChangedEvent.Broadcast -  0.000 s
[2018.05.08-00.03.09:467][  0]SourceControl: Source control is disabled
[2018.05.08-00.03.09:485][  0]Cmd: MAP LOAD FILE="C:/Users/Edward/Desktop/PhantomMechanic/Content/Levels/Test_Initial/Test_Initial.umap" TEMPLATE=0 SHOWPROGRESS=1 FEATURELEVEL=3
[2018.05.08-00.03.09:505][  0]LightingResults: New page: Lighting Build
[2018.05.08-00.03.09:562][  0]MapCheck: New page: Map Check
[2018.05.08-00.03.09:562][  0]LightingResults: New page: Lighting Build
[2018.05.08-00.03.10:635][  0]LogAIModule: Creating AISystem for world Test_Initial
[2018.05.08-00.03.10:830][  0]LogEditorServer: Finished looking for orphan Actors (0.000 secs)
[2018.05.08-00.03.10:973][  0]Cmd: MAP CHECKDEP NOCLEARLOG
[2018.05.08-00.03.11:070][  0]MapCheck: Map check complete: 0 Error(s), 0 Warning(s), took 94.403ms to complete.
[2018.05.08-00.03.11:070][  0]LogFileHelpers: Loading map 'Test_Initial' took 1.603
[2018.05.08-00.03.11:260][  0]LogWindowsTextInputMethodSystem: Display: IME system now activated using TSF (Google Japanese Input).
[2018.05.08-00.03.11:757][  0]LogCollectionManager: Loaded 0 collections in 0.002624 seconds
[2018.05.08-00.03.11:955][  0]LogFileCache: Scanning file cache for directory 'C:/Users/Edward/Desktop/PhantomMechanic/Saved/Collections/' took 0.01s
[2018.05.08-00.03.11:955][  0]LogFileCache: Scanning file cache for directory 'C:/Users/Edward/Desktop/PhantomMechanic/Content/Developers/Edward/Collections/' took 0.01s
[2018.05.08-00.03.11:955][  0]LogFileCache: Scanning file cache for directory 'C:/Users/Edward/Desktop/PhantomMechanic/Content/Collections/' took 0.01s
[2018.05.08-00.03.11:955][  0]LogCollectionManager: Rebuilt the GUID cache for 0 collections in 0.000001 seconds
[2018.05.08-00.03.11:973][  0]LogContentBrowser: Native class hierarchy populated in 0.0169 seconds. Added 2468 classes and 564 folders.
[2018.05.08-00.03.12:033][  0]LogContentBrowser: Native class hierarchy updated for 'WidgetCarousel' in 0.0015 seconds. Added 0 classes and 0 folders.
[2018.05.08-00.03.13:903][  0]LogContentBrowser: Native class hierarchy updated for 'AddContentDialog' in 0.0016 seconds. Added 0 classes and 0 folders.
[2018.05.08-00.03.14:305][  0]LogContentBrowser: Native class hierarchy updated for 'SceneOutliner' in 0.0018 seconds. Added 1 classes and 2 folders.
[2018.05.08-00.03.14:466][  0]LogSlate: Took 0.023468 seconds to synchronously load lazily loaded font '../../../Engine/Content/Slate/Fonts/Roboto-Regular.ttf' (155K)
[2018.05.08-00.03.14:480][  0]LogSlate: Took 0.009726 seconds to synchronously load lazily loaded font '../../../Engine/Content/Slate/Fonts/Roboto-Bold.ttf' (160K)
[2018.05.08-00.03.14:521][  0]LogSlate: Took 0.021742 seconds to synchronously load lazily loaded font '../../../Engine/Content/Editor/Slate/Fonts/FontAwesome.ttf' (139K)
[2018.05.08-00.03.14:744][  0]LogRenderer: Reallocating scene render targets to support 1360x456 Format 10 NumSamples 1 (Frame:1).
[2018.05.08-00.03.15:106][  0]LogSlate: Took 0.018528 seconds to synchronously load lazily loaded font '../../../Engine/Content/Slate/Fonts/Roboto-Light.ttf' (167K)
[2018.05.08-00.03.15:567][  0]LogContentBrowser: Native class hierarchy updated for 'HierarchicalLODOutliner' in 0.0017 seconds. Added 0 classes and 0 folders.
[2018.05.08-00.03.15:567][  0]LogLoad: (Engine Initialization) Total time: 31.16 seconds
[2018.05.08-00.03.15:567][  0]LogLoad: (Engine Initialization) Total Blueprint compile time: 0.00 seconds
[2018.05.08-00.03.15:697][  0]LogContentStreaming: Texture pool size now 1000 MB
[2018.05.08-00.03.16:016][  3]LogAssetRegistry: Asset discovery search completed in 22.8043 seconds
[2018.05.08-00.03.16:035][  3]LogCollectionManager: Rebuilt the object cache for 0 collections in 0.000000 seconds (found 0 objects)
[2018.05.08-00.03.16:035][  3]LogCollectionManager: Fixed up redirectors for 0 collections in 0.000223 seconds (updated 0 objects)
[2018.05.08-00.03.28:649][447]LogSlate: FSceneViewport::OnFocusLost() reason 0
[2018.05.08-00.03.30:057][580]LogSlate: Took 0.000313 seconds to synchronously load lazily loaded font '../../../Engine/Content/Slate/Fonts/Roboto-Light.ttf' (167K)
[2018.05.08-00.03.30:758][580]LogContentBrowser: Native class hierarchy updated for 'BlueprintGraph' in 0.0023 seconds. Added 116 classes and 0 folders.
[2018.05.08-00.03.31:376][580]LogUObjectGlobals: Created PersistentFrame Addr=0x0000022922b5e838, Size=4, Default__SKEL_PROTO_BP_AnimBlueprint_0_C Function /Engine/Transient.SKEL_PROTO_BP_AnimBlueprint_0_C:ExecuteUbergraph_PROTO_BP_AnimBlueprint_0
[2018.05.08-00.03.31:387][580]LogUObjectGlobals: Created PersistentFrame Addr=0x0000022922b5e830, Size=4, Default__PROTO_BP_AnimBlueprint_0_C Function /Engine/Transient.PROTO_BP_AnimBlueprint_0_C:ExecuteUbergraph_PROTO_BP_AnimBlueprint_0
[2018.05.08-00.03.34:033][751]LogSlate: Took 0.020638 seconds to synchronously load lazily loaded font '../../../Engine/Content/Slate/Fonts/Roboto-BoldCondensed.ttf' (158K)
[2018.05.08-00.03.41:042][465]LogUObjectGlobals: Created PersistentFrame Addr=0x0000022951d53768, Size=4, Default__SKEL_GameManager_C Function /Game/Framework/GameManager.SKEL_GameManager_C:ExecuteUbergraph_GameManager
[2018.05.08-00.03.46:539][119]LogUObjectGlobals: Destroyed PersistentFrame Addr=0x0000022951d53768, Size=4
[2018.05.08-00.03.46:540][119]LogUObjectGlobals: Created PersistentFrame Addr=0x0000022951d53768, Size=4, Default__SKEL_GameManager_C Function /Engine/Transient.REINST_SKEL_GameManager_C_20:ExecuteUbergraph_GameManager
[2018.05.08-00.06.36:294][514]LogUObjectGlobals: Destroyed PersistentFrame Addr=0x0000022951d53768, Size=4
[2018.05.08-00.06.36:454][514]LogSavePackage: Save=105.81ms
[2018.05.08-00.06.36:454][514]LogSavePackage: Moving 'C:/Users/Edward/Desktop/PhantomMechanic/Saved/Test_Initial14E60BDC4164038D1C9578915C2360E3.tmp' to 'C:/Users/Edward/Desktop/PhantomMechanic/Content/Levels/Test_Initial/Test_Initial.umap'
[2018.05.08-00.06.36:476][514]LogSavePackage: Display: Finished SavePackage C:/Users/Edward/Desktop/PhantomMechanic/Content/Levels/Test_Initial/Test_Initial.umap
[2018.05.08-00.06.36:645][514]Cmd: OBJ SAVEPACKAGE PACKAGE="/Game/Levels/Test_Initial/Test_Initial_BuiltData" FILE="C:/Users/Edward/Desktop/PhantomMechanic/Content/Levels/Test_Initial/Test_Initial_BuiltData.uasset" SILENT=true
[2018.05.08-00.06.36:724][514]LogSavePackage: Save=61.09ms
[2018.05.08-00.06.36:724][514]LogSavePackage: Moving 'C:/Users/Edward/Desktop/PhantomMechanic/Saved/Test_Initial_BuiltData641C6E7B470D1EE86865AB930132C17E.tmp' to 'C:/Users/Edward/Desktop/PhantomMechanic/Content/Levels/Test_Initial/Test_Initial_BuiltData.uasset'
[2018.05.08-00.06.36:730][514]LogSavePackage: Display: Finished SavePackage C:/Users/Edward/Desktop/PhantomMechanic/Content/Levels/Test_Initial/Test_Initial_BuiltData.uasset
[2018.05.08-00.06.48:523][ 62]Candidate modules for hot reload:
[2018.05.08-00.06.48:523][ 62]  PhantomMechanic
[2018.05.08-00.06.48:523][ 62]Launching UnrealBuildTool... [E:/Development/Epic Games/UE_4.19/Engine/Binaries/DotNET/UnrealBuildTool.exe PhantomMechanic -ModuleWithSuffix=PhantomMechanic,6621 Win64 Development -editorrecompile -canskiplink "C:/Users/Edward/Desktop/PhantomMechanic/PhantomMechanic.uproject" ]
[2018.05.08-00.06.48:532][ 62]Warning: Starting HotReload took  0.1s.
[2018.05.08-00.09.40:661][134]LogEditorViewport: Clicking on Actor (LMB): SkySphere_TI_C (SkySphere_TI)
[2018.05.08-00.09.43:683][233]LogSlate: FSceneViewport::OnFocusLost() reason 2
[2018.05.08-00.09.48:635][556]LogSlate: Took 0.089424 seconds to synchronously load lazily loaded font '../../../Engine/Content/Slate/Fonts/DroidSansMono.ttf' (77K)
[2018.05.08-00.10.13:263][281]CompilerResultsLog: New page: Compilation - May 7, 2018, 4:10:13 PM
[2018.05.08-00.10.13:263][281]CompilerResultsLog: Creating makefile for hot reloading PhantomMechanic (modules to compile have changed)
[2018.05.08-00.10.13:264][281]CompilerResultsLog: Compiling game modules for hot reload
[2018.05.08-00.10.13:265][281]CompilerResultsLog: Parsing headers for PhantomMechanicEditor
[2018.05.08-00.10.13:265][281]CompilerResultsLog:   Running UnrealHeaderTool "C:\Users\Edward\Desktop\PhantomMechanic\PhantomMechanic.uproject" "C:\Users\Edward\Desktop\PhantomMechanic\Intermediate\Build\Win64\PhantomMechanicEditor\Development\PhantomMechanicEditor.uhtmanifest" -LogCmds="loginit warning, logexit warning, logdatabase error" -Unattended -WarningsAsErrors -installed
[2018.05.08-00.10.13:266][281]CompilerResultsLog: Reflection code generated for PhantomMechanicEditor in 13.8972189 seconds
[2018.05.08-00.10.13:266][281]CompilerResultsLog: Performing 5 actions (4 in parallel)
[2018.05.08-00.10.13:266][281]CompilerResultsLog: (NonReplicating)GameManager.cpp
[2018.05.08-00.10.13:267][281]CompilerResultsLog: GameManager.gen.cpp
[2018.05.08-00.10.13:267][281]CompilerResultsLog: PhantomMechanic.init.gen.cpp
[2018.05.08-00.10.13:267][281]CompilerResultsLog: [4/5] Link UE4Editor-PhantomMechanic-6621.dll
[2018.05.08-00.10.13:267][281]CompilerResultsLog: [5/5] Link UE4Editor-PhantomMechanic-6621.lib
[2018.05.08-00.10.13:268][281]CompilerResultsLog:    Creating library C:\Users\Edward\Desktop\PhantomMechanic\Intermediate\Build\Win64\UE4Editor\Development\UE4Editor-PhantomMechanic-6621.lib and object C:\Users\Edward\Desktop\PhantomMechanic\Intermediate\Build\Win64\UE4Editor\Development\UE4Editor-PhantomMechanic-6621.exp
[2018.05.08-00.10.13:268][281]CompilerResultsLog:    Creating library C:\Users\Edward\Desktop\PhantomMechanic\Intermediate\Build\Win64\UE4Editor\Development\UE4Editor-PhantomMechanic-6621.suppressed.lib and object C:\Users\Edward\Desktop\PhantomMechanic\Intermediate\Build\Win64\UE4Editor\Development\UE4Editor-PhantomMechanic-6621.suppressed.exp
[2018.05.08-00.10.13:269][281]CompilerResultsLog: Total build time: 203.76 seconds (Local executor: 99.14 seconds)
[2018.05.08-00.10.13:270][281]LogMainFrame: MainFrame: Module compiling took 204.789 seconds
[2018.05.08-00.10.13:392][281]LogClass: Could not find existing class GameManager in package /Script/PhantomMechanic for HotReload, assuming new class
[2018.05.08-00.10.13:393][281]LogClass: Function setGameMode is new.
[2018.05.08-00.10.13:410][281]LogClass: EGameModeEnum HotReload.
[2018.05.08-00.10.13:435][281]LogHotReload: Re-instancing GameManager after hot-reload.
[2018.05.08-00.10.13:608][281]LogContentBrowser: Native class hierarchy updated for 'PhantomMechanic' in 0.0018 seconds. Added 16 classes and 6 folders.
[2018.05.08-00.10.13:612][281]Display: HotReload successful (0 functions remapped  0 scriptstructs remapped)
[2018.05.08-00.10.14:198][281]LogContentBrowser: Native class hierarchy populated in 0.0173 seconds. Added 2469 classes and 566 folders.
[2018.05.08-00.10.14:218][281]Display: HotReload took 205.8s.
[2018.05.08-00.10.20:063][901]LogSlate: FSceneViewport::OnFocusLost() reason 0
