Log file open, 05/03/18 04:56:35
LogWindows: Failed to load 'aqProf.dll' (GetLastError=126)
LogWindows: File 'aqProf.dll' does not exist
LogWindows: Failed to load 'VtuneApi.dll' (GetLastError=126)
LogWindows: File 'VtuneApi.dll' does not exist
LogWindows: Failed to load 'VtuneApi32e.dll' (GetLastError=126)
LogWindows: File 'VtuneApi32e.dll' does not exist
LogInit: Display: Running engine for game: PhantomMechanic
LogPlatformFile: Not using cached read wrapper
LogInit: Display: RandInit(50737547) SRandInit(50737547).
LogInit: Read version file with build ID '3944462'
LogInit: Overriding engine version to CL 4033788, compatible CL 3944462
LogInit: Registered custom module enumerator with build ID '3944462'
LogTaskGraph: Started task graph with 5 named threads and 23 total threads with 3 sets of task threads.
LogStats: Stats thread started at 2.246724
LogD3D11RHI: Aftermath initialized
LogICUInternationalization: Display: ICU TimeZone Detection - Raw Offset: -5:00, Platform Override: ''
LogPluginManager: Mounting plugin Paper2D
LogPluginManager: Mounting plugin LiveLink
LogPluginManager: Mounting plugin LightPropagationVolume
LogPluginManager: Mounting plugin CLionSourceCodeAccess
LogPluginManager: Mounting plugin CodeLiteSourceCodeAccess
LogPluginManager: Mounting plugin GitSourceControl
LogPluginManager: Mounting plugin KDevelopSourceCodeAccess
LogPluginManager: Mounting plugin NullSourceCodeAccess
LogPluginManager: Mounting plugin PerforceSourceControl
LogPluginManager: Mounting plugin SubversionSourceControl
LogPluginManager: Mounting plugin UObjectPlugin
LogPluginManager: Mounting plugin VisualStudioCodeSourceCodeAccess
LogPluginManager: Mounting plugin VisualStudioSourceCodeAccess
LogPluginManager: Mounting plugin XCodeSourceCodeAccess
LogPluginManager: Mounting plugin AssetManagerEditor
LogPluginManager: Mounting plugin CryptoKeys
LogPluginManager: Mounting plugin DataValidation
LogPluginManager: Mounting plugin FacialAnimation
LogPluginManager: Mounting plugin GameplayTagsEditor
LogPluginManager: Mounting plugin MobileLauncherProfileWizard
LogPluginManager: Mounting plugin PluginBrowser
LogPluginManager: Mounting plugin SpeedTreeImporter
LogPluginManager: Mounting plugin DatasmithContent
LogPluginManager: Mounting plugin AlembicImporter
LogPluginManager: Mounting plugin CharacterAI
LogPluginManager: Mounting plugin HTML5Networking
LogPluginManager: Mounting plugin AndroidMedia
LogPluginManager: Mounting plugin AvfMedia
LogPluginManager: Mounting plugin ImgMedia
LogPluginManager: Mounting plugin LinearTimecode
LogPluginManager: Mounting plugin MediaCompositing
LogPluginManager: Mounting plugin MediaPlayerEditor
LogPluginManager: Mounting plugin WmfMedia
LogPluginManager: Mounting plugin TcpMessaging
LogPluginManager: Mounting plugin UdpMessaging
LogPluginManager: Mounting plugin ActorSequence
LogPluginManager: Mounting plugin LevelSequenceEditor
LogPluginManager: Mounting plugin MatineeToLevelSequence
LogPluginManager: Mounting plugin NetcodeUnitTest
LogPluginManager: Mounting plugin NUTUnrealEngine4
LogPluginManager: Mounting plugin OnlineSubsystemGooglePlay
LogPluginManager: Mounting plugin OnlineSubsystemIOS
LogPluginManager: Mounting plugin OnlineSubsystem
LogPluginManager: Mounting plugin OnlineSubsystemNull
LogPluginManager: Mounting plugin OnlineSubsystemUtils
LogPluginManager: Mounting plugin AndroidDeviceProfileSelector
LogPluginManager: Mounting plugin AndroidMoviePlayer
LogPluginManager: Mounting plugin AndroidPermission
LogPluginManager: Mounting plugin AppleARKit
LogPluginManager: Mounting plugin AppleMoviePlayer
LogPluginManager: Mounting plugin ArchVisCharacter
LogPluginManager: Mounting plugin AudioCapture
LogPluginManager: Mounting plugin CableComponent
LogPluginManager: Mounting plugin CustomMeshComponent
LogPluginManager: Mounting plugin ExampleDeviceProfileSelector
LogPluginManager: Mounting plugin GoogleCloudMessaging
LogPluginManager: Mounting plugin ImmediatePhysics
LogPluginManager: Mounting plugin IOSDeviceProfileSelector
LogPluginManager: Mounting plugin LinuxDeviceProfileSelector
LogPluginManager: Mounting plugin LocationServicesBPLibrary
LogPluginManager: Mounting plugin MobilePatchingUtils
LogPluginManager: Mounting plugin OculusVR
LogPluginManager: Plugin shader directory ../../../Engine/Plugins/Runtime/Oculus/OculusVR/Shaders found
LogPluginManager: Mapping shader source directory ../../../Engine/Plugins/Runtime/Oculus/OculusVR/Shaders to virtual directory /Plugin/OculusVR
LogPluginManager: Mounting plugin PhysXVehicles
LogPluginManager: Mounting plugin ProceduralMeshComponent
LogPluginManager: Mounting plugin RuntimePhysXCooking
LogPluginManager: Mounting plugin SteamVR
LogPluginManager: Mounting plugin WindowsMoviePlayer
LogStreaming: Display: Took  0.191s to configure plugins.
LogModuleManager: Display: Found up-to-date module file ../../../../../../Projects/VR/VR_SwordMechanic/PhantomMechanic/Binaries/Win64/UE4Editor-PhantomMechanic.dll (API version 3944462).
LogModuleManager: Display: Found up-to-date module file ../../../Engine/Plugins/2D/Paper2D/Binaries/Win64/UE4Editor-Paper2D.dll (API version 3944462).
LogModuleManager: Display: Found up-to-date module file ../../../Engine/Plugins/2D/Paper2D/Binaries/Win64/UE4Editor-Paper2DEditor.dll (API version 3944462).
LogModuleManager: Display: Found up-to-date module file ../../../Engine/Plugins/2D/Paper2D/Binaries/Win64/UE4Editor-PaperSpriteSheetImporter.dll (API version 3944462).
LogModuleManager: Display: Found up-to-date module file ../../../Engine/Plugins/2D/Paper2D/Binaries/Win64/UE4Editor-PaperTiledImporter.dll (API version 3944462).
LogModuleManager: Display: Found up-to-date module file ../../../Engine/Plugins/2D/Paper2D/Binaries/Win64/UE4Editor-SmartSnapping.dll (API version 3944462).
LogModuleManager: Display: Found up-to-date module file ../../../Engine/Plugins/Animation/LiveLink/Binaries/Win64/UE4Editor-LiveLink.dll (API version 3944462).
LogModuleManager: Display: Found up-to-date module file ../../../Engine/Plugins/Animation/LiveLink/Binaries/Win64/UE4Editor-LiveLinkEditor.dll (API version 3944462).
LogModuleManager: Display: Found up-to-date module file ../../../Engine/Plugins/Blendables/LightPropagationVolume/Binaries/Win64/UE4Editor-LightPropagationVolumeRuntime.dll (API version 3944462).
LogModuleManager: Display: Found up-to-date module file ../../../Engine/Plugins/Blendables/LightPropagationVolume/Binaries/Win64/UE4Editor-LightPropagationVolumeEditor.dll (API version 3944462).
LogModuleManager: Display: Found up-to-date module file ../../../Engine/Plugins/Developer/CLionSourceCodeAccess/Binaries/Win64/UE4Editor-CLionSourceCodeAccess.dll (API version 3944462).
LogModuleManager: Display: Found up-to-date module file ../../../Engine/Plugins/Developer/GitSourceControl/Binaries/Win64/UE4Editor-GitSourceControl.dll (API version 3944462).
LogModuleManager: Display: Found up-to-date module file ../../../Engine/Plugins/Developer/PerforceSourceControl/Binaries/Win64/UE4Editor-PerforceSourceControl.dll (API version 3944462).
LogModuleManager: Display: Found up-to-date module file ../../../Engine/Plugins/Developer/SubversionSourceControl/Binaries/Win64/UE4Editor-SubversionSourceControl.dll (API version 3944462).
LogModuleManager: Display: Found up-to-date module file ../../../Engine/Plugins/Developer/UObjectPlugin/Binaries/Win64/UE4Editor-UObjectPlugin.dll (API version 3944462).
LogModuleManager: Display: Found up-to-date module file ../../../Engine/Plugins/Developer/VisualStudioCodeSourceCodeAccess/Binaries/Win64/UE4Editor-VisualStudioCodeSourceCodeAccess.dll (API version 3944462).
LogModuleManager: Display: Found up-to-date module file ../../../Engine/Plugins/Developer/VisualStudioSourceCodeAccess/Binaries/Win64/UE4Editor-VisualStudioSourceCodeAccess.dll (API version 3944462).
LogModuleManager: Display: Found up-to-date module file ../../../Engine/Plugins/Editor/AssetManagerEditor/Binaries/Win64/UE4Editor-AssetManagerEditor.dll (API version 3944462).
LogModuleManager: Display: Found up-to-date module file ../../../Engine/Plugins/Editor/CryptoKeys/Binaries/Win64/UE4Editor-CryptoKeys.dll (API version 3944462).
LogModuleManager: Display: Found up-to-date module file ../../../Engine/Plugins/Editor/CryptoKeys/Binaries/Win64/UE4Editor-CryptoKeysOpenSSL.dll (API version 3944462).
LogModuleManager: Display: Found up-to-date module file ../../../Engine/Plugins/Editor/DataValidation/Binaries/Win64/UE4Editor-DataValidation.dll (API version 3944462).
LogModuleManager: Display: Found up-to-date module file ../../../Engine/Plugins/Editor/FacialAnimation/Binaries/Win64/UE4Editor-FacialAnimation.dll (API version 3944462).
LogModuleManager: Display: Found up-to-date module file ../../../Engine/Plugins/Editor/FacialAnimation/Binaries/Win64/UE4Editor-FacialAnimationEditor.dll (API version 3944462).
LogModuleManager: Display: Found up-to-date module file ../../../Engine/Plugins/Editor/GameplayTagsEditor/Binaries/Win64/UE4Editor-GameplayTagsEditor.dll (API version 3944462).
LogModuleManager: Display: Found up-to-date module file ../../../Engine/Plugins/Editor/MobileLauncherProfileWizard/Binaries/Win64/UE4Editor-MobileLauncherProfileWizard.dll (API version 3944462).
LogModuleManager: Display: Found up-to-date module file ../../../Engine/Plugins/Editor/PluginBrowser/Binaries/Win64/UE4Editor-PluginBrowser.dll (API version 3944462).
LogModuleManager: Display: Found up-to-date module file ../../../Engine/Plugins/Editor/SpeedTreeImporter/Binaries/Win64/UE4Editor-SpeedTreeImporter.dll (API version 3944462).
LogModuleManager: Display: Found up-to-date module file ../../../Engine/Plugins/Enterprise/DatasmithContent/Binaries/Win64/UE4Editor-DatasmithContent.dll (API version 3944462).
LogModuleManager: Display: Found up-to-date module file ../../../Engine/Plugins/Experimental/AlembicImporter/Binaries/Win64/UE4Editor-AlembicImporter.dll (API version 3944462).
LogModuleManager: Display: Found up-to-date module file ../../../Engine/Plugins/Experimental/AlembicImporter/Binaries/Win64/UE4Editor-AlembicLibrary.dll (API version 3944462).
LogModuleManager: Display: Found up-to-date module file ../../../Engine/Plugins/Experimental/CharacterAI/Binaries/Win64/UE4Editor-CharacterAI.dll (API version 3944462).
LogModuleManager: Display: Found up-to-date module file ../../../Engine/Plugins/Experimental/HTML5Networking/Binaries/Win64/UE4Editor-HTML5Networking.dll (API version 3944462).
LogModuleManager: Display: Found up-to-date module file ../../../Engine/Plugins/Media/AndroidMedia/Binaries/Win64/UE4Editor-AndroidMediaEditor.dll (API version 3944462).
LogModuleManager: Display: Found up-to-date module file ../../../Engine/Plugins/Media/AndroidMedia/Binaries/Win64/UE4Editor-AndroidMediaFactory.dll (API version 3944462).
LogModuleManager: Display: Found up-to-date module file ../../../Engine/Plugins/Media/AvfMedia/Binaries/Win64/UE4Editor-AvfMediaEditor.dll (API version 3944462).
LogModuleManager: Display: Found up-to-date module file ../../../Engine/Plugins/Media/AvfMedia/Binaries/Win64/UE4Editor-AvfMediaFactory.dll (API version 3944462).
LogModuleManager: Display: Found up-to-date module file ../../../Engine/Plugins/Media/AvfMedia/Binaries/Win64/UE4Editor-AvfMediaFactory.dll (API version 3944462).
LogModuleManager: Display: Found up-to-date module file ../../../Engine/Plugins/Media/ImgMedia/Binaries/Win64/UE4Editor-ImgMedia.dll (API version 3944462).
LogModuleManager: Display: Found up-to-date module file ../../../Engine/Plugins/Media/ImgMedia/Binaries/Win64/UE4Editor-ImgMediaEditor.dll (API version 3944462).
LogModuleManager: Display: Found up-to-date module file ../../../Engine/Plugins/Media/ImgMedia/Binaries/Win64/UE4Editor-ImgMediaFactory.dll (API version 3944462).
LogModuleManager: Display: Found up-to-date module file ../../../Engine/Plugins/Media/ImgMedia/Binaries/Win64/UE4Editor-ImgMediaFactory.dll (API version 3944462).
LogModuleManager: Display: Found up-to-date module file ../../../Engine/Plugins/Media/ImgMedia/Binaries/Win64/UE4Editor-OpenExrWrapper.dll (API version 3944462).
LogModuleManager: Display: Found up-to-date module file ../../../Engine/Plugins/Media/LinearTimecode/Binaries/Win64/UE4Editor-LinearTimecode.dll (API version 3944462).
LogModuleManager: Display: Found up-to-date module file ../../../Engine/Plugins/Media/MediaCompositing/Binaries/Win64/UE4Editor-MediaCompositing.dll (API version 3944462).
LogModuleManager: Display: Found up-to-date module file ../../../Engine/Plugins/Media/MediaCompositing/Binaries/Win64/UE4Editor-MediaCompositingEditor.dll (API version 3944462).
LogModuleManager: Display: Found up-to-date module file ../../../Engine/Plugins/Media/MediaPlayerEditor/Binaries/Win64/UE4Editor-MediaPlayerEditor.dll (API version 3944462).
LogModuleManager: Display: Found up-to-date module file ../../../Engine/Plugins/Media/WmfMedia/Binaries/Win64/UE4Editor-WmfMedia.dll (API version 3944462).
LogModuleManager: Display: Found up-to-date module file ../../../Engine/Plugins/Media/WmfMedia/Binaries/Win64/UE4Editor-WmfMediaEditor.dll (API version 3944462).
LogModuleManager: Display: Found up-to-date module file ../../../Engine/Plugins/Media/WmfMedia/Binaries/Win64/UE4Editor-WmfMediaFactory.dll (API version 3944462).
LogModuleManager: Display: Found up-to-date module file ../../../Engine/Plugins/Media/WmfMedia/Binaries/Win64/UE4Editor-WmfMediaFactory.dll (API version 3944462).
LogModuleManager: Display: Found up-to-date module file ../../../Engine/Plugins/Messaging/TcpMessaging/Binaries/Win64/UE4Editor-TcpMessaging.dll (API version 3944462).
LogModuleManager: Display: Found up-to-date module file ../../../Engine/Plugins/Messaging/UdpMessaging/Binaries/Win64/UE4Editor-UdpMessaging.dll (API version 3944462).
LogModuleManager: Display: Found up-to-date module file ../../../Engine/Plugins/MovieScene/ActorSequence/Binaries/Win64/UE4Editor-ActorSequence.dll (API version 3944462).
LogModuleManager: Display: Found up-to-date module file ../../../Engine/Plugins/MovieScene/LevelSequenceEditor/Binaries/Win64/UE4Editor-LevelSequenceEditor.dll (API version 3944462).
LogModuleManager: Display: Found up-to-date module file ../../../Engine/Plugins/MovieScene/MatineeToLevelSequence/Binaries/Win64/UE4Editor-MatineeToLevelSequence.dll (API version 3944462).
LogModuleManager: Display: Found up-to-date module file ../../../Engine/Plugins/NetcodeUnitTest/NetcodeUnitTest/Binaries/Win64/UE4Editor-NetcodeUnitTest.dll (API version 3944462).
LogModuleManager: Display: Found up-to-date module file ../../../Engine/Plugins/NetcodeUnitTest/NUTUnrealEngine4/Binaries/Win64/UE4Editor-NUTUnrealEngine4.dll (API version 3944462).
LogModuleManager: Display: Found up-to-date module file ../../../Engine/Plugins/Online/OnlineSubsystem/Binaries/Win64/UE4Editor-OnlineSubsystem.dll (API version 3944462).
LogModuleManager: Display: Found up-to-date module file ../../../Engine/Plugins/Online/OnlineSubsystemNull/Binaries/Win64/UE4Editor-OnlineSubsystemNull.dll (API version 3944462).
LogModuleManager: Display: Found up-to-date module file ../../../Engine/Plugins/Online/OnlineSubsystemUtils/Binaries/Win64/UE4Editor-OnlineSubsystemUtils.dll (API version 3944462).
LogModuleManager: Display: Found up-to-date module file ../../../Engine/Plugins/Online/OnlineSubsystemUtils/Binaries/Win64/UE4Editor-OnlineBlueprintSupport.dll (API version 3944462).
LogModuleManager: Display: Found up-to-date module file ../../../Engine/Plugins/Runtime/AndroidDeviceProfileSelector/Binaries/Win64/UE4Editor-AndroidDeviceProfileSelector.dll (API version 3944462).
LogModuleManager: Display: Found up-to-date module file ../../../Engine/Plugins/Runtime/AndroidPermission/Binaries/Win64/UE4Editor-AndroidPermission.dll (API version 3944462).
LogModuleManager: Display: Found up-to-date module file ../../../Engine/Plugins/Runtime/AppleARKit/Binaries/Win64/UE4Editor-AppleARKit.dll (API version 3944462).
LogModuleManager: Display: Found up-to-date module file ../../../Engine/Plugins/Runtime/ArchVisCharacter/Binaries/Win64/UE4Editor-ArchVisCharacter.dll (API version 3944462).
LogModuleManager: Display: Found up-to-date module file ../../../Engine/Plugins/Runtime/AudioCapture/Binaries/Win64/UE4Editor-AudioCapture.dll (API version 3944462).
LogModuleManager: Display: Found up-to-date module file ../../../Engine/Plugins/Runtime/AudioCapture/Binaries/Win64/UE4Editor-AudioCaptureEditor.dll (API version 3944462).
LogModuleManager: Display: Found up-to-date module file ../../../Engine/Plugins/Runtime/CableComponent/Binaries/Win64/UE4Editor-CableComponent.dll (API version 3944462).
LogModuleManager: Display: Found up-to-date module file ../../../Engine/Plugins/Runtime/CustomMeshComponent/Binaries/Win64/UE4Editor-CustomMeshComponent.dll (API version 3944462).
LogModuleManager: Display: Found up-to-date module file ../../../Engine/Plugins/Runtime/ExampleDeviceProfileSelector/Binaries/Win64/UE4Editor-ExampleDeviceProfileSelector.dll (API version 3944462).
LogModuleManager: Display: Found up-to-date module file ../../../Engine/Plugins/Runtime/ImmediatePhysics/Binaries/Win64/UE4Editor-ImmediatePhysics.dll (API version 3944462).
LogModuleManager: Display: Found up-to-date module file ../../../Engine/Plugins/Runtime/ImmediatePhysics/Binaries/Win64/UE4Editor-ImmediatePhysicsEditor.dll (API version 3944462).
LogModuleManager: Display: Found up-to-date module file ../../../Engine/Plugins/Runtime/LocationServicesBPLibrary/Binaries/Win64/UE4Editor-LocationServicesBPLibrary.dll (API version 3944462).
LogModuleManager: Display: Found up-to-date module file ../../../Engine/Plugins/Runtime/MobilePatchingUtils/Binaries/Win64/UE4Editor-MobilePatchingUtils.dll (API version 3944462).
LogModuleManager: Display: Found up-to-date module file ../../../Engine/Plugins/Runtime/Oculus/OculusVR/Binaries/Win64/UE4Editor-OculusHMD.dll (API version 3944462).
LogModuleManager: Display: Found up-to-date module file ../../../Engine/Plugins/Runtime/Oculus/OculusVR/Binaries/Win64/UE4Editor-OculusInput.dll (API version 3944462).
LogModuleManager: Display: Found up-to-date module file ../../../Engine/Plugins/Runtime/Oculus/OculusVR/Binaries/Win64/UE4Editor-OculusEditor.dll (API version 3944462).
LogModuleManager: Display: Found up-to-date module file ../../../Engine/Plugins/Runtime/PhysXVehicles/Binaries/Win64/UE4Editor-PhysXVehicles.dll (API version 3944462).
LogModuleManager: Display: Found up-to-date module file ../../../Engine/Plugins/Runtime/PhysXVehicles/Binaries/Win64/UE4Editor-PhysXVehiclesEditor.dll (API version 3944462).
LogModuleManager: Display: Found up-to-date module file ../../../Engine/Plugins/Runtime/ProceduralMeshComponent/Binaries/Win64/UE4Editor-ProceduralMeshComponent.dll (API version 3944462).
LogModuleManager: Display: Found up-to-date module file ../../../Engine/Plugins/Runtime/ProceduralMeshComponent/Binaries/Win64/UE4Editor-ProceduralMeshComponentEditor.dll (API version 3944462).
LogModuleManager: Display: Found up-to-date module file ../../../Engine/Plugins/Runtime/RuntimePhysXCooking/Binaries/Win64/UE4Editor-RuntimePhysXCooking.dll (API version 3944462).
LogModuleManager: Display: Found up-to-date module file ../../../Engine/Plugins/Runtime/Steam/SteamVR/Binaries/Win64/UE4Editor-SteamVR.dll (API version 3944462).
LogModuleManager: Display: Found up-to-date module file ../../../Engine/Plugins/Runtime/Steam/SteamVR/Binaries/Win64/UE4Editor-SteamVRController.dll (API version 3944462).
LogModuleManager: Display: Found up-to-date module file ../../../Engine/Plugins/Runtime/WindowsMoviePlayer/Binaries/Win64/UE4Editor-WindowsMoviePlayer.dll (API version 3944462).
LogInit: Using libcurl 7.47.1
LogInit:  - built for x86_64-pc-win32
LogInit:  - supports SSL with OpenSSL/1.0.2g
LogInit:  - supports HTTP deflate (compression) using libz 1.2.8
LogInit:  - other features:
LogInit:      CURL_VERSION_SSL
LogInit:      CURL_VERSION_LIBZ
LogInit:      CURL_VERSION_IPV6
LogInit:      CURL_VERSION_ASYNCHDNS
LogInit:      CURL_VERSION_LARGEFILE
LogInit:      CURL_VERSION_IDN
LogInit:  CurlRequestOptions (configurable via config and command line):
LogInit:  - bVerifyPeer = false  - Libcurl will NOT verify peer certificate
LogInit:  - bUseHttpProxy = false  - Libcurl will NOT use HTTP proxy
LogInit:  - bDontReuseConnections = false  - Libcurl will reuse connections
LogInit:  - CertBundlePath = nullptr  - Libcurl will use whatever was configured at build time.
LogInit:  - MaxHostConnections = 16  - Libcurl will limit the number of connections to a host
LogInit:  - LocalHostAddr = Default
LogInit: WinSock: version 1.1 (2.2), MaxSocks=32767, MaxUdp=65467
LogInit: WinSock: I am EdsRedDesktop (10.0.0.65:0)
LogHMD: Failed initializing OVRPlugin 1.21.0
LogInit: Build: ++UE4+Release-4.19-CL-4033788
LogInit: Engine Version: 4.19.2-4033788+++UE4+Release-4.19
LogInit: Compatible Engine Version: 4.19.0-3944462+++UE4+Release-4.19
LogInit: Net CL: 3944462
LogDevObjectVersion: Number of dev versions registered: 18
LogDevObjectVersion:   Dev-Blueprints (B0D832E4-1F89-4F0D-ACCF-7EB736FD4AA2): 10
LogDevObjectVersion:   Dev-Build (E1C64328-A22C-4D53-A36C-8E866417BD8C): 0
LogDevObjectVersion:   Dev-Core (375EC13C-06E4-48FB-B500-84F0262A717E): 2
LogDevObjectVersion:   Dev-Editor (E4B068ED-F494-42E9-A231-DA0B2E46BB41): 23
LogDevObjectVersion:   Dev-Framework (CFFC743F-43B0-4480-9391-14DF171D2073): 33
LogDevObjectVersion:   Dev-Mobile (B02B49B5-BB20-44E9-A304-32B752E40360): 2
LogDevObjectVersion:   Dev-Networking (A4E4105C-59A1-49B5-A7C5-40C4547EDFEE): 0
LogDevObjectVersion:   Dev-Online (39C831C9-5AE6-47DC-9A44-9C173E1C8E7C): 0
LogDevObjectVersion:   Dev-Physics (78F01B33-EBEA-4F98-B9B4-84EACCB95AA2): 0
LogDevObjectVersion:   Dev-Platform (6631380F-2D4D-43E0-8009-CF276956A95A): 0
LogDevObjectVersion:   Dev-Rendering (12F88B9F-8875-4AFC-A67C-D90C383ABD29): 25
LogDevObjectVersion:   Dev-Sequencer (7B5AE74C-D270-4C10-A958-57980B212A5A): 6
LogDevObjectVersion:   Dev-VR (D7296918-1DD6-4BDD-9DE2-64A83CC13884): 1
LogDevObjectVersion:   Dev-LoadTimes (C2A15278-BFE7-4AFE-6C17-90FF531DF755): 1
LogDevObjectVersion:   Private-Geometry (6EACA3D4-40EC-4CC1-B786-8BED09428FC5): 2
LogDevObjectVersion:   Dev-AnimPhys (29E575DD-E0A3-4627-9D10-D276232CDCEA): 16
LogDevObjectVersion:   Dev-ReflectionCapture (6B266CEC-1EC7-4B8F-A30B-E4D90942FC07): 1
LogDevObjectVersion:   Dev-Automation (0DF73D61-A23F-47EA-B727-89E90C41499A): 1
LogInit: Compiled (64-bit): Apr 27 2018 02:06:57
LogInit: Compiled with Visual C++: 19.00.24215.01
LogInit: Build Configuration: Development
LogInit: Branch Name: ++UE4+Release-4.19
LogInit: Command Line:  -skipcompile
LogInit: Base Directory: E:/Development/Epic Games/UE_4.19/Engine/Binaries/Win64/
LogInit: Installed Engine Build: 1
LogStreaming: Display: Took  0.000s to delete old logs.
LogInit: Presizing for max 8388607 objects, including 0 objects not considered by GC, pre-allocating 0 bytes for permanent pool.
LogInit: Object subsystem initialized
[2018.05.03-08.56.40:607][  0]LogInit: Selected Device Profile: [Windows]
[2018.05.03-08.56.40:607][  0]LogInit: Applying CVar settings loaded from the selected device profile: [Windows]
[2018.05.03-08.56.40:631][  0]LogInit: Computer: EDSREDDESKTOP
[2018.05.03-08.56.40:631][  0]LogInit: User: Edward
[2018.05.03-08.56.40:631][  0]LogInit: CPU Page size=4096, Cores=4
[2018.05.03-08.56.40:631][  0]LogInit: High frequency timer resolution =3.906339 MHz
[2018.05.03-08.56.40:632][  0]LogMemory: Memory total: Physical=7.9GB (8GB approx)
[2018.05.03-08.56.40:632][  0]LogMemory: Platform Memory Stats for Windows
[2018.05.03-08.56.40:632][  0]LogMemory: Process Physical Memory: 279.85 MB used, 279.85 MB peak
[2018.05.03-08.56.40:632][  0]LogMemory: Process Virtual Memory: 269.27 MB used, 269.27 MB peak
[2018.05.03-08.56.40:632][  0]LogMemory: Physical Memory: 5238.78 MB used,  2901.49 MB free, 8140.27 MB total
[2018.05.03-08.56.40:632][  0]LogMemory: Virtual Memory: 746.43 MB used,  2901.49 MB free, 134217728.00 MB total
[2018.05.03-08.56.42:296][  0]LogInit: Using OS detected language (en-US).
[2018.05.03-08.56.42:296][  0]LogInit: Using OS detected locale (en-US).
[2018.05.03-08.56.42:800][  0]LogTextLocalizationManager: No specific localization for 'en-US' exists, so the 'en' localization will be used.
[2018.05.03-08.56.46:183][  0]LogStreaming: Display: Took  3.887s to EndInitTextLocalization.
[2018.05.03-08.56.46:183][  0]LogInit: Setting process to per monitor DPI aware
[2018.05.03-08.56.46:691][  0]LogSlate: New Slate User Created.  User Index 0, Is Virtual User: 0
[2018.05.03-08.56.46:691][  0]LogSlate: Slate User Registered.  User Index 0, Is Virtual User: 0
[2018.05.03-08.56.55:269][  0]LogD3D11RHI: D3D11 adapters:
[2018.05.03-08.56.55:331][  0]LogD3D11RHI:    0. 'AMD Radeon (TM) R9 390 Series' (Feature Level 11_0)
[2018.05.03-08.56.55:331][  0]LogD3D11RHI:       8168/0/4070 MB DedicatedVideo/DedicatedSystem/SharedSystem, Outputs:2, VendorId:0x1002
[2018.05.03-08.56.55:338][  0]LogD3D11RHI:    1. 'Microsoft Basic Render Driver' (Feature Level 11_0)
[2018.05.03-08.56.55:338][  0]LogD3D11RHI:       0/0/4070 MB DedicatedVideo/DedicatedSystem/SharedSystem, Outputs:0, VendorId:0x1414
[2018.05.03-08.56.55:338][  0]LogD3D11RHI: Chosen D3D11 Adapter: 0
[2018.05.03-08.56.55:348][  0]LogD3D11RHI: Creating new Direct3DDevice
[2018.05.03-08.56.55:348][  0]LogD3D11RHI:     GPU DeviceId: 0x67b1 (for the marketing name, search the web for "GPU Device Id")
[2018.05.03-08.56.55:348][  0]LogWindows: EnumDisplayDevices:
[2018.05.03-08.56.55:349][  0]LogWindows:    0. 'AMD Radeon (TM) R9 390 Series' (P:1 D:1)
[2018.05.03-08.56.55:350][  0]LogWindows:    1. 'AMD Radeon (TM) R9 390 Series' (P:0 D:1)
[2018.05.03-08.56.55:350][  0]LogWindows:    2. 'AMD Radeon (TM) R9 390 Series' (P:0 D:0)
[2018.05.03-08.56.55:350][  0]LogWindows:    3. 'AMD Radeon (TM) R9 390 Series' (P:0 D:0)
[2018.05.03-08.56.55:351][  0]LogWindows:    4. 'AMD Radeon (TM) R9 390 Series' (P:0 D:0)
[2018.05.03-08.56.55:351][  0]LogWindows:    5. 'AMD Radeon (TM) R9 390 Series' (P:0 D:0)
[2018.05.03-08.56.55:352][  0]LogWindows:    6. 'AMD Radeon (TM) R9 390 Series' (P:0 D:0)
[2018.05.03-08.56.55:352][  0]LogWindows:    7. 'AMD Radeon (TM) R9 390 Series' (P:0 D:0)
[2018.05.03-08.56.55:353][  0]LogWindows:    8. 'AMD Radeon (TM) R9 390 Series' (P:0 D:0)
[2018.05.03-08.56.55:353][  0]LogWindows:    9. 'AMD Radeon (TM) R9 390 Series' (P:0 D:0)
[2018.05.03-08.56.55:354][  0]LogWindows:    10. 'AMD Radeon (TM) R9 390 Series' (P:0 D:0)
[2018.05.03-08.56.55:354][  0]LogWindows:    11. 'AMD Radeon (TM) R9 390 Series' (P:0 D:0)
[2018.05.03-08.56.55:354][  0]LogWindows:    12. 'AMD Radeon (TM) R9 390 Series' (P:0 D:0)
[2018.05.03-08.56.55:355][  0]LogWindows:    13. 'AMD Radeon (TM) R9 390 Series' (P:0 D:0)
[2018.05.03-08.56.55:355][  0]LogWindows:    14. 'AMD Radeon (TM) R9 390 Series' (P:0 D:0)
[2018.05.03-08.56.55:355][  0]LogWindows:    15. 'AMD Radeon (TM) R9 390 Series' (P:0 D:0)
[2018.05.03-08.56.55:355][  0]LogWindows: DebugString: GetVideoDriverDetailsInvalid PrimaryIsNotTheChoosenAdapter GetVideoDriverDetailsInvalid PrimaryIsNotTheChoosenAdapter GetVideoDriverDetailsInvalid PrimaryIsNotTheChoosenAdapter GetVideoDriverDetailsInvalid PrimaryIsNotTheChoosenAdapter GetVideoDriverDetailsInvalid PrimaryIsNotTheChoosenAdapter GetVideoDriverDetailsInvalid PrimaryIsNotTheChoosenAdapter GetVideoDriverDetailsInvalid PrimaryIsNotTheChoosenAdapter GetVideoDriverDetailsInvalid PrimaryIsNotTheChoosenAdapter GetVideoDriverDetailsInvalid PrimaryIsNotTheChoosenAdapter GetVideoDriverDetailsInvalid PrimaryIsNotTheChoosenAdapter GetVideoDriverDetailsInvalid PrimaryIsNotTheChoosenAdapter GetVideoDriverDetailsInvalid PrimaryIsNotTheChoosenAdapter GetVideoDriverDetailsInvalid PrimaryIsNotTheChoosenAdapter GetVideoDriverDetailsInvalid PrimaryIsNotTheChoosenAdapter GetVideoDriverDetailsInvalid PrimaryIsNotTheChoosenAdapter GetVideoDriverDetailsInvalid PrimaryIsNotTheChoosenAdapter FoundDriverCount:0 
[2018.05.03-08.56.55:356][  0]LogD3D11RHI:     Adapter Name: AMD Radeon (TM) R9 390 Series
[2018.05.03-08.56.55:356][  0]LogD3D11RHI:   Driver Version: Unknown (internal:Unknown, unified:Unknown)
[2018.05.03-08.56.55:356][  0]LogD3D11RHI:      Driver Date: Unknown
[2018.05.03-08.56.55:356][  0]LogRHI: Texture pool is 5717 MB (70% of 8168 MB)
[2018.05.03-08.56.55:825][  0]LogD3D11RHI: Async texture creation enabled
[2018.05.03-08.56.55:845][  0]LogD3D11RHI: GPU Timing Frequency: 27.000000 (Debug: 2 1)
[2018.05.03-08.56.55:847][  0]LogShaderCompilers: Guid format shader working directory is -16 characters bigger than the processId version (../../../../../../Projects/VR/VR_SwordMechanic/PhantomMechanic/Intermediate/Shaders/WorkingDirectory/10500/).
[2018.05.03-08.56.55:847][  0]LogShaderCompilers: Cleaned the shader compiler working directory 'C:/Users/Edward/AppData/Local/Temp/UnrealShaderWorkingDir/C6B21DC54F9E465428840EAC51F30D82/'.
[2018.05.03-08.56.56:496][  0]LogTemp: Display: Loaded TP AllDesktopTargetPlatform
[2018.05.03-08.56.56:525][  0]LogTemp: Display: Loaded TP MacClientTargetPlatform
[2018.05.03-08.56.56:553][  0]LogTemp: Display: Loaded TP MacNoEditorTargetPlatform
[2018.05.03-08.56.56:576][  0]LogTemp: Display: Loaded TP MacServerTargetPlatform
[2018.05.03-08.56.56:634][  0]LogTemp: Display: Loaded TP MacTargetPlatform
[2018.05.03-08.56.56:661][  0]LogTemp: Display: Loaded TP WindowsClientTargetPlatform
[2018.05.03-08.56.56:686][  0]LogTemp: Display: Loaded TP WindowsNoEditorTargetPlatform
[2018.05.03-08.56.56:711][  0]LogTemp: Display: Loaded TP WindowsServerTargetPlatform
[2018.05.03-08.56.56:737][  0]LogTemp: Display: Loaded TP WindowsTargetPlatform
[2018.05.03-08.56.56:760][  0]LogTemp: Display: Loaded TP Android_ASTCTargetPlatform
[2018.05.03-08.56.56:783][  0]LogTemp: Display: Loaded TP Android_ATCTargetPlatform
[2018.05.03-08.56.56:814][  0]LogTemp: Display: Loaded TP Android_DXTTargetPlatform
[2018.05.03-08.56.56:835][  0]LogTemp: Display: Loaded TP Android_ETC1aTargetPlatform
[2018.05.03-08.56.56:860][  0]LogTemp: Display: Loaded TP Android_ETC1TargetPlatform
[2018.05.03-08.56.56:880][  0]LogTemp: Display: Loaded TP Android_ETC2TargetPlatform
[2018.05.03-08.56.56:924][  0]LogTemp: Display: Loaded TP Android_MultiTargetPlatform
[2018.05.03-08.56.56:924][  0]LogTemp: Display: Loaded TP Android_PVRTCTargetPlatform
[2018.05.03-08.56.56:979][  0]LogTemp: Display: Loaded TP AndroidTargetPlatform
[2018.05.03-08.56.56:984][  0]LogTemp: Display: Loaded TP HTML5TargetPlatform
[2018.05.03-08.56.57:136][  0]LogTemp: Display: Loaded TP IOSTargetPlatform
[2018.05.03-08.56.57:160][  0]LogTemp: Display: Loaded TP TVOSTargetPlatform
[2018.05.03-08.56.57:183][  0]LogTemp: Display: Loaded TP LinuxClientTargetPlatform
[2018.05.03-08.56.57:206][  0]LogTemp: Display: Loaded TP LinuxNoEditorTargetPlatform
[2018.05.03-08.56.57:249][  0]LogTemp: Display: Loaded TP LinuxServerTargetPlatform
[2018.05.03-08.56.57:293][  0]LogTemp: Display: Loaded TP LinuxTargetPlatform
[2018.05.03-08.56.57:293][  0]LogTargetPlatformManager: Display: Building Assets For Windows
[2018.05.03-08.56.58:313][  0]LogXGEController: Cleaning working directory: C:/Users/Edward/AppData/Local/Temp/UnrealXGEWorkingDir/
[2018.05.03-08.56.58:314][  0]LogXGEController: Cannot use XGE Controller as Incredibuild is not installed on this machine.
[2018.05.03-08.56.58:314][  0]LogShaderCompilers: Cannot use XGE Shader Compiler as Incredibuild is not installed on this machine.
[2018.05.03-08.56.58:314][  0]LogShaderCompilers: Display: Using Local Shader Compiler.
[2018.05.03-08.57.02:950][  0]LogDerivedDataCache: Display: Max Cache Size: 512 MB
[2018.05.03-08.57.03:171][  0]LogDerivedDataCache: Loaded boot cache 0.22s 74MB C:/Users/Edward/AppData/Local/UnrealEngine/4.19/DerivedDataCache/Boot.ddc.
[2018.05.03-08.57.03:171][  0]LogDerivedDataCache: Display: Loaded Boot cache: C:/Users/Edward/AppData/Local/UnrealEngine/4.19/DerivedDataCache/Boot.ddc
[2018.05.03-08.57.03:171][  0]LogDerivedDataCache: FDerivedDataBackendGraph:  Pak pak cache file ../../../../../../Projects/VR/VR_SwordMechanic/PhantomMechanic/DerivedDataCache/DDC.ddp not found, will not use a pak cache.
[2018.05.03-08.57.03:172][  0]LogDerivedDataCache: Unable to find inner node Pak for hierarchical cache Hierarchy.
[2018.05.03-08.57.03:172][  0]LogDerivedDataCache: FDerivedDataBackendGraph:  CompressedPak pak cache file ../../../../../../Projects/VR/VR_SwordMechanic/PhantomMechanic/DerivedDataCache/Compressed.ddp not found, will not use a pak cache.
[2018.05.03-08.57.03:172][  0]LogDerivedDataCache: Unable to find inner node CompressedPak for hierarchical cache Hierarchy.
[2018.05.03-08.57.03:226][  0]LogDerivedDataCache: Display: Pak cache opened for reading ../../../Engine/DerivedDataCache/Compressed.ddp.
[2018.05.03-08.57.03:246][  0]LogDerivedDataCache: Using Local data cache path C:/Users/Edward/AppData/Local/UnrealEngine/Common/DerivedDataCache: Writable
[2018.05.03-08.57.03:246][  0]LogDerivedDataCache: Shared data cache path not found in *engine.ini, will not use an Shared cache.
[2018.05.03-08.57.03:246][  0]LogDerivedDataCache: Unable to find inner node Shared for hierarchical cache Hierarchy.
[2018.05.03-08.57.03:269][  0]LogMaterial: Verifying Global Shaders for PCD3D_SM5
[2018.05.03-08.57.03:269][  0]LogSlate: Using Freetype 2.6.0
[2018.05.03-08.57.03:270][  0]LogSlate: SlateFontCache - WITH_FREETYPE: 1, WITH_HARFBUZZ: 1
[2018.05.03-08.57.03:270][  0]LogSlate: SlateFontCache - WITH_FREETYPE: 1, WITH_HARFBUZZ: 1
[2018.05.03-08.57.03:526][  0]LogAssetRegistry: FAssetRegistry took 0.0320 seconds to start up
[2018.05.03-08.57.04:136][  0]LogInit: Selected Device Profile: [Windows]
[2018.05.03-08.57.04:384][  0]LogSimplygon: Simplygon DLL not present - disabling.
[2018.05.03-08.57.04:401][  0]LogMeshReduction: Using SimplygonSwarm for distributed automatic mesh merging
[2018.05.03-08.57.04:401][  0]LogMeshReduction: Using QuadricMeshReduction for automatic static mesh reduction
[2018.05.03-08.57.04:401][  0]LogMeshReduction: No automatic skeletal mesh reduction module available
[2018.05.03-08.57.04:402][  0]LogMeshReduction: No automatic mesh merging module available
[2018.05.03-08.57.04:402][  0]LogMeshMerging: No automatic mesh merging module available
[2018.05.03-08.57.04:587][  0]LogNetVersion: PhantomMechanic , NetCL: 3944462, EngineNetVer: 2, GameNetVer: 0 (Checksum: 3498347362)
[2018.05.03-08.57.05:442][  0]LogPackageLocalizationCache: Processed 9 localized package path(s) for 2 prioritized culture(s) in 0.160835 seconds
[2018.05.03-08.57.05:454][  0]LogUObjectArray: 36728 objects as part of root set at end of initial load.
[2018.05.03-08.57.05:454][  0]LogUObjectAllocator: 7314312 out of 0 bytes used by permanent object pool.
[2018.05.03-08.57.05:455][  0]LogUObjectArray: CloseDisregardForGC: 0/0 objects in disregard for GC pool
[2018.05.03-08.57.08:668][  0]LogTcpMessaging: Initializing TcpMessaging bridge
[2018.05.03-08.57.08:707][  0]LogUdpMessaging: Initializing bridge on interface 0.0.0.0:0 to multicast group 230.0.0.1:6666.
[2018.05.03-08.57.09:540][  0]SourceControl: Source control is disabled
[2018.05.03-08.57.09:540][  0]SourceControl: Source control is disabled
[2018.05.03-08.57.09:579][  0]SourceControl: Source control is disabled
[2018.05.03-08.57.09:621][  0]SourceControl: Source control is disabled
[2018.05.03-08.57.10:797][  0]LogAndroidPermission: UAndroidPermissionCallbackProxy::GetInstance
[2018.05.03-08.57.11:340][  0]LogOcInput: OculusInput pre-init called
[2018.05.03-08.57.11:559][  0]LogEngine: Initializing Engine...
[2018.05.03-08.57.11:619][  0]LogHMD: Failed to initialize OpenVR with code 126
[2018.05.03-08.57.11:620][  0]LogStats: UGameplayTagsManager::ConstructGameplayTagTree: Construct from data asset -  0.000 s
[2018.05.03-08.57.11:621][  0]LogStats: UGameplayTagsManager::ConstructGameplayTagTree: GameplayTagTreeChangedEvent.Broadcast -  0.000 s
[2018.05.03-08.57.12:081][  0]LogAIModule: Creating AISystem for world Untitled
[2018.05.03-08.57.12:220][  0]LogInit: XAudio2 using 'Speakers (Realtek High Definition Audio)' : 2 channels at 48 kHz using 16 bits per sample (channel mask 0x3)
[2018.05.03-08.57.12:272][  0]LogInit: FAudioDevice initialized.
[2018.05.03-08.57.12:416][  0]LogDerivedDataCache: Saved boot cache 0.14s 74MB C:/Users/Edward/AppData/Local/UnrealEngine/4.19/DerivedDataCache/Boot.ddc.
[2018.05.03-08.57.12:463][  0]LogInit: Texture streaming: Enabled
[2018.05.03-08.57.12:542][  0]LogEngineSessionManager: EngineSessionManager initialized
[2018.05.03-08.57.12:568][  0]LogInit: Transaction tracking system initialized
[2018.05.03-08.57.12:689][  0]BlueprintLog: New page: Editor Load
[2018.05.03-08.57.14:419][  0]LocalizationService: Localization service is disabled
[2018.05.03-08.57.14:909][  0]LogConsoleResponse: Display: 
[2018.05.03-08.57.15:141][  0]LogCook: Display: Max memory allowance for cook 16384mb min free memory 0mb
[2018.05.03-08.57.15:142][  0]LogCook: Display: Mobile HDR setting 1
[2018.05.03-08.57.15:142][  0]LogGameplayTags: Display: UGameplayTagsManager::DoneAddingNativeTags. DelegateIsBound: 0
[2018.05.03-08.57.15:142][  0]LogStats: UGameplayTagsManager::ConstructGameplayTagTree: Construct from data asset -  0.000 s
[2018.05.03-08.57.15:142][  0]LogStats: UGameplayTagsManager::ConstructGameplayTagTree: GameplayTagTreeChangedEvent.Broadcast -  0.000 s
[2018.05.03-08.57.16:201][  0]LogFileCache: Scanning file cache for directory 'E:/Projects/VR/VR_SwordMechanic/PhantomMechanic/Content/' took 0.02s
[2018.05.03-08.57.16:237][  0]SourceControl: Source control is disabled
[2018.05.03-08.57.16:237][  0]Cmd: MAP LOAD FILE="../../../Engine/Content/Maps/Templates/Template_Default.umap" TEMPLATE=1 SHOWPROGRESS=1 FEATURELEVEL=3
[2018.05.03-08.57.16:238][  0]LightingResults: New page: Lighting Build
[2018.05.03-08.57.16:242][  0]MapCheck: New page: Map Check
[2018.05.03-08.57.16:242][  0]LightingResults: New page: Lighting Build
[2018.05.03-08.57.16:572][  0]LogAIModule: Creating AISystem for world Untitled_1
[2018.05.03-08.57.16:583][  0]LogEditorServer: Finished looking for orphan Actors (0.000 secs)
[2018.05.03-08.57.16:646][  0]Cmd: MAP CHECKDEP NOCLEARLOG
[2018.05.03-08.57.16:709][  0]MapCheck: Map check complete: 0 Error(s), 0 Warning(s), took 62.327ms to complete.
[2018.05.03-08.57.16:710][  0]LogFileHelpers: Loading map 'Template_Default' took 0.473
[2018.05.03-08.57.16:844][  0]LogWindowsTextInputMethodSystem: Display: IME system now activated using TSF (Google Japanese Input).
[2018.05.03-08.57.17:014][  0]LogCollectionManager: Loaded 0 collections in 0.002212 seconds
[2018.05.03-08.57.17:097][  0]LogFileCache: Scanning file cache for directory 'E:/Projects/VR/VR_SwordMechanic/PhantomMechanic/Saved/Collections/' took 0.01s
[2018.05.03-08.57.17:097][  0]LogFileCache: Scanning file cache for directory 'E:/Projects/VR/VR_SwordMechanic/PhantomMechanic/Content/Developers/Edward/Collections/' took 0.01s
[2018.05.03-08.57.17:097][  0]LogFileCache: Scanning file cache for directory 'E:/Projects/VR/VR_SwordMechanic/PhantomMechanic/Content/Collections/' took 0.01s
[2018.05.03-08.57.17:097][  0]LogCollectionManager: Rebuilt the GUID cache for 0 collections in 0.000001 seconds
[2018.05.03-08.57.17:119][  0]LogContentBrowser: Native class hierarchy populated in 0.0214 seconds. Added 2455 classes and 563 folders.
[2018.05.03-08.57.17:130][  0]LogContentBrowser: Native class hierarchy updated for 'WidgetCarousel' in 0.0016 seconds. Added 0 classes and 0 folders.
[2018.05.03-08.57.17:191][  0]LogContentBrowser: Native class hierarchy updated for 'AddContentDialog' in 0.0017 seconds. Added 0 classes and 0 folders.
[2018.05.03-08.57.17:219][  0]LogContentBrowser: Native class hierarchy updated for 'SceneOutliner' in 0.0016 seconds. Added 1 classes and 2 folders.
[2018.05.03-08.57.17:236][  0]LogSlate: Took 0.000460 seconds to synchronously load lazily loaded font '../../../Engine/Content/Slate/Fonts/Roboto-Regular.ttf' (155K)
[2018.05.03-08.57.17:241][  0]LogSlate: Took 0.000346 seconds to synchronously load lazily loaded font '../../../Engine/Content/Slate/Fonts/Roboto-Bold.ttf' (160K)
[2018.05.03-08.57.17:249][  0]LogSlate: Took 0.000477 seconds to synchronously load lazily loaded font '../../../Engine/Content/Editor/Slate/Fonts/FontAwesome.ttf' (139K)
[2018.05.03-08.57.17:364][  0]LogRenderer: Reallocating scene render targets to support 1360x456 Format 10 NumSamples 1 (Frame:1).
[2018.05.03-08.57.17:490][  0]LogSlate: Took 0.000528 seconds to synchronously load lazily loaded font '../../../Engine/Content/Slate/Fonts/Roboto-Light.ttf' (167K)
[2018.05.03-08.57.17:902][  0]LogContentBrowser: Native class hierarchy updated for 'HierarchicalLODOutliner' in 0.0017 seconds. Added 0 classes and 0 folders.
[2018.05.03-08.57.17:902][  0]LogLoad: (Engine Initialization) Total time: 47.27 seconds
[2018.05.03-08.57.17:903][  0]LogLoad: (Engine Initialization) Total Blueprint compile time: 0.00 seconds
[2018.05.03-08.57.17:938][  0]LogContentStreaming: Texture pool size now 1000 MB
[2018.05.03-08.57.18:021][  1]LogAssetRegistry: Asset discovery search completed in 14.5203 seconds
[2018.05.03-08.57.18:023][  1]LogCollectionManager: Rebuilt the object cache for 0 collections in 0.000003 seconds (found 0 objects)
[2018.05.03-08.57.18:024][  1]LogCollectionManager: Fixed up redirectors for 0 collections in 0.000244 seconds (updated 0 objects)
[2018.05.03-08.57.27:403][ 86]LogSlate: FSceneViewport::OnFocusLost() reason 0
[2018.05.03-08.57.40:847][643]LogSlate: Took 0.000341 seconds to synchronously load lazily loaded font '../../../Engine/Content/Slate/Fonts/Roboto-Light.ttf' (167K)
[2018.05.03-08.57.40:922][643]LogSlate: Took 0.000440 seconds to synchronously load lazily loaded font '../../../Engine/Content/Slate/Fonts/Roboto-BoldCondensed.ttf' (158K)
[2018.05.03-08.57.57:908][773]Running E:/Development/Epic Games/UE_4.19/Engine/Binaries/DotNET/UnrealBuildTool.exe PhantomMechanic Win64 Development -editorrecompile "E:/Projects/VR/VR_SwordMechanic/PhantomMechanic/PhantomMechanic.uproject" -invalidatemakefilesonly
[2018.05.03-08.57.58:265][773]Invalidating makefiles only in this run.
[2018.05.03-08.57.58:638][773]Candidate modules for hot reload:
[2018.05.03-08.57.58:639][773]  PhantomMechanic
[2018.05.03-08.57.58:639][773]Launching UnrealBuildTool... [E:/Development/Epic Games/UE_4.19/Engine/Binaries/DotNET/UnrealBuildTool.exe PhantomMechanic -ModuleWithSuffix=PhantomMechanic,6176 Win64 Development -editorrecompile -canskiplink "E:/Projects/VR/VR_SwordMechanic/PhantomMechanic/PhantomMechanic.uproject" ]
[2018.05.03-08.58.34:467][773]CompilerResultsLog: New page: Compilation - May 3, 2018, 12:58:33 AM
[2018.05.03-08.58.34:535][773]CompilerResultsLog: Using 'git status' to determine working set for adaptive non-unity build.
[2018.05.03-08.58.34:536][773]CompilerResultsLog: Creating makefile for hot reloading PhantomMechanic (no existing makefile)
[2018.05.03-08.58.34:536][773]CompilerResultsLog: Compiling game modules for hot reload
[2018.05.03-08.58.34:536][773]CompilerResultsLog: Parsing headers for PhantomMechanicEditor
[2018.05.03-08.58.34:536][773]CompilerResultsLog:   Running UnrealHeaderTool "E:\Projects\VR\VR_SwordMechanic\PhantomMechanic\PhantomMechanic.uproject" "E:\Projects\VR\VR_SwordMechanic\PhantomMechanic\Intermediate\Build\Win64\PhantomMechanicEditor\Development\PhantomMechanicEditor.uhtmanifest" -LogCmds="loginit warning, logexit warning, logdatabase error" -Unattended -WarningsAsErrors -installed
[2018.05.03-08.58.34:536][773]CompilerResultsLog: Reflection code generated for PhantomMechanicEditor in 13.4090116 seconds
[2018.05.03-08.58.34:536][773]CompilerResultsLog: Performing 5 actions (4 in parallel)
[2018.05.03-08.58.34:537][773]CompilerResultsLog: BodyPart.gen.cpp
[2018.05.03-08.58.34:537][773]CompilerResultsLog: PhantomMechanic.init.gen.cpp
[2018.05.03-08.58.34:537][773]CompilerResultsLog: BodyPart.cpp
[2018.05.03-08.58.34:537][773]CompilerResultsLog: [4/5] Link UE4Editor-PhantomMechanic-6176.dll
[2018.05.03-08.58.34:537][773]CompilerResultsLog: [5/5] Link UE4Editor-PhantomMechanic-6176.lib
[2018.05.03-08.58.34:537][773]CompilerResultsLog:    Creating library E:\Projects\VR\VR_SwordMechanic\PhantomMechanic\Intermediate\Build\Win64\UE4Editor\Development\UE4Editor-PhantomMechanic-6176.lib and object E:\Projects\VR\VR_SwordMechanic\PhantomMechanic\Intermediate\Build\Win64\UE4Editor\Development\UE4Editor-PhantomMechanic-6176.exp
[2018.05.03-08.58.34:537][773]CompilerResultsLog:    Creating library E:\Projects\VR\VR_SwordMechanic\PhantomMechanic\Intermediate\Build\Win64\UE4Editor\Development\UE4Editor-PhantomMechanic-6176.suppressed.lib and object E:\Projects\VR\VR_SwordMechanic\PhantomMechanic\Intermediate\Build\Win64\UE4Editor\Development\UE4Editor-PhantomMechanic-6176.suppressed.exp
[2018.05.03-08.58.34:538][773]CompilerResultsLog: Total build time: 34.98 seconds (Local executor: 14.41 seconds)
[2018.05.03-08.58.34:538][773]LogMainFrame: MainFrame: Module compiling took 35.927 seconds
[2018.05.03-08.58.34:728][773]LogClass: Could not find existing class BodyPart in package /Script/PhantomMechanic for HotReload, assuming new class
[2018.05.03-08.58.34:738][773]LogContentBrowser: Native class hierarchy updated for 'PhantomMechanic' in 0.0023 seconds. Added 4 classes and 5 folders.
[2018.05.03-08.58.34:743][773]Display: HotReload successful (0 functions remapped  0 scriptstructs remapped)
[2018.05.03-08.58.35:813][773]LogContentBrowser: Native class hierarchy populated in 0.0180 seconds. Added 2457 classes and 565 folders.
[2018.05.03-08.58.36:185][773]Display: HotReload took 37.7s.
[2018.05.03-08.58.36:187][773]Warning: HotReload operation took 37.7s.
[2018.05.03-08.58.37:486][773]LogSlate: Window 'Add C++ Class' being destroyed
[2018.05.03-08.58.37:501][773]LogHotReload: New module detected: UE4Editor-PhantomMechanic-6176.dll
[2018.05.03-08.58.37:655][774]LogHotReload: Starting Hot-Reload from IDE
[2018.05.03-08.58.37:750][774]LogContentBrowser: Native class hierarchy updated for 'PhantomMechanic' in 0.0016 seconds. Added 4 classes and 5 folders.
[2018.05.03-08.58.37:753][774]Display: HotReload successful (0 functions remapped  0 scriptstructs remapped)
[2018.05.03-08.58.37:804][774]LogContentBrowser: Native class hierarchy populated in 0.0180 seconds. Added 2457 classes and 565 folders.
[2018.05.03-08.58.37:958][774]Display: HotReload took  0.3s.
[2018.05.03-08.59.10:335][819]LogSlate: Window 'Add C++ Class' being destroyed
[2018.05.03-08.59.31:039][908]Running E:/Development/Epic Games/UE_4.19/Engine/Binaries/DotNET/UnrealBuildTool.exe PhantomMechanic Win64 Development -editorrecompile "E:/Projects/VR/VR_SwordMechanic/PhantomMechanic/PhantomMechanic.uproject" -invalidatemakefilesonly
[2018.05.03-08.59.31:351][908]Invalidating makefiles only in this run.
[2018.05.03-08.59.31:606][908]Candidate modules for hot reload:
[2018.05.03-08.59.31:606][908]  PhantomMechanic
[2018.05.03-08.59.31:606][908]Launching UnrealBuildTool... [E:/Development/Epic Games/UE_4.19/Engine/Binaries/DotNET/UnrealBuildTool.exe PhantomMechanic -ModuleWithSuffix=PhantomMechanic,98 Win64 Development -editorrecompile -canskiplink "E:/Projects/VR/VR_SwordMechanic/PhantomMechanic/PhantomMechanic.uproject" ]
[2018.05.03-09.00.02:148][908]CompilerResultsLog: New page: Compilation - May 3, 2018, 1:00:02 AM
[2018.05.03-09.00.02:149][908]CompilerResultsLog: Using 'git status' to determine working set for adaptive non-unity build.
[2018.05.03-09.00.02:149][908]CompilerResultsLog: Creating makefile for hot reloading PhantomMechanic (no existing makefile)
[2018.05.03-09.00.02:149][908]CompilerResultsLog: Compiling game modules for hot reload
[2018.05.03-09.00.02:149][908]CompilerResultsLog: Parsing headers for PhantomMechanicEditor
[2018.05.03-09.00.02:150][908]CompilerResultsLog:   Running UnrealHeaderTool "E:\Projects\VR\VR_SwordMechanic\PhantomMechanic\PhantomMechanic.uproject" "E:\Projects\VR\VR_SwordMechanic\PhantomMechanic\Intermediate\Build\Win64\PhantomMechanicEditor\Development\PhantomMechanicEditor.uhtmanifest" -LogCmds="loginit warning, logexit warning, logdatabase error" -Unattended -WarningsAsErrors -installed
[2018.05.03-09.00.02:150][908]CompilerResultsLog: Reflection code generated for PhantomMechanicEditor in 13.9465683 seconds
[2018.05.03-09.00.02:150][908]CompilerResultsLog: Performing 5 actions (4 in parallel)
[2018.05.03-09.00.02:151][908]CompilerResultsLog: PhantomMechanic.init.gen.cpp
[2018.05.03-09.00.02:151][908]CompilerResultsLog: PhantomPart.cpp
[2018.05.03-09.00.02:151][908]CompilerResultsLog: PhantomPart.gen.cpp
[2018.05.03-09.00.02:152][908]CompilerResultsLog: [4/5] Link UE4Editor-PhantomMechanic-98.dll
[2018.05.03-09.00.02:152][908]CompilerResultsLog: [5/5] Link UE4Editor-PhantomMechanic-98.lib
[2018.05.03-09.00.02:152][908]CompilerResultsLog:    Creating library E:\Projects\VR\VR_SwordMechanic\PhantomMechanic\Intermediate\Build\Win64\UE4Editor\Development\UE4Editor-PhantomMechanic-98.lib and object E:\Projects\VR\VR_SwordMechanic\PhantomMechanic\Intermediate\Build\Win64\UE4Editor\Development\UE4Editor-PhantomMechanic-98.exp
[2018.05.03-09.00.02:152][908]CompilerResultsLog:    Creating library E:\Projects\VR\VR_SwordMechanic\PhantomMechanic\Intermediate\Build\Win64\UE4Editor\Development\UE4Editor-PhantomMechanic-98.suppressed.lib and object E:\Projects\VR\VR_SwordMechanic\PhantomMechanic\Intermediate\Build\Win64\UE4Editor\Development\UE4Editor-PhantomMechanic-98.suppressed.exp
[2018.05.03-09.00.02:153][908]CompilerResultsLog: Total build time: 30.24 seconds (Local executor: 8.90 seconds)
[2018.05.03-09.00.02:153][908]LogMainFrame: MainFrame: Module compiling took 30.582 seconds
[2018.05.03-09.00.02:269][908]LogClass: Could not find existing class PhantomPart in package /Script/PhantomMechanic for HotReload, assuming new class
[2018.05.03-09.00.02:278][908]LogContentBrowser: Native class hierarchy updated for 'PhantomMechanic' in 0.0020 seconds. Added 5 classes and 5 folders.
[2018.05.03-09.00.02:282][908]Display: HotReload successful (0 functions remapped  0 scriptstructs remapped)
[2018.05.03-09.00.02:379][908]LogContentBrowser: Native class hierarchy populated in 0.0232 seconds. Added 2458 classes and 565 folders.
[2018.05.03-09.00.02:379][908]Display: HotReload took 30.8s.
[2018.05.03-09.00.02:381][908]Warning: HotReload operation took 30.8s.
[2018.05.03-09.00.02:960][908]LogVSAccessor: Warning: Couldn't goto line number '1' in 'E:/Projects/VR/VR_SwordMechanic/PhantomMechanic/Source/PhantomMechanic/Pawn/Phantom/PhantomPart.cpp'
[2018.05.03-09.00.02:977][908]LogSlate: Window 'Add C++ Class' being destroyed
[2018.05.03-09.00.02:989][908]LogHotReload: New module detected: UE4Editor-PhantomMechanic-98.dll
[2018.05.03-09.00.03:040][909]LogHotReload: Starting Hot-Reload from IDE
[2018.05.03-09.00.03:123][909]LogContentBrowser: Native class hierarchy updated for 'PhantomMechanic' in 0.0022 seconds. Added 5 classes and 5 folders.
[2018.05.03-09.00.03:127][909]Display: HotReload successful (0 functions remapped  0 scriptstructs remapped)
[2018.05.03-09.00.03:185][909]LogContentBrowser: Native class hierarchy populated in 0.0240 seconds. Added 2458 classes and 565 folders.
[2018.05.03-09.00.03:221][909]Display: HotReload took  0.2s.
[2018.05.03-09.00.29:822][671]LogSlate: Window 'Add C++ Class' being destroyed
[2018.05.03-09.00.53:911][870]Running E:/Development/Epic Games/UE_4.19/Engine/Binaries/DotNET/UnrealBuildTool.exe PhantomMechanic Win64 Development -editorrecompile "E:/Projects/VR/VR_SwordMechanic/PhantomMechanic/PhantomMechanic.uproject" -invalidatemakefilesonly
[2018.05.03-09.00.54:222][870]Invalidating makefiles only in this run.
[2018.05.03-09.00.54:497][870]Candidate modules for hot reload:
[2018.05.03-09.00.54:497][870]  PhantomMechanic
[2018.05.03-09.00.54:497][870]Launching UnrealBuildTool... [E:/Development/Epic Games/UE_4.19/Engine/Binaries/DotNET/UnrealBuildTool.exe PhantomMechanic -ModuleWithSuffix=PhantomMechanic,8557 Win64 Development -editorrecompile -canskiplink "E:/Projects/VR/VR_SwordMechanic/PhantomMechanic/PhantomMechanic.uproject" ]
[2018.05.03-09.01.23:357][870]CompilerResultsLog: New page: Compilation - May 3, 2018, 1:01:23 AM
[2018.05.03-09.01.23:357][870]CompilerResultsLog: Using 'git status' to determine working set for adaptive non-unity build.
[2018.05.03-09.01.23:357][870]CompilerResultsLog: Creating makefile for hot reloading PhantomMechanic (no existing makefile)
[2018.05.03-09.01.23:358][870]CompilerResultsLog: Compiling game modules for hot reload
[2018.05.03-09.01.23:358][870]CompilerResultsLog: Parsing headers for PhantomMechanicEditor
[2018.05.03-09.01.23:358][870]CompilerResultsLog:   Running UnrealHeaderTool "E:\Projects\VR\VR_SwordMechanic\PhantomMechanic\PhantomMechanic.uproject" "E:\Projects\VR\VR_SwordMechanic\PhantomMechanic\Intermediate\Build\Win64\PhantomMechanicEditor\Development\PhantomMechanicEditor.uhtmanifest" -LogCmds="loginit warning, logexit warning, logdatabase error" -Unattended -WarningsAsErrors -installed
[2018.05.03-09.01.23:358][870]CompilerResultsLog: Reflection code generated for PhantomMechanicEditor in 14.253097 seconds
[2018.05.03-09.01.23:358][870]CompilerResultsLog: Performing 5 actions (4 in parallel)
[2018.05.03-09.01.23:359][870]CompilerResultsLog: PhantomMechanic.init.gen.cpp
[2018.05.03-09.01.23:359][870]CompilerResultsLog: ExoPart.cpp
[2018.05.03-09.01.23:359][870]CompilerResultsLog: ExoPart.gen.cpp
[2018.05.03-09.01.23:359][870]CompilerResultsLog: [4/5] Link UE4Editor-PhantomMechanic-8557.dll
[2018.05.03-09.01.23:359][870]CompilerResultsLog: [5/5] Link UE4Editor-PhantomMechanic-8557.lib
[2018.05.03-09.01.23:359][870]CompilerResultsLog:    Creating library E:\Projects\VR\VR_SwordMechanic\PhantomMechanic\Intermediate\Build\Win64\UE4Editor\Development\UE4Editor-PhantomMechanic-8557.lib and object E:\Projects\VR\VR_SwordMechanic\PhantomMechanic\Intermediate\Build\Win64\UE4Editor\Development\UE4Editor-PhantomMechanic-8557.exp
[2018.05.03-09.01.23:360][870]CompilerResultsLog:    Creating library E:\Projects\VR\VR_SwordMechanic\PhantomMechanic\Intermediate\Build\Win64\UE4Editor\Development\UE4Editor-PhantomMechanic-8557.suppressed.lib and object E:\Projects\VR\VR_SwordMechanic\PhantomMechanic\Intermediate\Build\Win64\UE4Editor\Development\UE4Editor-PhantomMechanic-8557.suppressed.exp
[2018.05.03-09.01.23:360][870]CompilerResultsLog: Total build time: 28.56 seconds (Local executor: 7.16 seconds)
[2018.05.03-09.01.23:360][870]LogMainFrame: MainFrame: Module compiling took 28.897 seconds
[2018.05.03-09.01.23:487][870]LogClass: Could not find existing class ExoPart in package /Script/PhantomMechanic for HotReload, assuming new class
[2018.05.03-09.01.23:499][870]LogContentBrowser: Native class hierarchy updated for 'PhantomMechanic' in 0.0024 seconds. Added 6 classes and 5 folders.
[2018.05.03-09.01.23:506][870]Display: HotReload successful (0 functions remapped  0 scriptstructs remapped)
[2018.05.03-09.01.23:605][870]LogContentBrowser: Native class hierarchy populated in 0.0223 seconds. Added 2459 classes and 565 folders.
[2018.05.03-09.01.23:605][870]Display: HotReload took 29.3s.
[2018.05.03-09.01.23:608][870]Warning: HotReload operation took 29.3s.
[2018.05.03-09.01.23:796][870]LogVSAccessor: Warning: Couldn't goto line number '1' in 'E:/Projects/VR/VR_SwordMechanic/PhantomMechanic/Source/PhantomMechanic/Pawn/ExoBody/ExoPart.h'
[2018.05.03-09.01.23:924][870]LogVSAccessor: Warning: Couldn't goto line number '1' in 'E:/Projects/VR/VR_SwordMechanic/PhantomMechanic/Source/PhantomMechanic/Pawn/ExoBody/ExoPart.cpp'
[2018.05.03-09.01.23:951][870]LogSlate: Window 'Add C++ Class' being destroyed
[2018.05.03-09.01.24:039][871]LogHotReload: New module detected: UE4Editor-PhantomMechanic-8557.dll
[2018.05.03-09.01.24:064][872]LogHotReload: Starting Hot-Reload from IDE
[2018.05.03-09.01.24:161][872]LogContentBrowser: Native class hierarchy updated for 'PhantomMechanic' in 0.0020 seconds. Added 6 classes and 5 folders.
[2018.05.03-09.01.24:165][872]Display: HotReload successful (0 functions remapped  0 scriptstructs remapped)
[2018.05.03-09.01.24:224][872]LogContentBrowser: Native class hierarchy populated in 0.0220 seconds. Added 2459 classes and 565 folders.
[2018.05.03-09.01.24:259][872]Display: HotReload took  0.2s.
[2018.05.03-09.01.36:443][681]LogSlate: Window 'Add C++ Class' being destroyed
[2018.05.03-09.02.01:147][874]Running E:/Development/Epic Games/UE_4.19/Engine/Binaries/DotNET/UnrealBuildTool.exe PhantomMechanic Win64 Development -editorrecompile "E:/Projects/VR/VR_SwordMechanic/PhantomMechanic/PhantomMechanic.uproject" -invalidatemakefilesonly
[2018.05.03-09.02.01:460][874]Invalidating makefiles only in this run.
[2018.05.03-09.02.01:694][874]Candidate modules for hot reload:
[2018.05.03-09.02.01:694][874]  PhantomMechanic
[2018.05.03-09.02.01:694][874]Launching UnrealBuildTool... [E:/Development/Epic Games/UE_4.19/Engine/Binaries/DotNET/UnrealBuildTool.exe PhantomMechanic -ModuleWithSuffix=PhantomMechanic,7913 Win64 Development -editorrecompile -canskiplink "E:/Projects/VR/VR_SwordMechanic/PhantomMechanic/PhantomMechanic.uproject" ]
[2018.05.03-09.02.29:387][874]CompilerResultsLog: New page: Compilation - May 3, 2018, 1:02:29 AM
[2018.05.03-09.02.29:388][874]CompilerResultsLog: Using 'git status' to determine working set for adaptive non-unity build.
[2018.05.03-09.02.29:389][874]CompilerResultsLog: Creating makefile for hot reloading PhantomMechanic (no existing makefile)
[2018.05.03-09.02.29:389][874]CompilerResultsLog: Compiling game modules for hot reload
[2018.05.03-09.02.29:389][874]CompilerResultsLog: Parsing headers for PhantomMechanicEditor
[2018.05.03-09.02.29:389][874]CompilerResultsLog:   Running UnrealHeaderTool "E:\Projects\VR\VR_SwordMechanic\PhantomMechanic\PhantomMechanic.uproject" "E:\Projects\VR\VR_SwordMechanic\PhantomMechanic\Intermediate\Build\Win64\PhantomMechanicEditor\Development\PhantomMechanicEditor.uhtmanifest" -LogCmds="loginit warning, logexit warning, logdatabase error" -Unattended -WarningsAsErrors -installed
[2018.05.03-09.02.29:389][874]CompilerResultsLog: Reflection code generated for PhantomMechanicEditor in 13.8169078 seconds
[2018.05.03-09.02.29:389][874]CompilerResultsLog: Performing 5 actions (4 in parallel)
[2018.05.03-09.02.29:390][874]CompilerResultsLog: PhantomMechanic.init.gen.cpp
[2018.05.03-09.02.29:390][874]CompilerResultsLog: PhantomHand.gen.cpp
[2018.05.03-09.02.29:390][874]CompilerResultsLog: PhantomHand.cpp
[2018.05.03-09.02.29:390][874]CompilerResultsLog: [4/5] Link UE4Editor-PhantomMechanic-7913.dll
[2018.05.03-09.02.29:390][874]CompilerResultsLog: [5/5] Link UE4Editor-PhantomMechanic-7913.lib
[2018.05.03-09.02.29:390][874]CompilerResultsLog:    Creating library E:\Projects\VR\VR_SwordMechanic\PhantomMechanic\Intermediate\Build\Win64\UE4Editor\Development\UE4Editor-PhantomMechanic-7913.lib and object E:\Projects\VR\VR_SwordMechanic\PhantomMechanic\Intermediate\Build\Win64\UE4Editor\Development\UE4Editor-PhantomMechanic-7913.exp
[2018.05.03-09.02.29:390][874]CompilerResultsLog:    Creating library E:\Projects\VR\VR_SwordMechanic\PhantomMechanic\Intermediate\Build\Win64\UE4Editor\Development\UE4Editor-PhantomMechanic-7913.suppressed.lib and object E:\Projects\VR\VR_SwordMechanic\PhantomMechanic\Intermediate\Build\Win64\UE4Editor\Development\UE4Editor-PhantomMechanic-7913.suppressed.exp
[2018.05.03-09.02.29:391][874]CompilerResultsLog: Total build time: 27.41 seconds (Local executor: 7.07 seconds)
[2018.05.03-09.02.29:391][874]LogMainFrame: MainFrame: Module compiling took 27.730 seconds
[2018.05.03-09.02.29:512][874]LogClass: Could not find existing class PhantomHand in package /Script/PhantomMechanic for HotReload, assuming new class
[2018.05.03-09.02.29:521][874]LogContentBrowser: Native class hierarchy updated for 'PhantomMechanic' in 0.0020 seconds. Added 7 classes and 5 folders.
[2018.05.03-09.02.29:526][874]Display: HotReload successful (0 functions remapped  0 scriptstructs remapped)
[2018.05.03-09.02.29:627][874]LogContentBrowser: Native class hierarchy populated in 0.0176 seconds. Added 2460 classes and 565 folders.
[2018.05.03-09.02.29:627][874]Display: HotReload took 28.1s.
[2018.05.03-09.02.29:630][874]Warning: HotReload operation took 28.1s.
[2018.05.03-09.02.30:044][874]LogSlate: Window 'Add C++ Class' being destroyed
[2018.05.03-09.02.30:055][874]LogHotReload: New module detected: UE4Editor-PhantomMechanic-7913.dll
[2018.05.03-09.02.30:112][875]LogHotReload: Starting Hot-Reload from IDE
[2018.05.03-09.02.30:193][875]LogContentBrowser: Native class hierarchy updated for 'PhantomMechanic' in 0.0016 seconds. Added 7 classes and 5 folders.
[2018.05.03-09.02.30:196][875]Display: HotReload successful (0 functions remapped  0 scriptstructs remapped)
[2018.05.03-09.02.30:258][875]LogContentBrowser: Native class hierarchy populated in 0.0284 seconds. Added 2460 classes and 565 folders.
[2018.05.03-09.02.30:297][875]Display: HotReload took  0.2s.
[2018.05.03-09.02.58:880][999]Running E:/Development/Epic Games/UE_4.19/Engine/Binaries/DotNET/UnrealBuildTool.exe PhantomMechanic Win64 Development -editorrecompile "E:/Projects/VR/VR_SwordMechanic/PhantomMechanic/PhantomMechanic.uproject" -invalidatemakefilesonly
[2018.05.03-09.02.59:193][999]Invalidating makefiles only in this run.
[2018.05.03-09.02.59:341][999]Candidate modules for hot reload:
[2018.05.03-09.02.59:341][999]  PhantomMechanic
[2018.05.03-09.02.59:342][999]Launching UnrealBuildTool... [E:/Development/Epic Games/UE_4.19/Engine/Binaries/DotNET/UnrealBuildTool.exe PhantomMechanic -ModuleWithSuffix=PhantomMechanic,5183 Win64 Development -editorrecompile -canskiplink "E:/Projects/VR/VR_SwordMechanic/PhantomMechanic/PhantomMechanic.uproject" ]
[2018.05.03-09.03.29:208][999]CompilerResultsLog: New page: Compilation - May 3, 2018, 1:03:29 AM
[2018.05.03-09.03.29:208][999]CompilerResultsLog: Using 'git status' to determine working set for adaptive non-unity build.
[2018.05.03-09.03.29:208][999]CompilerResultsLog: Creating makefile for hot reloading PhantomMechanic (no existing makefile)
[2018.05.03-09.03.29:209][999]CompilerResultsLog: Compiling game modules for hot reload
[2018.05.03-09.03.29:209][999]CompilerResultsLog: Parsing headers for PhantomMechanicEditor
[2018.05.03-09.03.29:209][999]CompilerResultsLog:   Running UnrealHeaderTool "E:\Projects\VR\VR_SwordMechanic\PhantomMechanic\PhantomMechanic.uproject" "E:\Projects\VR\VR_SwordMechanic\PhantomMechanic\Intermediate\Build\Win64\PhantomMechanicEditor\Development\PhantomMechanicEditor.uhtmanifest" -LogCmds="loginit warning, logexit warning, logdatabase error" -Unattended -WarningsAsErrors -installed
[2018.05.03-09.03.29:209][999]CompilerResultsLog: Reflection code generated for PhantomMechanicEditor in 13.990274 seconds
[2018.05.03-09.03.29:210][999]CompilerResultsLog: Performing 5 actions (4 in parallel)
[2018.05.03-09.03.29:210][999]CompilerResultsLog: ExoArm.gen.cpp
[2018.05.03-09.03.29:210][999]CompilerResultsLog: PhantomMechanic.init.gen.cpp
[2018.05.03-09.03.29:210][999]CompilerResultsLog: ExoArm.cpp
[2018.05.03-09.03.29:210][999]CompilerResultsLog: [4/5] Link UE4Editor-PhantomMechanic-5183.dll
[2018.05.03-09.03.29:211][999]CompilerResultsLog: [5/5] Link UE4Editor-PhantomMechanic-5183.lib
[2018.05.03-09.03.29:211][999]CompilerResultsLog:    Creating library E:\Projects\VR\VR_SwordMechanic\PhantomMechanic\Intermediate\Build\Win64\UE4Editor\Development\UE4Editor-PhantomMechanic-5183.lib and object E:\Projects\VR\VR_SwordMechanic\PhantomMechanic\Intermediate\Build\Win64\UE4Editor\Development\UE4Editor-PhantomMechanic-5183.exp
[2018.05.03-09.03.29:211][999]CompilerResultsLog:    Creating library E:\Projects\VR\VR_SwordMechanic\PhantomMechanic\Intermediate\Build\Win64\UE4Editor\Development\UE4Editor-PhantomMechanic-5183.suppressed.lib and object E:\Projects\VR\VR_SwordMechanic\PhantomMechanic\Intermediate\Build\Win64\UE4Editor\Development\UE4Editor-PhantomMechanic-5183.suppressed.exp
[2018.05.03-09.03.29:212][999]CompilerResultsLog: Total build time: 29.60 seconds (Local executor: 7.98 seconds)
[2018.05.03-09.03.29:212][999]LogMainFrame: MainFrame: Module compiling took 29.905 seconds
[2018.05.03-09.03.29:302][999]LogClass: Could not find existing class ExoArm in package /Script/PhantomMechanic for HotReload, assuming new class
[2018.05.03-09.03.29:315][999]LogContentBrowser: Native class hierarchy updated for 'PhantomMechanic' in 0.0025 seconds. Added 8 classes and 5 folders.
[2018.05.03-09.03.29:319][999]Display: HotReload successful (0 functions remapped  0 scriptstructs remapped)
[2018.05.03-09.03.29:413][999]LogContentBrowser: Native class hierarchy populated in 0.0206 seconds. Added 2461 classes and 565 folders.
[2018.05.03-09.03.29:413][999]Display: HotReload took 30.1s.
[2018.05.03-09.03.29:416][999]Warning: HotReload operation took 30.1s.
[2018.05.03-09.03.29:637][999]LogVSAccessor: Warning: Couldn't goto column number '1' of line '1' in 'E:/Projects/VR/VR_SwordMechanic/PhantomMechanic/Source/PhantomMechanic/Pawn/ExoBody/ExoArm.h'
[2018.05.03-09.03.29:789][999]LogSlate: Window 'Add C++ Class' being destroyed
[2018.05.03-09.03.29:801][999]LogHotReload: New module detected: UE4Editor-PhantomMechanic-5183.dll
[2018.05.03-09.03.29:862][  0]LogHotReload: Starting Hot-Reload from IDE
[2018.05.03-09.03.29:966][  0]LogContentBrowser: Native class hierarchy updated for 'PhantomMechanic' in 0.0020 seconds. Added 8 classes and 5 folders.
[2018.05.03-09.03.29:969][  0]Display: HotReload successful (0 functions remapped  0 scriptstructs remapped)
[2018.05.03-09.03.30:016][  0]LogContentBrowser: Native class hierarchy populated in 0.0192 seconds. Added 2461 classes and 565 folders.
[2018.05.03-09.03.30:054][  0]Display: HotReload took  0.2s.
[2018.05.03-09.04.10:747][568]Running E:/Development/Epic Games/UE_4.19/Engine/Binaries/DotNET/UnrealBuildTool.exe PhantomMechanic Win64 Development -editorrecompile "E:/Projects/VR/VR_SwordMechanic/PhantomMechanic/PhantomMechanic.uproject" -invalidatemakefilesonly
[2018.05.03-09.04.11:061][568]Invalidating makefiles only in this run.
[2018.05.03-09.04.11:348][568]Candidate modules for hot reload:
[2018.05.03-09.04.11:348][568]  PhantomMechanic
[2018.05.03-09.04.11:348][568]Launching UnrealBuildTool... [E:/Development/Epic Games/UE_4.19/Engine/Binaries/DotNET/UnrealBuildTool.exe PhantomMechanic -ModuleWithSuffix=PhantomMechanic,9419 Win64 Development -editorrecompile -canskiplink "E:/Projects/VR/VR_SwordMechanic/PhantomMechanic/PhantomMechanic.uproject" ]
[2018.05.03-09.04.39:534][568]CompilerResultsLog: New page: Compilation - May 3, 2018, 1:04:39 AM
[2018.05.03-09.04.39:535][568]CompilerResultsLog: Using 'git status' to determine working set for adaptive non-unity build.
[2018.05.03-09.04.39:535][568]CompilerResultsLog: Creating makefile for hot reloading PhantomMechanic (no existing makefile)
[2018.05.03-09.04.39:535][568]CompilerResultsLog: Compiling game modules for hot reload
[2018.05.03-09.04.39:535][568]CompilerResultsLog: Parsing headers for PhantomMechanicEditor
[2018.05.03-09.04.39:536][568]CompilerResultsLog:   Running UnrealHeaderTool "E:\Projects\VR\VR_SwordMechanic\PhantomMechanic\PhantomMechanic.uproject" "E:\Projects\VR\VR_SwordMechanic\PhantomMechanic\Intermediate\Build\Win64\PhantomMechanicEditor\Development\PhantomMechanicEditor.uhtmanifest" -LogCmds="loginit warning, logexit warning, logdatabase error" -Unattended -WarningsAsErrors -installed
[2018.05.03-09.04.39:536][568]CompilerResultsLog: Reflection code generated for PhantomMechanicEditor in 13.9365981 seconds
[2018.05.03-09.04.39:536][568]CompilerResultsLog: Performing 5 actions (4 in parallel)
[2018.05.03-09.04.39:536][568]CompilerResultsLog: PhantomMechanic.init.gen.cpp
[2018.05.03-09.04.39:536][568]CompilerResultsLog: ExoHand.cpp
[2018.05.03-09.04.39:536][568]CompilerResultsLog: ExoHand.gen.cpp
[2018.05.03-09.04.39:537][568]CompilerResultsLog: [4/5] Link UE4Editor-PhantomMechanic-9419.dll
[2018.05.03-09.04.39:537][568]CompilerResultsLog: [5/5] Link UE4Editor-PhantomMechanic-9419.lib
[2018.05.03-09.04.39:537][568]CompilerResultsLog:    Creating library E:\Projects\VR\VR_SwordMechanic\PhantomMechanic\Intermediate\Build\Win64\UE4Editor\Development\UE4Editor-PhantomMechanic-9419.lib and object E:\Projects\VR\VR_SwordMechanic\PhantomMechanic\Intermediate\Build\Win64\UE4Editor\Development\UE4Editor-PhantomMechanic-9419.exp
[2018.05.03-09.04.39:537][568]CompilerResultsLog:    Creating library E:\Projects\VR\VR_SwordMechanic\PhantomMechanic\Intermediate\Build\Win64\UE4Editor\Development\UE4Editor-PhantomMechanic-9419.suppressed.lib and object E:\Projects\VR\VR_SwordMechanic\PhantomMechanic\Intermediate\Build\Win64\UE4Editor\Development\UE4Editor-PhantomMechanic-9419.suppressed.exp
[2018.05.03-09.04.39:537][568]CompilerResultsLog: Total build time: 27.91 seconds (Local executor: 6.38 seconds)
[2018.05.03-09.04.39:537][568]LogMainFrame: MainFrame: Module compiling took 28.222 seconds
[2018.05.03-09.04.39:630][568]LogClass: Could not find existing class ExoHand in package /Script/PhantomMechanic for HotReload, assuming new class
[2018.05.03-09.04.39:639][568]LogContentBrowser: Native class hierarchy updated for 'PhantomMechanic' in 0.0017 seconds. Added 9 classes and 5 folders.
[2018.05.03-09.04.39:642][568]Display: HotReload successful (0 functions remapped  0 scriptstructs remapped)
[2018.05.03-09.04.39:738][568]LogContentBrowser: Native class hierarchy populated in 0.0192 seconds. Added 2462 classes and 565 folders.
[2018.05.03-09.04.39:738][568]Display: HotReload took 28.6s.
[2018.05.03-09.04.39:740][568]Warning: HotReload operation took 28.6s.
[2018.05.03-09.04.40:211][568]LogSlate: Window 'Add C++ Class' being destroyed
[2018.05.03-09.04.40:266][569]LogHotReload: New module detected: UE4Editor-PhantomMechanic-9419.dll
[2018.05.03-09.04.40:297][570]LogHotReload: Starting Hot-Reload from IDE
[2018.05.03-09.04.40:373][570]LogContentBrowser: Native class hierarchy updated for 'PhantomMechanic' in 0.0016 seconds. Added 9 classes and 5 folders.
[2018.05.03-09.04.40:376][570]Display: HotReload successful (0 functions remapped  0 scriptstructs remapped)
[2018.05.03-09.04.40:435][570]LogContentBrowser: Native class hierarchy populated in 0.0271 seconds. Added 2462 classes and 565 folders.
[2018.05.03-09.04.40:474][570]Display: HotReload took  0.2s.
[2018.05.03-09.05.15:452][770]Running E:/Development/Epic Games/UE_4.19/Engine/Binaries/DotNET/UnrealBuildTool.exe PhantomMechanic Win64 Development -editorrecompile "E:/Projects/VR/VR_SwordMechanic/PhantomMechanic/PhantomMechanic.uproject" -invalidatemakefilesonly
[2018.05.03-09.05.15:764][770]Invalidating makefiles only in this run.
[2018.05.03-09.05.15:909][770]Candidate modules for hot reload:
[2018.05.03-09.05.15:909][770]  PhantomMechanic
[2018.05.03-09.05.15:909][770]Launching UnrealBuildTool... [E:/Development/Epic Games/UE_4.19/Engine/Binaries/DotNET/UnrealBuildTool.exe PhantomMechanic -ModuleWithSuffix=PhantomMechanic,4926 Win64 Development -editorrecompile -canskiplink "E:/Projects/VR/VR_SwordMechanic/PhantomMechanic/PhantomMechanic.uproject" ]
[2018.05.03-09.05.42:672][770]CompilerResultsLog: New page: Compilation - May 3, 2018, 1:05:42 AM
[2018.05.03-09.05.42:673][770]CompilerResultsLog: Using 'git status' to determine working set for adaptive non-unity build.
[2018.05.03-09.05.42:673][770]CompilerResultsLog: Creating makefile for hot reloading PhantomMechanic (no existing makefile)
[2018.05.03-09.05.42:673][770]CompilerResultsLog: Compiling game modules for hot reload
[2018.05.03-09.05.42:673][770]CompilerResultsLog: Parsing headers for PhantomMechanicEditor
[2018.05.03-09.05.42:673][770]CompilerResultsLog:   Running UnrealHeaderTool "E:\Projects\VR\VR_SwordMechanic\PhantomMechanic\PhantomMechanic.uproject" "E:\Projects\VR\VR_SwordMechanic\PhantomMechanic\Intermediate\Build\Win64\PhantomMechanicEditor\Development\PhantomMechanicEditor.uhtmanifest" -LogCmds="loginit warning, logexit warning, logdatabase error" -Unattended -WarningsAsErrors -installed
[2018.05.03-09.05.42:673][770]CompilerResultsLog: Reflection code generated for PhantomMechanicEditor in 12.401846 seconds
[2018.05.03-09.05.42:674][770]CompilerResultsLog: Performing 5 actions (4 in parallel)
[2018.05.03-09.05.42:674][770]CompilerResultsLog: PhantomArm.cpp
[2018.05.03-09.05.42:674][770]CompilerResultsLog: PhantomArm.gen.cpp
[2018.05.03-09.05.42:674][770]CompilerResultsLog: PhantomMechanic.init.gen.cpp
[2018.05.03-09.05.42:674][770]CompilerResultsLog: [4/5] Link UE4Editor-PhantomMechanic-4926.dll
[2018.05.03-09.05.42:674][770]CompilerResultsLog: [5/5] Link UE4Editor-PhantomMechanic-4926.lib
[2018.05.03-09.05.42:675][770]CompilerResultsLog:    Creating library E:\Projects\VR\VR_SwordMechanic\PhantomMechanic\Intermediate\Build\Win64\UE4Editor\Development\UE4Editor-PhantomMechanic-4926.lib and object E:\Projects\VR\VR_SwordMechanic\PhantomMechanic\Intermediate\Build\Win64\UE4Editor\Development\UE4Editor-PhantomMechanic-4926.exp
[2018.05.03-09.05.42:675][770]CompilerResultsLog:    Creating library E:\Projects\VR\VR_SwordMechanic\PhantomMechanic\Intermediate\Build\Win64\UE4Editor\Development\UE4Editor-PhantomMechanic-4926.suppressed.lib and object E:\Projects\VR\VR_SwordMechanic\PhantomMechanic\Intermediate\Build\Win64\UE4Editor\Development\UE4Editor-PhantomMechanic-4926.suppressed.exp
[2018.05.03-09.05.42:675][770]CompilerResultsLog: Total build time: 26.50 seconds (Local executor: 7.46 seconds)
[2018.05.03-09.05.42:675][770]LogMainFrame: MainFrame: Module compiling took 26.800 seconds
[2018.05.03-09.05.42:765][770]LogClass: Could not find existing class PhantomArm in package /Script/PhantomMechanic for HotReload, assuming new class
[2018.05.03-09.05.42:774][770]LogContentBrowser: Native class hierarchy updated for 'PhantomMechanic' in 0.0022 seconds. Added 10 classes and 5 folders.
[2018.05.03-09.05.42:778][770]Display: HotReload successful (0 functions remapped  0 scriptstructs remapped)
[2018.05.03-09.05.42:878][770]LogContentBrowser: Native class hierarchy populated in 0.0176 seconds. Added 2463 classes and 565 folders.
[2018.05.03-09.05.42:879][770]Display: HotReload took 27.0s.
[2018.05.03-09.05.42:880][770]Warning: HotReload operation took 27.0s.
[2018.05.03-09.05.43:041][770]LogVSAccessor: Warning: Couldn't goto column number '1' of line '1' in 'E:/Projects/VR/VR_SwordMechanic/PhantomMechanic/Source/PhantomMechanic/Pawn/Phantom/PhantomArm.h'
[2018.05.03-09.05.43:385][770]LogSlate: Window 'Add C++ Class' being destroyed
[2018.05.03-09.05.43:396][770]LogHotReload: New module detected: UE4Editor-PhantomMechanic-4926.dll
[2018.05.03-09.05.43:468][771]LogHotReload: Starting Hot-Reload from IDE
[2018.05.03-09.05.43:561][771]LogContentBrowser: Native class hierarchy updated for 'PhantomMechanic' in 0.0031 seconds. Added 10 classes and 5 folders.
[2018.05.03-09.05.43:566][771]Display: HotReload successful (0 functions remapped  0 scriptstructs remapped)
[2018.05.03-09.05.43:637][771]LogContentBrowser: Native class hierarchy populated in 0.0331 seconds. Added 2463 classes and 565 folders.
[2018.05.03-09.05.43:680][771]Display: HotReload took  0.2s.
[2018.05.03-09.07.24:517][571]LogSlate: Window 'Add C++ Class' being destroyed
[2018.05.03-09.07.48:073][101]LogSlate: Window 'Pick Parent Class' being destroyed
[2018.05.03-09.07.58:440][745]LogSlate: Window 'Save Level As' being destroyed
[2018.05.03-09.08.01:881][116]LogAIModule: Creating AISystem for world Test_Initial
[2018.05.03-09.08.03:735][116]LogSlate: Window 'Save Content' being destroyed
[2018.05.03-09.08.03:820][116]Cmd: MAP LOAD FILE="../../../../../../Projects/VR/VR_SwordMechanic/PhantomMechanic/Content/Levels/Test_Initial.umap" TEMPLATE=0 SHOWPROGRESS=1 FEATURELEVEL=3
[2018.05.03-09.08.03:824][116]LightingResults: New page: Lighting Build
[2018.05.03-09.08.03:826][116]LoadErrors: New page: Loading map: Test_Initial.umap
[2018.05.03-09.08.03:991][116]MapCheck: New page: Map Check
[2018.05.03-09.08.03:991][116]LightingResults: New page: Lighting Build
[2018.05.03-09.08.04:413][116]LogEditorServer: Finished looking for orphan Actors (0.000 secs)
[2018.05.03-09.08.04:506][116]Cmd: MAP CHECKDEP NOCLEARLOG
[2018.05.03-09.08.04:581][116]MapCheck: Map check complete: 0 Error(s), 0 Warning(s), took 73.826ms to complete.
[2018.05.03-09.08.04:584][116]LogFileHelpers: Loading map 'Test_Initial' took 0.843
[2018.05.03-09.08.18:024][716]LogTemp: Executing iPhonePackager certificates Engine -bundlename com.YourCompany.PhantomMechanic
[2018.05.03-09.08.18:024][716]LogTemp: CWD: E:\Development\Epic Games\UE_4.19\Engine\Binaries\DotNET\IOS
[2018.05.03-09.08.18:024][716]LogTemp: Initial Dir: E:\Development\Epic Games\UE_4.19
[2018.05.03-09.08.18:025][716]LogTemp: Env CWD: E:\Development\Epic Games\UE_4.19\Engine\Binaries\DotNET\IOS
[2018.05.03-09.08.18:025][716]LogTemp: BranchPath = EDSREDDESKTOP/E/Development/Epic Games/UE_4.19/Engine/Binaries --- GameBranchPath = EDSREDDESKTOP/E/Development/Epic Games/UE_4.19/Engine/Binaries
[2018.05.03-09.08.18:025][716]LogTemp: IPP ERROR: Could not find provision directory 'C:\Users\Edward\AppData\Local/Apple Computer/MobileDevice/Provisioning Profiles/'.
[2018.05.03-09.08.18:025][716]LogSlate: Only BGRA pngs, bmps or icos are supported in by External Image Picker
[2018.05.03-09.08.20:707][809]LogSlate: Window 'Project Settings' being destroyed
[2018.05.03-09.08.21:906][912]LogSlate: Window 'Project Settings' being destroyed
[2018.05.03-09.08.28:152][518]LogSlate: Prevented a slow task dialog from being summoned while a context menu was open
[2018.05.03-09.08.34:154][199]Cmd: OBJ SAVEPACKAGE PACKAGE="/Game/Levels/Test_Initial" FILE="../../../../../../Projects/VR/VR_SwordMechanic/PhantomMechanic/Content/Levels/Test_Initial.umap" SILENT=true AUTOSAVING=false KEEPDIRTY=false
[2018.05.03-09.08.34:370][199]LogSavePackage: Save=101.26ms
[2018.05.03-09.08.34:370][199]LogSavePackage: Moving '../../../../../../Projects/VR/VR_SwordMechanic/PhantomMechanic/Saved/Test_Initial26D5C5774C0AC7D12D07A9ACC062E104.tmp' to '../../../../../../Projects/VR/VR_SwordMechanic/PhantomMechanic/Content/Levels/Test_Initial.umap'
[2018.05.03-09.08.34:433][199]LogSavePackage: Display: Finished SavePackage ../../../../../../Projects/VR/VR_SwordMechanic/PhantomMechanic/Content/Levels/Test_Initial.umap
[2018.05.03-09.09.00:884][952]Cmd: OBJ SAVEPACKAGE PACKAGE="/Game/Levels/Test_Initial" FILE="../../../../../../Projects/VR/VR_SwordMechanic/PhantomMechanic/Content/Levels/Test_Initial.umap" SILENT=true AUTOSAVING=false KEEPDIRTY=false
[2018.05.03-09.09.00:925][952]LogSavePackage: Save=11.56ms
[2018.05.03-09.09.00:925][952]LogSavePackage: Moving '../../../../../../Projects/VR/VR_SwordMechanic/PhantomMechanic/Saved/Test_InitialFE9EBE6842C6EA0545267C9A49A68A3D.tmp' to '../../../../../../Projects/VR/VR_SwordMechanic/PhantomMechanic/Content/Levels/Test_Initial.umap'
[2018.05.03-09.09.00:928][952]LogSavePackage: Display: Finished SavePackage ../../../../../../Projects/VR/VR_SwordMechanic/PhantomMechanic/Content/Levels/Test_Initial.umap
[2018.05.03-09.09.05:175][433]Cmd: OBJ SAVEPACKAGE PACKAGE="/Game/Levels/Test_Initial" FILE="../../../../../../Projects/VR/VR_SwordMechanic/PhantomMechanic/Content/Levels/Test_Initial.umap" SILENT=true AUTOSAVING=false KEEPDIRTY=false
[2018.05.03-09.09.05:227][433]LogSavePackage: Save=15.86ms
[2018.05.03-09.09.05:228][433]LogSavePackage: Moving '../../../../../../Projects/VR/VR_SwordMechanic/PhantomMechanic/Saved/Test_InitialFF07BC644B703C35634E8A8C2F52A128.tmp' to '../../../../../../Projects/VR/VR_SwordMechanic/PhantomMechanic/Content/Levels/Test_Initial.umap'
[2018.05.03-09.09.05:232][433]LogSavePackage: Display: Finished SavePackage ../../../../../../Projects/VR/VR_SwordMechanic/PhantomMechanic/Content/Levels/Test_Initial.umap
[2018.05.03-09.09.11:507][955]LogContentBrowser: Native class hierarchy updated for 'BlueprintGraph' in 0.0024 seconds. Added 116 classes and 0 folders.
[2018.05.03-09.09.13:319][955]LogUObjectGlobals: Created PersistentFrame Addr=0x00000289fbf56f88, Size=4, Default__SKEL_PROTO_BP_AnimBlueprint_0_C Function /Engine/Transient.SKEL_PROTO_BP_AnimBlueprint_0_C:ExecuteUbergraph_PROTO_BP_AnimBlueprint_0
[2018.05.03-09.09.13:347][955]LogUObjectGlobals: Created PersistentFrame Addr=0x00000289fbf56f80, Size=4, Default__PROTO_BP_AnimBlueprint_0_C Function /Engine/Transient.PROTO_BP_AnimBlueprint_0_C:ExecuteUbergraph_PROTO_BP_AnimBlueprint_0
[2018.05.03-09.09.19:298][955]LogRenderer: Reallocating scene render targets to support 1360x940 Format 10 NumSamples 1 (Frame:1).
[2018.05.03-09.09.20:340][ 28]LogSlate: Took 0.100658 seconds to synchronously load lazily loaded font '../../../Engine/Content/Slate/Fonts/Roboto-Italic.ttf' (157K)
[2018.05.03-09.09.21:267][ 75]LogSlate: Window 'PhantomPawn*' being destroyed
[2018.05.03-09.09.23:838][152]LogSlate: Window 'Save Content' being destroyed
[2018.05.03-09.09.23:929][152]Cmd: OBJ SAVEPACKAGE PACKAGE="/Game/Pawns/Phantom/PhantomPawn" FILE="../../../../../../Projects/VR/VR_SwordMechanic/PhantomMechanic/Content/Pawns/Phantom/PhantomPawn.uasset" SILENT=true
[2018.05.03-09.09.24:011][152]LogSavePackage: Save=77.49ms
[2018.05.03-09.09.24:011][152]LogSavePackage: Moving '../../../../../../Projects/VR/VR_SwordMechanic/PhantomMechanic/Saved/PhantomPawn9A62FC8A460E17294F03369F3BE8D256.tmp' to '../../../../../../Projects/VR/VR_SwordMechanic/PhantomMechanic/Content/Pawns/Phantom/PhantomPawn.uasset'
[2018.05.03-09.09.24:049][152]LogSavePackage: Display: Finished SavePackage ../../../../../../Projects/VR/VR_SwordMechanic/PhantomMechanic/Content/Pawns/Phantom/PhantomPawn.uasset
[2018.05.03-09.09.27:260][416]LogSlate: FSceneViewport::OnFocusLost() reason 0
[2018.05.03-09.09.33:118][  7]LogSlate: FSceneViewport::OnFocusLost() reason 0
[2018.05.03-09.09.48:760][683]LogSlate: Window 'Pick Parent Class' being destroyed
[2018.05.03-09.09.52:924][169]Cmd: OBJ SAVEPACKAGE PACKAGE="/Game/Levels/Test_Initial" FILE="../../../../../../Projects/VR/VR_SwordMechanic/PhantomMechanic/Content/Levels/Test_Initial.umap" SILENT=true AUTOSAVING=false KEEPDIRTY=false
[2018.05.03-09.09.52:984][169]LogSavePackage: Save=11.66ms
[2018.05.03-09.09.52:984][169]LogSavePackage: Moving '../../../../../../Projects/VR/VR_SwordMechanic/PhantomMechanic/Saved/Test_Initial9C132A5649AE3779B4F351B86E4974E5.tmp' to '../../../../../../Projects/VR/VR_SwordMechanic/PhantomMechanic/Content/Levels/Test_Initial.umap'
[2018.05.03-09.09.52:987][169]LogSavePackage: Display: Finished SavePackage ../../../../../../Projects/VR/VR_SwordMechanic/PhantomMechanic/Content/Levels/Test_Initial.umap
