Log file open, 07/08/18 14:42:08
LogWindows: Failed to load 'aqProf.dll' (GetLastError=126)
LogWindows: File 'aqProf.dll' does not exist
LogWindows: Failed to load 'VtuneApi.dll' (GetLastError=126)
LogWindows: File 'VtuneApi.dll' does not exist
LogWindows: Failed to load 'VtuneApi32e.dll' (GetLastError=126)
LogWindows: File 'VtuneApi32e.dll' does not exist
LogInit: Display: Running engine for game: PhantomMechanic
LogPlatformFile: Not using cached read wrapper
LogInit: Display: RandInit(-1575579644) SRandInit(-1575579644).
LogInit: Read version file with build ID '3944462'
LogInit: Overriding engine version to CL 4033788, compatible CL 3944462
LogInit: Registered custom module enumerator with build ID '3944462'
LogTaskGraph: Started task graph with 5 named threads and 47 total threads with 3 sets of task threads.
LogStats: Stats thread started at 0.662151
LogD3D11RHI: Aftermath initialized
LogICUInternationalization: Display: ICU TimeZone Detection - Raw Offset: -5:00, Platform Override: ''
LogPluginManager: Mounting plugin Paper2D
LogPluginManager: Mounting plugin LiveLink
LogPluginManager: Mounting plugin LightPropagationVolume
LogPluginManager: Mounting plugin CLionSourceCodeAccess
LogPluginManager: Mounting plugin CodeLiteSourceCodeAccess
LogPluginManager: Mounting plugin GitSourceControl
LogPluginManager: Mounting plugin KDevelopSourceCodeAccess
LogPluginManager: Mounting plugin NullSourceCodeAccess
LogPluginManager: Mounting plugin PerforceSourceControl
LogPluginManager: Mounting plugin SubversionSourceControl
LogPluginManager: Mounting plugin UObjectPlugin
LogPluginManager: Mounting plugin VisualStudioCodeSourceCodeAccess
LogPluginManager: Mounting plugin VisualStudioSourceCodeAccess
LogPluginManager: Mounting plugin XCodeSourceCodeAccess
LogPluginManager: Mounting plugin AssetManagerEditor
LogPluginManager: Mounting plugin CryptoKeys
LogPluginManager: Mounting plugin DataValidation
LogPluginManager: Mounting plugin FacialAnimation
LogPluginManager: Mounting plugin GameplayTagsEditor
LogPluginManager: Mounting plugin MobileLauncherProfileWizard
LogPluginManager: Mounting plugin PluginBrowser
LogPluginManager: Mounting plugin SpeedTreeImporter
LogPluginManager: Mounting plugin DatasmithContent
LogPluginManager: Mounting plugin AlembicImporter
LogPluginManager: Mounting plugin CharacterAI
LogPluginManager: Mounting plugin HTML5Networking
LogPluginManager: Mounting plugin AndroidMedia
LogPluginManager: Mounting plugin AvfMedia
LogPluginManager: Mounting plugin ImgMedia
LogPluginManager: Mounting plugin LinearTimecode
LogPluginManager: Mounting plugin MediaCompositing
LogPluginManager: Mounting plugin MediaPlayerEditor
LogPluginManager: Mounting plugin WmfMedia
LogPluginManager: Mounting plugin TcpMessaging
LogPluginManager: Mounting plugin UdpMessaging
LogPluginManager: Mounting plugin ActorSequence
LogPluginManager: Mounting plugin LevelSequenceEditor
LogPluginManager: Mounting plugin MatineeToLevelSequence
LogPluginManager: Mounting plugin NetcodeUnitTest
LogPluginManager: Mounting plugin NUTUnrealEngine4
LogPluginManager: Mounting plugin OnlineSubsystemGooglePlay
LogPluginManager: Mounting plugin OnlineSubsystemIOS
LogPluginManager: Mounting plugin OnlineSubsystem
LogPluginManager: Mounting plugin OnlineSubsystemNull
LogPluginManager: Mounting plugin OnlineSubsystemUtils
LogPluginManager: Mounting plugin AndroidDeviceProfileSelector
LogPluginManager: Mounting plugin AndroidMoviePlayer
LogPluginManager: Mounting plugin AndroidPermission
LogPluginManager: Mounting plugin AppleARKit
LogPluginManager: Mounting plugin AppleMoviePlayer
LogPluginManager: Mounting plugin ArchVisCharacter
LogPluginManager: Mounting plugin AudioCapture
LogPluginManager: Mounting plugin CableComponent
LogPluginManager: Mounting plugin CustomMeshComponent
LogPluginManager: Mounting plugin ExampleDeviceProfileSelector
LogPluginManager: Mounting plugin GoogleCloudMessaging
LogPluginManager: Mounting plugin ImmediatePhysics
LogPluginManager: Mounting plugin IOSDeviceProfileSelector
LogPluginManager: Mounting plugin LinuxDeviceProfileSelector
LogPluginManager: Mounting plugin LocationServicesBPLibrary
LogPluginManager: Mounting plugin MobilePatchingUtils
LogPluginManager: Mounting plugin OculusVR
LogPluginManager: Plugin shader directory ../../../Engine/Plugins/Runtime/Oculus/OculusVR/Shaders found
LogPluginManager: Mapping shader source directory ../../../Engine/Plugins/Runtime/Oculus/OculusVR/Shaders to virtual directory /Plugin/OculusVR
LogPluginManager: Mounting plugin PhysXVehicles
LogPluginManager: Mounting plugin ProceduralMeshComponent
LogPluginManager: Mounting plugin RuntimePhysXCooking
LogPluginManager: Mounting plugin SteamVR
LogPluginManager: Mounting plugin WindowsMoviePlayer
LogStreaming: Display: Took  0.116s to configure plugins.
LogModuleManager: Display: Found up-to-date module file ../../../../../../Projects/VR/VR_SwordMechanic/PhantomMechanic/Binaries/Win64/UE4Editor-PhantomMechanic-Win64-DebugGame.dll (API version 3944462).
LogModuleManager: Display: Found up-to-date module file ../../../Engine/Plugins/2D/Paper2D/Binaries/Win64/UE4Editor-Paper2D.dll (API version 3944462).
LogModuleManager: Display: Found up-to-date module file ../../../Engine/Plugins/2D/Paper2D/Binaries/Win64/UE4Editor-Paper2DEditor.dll (API version 3944462).
LogModuleManager: Display: Found up-to-date module file ../../../Engine/Plugins/2D/Paper2D/Binaries/Win64/UE4Editor-PaperSpriteSheetImporter.dll (API version 3944462).
LogModuleManager: Display: Found up-to-date module file ../../../Engine/Plugins/2D/Paper2D/Binaries/Win64/UE4Editor-PaperTiledImporter.dll (API version 3944462).
LogModuleManager: Display: Found up-to-date module file ../../../Engine/Plugins/2D/Paper2D/Binaries/Win64/UE4Editor-SmartSnapping.dll (API version 3944462).
LogModuleManager: Display: Found up-to-date module file ../../../Engine/Plugins/Animation/LiveLink/Binaries/Win64/UE4Editor-LiveLink.dll (API version 3944462).
LogModuleManager: Display: Found up-to-date module file ../../../Engine/Plugins/Animation/LiveLink/Binaries/Win64/UE4Editor-LiveLinkEditor.dll (API version 3944462).
LogModuleManager: Display: Found up-to-date module file ../../../Engine/Plugins/Blendables/LightPropagationVolume/Binaries/Win64/UE4Editor-LightPropagationVolumeRuntime.dll (API version 3944462).
LogModuleManager: Display: Found up-to-date module file ../../../Engine/Plugins/Blendables/LightPropagationVolume/Binaries/Win64/UE4Editor-LightPropagationVolumeEditor.dll (API version 3944462).
LogModuleManager: Display: Found up-to-date module file ../../../Engine/Plugins/Developer/CLionSourceCodeAccess/Binaries/Win64/UE4Editor-CLionSourceCodeAccess.dll (API version 3944462).
LogModuleManager: Display: Found up-to-date module file ../../../Engine/Plugins/Developer/GitSourceControl/Binaries/Win64/UE4Editor-GitSourceControl.dll (API version 3944462).
LogModuleManager: Display: Found up-to-date module file ../../../Engine/Plugins/Developer/PerforceSourceControl/Binaries/Win64/UE4Editor-PerforceSourceControl.dll (API version 3944462).
LogModuleManager: Display: Found up-to-date module file ../../../Engine/Plugins/Developer/SubversionSourceControl/Binaries/Win64/UE4Editor-SubversionSourceControl.dll (API version 3944462).
LogModuleManager: Display: Found up-to-date module file ../../../Engine/Plugins/Developer/UObjectPlugin/Binaries/Win64/UE4Editor-UObjectPlugin.dll (API version 3944462).
LogModuleManager: Display: Found up-to-date module file ../../../Engine/Plugins/Developer/VisualStudioCodeSourceCodeAccess/Binaries/Win64/UE4Editor-VisualStudioCodeSourceCodeAccess.dll (API version 3944462).
LogModuleManager: Display: Found up-to-date module file ../../../Engine/Plugins/Developer/VisualStudioSourceCodeAccess/Binaries/Win64/UE4Editor-VisualStudioSourceCodeAccess.dll (API version 3944462).
LogModuleManager: Display: Found up-to-date module file ../../../Engine/Plugins/Editor/AssetManagerEditor/Binaries/Win64/UE4Editor-AssetManagerEditor.dll (API version 3944462).
LogModuleManager: Display: Found up-to-date module file ../../../Engine/Plugins/Editor/CryptoKeys/Binaries/Win64/UE4Editor-CryptoKeys.dll (API version 3944462).
LogModuleManager: Display: Found up-to-date module file ../../../Engine/Plugins/Editor/CryptoKeys/Binaries/Win64/UE4Editor-CryptoKeysOpenSSL.dll (API version 3944462).
LogModuleManager: Display: Found up-to-date module file ../../../Engine/Plugins/Editor/DataValidation/Binaries/Win64/UE4Editor-DataValidation.dll (API version 3944462).
LogModuleManager: Display: Found up-to-date module file ../../../Engine/Plugins/Editor/FacialAnimation/Binaries/Win64/UE4Editor-FacialAnimation.dll (API version 3944462).
LogModuleManager: Display: Found up-to-date module file ../../../Engine/Plugins/Editor/FacialAnimation/Binaries/Win64/UE4Editor-FacialAnimationEditor.dll (API version 3944462).
LogModuleManager: Display: Found up-to-date module file ../../../Engine/Plugins/Editor/GameplayTagsEditor/Binaries/Win64/UE4Editor-GameplayTagsEditor.dll (API version 3944462).
LogModuleManager: Display: Found up-to-date module file ../../../Engine/Plugins/Editor/MobileLauncherProfileWizard/Binaries/Win64/UE4Editor-MobileLauncherProfileWizard.dll (API version 3944462).
LogModuleManager: Display: Found up-to-date module file ../../../Engine/Plugins/Editor/PluginBrowser/Binaries/Win64/UE4Editor-PluginBrowser.dll (API version 3944462).
LogModuleManager: Display: Found up-to-date module file ../../../Engine/Plugins/Editor/SpeedTreeImporter/Binaries/Win64/UE4Editor-SpeedTreeImporter.dll (API version 3944462).
LogModuleManager: Display: Found up-to-date module file ../../../Engine/Plugins/Enterprise/DatasmithContent/Binaries/Win64/UE4Editor-DatasmithContent.dll (API version 3944462).
LogModuleManager: Display: Found up-to-date module file ../../../Engine/Plugins/Experimental/AlembicImporter/Binaries/Win64/UE4Editor-AlembicImporter.dll (API version 3944462).
LogModuleManager: Display: Found up-to-date module file ../../../Engine/Plugins/Experimental/AlembicImporter/Binaries/Win64/UE4Editor-AlembicLibrary.dll (API version 3944462).
LogModuleManager: Display: Found up-to-date module file ../../../Engine/Plugins/Experimental/CharacterAI/Binaries/Win64/UE4Editor-CharacterAI.dll (API version 3944462).
LogModuleManager: Display: Found up-to-date module file ../../../Engine/Plugins/Experimental/HTML5Networking/Binaries/Win64/UE4Editor-HTML5Networking.dll (API version 3944462).
LogModuleManager: Display: Found up-to-date module file ../../../Engine/Plugins/Media/AndroidMedia/Binaries/Win64/UE4Editor-AndroidMediaEditor.dll (API version 3944462).
LogModuleManager: Display: Found up-to-date module file ../../../Engine/Plugins/Media/AndroidMedia/Binaries/Win64/UE4Editor-AndroidMediaFactory.dll (API version 3944462).
LogModuleManager: Display: Found up-to-date module file ../../../Engine/Plugins/Media/AvfMedia/Binaries/Win64/UE4Editor-AvfMediaEditor.dll (API version 3944462).
LogModuleManager: Display: Found up-to-date module file ../../../Engine/Plugins/Media/AvfMedia/Binaries/Win64/UE4Editor-AvfMediaFactory.dll (API version 3944462).
LogModuleManager: Display: Found up-to-date module file ../../../Engine/Plugins/Media/AvfMedia/Binaries/Win64/UE4Editor-AvfMediaFactory.dll (API version 3944462).
LogModuleManager: Display: Found up-to-date module file ../../../Engine/Plugins/Media/ImgMedia/Binaries/Win64/UE4Editor-ImgMedia.dll (API version 3944462).
LogModuleManager: Display: Found up-to-date module file ../../../Engine/Plugins/Media/ImgMedia/Binaries/Win64/UE4Editor-ImgMediaEditor.dll (API version 3944462).
LogModuleManager: Display: Found up-to-date module file ../../../Engine/Plugins/Media/ImgMedia/Binaries/Win64/UE4Editor-ImgMediaFactory.dll (API version 3944462).
LogModuleManager: Display: Found up-to-date module file ../../../Engine/Plugins/Media/ImgMedia/Binaries/Win64/UE4Editor-ImgMediaFactory.dll (API version 3944462).
LogModuleManager: Display: Found up-to-date module file ../../../Engine/Plugins/Media/ImgMedia/Binaries/Win64/UE4Editor-OpenExrWrapper.dll (API version 3944462).
LogModuleManager: Display: Found up-to-date module file ../../../Engine/Plugins/Media/LinearTimecode/Binaries/Win64/UE4Editor-LinearTimecode.dll (API version 3944462).
LogModuleManager: Display: Found up-to-date module file ../../../Engine/Plugins/Media/MediaCompositing/Binaries/Win64/UE4Editor-MediaCompositing.dll (API version 3944462).
LogModuleManager: Display: Found up-to-date module file ../../../Engine/Plugins/Media/MediaCompositing/Binaries/Win64/UE4Editor-MediaCompositingEditor.dll (API version 3944462).
LogModuleManager: Display: Found up-to-date module file ../../../Engine/Plugins/Media/MediaPlayerEditor/Binaries/Win64/UE4Editor-MediaPlayerEditor.dll (API version 3944462).
LogModuleManager: Display: Found up-to-date module file ../../../Engine/Plugins/Media/WmfMedia/Binaries/Win64/UE4Editor-WmfMedia.dll (API version 3944462).
LogModuleManager: Display: Found up-to-date module file ../../../Engine/Plugins/Media/WmfMedia/Binaries/Win64/UE4Editor-WmfMediaEditor.dll (API version 3944462).
LogModuleManager: Display: Found up-to-date module file ../../../Engine/Plugins/Media/WmfMedia/Binaries/Win64/UE4Editor-WmfMediaFactory.dll (API version 3944462).
LogModuleManager: Display: Found up-to-date module file ../../../Engine/Plugins/Media/WmfMedia/Binaries/Win64/UE4Editor-WmfMediaFactory.dll (API version 3944462).
LogModuleManager: Display: Found up-to-date module file ../../../Engine/Plugins/Messaging/TcpMessaging/Binaries/Win64/UE4Editor-TcpMessaging.dll (API version 3944462).
LogModuleManager: Display: Found up-to-date module file ../../../Engine/Plugins/Messaging/UdpMessaging/Binaries/Win64/UE4Editor-UdpMessaging.dll (API version 3944462).
LogModuleManager: Display: Found up-to-date module file ../../../Engine/Plugins/MovieScene/ActorSequence/Binaries/Win64/UE4Editor-ActorSequence.dll (API version 3944462).
LogModuleManager: Display: Found up-to-date module file ../../../Engine/Plugins/MovieScene/LevelSequenceEditor/Binaries/Win64/UE4Editor-LevelSequenceEditor.dll (API version 3944462).
LogModuleManager: Display: Found up-to-date module file ../../../Engine/Plugins/MovieScene/MatineeToLevelSequence/Binaries/Win64/UE4Editor-MatineeToLevelSequence.dll (API version 3944462).
LogModuleManager: Display: Found up-to-date module file ../../../Engine/Plugins/NetcodeUnitTest/NetcodeUnitTest/Binaries/Win64/UE4Editor-NetcodeUnitTest.dll (API version 3944462).
LogModuleManager: Display: Found up-to-date module file ../../../Engine/Plugins/NetcodeUnitTest/NUTUnrealEngine4/Binaries/Win64/UE4Editor-NUTUnrealEngine4.dll (API version 3944462).
LogModuleManager: Display: Found up-to-date module file ../../../Engine/Plugins/Online/OnlineSubsystem/Binaries/Win64/UE4Editor-OnlineSubsystem.dll (API version 3944462).
LogModuleManager: Display: Found up-to-date module file ../../../Engine/Plugins/Online/OnlineSubsystemNull/Binaries/Win64/UE4Editor-OnlineSubsystemNull.dll (API version 3944462).
LogModuleManager: Display: Found up-to-date module file ../../../Engine/Plugins/Online/OnlineSubsystemUtils/Binaries/Win64/UE4Editor-OnlineSubsystemUtils.dll (API version 3944462).
LogModuleManager: Display: Found up-to-date module file ../../../Engine/Plugins/Online/OnlineSubsystemUtils/Binaries/Win64/UE4Editor-OnlineBlueprintSupport.dll (API version 3944462).
LogModuleManager: Display: Found up-to-date module file ../../../Engine/Plugins/Runtime/AndroidDeviceProfileSelector/Binaries/Win64/UE4Editor-AndroidDeviceProfileSelector.dll (API version 3944462).
LogModuleManager: Display: Found up-to-date module file ../../../Engine/Plugins/Runtime/AndroidPermission/Binaries/Win64/UE4Editor-AndroidPermission.dll (API version 3944462).
LogModuleManager: Display: Found up-to-date module file ../../../Engine/Plugins/Runtime/AppleARKit/Binaries/Win64/UE4Editor-AppleARKit.dll (API version 3944462).
LogModuleManager: Display: Found up-to-date module file ../../../Engine/Plugins/Runtime/ArchVisCharacter/Binaries/Win64/UE4Editor-ArchVisCharacter.dll (API version 3944462).
LogModuleManager: Display: Found up-to-date module file ../../../Engine/Plugins/Runtime/AudioCapture/Binaries/Win64/UE4Editor-AudioCapture.dll (API version 3944462).
LogModuleManager: Display: Found up-to-date module file ../../../Engine/Plugins/Runtime/AudioCapture/Binaries/Win64/UE4Editor-AudioCaptureEditor.dll (API version 3944462).
LogModuleManager: Display: Found up-to-date module file ../../../Engine/Plugins/Runtime/CableComponent/Binaries/Win64/UE4Editor-CableComponent.dll (API version 3944462).
LogModuleManager: Display: Found up-to-date module file ../../../Engine/Plugins/Runtime/CustomMeshComponent/Binaries/Win64/UE4Editor-CustomMeshComponent.dll (API version 3944462).
LogModuleManager: Display: Found up-to-date module file ../../../Engine/Plugins/Runtime/ExampleDeviceProfileSelector/Binaries/Win64/UE4Editor-ExampleDeviceProfileSelector.dll (API version 3944462).
LogModuleManager: Display: Found up-to-date module file ../../../Engine/Plugins/Runtime/ImmediatePhysics/Binaries/Win64/UE4Editor-ImmediatePhysics.dll (API version 3944462).
LogModuleManager: Display: Found up-to-date module file ../../../Engine/Plugins/Runtime/ImmediatePhysics/Binaries/Win64/UE4Editor-ImmediatePhysicsEditor.dll (API version 3944462).
LogModuleManager: Display: Found up-to-date module file ../../../Engine/Plugins/Runtime/LocationServicesBPLibrary/Binaries/Win64/UE4Editor-LocationServicesBPLibrary.dll (API version 3944462).
LogModuleManager: Display: Found up-to-date module file ../../../Engine/Plugins/Runtime/MobilePatchingUtils/Binaries/Win64/UE4Editor-MobilePatchingUtils.dll (API version 3944462).
LogModuleManager: Display: Found up-to-date module file ../../../Engine/Plugins/Runtime/Oculus/OculusVR/Binaries/Win64/UE4Editor-OculusHMD.dll (API version 3944462).
LogModuleManager: Display: Found up-to-date module file ../../../Engine/Plugins/Runtime/Oculus/OculusVR/Binaries/Win64/UE4Editor-OculusInput.dll (API version 3944462).
LogModuleManager: Display: Found up-to-date module file ../../../Engine/Plugins/Runtime/Oculus/OculusVR/Binaries/Win64/UE4Editor-OculusEditor.dll (API version 3944462).
LogModuleManager: Display: Found up-to-date module file ../../../Engine/Plugins/Runtime/PhysXVehicles/Binaries/Win64/UE4Editor-PhysXVehicles.dll (API version 3944462).
LogModuleManager: Display: Found up-to-date module file ../../../Engine/Plugins/Runtime/PhysXVehicles/Binaries/Win64/UE4Editor-PhysXVehiclesEditor.dll (API version 3944462).
LogModuleManager: Display: Found up-to-date module file ../../../Engine/Plugins/Runtime/ProceduralMeshComponent/Binaries/Win64/UE4Editor-ProceduralMeshComponent.dll (API version 3944462).
LogModuleManager: Display: Found up-to-date module file ../../../Engine/Plugins/Runtime/ProceduralMeshComponent/Binaries/Win64/UE4Editor-ProceduralMeshComponentEditor.dll (API version 3944462).
LogModuleManager: Display: Found up-to-date module file ../../../Engine/Plugins/Runtime/RuntimePhysXCooking/Binaries/Win64/UE4Editor-RuntimePhysXCooking.dll (API version 3944462).
LogModuleManager: Display: Found up-to-date module file ../../../Engine/Plugins/Runtime/Steam/SteamVR/Binaries/Win64/UE4Editor-SteamVR.dll (API version 3944462).
LogModuleManager: Display: Found up-to-date module file ../../../Engine/Plugins/Runtime/Steam/SteamVR/Binaries/Win64/UE4Editor-SteamVRController.dll (API version 3944462).
LogModuleManager: Display: Found up-to-date module file ../../../Engine/Plugins/Runtime/WindowsMoviePlayer/Binaries/Win64/UE4Editor-WindowsMoviePlayer.dll (API version 3944462).
LogInit: Using libcurl 7.47.1
LogInit:  - built for x86_64-pc-win32
LogInit:  - supports SSL with OpenSSL/1.0.2g
LogInit:  - supports HTTP deflate (compression) using libz 1.2.8
LogInit:  - other features:
LogInit:      CURL_VERSION_SSL
LogInit:      CURL_VERSION_LIBZ
LogInit:      CURL_VERSION_IPV6
LogInit:      CURL_VERSION_ASYNCHDNS
LogInit:      CURL_VERSION_LARGEFILE
LogInit:      CURL_VERSION_IDN
LogInit:  CurlRequestOptions (configurable via config and command line):
LogInit:  - bVerifyPeer = false  - Libcurl will NOT verify peer certificate
LogInit:  - bUseHttpProxy = false  - Libcurl will NOT use HTTP proxy
LogInit:  - bDontReuseConnections = false  - Libcurl will reuse connections
LogInit:  - CertBundlePath = nullptr  - Libcurl will use whatever was configured at build time.
LogInit:  - MaxHostConnections = 16  - Libcurl will limit the number of connections to a host
LogInit:  - LocalHostAddr = Default
LogInit: WinSock: version 1.1 (2.2), MaxSocks=32767, MaxUdp=65467
LogInit: WinSock: I am WhiteCube (10.0.0.240:0)
LogHMD: Failed initializing OVRPlugin 1.21.0
LogInit: Build: ++UE4+Release-4.19-CL-4033788
LogInit: Engine Version: 4.19.2-4033788+++UE4+Release-4.19
LogInit: Compatible Engine Version: 4.19.0-3944462+++UE4+Release-4.19
LogInit: Net CL: 3944462
LogDevObjectVersion: Number of dev versions registered: 18
LogDevObjectVersion:   Dev-Blueprints (B0D832E4-1F89-4F0D-ACCF-7EB736FD4AA2): 10
LogDevObjectVersion:   Dev-Build (E1C64328-A22C-4D53-A36C-8E866417BD8C): 0
LogDevObjectVersion:   Dev-Core (375EC13C-06E4-48FB-B500-84F0262A717E): 2
LogDevObjectVersion:   Dev-Editor (E4B068ED-F494-42E9-A231-DA0B2E46BB41): 23
LogDevObjectVersion:   Dev-Framework (CFFC743F-43B0-4480-9391-14DF171D2073): 33
LogDevObjectVersion:   Dev-Mobile (B02B49B5-BB20-44E9-A304-32B752E40360): 2
LogDevObjectVersion:   Dev-Networking (A4E4105C-59A1-49B5-A7C5-40C4547EDFEE): 0
LogDevObjectVersion:   Dev-Online (39C831C9-5AE6-47DC-9A44-9C173E1C8E7C): 0
LogDevObjectVersion:   Dev-Physics (78F01B33-EBEA-4F98-B9B4-84EACCB95AA2): 0
LogDevObjectVersion:   Dev-Platform (6631380F-2D4D-43E0-8009-CF276956A95A): 0
LogDevObjectVersion:   Dev-Rendering (12F88B9F-8875-4AFC-A67C-D90C383ABD29): 25
LogDevObjectVersion:   Dev-Sequencer (7B5AE74C-D270-4C10-A958-57980B212A5A): 6
LogDevObjectVersion:   Dev-VR (D7296918-1DD6-4BDD-9DE2-64A83CC13884): 1
LogDevObjectVersion:   Dev-LoadTimes (C2A15278-BFE7-4AFE-6C17-90FF531DF755): 1
LogDevObjectVersion:   Private-Geometry (6EACA3D4-40EC-4CC1-B786-8BED09428FC5): 2
LogDevObjectVersion:   Dev-AnimPhys (29E575DD-E0A3-4627-9D10-D276232CDCEA): 16
LogDevObjectVersion:   Dev-ReflectionCapture (6B266CEC-1EC7-4B8F-A30B-E4D90942FC07): 1
LogDevObjectVersion:   Dev-Automation (0DF73D61-A23F-47EA-B727-89E90C41499A): 1
LogInit: Compiled (64-bit): Apr 27 2018 02:06:57
LogInit: Compiled with Visual C++: 19.00.24215.01
LogInit: Build Configuration: DebugGame
LogInit: Branch Name: ++UE4+Release-4.19
LogInit: Command Line:  -skipcompile -debug
LogInit: Base Directory: E:/Development/Epic Games/UE_4.19/Engine/Binaries/Win64/
LogInit: Installed Engine Build: 1
LogStreaming: Display: Took  0.001s to delete old logs.
LogInit: Presizing for max 8388607 objects, including 0 objects not considered by GC, pre-allocating 0 bytes for permanent pool.
LogInit: Object subsystem initialized
[2018.07.08-18.42.11:087][  0]LogInit: Selected Device Profile: [Windows]
[2018.07.08-18.42.11:087][  0]LogInit: Applying CVar settings loaded from the selected device profile: [Windows]
[2018.07.08-18.42.11:100][  0]LogInit: Computer: WHITECUBE
[2018.07.08-18.42.11:100][  0]LogInit: User: Edward
[2018.07.08-18.42.11:100][  0]LogInit: CPU Page size=4096, Cores=8
[2018.07.08-18.42.11:100][  0]LogInit: High frequency timer resolution =3.606500 MHz
[2018.07.08-18.42.11:101][  0]LogMemory: Memory total: Physical=15.9GB (16GB approx)
[2018.07.08-18.42.11:101][  0]LogMemory: Platform Memory Stats for Windows
[2018.07.08-18.42.11:101][  0]LogMemory: Process Physical Memory: 281.87 MB used, 281.87 MB peak
[2018.07.08-18.42.11:101][  0]LogMemory: Process Virtual Memory: 278.29 MB used, 278.29 MB peak
[2018.07.08-18.42.11:101][  0]LogMemory: Physical Memory: 7871.37 MB used,  8445.79 MB free, 16317.16 MB total
[2018.07.08-18.42.11:101][  0]LogMemory: Virtual Memory: 4877.79 MB used,  8445.79 MB free, 134217728.00 MB total
[2018.07.08-18.42.11:203][  0]LogInit: Using OS detected language (en-US).
[2018.07.08-18.42.11:203][  0]LogInit: Using OS detected locale (en-US).
[2018.07.08-18.42.11:206][  0]LogTextLocalizationManager: No specific localization for 'en-US' exists, so the 'en' localization will be used.
[2018.07.08-18.42.11:605][  0]LogStreaming: Display: Took  0.402s to EndInitTextLocalization.
[2018.07.08-18.42.11:605][  0]LogInit: Setting process to per monitor DPI aware
[2018.07.08-18.42.11:655][  0]LogSlate: New Slate User Created.  User Index 0, Is Virtual User: 0
[2018.07.08-18.42.11:655][  0]LogSlate: Slate User Registered.  User Index 0, Is Virtual User: 0
[2018.07.08-18.42.11:828][  0]LogD3D11RHI: D3D11 adapters:
[2018.07.08-18.42.11:902][  0]LogD3D11RHI:    0. 'NVIDIA GeForce GTX 1080' (Feature Level 11_0)
[2018.07.08-18.42.11:902][  0]LogD3D11RHI:       8079/0/8158 MB DedicatedVideo/DedicatedSystem/SharedSystem, Outputs:1, VendorId:0x10de
[2018.07.08-18.42.11:906][  0]LogD3D11RHI:    1. 'Microsoft Basic Render Driver' (Feature Level 11_0)
[2018.07.08-18.42.11:906][  0]LogD3D11RHI:       0/0/8158 MB DedicatedVideo/DedicatedSystem/SharedSystem, Outputs:0, VendorId:0x1414
[2018.07.08-18.42.11:906][  0]LogD3D11RHI: Chosen D3D11 Adapter: 0
[2018.07.08-18.42.11:915][  0]LogD3D11RHI: Creating new Direct3DDevice
[2018.07.08-18.42.11:915][  0]LogD3D11RHI:     GPU DeviceId: 0x1b80 (for the marketing name, search the web for "GPU Device Id")
[2018.07.08-18.42.11:915][  0]LogWindows: EnumDisplayDevices:
[2018.07.08-18.42.11:916][  0]LogWindows:    0. 'NVIDIA GeForce GTX 1080' (P:1 D:1)
[2018.07.08-18.42.11:916][  0]LogWindows:    1. 'NVIDIA GeForce GTX 1080' (P:0 D:0)
[2018.07.08-18.42.11:916][  0]LogWindows:    2. 'NVIDIA GeForce GTX 1080' (P:0 D:0)
[2018.07.08-18.42.11:916][  0]LogWindows:    3. 'NVIDIA GeForce GTX 1080' (P:0 D:0)
[2018.07.08-18.42.11:916][  0]LogWindows: DebugString: GetVideoDriverDetailsInvalid PrimaryIsNotTheChoosenAdapter GetVideoDriverDetailsInvalid PrimaryIsNotTheChoosenAdapter GetVideoDriverDetailsInvalid PrimaryIsNotTheChoosenAdapter GetVideoDriverDetailsInvalid PrimaryIsNotTheChoosenAdapter FoundDriverCount:0 
[2018.07.08-18.42.11:916][  0]LogD3D11RHI:     Adapter Name: NVIDIA GeForce GTX 1080
[2018.07.08-18.42.11:916][  0]LogD3D11RHI:   Driver Version: Unknown (internal:Unknown, unified:Unknown)
[2018.07.08-18.42.11:916][  0]LogD3D11RHI:      Driver Date: Unknown
[2018.07.08-18.42.11:917][  0]LogRHI: Texture pool is 5655 MB (70% of 8079 MB)
[2018.07.08-18.42.11:969][  0]LogD3D11RHI: [Aftermath] Aftermath enabled and primed
[2018.07.08-18.42.11:969][  0]LogD3D11RHI: [Aftermath] Aftermath enabled and primed
[2018.07.08-18.42.11:969][  0]LogD3D11RHI: Async texture creation enabled
[2018.07.08-18.42.12:002][  0]LogD3D11RHI: GPU Timing Frequency: 1000.000000 (Debug: 2 2)
[2018.07.08-18.42.12:044][  0]LogShaderCompilers: Guid format shader working directory is -16 characters bigger than the processId version (../../../../../../Projects/VR/VR_SwordMechanic/PhantomMechanic/Intermediate/Shaders/WorkingDirectory/20472/).
[2018.07.08-18.42.12:044][  0]LogShaderCompilers: Cleaned the shader compiler working directory 'C:/Users/Edward/AppData/Local/Temp/UnrealShaderWorkingDir/9274D2664E41438862C5699F1649250B/'.
[2018.07.08-18.42.12:236][  0]LogTemp: Display: Loaded TP AllDesktopTargetPlatform
[2018.07.08-18.42.12:258][  0]LogTemp: Display: Loaded TP MacClientTargetPlatform
[2018.07.08-18.42.12:280][  0]LogTemp: Display: Loaded TP MacNoEditorTargetPlatform
[2018.07.08-18.42.12:301][  0]LogTemp: Display: Loaded TP MacServerTargetPlatform
[2018.07.08-18.42.12:321][  0]LogTemp: Display: Loaded TP MacTargetPlatform
[2018.07.08-18.42.12:342][  0]LogTemp: Display: Loaded TP WindowsClientTargetPlatform
[2018.07.08-18.42.12:362][  0]LogTemp: Display: Loaded TP WindowsNoEditorTargetPlatform
[2018.07.08-18.42.12:382][  0]LogTemp: Display: Loaded TP WindowsServerTargetPlatform
[2018.07.08-18.42.12:395][  0]LogTemp: Display: Loaded TP WindowsTargetPlatform
[2018.07.08-18.42.12:411][  0]LogTemp: Display: Loaded TP Android_ASTCTargetPlatform
[2018.07.08-18.42.12:428][  0]LogTemp: Display: Loaded TP Android_ATCTargetPlatform
[2018.07.08-18.42.12:445][  0]LogTemp: Display: Loaded TP Android_DXTTargetPlatform
[2018.07.08-18.42.12:461][  0]LogTemp: Display: Loaded TP Android_ETC1aTargetPlatform
[2018.07.08-18.42.12:478][  0]LogTemp: Display: Loaded TP Android_ETC1TargetPlatform
[2018.07.08-18.42.12:495][  0]LogTemp: Display: Loaded TP Android_ETC2TargetPlatform
[2018.07.08-18.42.12:527][  0]LogTemp: Display: Loaded TP Android_MultiTargetPlatform
[2018.07.08-18.42.12:527][  0]LogTemp: Display: Loaded TP Android_PVRTCTargetPlatform
[2018.07.08-18.42.12:544][  0]LogTemp: Display: Loaded TP AndroidTargetPlatform
[2018.07.08-18.42.12:548][  0]LogTemp: Display: Loaded TP HTML5TargetPlatform
[2018.07.08-18.42.12:599][  0]LogTemp: Display: Loaded TP IOSTargetPlatform
[2018.07.08-18.42.12:615][  0]LogTemp: Display: Loaded TP TVOSTargetPlatform
[2018.07.08-18.42.12:631][  0]LogTemp: Display: Loaded TP LinuxClientTargetPlatform
[2018.07.08-18.42.12:647][  0]LogTemp: Display: Loaded TP LinuxNoEditorTargetPlatform
[2018.07.08-18.42.12:663][  0]LogTemp: Display: Loaded TP LinuxServerTargetPlatform
[2018.07.08-18.42.12:679][  0]LogTemp: Display: Loaded TP LinuxTargetPlatform
[2018.07.08-18.42.12:679][  0]LogTargetPlatformManager: Display: Building Assets For Windows
[2018.07.08-18.42.12:876][  0]LogXGEController: Cleaning working directory: C:/Users/Edward/AppData/Local/Temp/UnrealXGEWorkingDir/
[2018.07.08-18.42.12:877][  0]LogXGEController: Cannot use XGE Controller as Incredibuild is not installed on this machine.
[2018.07.08-18.42.12:877][  0]LogShaderCompilers: Cannot use XGE Shader Compiler as Incredibuild is not installed on this machine.
[2018.07.08-18.42.12:877][  0]LogShaderCompilers: Display: Using Local Shader Compiler.
[2018.07.08-18.42.13:488][  0]LogDerivedDataCache: Display: Max Cache Size: 512 MB
[2018.07.08-18.42.13:553][  0]LogDerivedDataCache: Loaded boot cache 0.06s 76MB C:/Users/Edward/AppData/Local/UnrealEngine/4.19/DerivedDataCache/Boot.ddc.
[2018.07.08-18.42.13:553][  0]LogDerivedDataCache: Display: Loaded Boot cache: C:/Users/Edward/AppData/Local/UnrealEngine/4.19/DerivedDataCache/Boot.ddc
[2018.07.08-18.42.13:554][  0]LogDerivedDataCache: FDerivedDataBackendGraph:  Pak pak cache file ../../../../../../Projects/VR/VR_SwordMechanic/PhantomMechanic/DerivedDataCache/DDC.ddp not found, will not use a pak cache.
[2018.07.08-18.42.13:554][  0]LogDerivedDataCache: Unable to find inner node Pak for hierarchical cache Hierarchy.
[2018.07.08-18.42.13:554][  0]LogDerivedDataCache: FDerivedDataBackendGraph:  CompressedPak pak cache file ../../../../../../Projects/VR/VR_SwordMechanic/PhantomMechanic/DerivedDataCache/Compressed.ddp not found, will not use a pak cache.
[2018.07.08-18.42.13:554][  0]LogDerivedDataCache: Unable to find inner node CompressedPak for hierarchical cache Hierarchy.
[2018.07.08-18.42.13:571][  0]LogDerivedDataCache: Display: Pak cache opened for reading ../../../Engine/DerivedDataCache/Compressed.ddp.
[2018.07.08-18.42.13:585][  0]LogDerivedDataCache: Using Local data cache path C:/Users/Edward/AppData/Local/UnrealEngine/Common/DerivedDataCache: Writable
[2018.07.08-18.42.13:585][  0]LogDerivedDataCache: Shared data cache path not found in *engine.ini, will not use an Shared cache.
[2018.07.08-18.42.13:585][  0]LogDerivedDataCache: Unable to find inner node Shared for hierarchical cache Hierarchy.
[2018.07.08-18.42.13:596][  0]LogMaterial: Verifying Global Shaders for PCD3D_SM5
[2018.07.08-18.42.13:597][  0]LogSlate: Using Freetype 2.6.0
[2018.07.08-18.42.13:597][  0]LogSlate: SlateFontCache - WITH_FREETYPE: 1, WITH_HARFBUZZ: 1
[2018.07.08-18.42.13:597][  0]LogSlate: SlateFontCache - WITH_FREETYPE: 1, WITH_HARFBUZZ: 1
[2018.07.08-18.42.13:712][  0]LogAssetRegistry: FAssetRegistry took 0.0291 seconds to start up
[2018.07.08-18.42.14:021][  0]LogInit: Selected Device Profile: [Windows]
[2018.07.08-18.42.14:189][  0]LogSimplygon: Simplygon DLL not present - disabling.
[2018.07.08-18.42.14:198][  0]LogMeshReduction: Using SimplygonSwarm for distributed automatic mesh merging
[2018.07.08-18.42.14:198][  0]LogMeshReduction: Using QuadricMeshReduction for automatic static mesh reduction
[2018.07.08-18.42.14:198][  0]LogMeshReduction: No automatic skeletal mesh reduction module available
[2018.07.08-18.42.14:198][  0]LogMeshReduction: No automatic mesh merging module available
[2018.07.08-18.42.14:198][  0]LogMeshMerging: No automatic mesh merging module available
[2018.07.08-18.42.14:232][  0]LogNetVersion: PhantomMechanic , NetCL: 3944462, EngineNetVer: 2, GameNetVer: 0 (Checksum: 3498347362)
[2018.07.08-18.42.14:685][  0]LogPackageLocalizationCache: Processed 9 localized package path(s) for 2 prioritized culture(s) in 0.084478 seconds
[2018.07.08-18.42.14:691][  0]LogUObjectArray: 36728 objects as part of root set at end of initial load.
[2018.07.08-18.42.14:691][  0]LogUObjectAllocator: 7314304 out of 0 bytes used by permanent object pool.
[2018.07.08-18.42.14:691][  0]LogUObjectArray: CloseDisregardForGC: 0/0 objects in disregard for GC pool
[2018.07.08-18.42.16:405][  0]LogTcpMessaging: Initializing TcpMessaging bridge
[2018.07.08-18.42.16:438][  0]LogUdpMessaging: Initializing bridge on interface 0.0.0.0:0 to multicast group 230.0.0.1:6666.
[2018.07.08-18.42.16:709][  0]LogTemp: Warning: Set game mode function called. It has not been implemented.
[2018.07.08-18.42.16:872][  0]SourceControl: Source control is disabled
[2018.07.08-18.42.16:872][  0]SourceControl: Source control is disabled
[2018.07.08-18.42.16:895][  0]SourceControl: Source control is disabled
[2018.07.08-18.42.16:916][  0]SourceControl: Source control is disabled
[2018.07.08-18.42.17:487][  0]LogAndroidPermission: UAndroidPermissionCallbackProxy::GetInstance
[2018.07.08-18.42.17:851][  0]LogOcInput: OculusInput pre-init called
[2018.07.08-18.42.17:972][  0]LogEngine: Initializing Engine...
[2018.07.08-18.42.18:027][  0]LogHMD: SteamVR initialized.  Driver: lighthouse  Display: LHR-BED9A717
[2018.07.08-18.42.18:029][  0]LogStats: UGameplayTagsManager::ConstructGameplayTagTree: Construct from data asset -  0.000 s
[2018.07.08-18.42.18:029][  0]LogStats: UGameplayTagsManager::ConstructGameplayTagTree: GameplayTagTreeChangedEvent.Broadcast -  0.000 s
[2018.07.08-18.42.18:221][  0]LogAIModule: Creating AISystem for world Untitled
[2018.07.08-18.42.18:378][  0]LogInit: XAudio2 using 'Speakers (Realtek High Definition Audio)' : 2 channels at 48 kHz using 32 bits per sample (channel mask 0x3)
[2018.07.08-18.42.18:406][  0]LogInit: FAudioDevice initialized.
[2018.07.08-18.42.18:512][  0]LogDerivedDataCache: Saved boot cache 0.11s 76MB C:/Users/Edward/AppData/Local/UnrealEngine/4.19/DerivedDataCache/Boot.ddc.
[2018.07.08-18.42.18:528][  0]LogInit: Texture streaming: Enabled
[2018.07.08-18.42.18:562][  0]LogEngineSessionManager: EngineSessionManager initialized
[2018.07.08-18.42.18:576][  0]LogEngineSessionManager: EngineSessionManager sent abnormal shutdown report. Type=Debugger, SessionId={B850E6F6-4FE4-1523-9BDE-11ACC92BC036}
[2018.07.08-18.42.18:596][  0]LogInit: Transaction tracking system initialized
[2018.07.08-18.42.18:650][  0]BlueprintLog: New page: Editor Load
[2018.07.08-18.42.18:825][  0]LocalizationService: Localization service is disabled
[2018.07.08-18.42.19:150][  0]LogConsoleResponse: Display: 
[2018.07.08-18.42.19:277][  0]LogCook: Display: Max memory allowance for cook 16384mb min free memory 0mb
[2018.07.08-18.42.19:277][  0]LogCook: Display: Mobile HDR setting 1
[2018.07.08-18.42.19:277][  0]LogGameplayTags: Display: UGameplayTagsManager::DoneAddingNativeTags. DelegateIsBound: 0
[2018.07.08-18.42.19:278][  0]LogStats: UGameplayTagsManager::ConstructGameplayTagTree: Construct from data asset -  0.000 s
[2018.07.08-18.42.19:278][  0]LogStats: UGameplayTagsManager::ConstructGameplayTagTree: GameplayTagTreeChangedEvent.Broadcast -  0.000 s
[2018.07.08-18.42.19:738][  0]LogFileCache: Scanning file cache for directory 'E:/Projects/VR/VR_SwordMechanic/PhantomMechanic/Content/' took 0.01s
[2018.07.08-18.42.19:738][  0]SourceControl: Source control is disabled
[2018.07.08-18.42.19:738][  0]Cmd: MAP LOAD FILE="../../../../../../Projects/VR/VR_SwordMechanic/PhantomMechanic/Content/Levels/Test_Initial/Test_Initial.umap" TEMPLATE=0 SHOWPROGRESS=1 FEATURELEVEL=3
[2018.07.08-18.42.19:738][  0]LightingResults: New page: Lighting Build
[2018.07.08-18.42.19:742][  0]MapCheck: New page: Map Check
[2018.07.08-18.42.19:742][  0]LightingResults: New page: Lighting Build
[2018.07.08-18.42.19:909][  0]LogAIModule: Creating AISystem for world Test_Initial
[2018.07.08-18.42.19:917][  0]LogEditorServer: Finished looking for orphan Actors (0.000 secs)
[2018.07.08-18.42.19:924][  0]Cmd: MAP CHECKDEP NOCLEARLOG
[2018.07.08-18.42.19:960][  0]MapCheck: Map check complete: 0 Error(s), 0 Warning(s), took 35.457ms to complete.
[2018.07.08-18.42.19:960][  0]LogFileHelpers: Loading map 'Test_Initial' took 0.222
[2018.07.08-18.42.20:097][  0]LogSlate: Took 0.000150 seconds to synchronously load lazily loaded font '../../../Engine/Content/Slate/Fonts/Roboto-Regular.ttf' (155K)
[2018.07.08-18.42.21:809][  0]LogSlate: Only BGRA pngs, bmps or icos are supported in by External Image Picker
[2018.07.08-18.42.21:909][  0]LogTemp: Executing iPhonePackager certificates Engine -bundlename com.YourCompany.PhantomMechanic
[2018.07.08-18.42.21:909][  0]LogTemp: CWD: E:\Development\Epic Games\UE_4.19\Engine\Binaries\DotNET\IOS
[2018.07.08-18.42.21:909][  0]LogTemp: Initial Dir: E:\Development\Epic Games\UE_4.19
[2018.07.08-18.42.21:909][  0]LogTemp: Env CWD: E:\Development\Epic Games\UE_4.19\Engine\Binaries\DotNET\IOS
[2018.07.08-18.42.21:909][  0]LogTemp: BranchPath = WHITECUBE/E/Development/Epic Games/UE_4.19/Engine/Binaries --- GameBranchPath = WHITECUBE/E/Development/Epic Games/UE_4.19/Engine/Binaries
[2018.07.08-18.42.21:909][  0]LogTemp: IPP ERROR: Could not find provision directory 'C:\Users\Edward\AppData\Local/Apple Computer/MobileDevice/Provisioning Profiles/'.
[2018.07.08-18.42.21:909][  0]LogCollectionManager: Loaded 0 collections in 0.002603 seconds
[2018.07.08-18.42.21:961][  0]LogFileCache: Scanning file cache for directory 'E:/Projects/VR/VR_SwordMechanic/PhantomMechanic/Saved/Collections/' took 0.01s
[2018.07.08-18.42.21:961][  0]LogFileCache: Scanning file cache for directory 'E:/Projects/VR/VR_SwordMechanic/PhantomMechanic/Content/Developers/Edward/Collections/' took 0.01s
[2018.07.08-18.42.21:961][  0]LogFileCache: Scanning file cache for directory 'E:/Projects/VR/VR_SwordMechanic/PhantomMechanic/Content/Collections/' took 0.01s
[2018.07.08-18.42.21:961][  0]LogCollectionManager: Rebuilt the GUID cache for 0 collections in 0.000000 seconds
[2018.07.08-18.42.21:971][  0]LogContentBrowser: Native class hierarchy populated in 0.0101 seconds. Added 2468 classes and 564 folders.
[2018.07.08-18.42.21:982][  0]LogContentBrowser: Native class hierarchy updated for 'WidgetCarousel' in 0.0008 seconds. Added 0 classes and 0 folders.
[2018.07.08-18.42.22:018][  0]LogContentBrowser: Native class hierarchy updated for 'AddContentDialog' in 0.0009 seconds. Added 0 classes and 0 folders.
[2018.07.08-18.42.22:083][  0]LogContentBrowser: Native class hierarchy updated for 'SceneOutliner' in 0.0009 seconds. Added 1 classes and 2 folders.
[2018.07.08-18.42.22:111][  0]LogSlate: Took 0.000252 seconds to synchronously load lazily loaded font '../../../Engine/Content/Slate/Fonts/Roboto-Bold.ttf' (160K)
[2018.07.08-18.42.22:116][  0]LogSlate: Took 0.000242 seconds to synchronously load lazily loaded font '../../../Engine/Content/Editor/Slate/Fonts/FontAwesome.ttf' (139K)
[2018.07.08-18.42.22:229][  0]LogRenderer: Reallocating scene render targets to support 1360x636 Format 9 NumSamples 1 (Frame:1).
[2018.07.08-18.42.22:361][  0]LogContentBrowser: Native class hierarchy updated for 'HierarchicalLODOutliner' in 0.0009 seconds. Added 0 classes and 0 folders.
[2018.07.08-18.42.22:362][  0]LogLoad: (Engine Initialization) Total time: 15.31 seconds
[2018.07.08-18.42.22:362][  0]LogLoad: (Engine Initialization) Total Blueprint compile time: 0.00 seconds
[2018.07.08-18.42.22:372][  0]LogWindowsTextInputMethodSystem: Display: IME system now activated using TSF (Google Japanese Input).
[2018.07.08-18.42.22:986][  0]LogContentStreaming: Texture pool size now 400 MB
[2018.07.08-18.42.23:020][  0]LogSlate: Took 0.000167 seconds to synchronously load lazily loaded font '../../../Engine/Content/Slate/Fonts/Roboto-Light.ttf' (167K)
[2018.07.08-18.42.23:057][  1]LogAssetRegistry: Asset discovery search completed in 9.3696 seconds
[2018.07.08-18.42.23:059][  1]LogCollectionManager: Rebuilt the object cache for 0 collections in 0.000000 seconds (found 0 objects)
[2018.07.08-18.42.23:059][  1]LogCollectionManager: Fixed up redirectors for 0 collections in 0.000144 seconds (updated 0 objects)
[2018.07.08-18.42.28:918][694]LogSlate: FSceneViewport::OnFocusLost() reason 0
[2018.07.08-18.42.30:428][873]LogUObjectGlobals: Created PersistentFrame Addr=0x0000015983cd49a0, Size=48, Default__PhantomArm_AnimBP_C Function /Game/Pawns/Phantom/Arms/Assets/PhantomArm_AnimBP.PhantomArm_AnimBP_C:ExecuteUbergraph_PhantomArm_AnimBP
[2018.07.08-18.42.30:436][873]LogUObjectGlobals: Destroyed PersistentFrame Addr=0x0000015983cd49a0, Size=48
[2018.07.08-18.42.30:436][873]LogUObjectGlobals: Created PersistentFrame Addr=0x0000015983cd4700, Size=48, Default__PhantomArm_AnimBP_C Function /Engine/Transient.REINST_PhantomArm_AnimBP_C_0:ExecuteUbergraph_PhantomArm_AnimBP
[2018.07.08-18.42.30:439][873]LogUObjectGlobals: Created PersistentFrame Addr=0x0000015a16a20f70, Size=48, Default__PhantomArm_AnimBP_C Function /Game/Pawns/Phantom/Arms/Assets/PhantomArm_AnimBP.PhantomArm_AnimBP_C:ExecuteUbergraph_PhantomArm_AnimBP
[2018.07.08-18.42.30:447][873]LogUObjectGlobals: Created PersistentFrame Addr=0x0000015a15bb0ef0, Size=4, Default__PhantomPawn_BP_C Function /Game/Pawns/Phantom/PhantomPawn_BP.PhantomPawn_BP_C:ExecuteUbergraph_PhantomPawn_BP
[2018.07.08-18.42.30:451][873]LogBlueprint: Error: [Compiler PhantomPawn_BP] Internal Compiler Error: Tried to create a property MotionController_Left in scope SKEL_PhantomPawn_BP_C, but another object (ObjectProperty /Script/PhantomMechanic.PhantomPawn:MotionController_Left) already already exists there.
[2018.07.08-18.42.30:452][873]LogBlueprint: Error: [Compiler PhantomPawn_BP] Internal Compiler Error: Tried to create a property MotionController_Right in scope SKEL_PhantomPawn_BP_C, but another object (ObjectProperty /Script/PhantomMechanic.PhantomPawn:MotionController_Right) already already exists there.
[2018.07.08-18.42.30:453][873]LogBlueprint: Warning: [Compiler PhantomPawn_BP] Get : 'DefaultPlayerHeight' variable not found. Base class was probably changed. /Game/Pawns/Phantom/PhantomPawn_BP.PhantomPawn_BP
[2018.07.08-18.42.30:453][873]LogBlueprint: Warning: [Compiler PhantomPawn_BP] Set : 'UseControllerRollToRotate' variable not found. Base class was probably changed. /Game/Pawns/Phantom/PhantomPawn_BP.PhantomPawn_BP
[2018.07.08-18.42.30:453][873]LogBlueprint: Warning: [Compiler PhantomPawn_BP] Set UseControllerRollToRotate : 'UseControllerRollToRotate' variable not found. Base class was probably changed. /Game/Pawns/Phantom/PhantomPawn_BP.PhantomPawn_BP
[2018.07.08-18.42.30:454][873]LogUObjectGlobals: Destroyed PersistentFrame Addr=0x0000015a15bb0ef0, Size=4
[2018.07.08-18.42.30:454][873]LogUObjectGlobals: Created PersistentFrame Addr=0x0000015a15bb0ef0, Size=4, Default__PhantomPawn_BP_C Function /Engine/Transient.REINST_PhantomPawn_BP_C_9:ExecuteUbergraph_PhantomPawn_BP
[2018.07.08-18.42.30:455][873]LogBlueprint: Error: [Compiler PhantomPawn_BP] Internal Compiler Error: Tried to create a property MotionController_Left in scope PhantomPawn_BP_C, but another object (ObjectProperty /Script/PhantomMechanic.PhantomPawn:MotionController_Left) already already exists there.
[2018.07.08-18.42.30:455][873]LogBlueprint: Error: [Compiler PhantomPawn_BP] Internal Compiler Error: Tried to create a property MotionController_Right in scope PhantomPawn_BP_C, but another object (ObjectProperty /Script/PhantomMechanic.PhantomPawn:MotionController_Right) already already exists there.
[2018.07.08-18.42.30:456][873]LogBlueprint: Warning: [Compiler PhantomPawn_BP] Could not find a variable named "DefaultPlayerHeight" in 'PhantomPawn_BP_C'.
Make sure 'PhantomPawn_BP_C' has been compiled for  Get DefaultPlayerHeight
[2018.07.08-18.42.30:457][873]LogBlueprint: Warning: [Compiler PhantomPawn_BP] Could not find a variable named "UseControllerRollToRotate" in 'PhantomPawn_BP_C'.
Make sure 'PhantomPawn_BP_C' has been compiled for  Set UseControllerRollToRotate
[2018.07.08-18.42.30:468][873]LogBlueprint: Error: [Compiler PhantomPawn_BP] The property associated with  Use Controller Roll to Rotate  could not be found
[2018.07.08-18.42.30:468][873]LogBlueprint: Error: [Compiler PhantomPawn_BP] The property associated with  Default Player Height  could not be found
[2018.07.08-18.42.30:469][873]LogUObjectGlobals: Created PersistentFrame Addr=0x00000159d084df00, Size=180, Default__PhantomPawn_BP_C Function /Game/Pawns/Phantom/PhantomPawn_BP.PhantomPawn_BP_C:ExecuteUbergraph_PhantomPawn_BP
[2018.07.08-18.42.30:470][873]LogBlueprint: Warning: [Compiler PhantomPawn_BP] [0023.41] Compile of PhantomPawn_BP failed. 6 Fatal Issue(s) 5 Warning(s) [in 19 ms] (/Game/Pawns/Phantom/PhantomPawn_BP.PhantomPawn_BP)
[2018.07.08-18.42.30:496][873]LogSkeletalMesh: Skeletal Mesh found in DDC [0.665188ms] /Game/Pawns/Phantom/Hands/Assets/Phantom_Hand.Phantom_Hand
[2018.07.08-18.42.30:497][873]LogSkeletalMesh: Skeletal Mesh found in DDC [0.444198ms] /Game/Pawns/Phantom/Arms/Assets/Handless_RightArm.Handless_RightArm
[2018.07.08-18.42.30:506][873]LogSlate: Took 0.000165 seconds to synchronously load lazily loaded font '../../../Engine/Content/Slate/Fonts/Roboto-Light.ttf' (167K)
[2018.07.08-18.42.30:754][873]LogContentBrowser: Native class hierarchy updated for 'BlueprintGraph' in 0.0012 seconds. Added 116 classes and 0 folders.
[2018.07.08-18.42.31:026][873]LogUObjectGlobals: Created PersistentFrame Addr=0x00000159dcf90be8, Size=4, Default__SKEL_PROTO_BP_AnimBlueprint_0_C Function /Engine/Transient.SKEL_PROTO_BP_AnimBlueprint_0_C:ExecuteUbergraph_PROTO_BP_AnimBlueprint_0
[2018.07.08-18.42.31:027][873]LogUObjectGlobals: Created PersistentFrame Addr=0x00000159dcf90be0, Size=4, Default__PROTO_BP_AnimBlueprint_0_C Function /Engine/Transient.PROTO_BP_AnimBlueprint_0_C:ExecuteUbergraph_PROTO_BP_AnimBlueprint_0
[2018.07.08-18.42.32:063][873]LogActor: Warning: PhantomPawn_BP_C /Engine/Transient.World_1:PersistentLevel.PhantomPawn_BP_C_0 has natively added scene component(s), but none of them were set as the actor's RootComponent - picking one arbitrarily
[2018.07.08-18.42.32:067][873]LogSlate: Took 0.000178 seconds to synchronously load lazily loaded font '../../../Engine/Content/Slate/Fonts/Roboto-BoldCondensed.ttf' (158K)
[2018.07.08-18.42.32:099][874]LogSlate: Took 0.000171 seconds to synchronously load lazily loaded font '../../../Engine/Content/Slate/Fonts/Roboto-Italic.ttf' (157K)
[2018.07.08-18.42.37:494][512]LogUObjectGlobals: Created PersistentFrame Addr=0x0000015a266663f8, Size=4, Default__SKEL_PhantomPawn_BP_C Function /Game/Pawns/Phantom/PhantomPawn_BP.SKEL_PhantomPawn_BP_C:ExecuteUbergraph_PhantomPawn_BP
[2018.07.08-18.42.39:118][702]LogUObjectGlobals: Destroyed PersistentFrame Addr=0x0000015a266663f8, Size=4
[2018.07.08-18.42.39:118][702]LogUObjectGlobals: Created PersistentFrame Addr=0x0000015a266663f8, Size=4, Default__SKEL_PhantomPawn_BP_C Function /Engine/Transient.REINST_SKEL_PhantomPawn_BP_C_25:ExecuteUbergraph_PhantomPawn_BP
[2018.07.08-18.42.39:120][702]LogUObjectGlobals: Created PersistentFrame Addr=0x0000015a266651a0, Size=4, Default__SKEL_PhantomPawn_BP_C Function /Game/Pawns/Phantom/PhantomPawn_BP.SKEL_PhantomPawn_BP_C:ExecuteUbergraph_PhantomPawn_BP
[2018.07.08-18.42.40:355][847]Cmd: OBJ SAVEPACKAGE PACKAGE="/Game/Pawns/Phantom/PhantomPawn_BP" FILE="../../../../../../Projects/VR/VR_SwordMechanic/PhantomMechanic/Content/Pawns/Phantom/PhantomPawn_BP.uasset" SILENT=true
[2018.07.08-18.42.40:411][847]LogSavePackage: Save=46.12ms
[2018.07.08-18.42.40:411][847]LogSavePackage: Moving '../../../../../../Projects/VR/VR_SwordMechanic/PhantomMechanic/Saved/PhantomPawn_BPA902DA794E04EF1094EAA6B6E6E48656.tmp' to '../../../../../../Projects/VR/VR_SwordMechanic/PhantomMechanic/Content/Pawns/Phantom/PhantomPawn_BP.uasset'
[2018.07.08-18.42.40:415][847]LogSavePackage: Display: Finished SavePackage ../../../../../../Projects/VR/VR_SwordMechanic/PhantomMechanic/Content/Pawns/Phantom/PhantomPawn_BP.uasset
[2018.07.08-18.42.47:656][624]Candidate modules for hot reload:
[2018.07.08-18.42.47:656][624]  PhantomMechanic
[2018.07.08-18.42.47:656][624]Launching UnrealBuildTool... [E:/Development/Epic Games/UE_4.19/Engine/Binaries/DotNET/UnrealBuildTool.exe PhantomMechanic -ModuleWithSuffix=PhantomMechanic,4270 Win64 DebugGame -editorrecompile -canskiplink "E:/Projects/VR/VR_SwordMechanic/PhantomMechanic/PhantomMechanic.uproject" ]
[2018.07.08-18.42.47:661][624]Warning: Starting HotReload took  0.0s.
[2018.07.08-18.42.52:489][190]CompilerResultsLog: New page: Compilation - Jul 8, 2018, 10:42:52 AM
[2018.07.08-18.42.52:490][190]CompilerResultsLog: Using 'git status' to determine working set for adaptive non-unity build.
[2018.07.08-18.42.52:490][190]CompilerResultsLog: Creating makefile for hot reloading PhantomMechanic (changes to module files)
[2018.07.08-18.42.52:490][190]CompilerResultsLog: Compiling game modules for hot reload
[2018.07.08-18.42.52:490][190]CompilerResultsLog: Performing 1 actions (12 in parallel)
[2018.07.08-18.42.52:490][190]CompilerResultsLog: [1/1] Link UE4Editor-PhantomMechanic-4270-Win64-DebugGame.dll
[2018.07.08-18.42.52:490][190]CompilerResultsLog:    Creating library E:\Projects\VR\VR_SwordMechanic\PhantomMechanic\Intermediate\Build\Win64\UE4Editor\DebugGame\UE4Editor-PhantomMechanic-4270-Win64-DebugGame.suppressed.lib and object E:\Projects\VR\VR_SwordMechanic\PhantomMechanic\Intermediate\Build\Win64\UE4Editor\DebugGame\UE4Editor-PhantomMechanic-4270-Win64-DebugGame.suppressed.exp
[2018.07.08-18.42.52:490][190]CompilerResultsLog: Total build time: 4.68 seconds (Local executor: 0.72 seconds)
[2018.07.08-18.42.52:490][190]LogMainFrame: MainFrame: Module compiling took 4.842 seconds
[2018.07.08-18.42.52:502][190]LogUObjectGlobals: Destroyed PersistentFrame Addr=0x0000015a15bb0ef0, Size=4
[2018.07.08-18.42.52:502][190]LogUObjectGlobals: Destroyed PersistentFrame Addr=0x0000015983cd4700, Size=48
[2018.07.08-18.42.52:503][190]LogUObjectGlobals: Destroyed PersistentFrame Addr=0x0000015a266663f8, Size=4
[2018.07.08-18.42.52:542][190]LogClass: EGameModeEnum HotReload.
[2018.07.08-18.42.52:546][190]LogTemp: Warning: Set game mode function called. It has not been implemented.
[2018.07.08-18.42.52:550][190]LogContentBrowser: Native class hierarchy updated for 'PhantomMechanic' in 0.0010 seconds. Added 16 classes and 6 folders.
[2018.07.08-18.42.52:552][190]Display: HotReload successful (13 functions remapped  0 scriptstructs remapped)
[2018.07.08-18.42.52:990][190]LogContentBrowser: Native class hierarchy populated in 0.0109 seconds. Added 2469 classes and 566 folders.
[2018.07.08-18.42.52:990][190]Display: HotReload took  5.4s.
[2018.07.08-18.42.54:437][313]LogActor: Warning: PhantomPawn_BP_C /Engine/Transient.World_2:PersistentLevel.PhantomPawn_BP_C_2 has natively added scene component(s), but none of them were set as the actor's RootComponent - picking one arbitrarily
