Log file open, 05/07/18 17:47:09
LogWindows: Failed to load 'aqProf.dll' (GetLastError=126)
LogWindows: File 'aqProf.dll' does not exist
LogWindows: Failed to load 'VtuneApi.dll' (GetLastError=126)
LogWindows: File 'VtuneApi.dll' does not exist
LogWindows: Failed to load 'VtuneApi32e.dll' (GetLastError=126)
LogWindows: File 'VtuneApi32e.dll' does not exist
LogInit: Display: Running engine for game: PhantomMechanic
LogPlatformFile: Not using cached read wrapper
LogInit: Display: RandInit(-1248000085) SRandInit(-1248000084).
LogInit: Read version file with build ID '3944462'
LogInit: Overriding engine version to CL 4033788, compatible CL 3944462
LogInit: Registered custom module enumerator with build ID '3944462'
LogTaskGraph: Started task graph with 5 named threads and 23 total threads with 3 sets of task threads.
LogStats: Stats thread started at 4.785993
LogD3D11RHI: Aftermath initialized
LogICUInternationalization: Display: ICU TimeZone Detection - Raw Offset: -5:00, Platform Override: ''
LogPluginManager: Mounting plugin Paper2D
LogPluginManager: Mounting plugin LiveLink
LogPluginManager: Mounting plugin LightPropagationVolume
LogPluginManager: Mounting plugin CLionSourceCodeAccess
LogPluginManager: Mounting plugin CodeLiteSourceCodeAccess
LogPluginManager: Mounting plugin GitSourceControl
LogPluginManager: Mounting plugin KDevelopSourceCodeAccess
LogPluginManager: Mounting plugin NullSourceCodeAccess
LogPluginManager: Mounting plugin PerforceSourceControl
LogPluginManager: Mounting plugin SubversionSourceControl
LogPluginManager: Mounting plugin UObjectPlugin
LogPluginManager: Mounting plugin VisualStudioCodeSourceCodeAccess
LogPluginManager: Mounting plugin VisualStudioSourceCodeAccess
LogPluginManager: Mounting plugin XCodeSourceCodeAccess
LogPluginManager: Mounting plugin AssetManagerEditor
LogPluginManager: Mounting plugin CryptoKeys
LogPluginManager: Mounting plugin DataValidation
LogPluginManager: Mounting plugin FacialAnimation
LogPluginManager: Mounting plugin GameplayTagsEditor
LogPluginManager: Mounting plugin MobileLauncherProfileWizard
LogPluginManager: Mounting plugin PluginBrowser
LogPluginManager: Mounting plugin SpeedTreeImporter
LogPluginManager: Mounting plugin DatasmithContent
LogPluginManager: Mounting plugin AlembicImporter
LogPluginManager: Mounting plugin CharacterAI
LogPluginManager: Mounting plugin HTML5Networking
LogPluginManager: Mounting plugin AndroidMedia
LogPluginManager: Mounting plugin AvfMedia
LogPluginManager: Mounting plugin ImgMedia
LogPluginManager: Mounting plugin LinearTimecode
LogPluginManager: Mounting plugin MediaCompositing
LogPluginManager: Mounting plugin MediaPlayerEditor
LogPluginManager: Mounting plugin WmfMedia
LogPluginManager: Mounting plugin TcpMessaging
LogPluginManager: Mounting plugin UdpMessaging
LogPluginManager: Mounting plugin ActorSequence
LogPluginManager: Mounting plugin LevelSequenceEditor
LogPluginManager: Mounting plugin MatineeToLevelSequence
LogPluginManager: Mounting plugin NetcodeUnitTest
LogPluginManager: Mounting plugin NUTUnrealEngine4
LogPluginManager: Mounting plugin OnlineSubsystemGooglePlay
LogPluginManager: Mounting plugin OnlineSubsystemIOS
LogPluginManager: Mounting plugin OnlineSubsystem
LogPluginManager: Mounting plugin OnlineSubsystemNull
LogPluginManager: Mounting plugin OnlineSubsystemUtils
LogPluginManager: Mounting plugin AndroidDeviceProfileSelector
LogPluginManager: Mounting plugin AndroidMoviePlayer
LogPluginManager: Mounting plugin AndroidPermission
LogPluginManager: Mounting plugin AppleARKit
LogPluginManager: Mounting plugin AppleMoviePlayer
LogPluginManager: Mounting plugin ArchVisCharacter
LogPluginManager: Mounting plugin AudioCapture
LogPluginManager: Mounting plugin CableComponent
LogPluginManager: Mounting plugin CustomMeshComponent
LogPluginManager: Mounting plugin ExampleDeviceProfileSelector
LogPluginManager: Mounting plugin GoogleCloudMessaging
LogPluginManager: Mounting plugin ImmediatePhysics
LogPluginManager: Mounting plugin IOSDeviceProfileSelector
LogPluginManager: Mounting plugin LinuxDeviceProfileSelector
LogPluginManager: Mounting plugin LocationServicesBPLibrary
LogPluginManager: Mounting plugin MobilePatchingUtils
LogPluginManager: Mounting plugin OculusVR
LogPluginManager: Plugin shader directory ../../../Engine/Plugins/Runtime/Oculus/OculusVR/Shaders found
LogPluginManager: Mapping shader source directory ../../../Engine/Plugins/Runtime/Oculus/OculusVR/Shaders to virtual directory /Plugin/OculusVR
LogPluginManager: Mounting plugin PhysXVehicles
LogPluginManager: Mounting plugin ProceduralMeshComponent
LogPluginManager: Mounting plugin RuntimePhysXCooking
LogPluginManager: Mounting plugin SteamVR
LogPluginManager: Mounting plugin WindowsMoviePlayer
LogStreaming: Display: Took  0.313s to configure plugins.
LogModuleManager: Display: Found up-to-date module file C:/Users/Edward/Desktop/PhantomMechanic/Binaries/Win64/UE4Editor-PhantomMechanic.dll (API version 3944462).
LogModuleManager: Display: Found up-to-date module file ../../../Engine/Plugins/2D/Paper2D/Binaries/Win64/UE4Editor-Paper2D.dll (API version 3944462).
LogModuleManager: Display: Found up-to-date module file ../../../Engine/Plugins/2D/Paper2D/Binaries/Win64/UE4Editor-Paper2DEditor.dll (API version 3944462).
LogModuleManager: Display: Found up-to-date module file ../../../Engine/Plugins/2D/Paper2D/Binaries/Win64/UE4Editor-PaperSpriteSheetImporter.dll (API version 3944462).
LogModuleManager: Display: Found up-to-date module file ../../../Engine/Plugins/2D/Paper2D/Binaries/Win64/UE4Editor-PaperTiledImporter.dll (API version 3944462).
LogModuleManager: Display: Found up-to-date module file ../../../Engine/Plugins/2D/Paper2D/Binaries/Win64/UE4Editor-SmartSnapping.dll (API version 3944462).
LogModuleManager: Display: Found up-to-date module file ../../../Engine/Plugins/Animation/LiveLink/Binaries/Win64/UE4Editor-LiveLink.dll (API version 3944462).
LogModuleManager: Display: Found up-to-date module file ../../../Engine/Plugins/Animation/LiveLink/Binaries/Win64/UE4Editor-LiveLinkEditor.dll (API version 3944462).
LogModuleManager: Display: Found up-to-date module file ../../../Engine/Plugins/Blendables/LightPropagationVolume/Binaries/Win64/UE4Editor-LightPropagationVolumeRuntime.dll (API version 3944462).
LogModuleManager: Display: Found up-to-date module file ../../../Engine/Plugins/Blendables/LightPropagationVolume/Binaries/Win64/UE4Editor-LightPropagationVolumeEditor.dll (API version 3944462).
LogModuleManager: Display: Found up-to-date module file ../../../Engine/Plugins/Developer/CLionSourceCodeAccess/Binaries/Win64/UE4Editor-CLionSourceCodeAccess.dll (API version 3944462).
LogModuleManager: Display: Found up-to-date module file ../../../Engine/Plugins/Developer/GitSourceControl/Binaries/Win64/UE4Editor-GitSourceControl.dll (API version 3944462).
LogModuleManager: Display: Found up-to-date module file ../../../Engine/Plugins/Developer/PerforceSourceControl/Binaries/Win64/UE4Editor-PerforceSourceControl.dll (API version 3944462).
LogModuleManager: Display: Found up-to-date module file ../../../Engine/Plugins/Developer/SubversionSourceControl/Binaries/Win64/UE4Editor-SubversionSourceControl.dll (API version 3944462).
LogModuleManager: Display: Found up-to-date module file ../../../Engine/Plugins/Developer/UObjectPlugin/Binaries/Win64/UE4Editor-UObjectPlugin.dll (API version 3944462).
LogModuleManager: Display: Found up-to-date module file ../../../Engine/Plugins/Developer/VisualStudioCodeSourceCodeAccess/Binaries/Win64/UE4Editor-VisualStudioCodeSourceCodeAccess.dll (API version 3944462).
LogModuleManager: Display: Found up-to-date module file ../../../Engine/Plugins/Developer/VisualStudioSourceCodeAccess/Binaries/Win64/UE4Editor-VisualStudioSourceCodeAccess.dll (API version 3944462).
LogModuleManager: Display: Found up-to-date module file ../../../Engine/Plugins/Editor/AssetManagerEditor/Binaries/Win64/UE4Editor-AssetManagerEditor.dll (API version 3944462).
LogModuleManager: Display: Found up-to-date module file ../../../Engine/Plugins/Editor/CryptoKeys/Binaries/Win64/UE4Editor-CryptoKeys.dll (API version 3944462).
LogModuleManager: Display: Found up-to-date module file ../../../Engine/Plugins/Editor/CryptoKeys/Binaries/Win64/UE4Editor-CryptoKeysOpenSSL.dll (API version 3944462).
LogModuleManager: Display: Found up-to-date module file ../../../Engine/Plugins/Editor/DataValidation/Binaries/Win64/UE4Editor-DataValidation.dll (API version 3944462).
LogModuleManager: Display: Found up-to-date module file ../../../Engine/Plugins/Editor/FacialAnimation/Binaries/Win64/UE4Editor-FacialAnimation.dll (API version 3944462).
LogModuleManager: Display: Found up-to-date module file ../../../Engine/Plugins/Editor/FacialAnimation/Binaries/Win64/UE4Editor-FacialAnimationEditor.dll (API version 3944462).
LogModuleManager: Display: Found up-to-date module file ../../../Engine/Plugins/Editor/GameplayTagsEditor/Binaries/Win64/UE4Editor-GameplayTagsEditor.dll (API version 3944462).
LogModuleManager: Display: Found up-to-date module file ../../../Engine/Plugins/Editor/MobileLauncherProfileWizard/Binaries/Win64/UE4Editor-MobileLauncherProfileWizard.dll (API version 3944462).
LogModuleManager: Display: Found up-to-date module file ../../../Engine/Plugins/Editor/PluginBrowser/Binaries/Win64/UE4Editor-PluginBrowser.dll (API version 3944462).
LogModuleManager: Display: Found up-to-date module file ../../../Engine/Plugins/Editor/SpeedTreeImporter/Binaries/Win64/UE4Editor-SpeedTreeImporter.dll (API version 3944462).
LogModuleManager: Display: Found up-to-date module file ../../../Engine/Plugins/Enterprise/DatasmithContent/Binaries/Win64/UE4Editor-DatasmithContent.dll (API version 3944462).
LogModuleManager: Display: Found up-to-date module file ../../../Engine/Plugins/Experimental/AlembicImporter/Binaries/Win64/UE4Editor-AlembicImporter.dll (API version 3944462).
LogModuleManager: Display: Found up-to-date module file ../../../Engine/Plugins/Experimental/AlembicImporter/Binaries/Win64/UE4Editor-AlembicLibrary.dll (API version 3944462).
LogModuleManager: Display: Found up-to-date module file ../../../Engine/Plugins/Experimental/CharacterAI/Binaries/Win64/UE4Editor-CharacterAI.dll (API version 3944462).
LogModuleManager: Display: Found up-to-date module file ../../../Engine/Plugins/Experimental/HTML5Networking/Binaries/Win64/UE4Editor-HTML5Networking.dll (API version 3944462).
LogModuleManager: Display: Found up-to-date module file ../../../Engine/Plugins/Media/AndroidMedia/Binaries/Win64/UE4Editor-AndroidMediaEditor.dll (API version 3944462).
LogModuleManager: Display: Found up-to-date module file ../../../Engine/Plugins/Media/AndroidMedia/Binaries/Win64/UE4Editor-AndroidMediaFactory.dll (API version 3944462).
LogModuleManager: Display: Found up-to-date module file ../../../Engine/Plugins/Media/AvfMedia/Binaries/Win64/UE4Editor-AvfMediaEditor.dll (API version 3944462).
LogModuleManager: Display: Found up-to-date module file ../../../Engine/Plugins/Media/AvfMedia/Binaries/Win64/UE4Editor-AvfMediaFactory.dll (API version 3944462).
LogModuleManager: Display: Found up-to-date module file ../../../Engine/Plugins/Media/AvfMedia/Binaries/Win64/UE4Editor-AvfMediaFactory.dll (API version 3944462).
LogModuleManager: Display: Found up-to-date module file ../../../Engine/Plugins/Media/ImgMedia/Binaries/Win64/UE4Editor-ImgMedia.dll (API version 3944462).
LogModuleManager: Display: Found up-to-date module file ../../../Engine/Plugins/Media/ImgMedia/Binaries/Win64/UE4Editor-ImgMediaEditor.dll (API version 3944462).
LogModuleManager: Display: Found up-to-date module file ../../../Engine/Plugins/Media/ImgMedia/Binaries/Win64/UE4Editor-ImgMediaFactory.dll (API version 3944462).
LogModuleManager: Display: Found up-to-date module file ../../../Engine/Plugins/Media/ImgMedia/Binaries/Win64/UE4Editor-ImgMediaFactory.dll (API version 3944462).
LogModuleManager: Display: Found up-to-date module file ../../../Engine/Plugins/Media/ImgMedia/Binaries/Win64/UE4Editor-OpenExrWrapper.dll (API version 3944462).
LogModuleManager: Display: Found up-to-date module file ../../../Engine/Plugins/Media/LinearTimecode/Binaries/Win64/UE4Editor-LinearTimecode.dll (API version 3944462).
LogModuleManager: Display: Found up-to-date module file ../../../Engine/Plugins/Media/MediaCompositing/Binaries/Win64/UE4Editor-MediaCompositing.dll (API version 3944462).
LogModuleManager: Display: Found up-to-date module file ../../../Engine/Plugins/Media/MediaCompositing/Binaries/Win64/UE4Editor-MediaCompositingEditor.dll (API version 3944462).
LogModuleManager: Display: Found up-to-date module file ../../../Engine/Plugins/Media/MediaPlayerEditor/Binaries/Win64/UE4Editor-MediaPlayerEditor.dll (API version 3944462).
LogModuleManager: Display: Found up-to-date module file ../../../Engine/Plugins/Media/WmfMedia/Binaries/Win64/UE4Editor-WmfMedia.dll (API version 3944462).
LogModuleManager: Display: Found up-to-date module file ../../../Engine/Plugins/Media/WmfMedia/Binaries/Win64/UE4Editor-WmfMediaEditor.dll (API version 3944462).
LogModuleManager: Display: Found up-to-date module file ../../../Engine/Plugins/Media/WmfMedia/Binaries/Win64/UE4Editor-WmfMediaFactory.dll (API version 3944462).
LogModuleManager: Display: Found up-to-date module file ../../../Engine/Plugins/Media/WmfMedia/Binaries/Win64/UE4Editor-WmfMediaFactory.dll (API version 3944462).
LogModuleManager: Display: Found up-to-date module file ../../../Engine/Plugins/Messaging/TcpMessaging/Binaries/Win64/UE4Editor-TcpMessaging.dll (API version 3944462).
LogModuleManager: Display: Found up-to-date module file ../../../Engine/Plugins/Messaging/UdpMessaging/Binaries/Win64/UE4Editor-UdpMessaging.dll (API version 3944462).
LogModuleManager: Display: Found up-to-date module file ../../../Engine/Plugins/MovieScene/ActorSequence/Binaries/Win64/UE4Editor-ActorSequence.dll (API version 3944462).
LogModuleManager: Display: Found up-to-date module file ../../../Engine/Plugins/MovieScene/LevelSequenceEditor/Binaries/Win64/UE4Editor-LevelSequenceEditor.dll (API version 3944462).
LogModuleManager: Display: Found up-to-date module file ../../../Engine/Plugins/MovieScene/MatineeToLevelSequence/Binaries/Win64/UE4Editor-MatineeToLevelSequence.dll (API version 3944462).
LogModuleManager: Display: Found up-to-date module file ../../../Engine/Plugins/NetcodeUnitTest/NetcodeUnitTest/Binaries/Win64/UE4Editor-NetcodeUnitTest.dll (API version 3944462).
LogModuleManager: Display: Found up-to-date module file ../../../Engine/Plugins/NetcodeUnitTest/NUTUnrealEngine4/Binaries/Win64/UE4Editor-NUTUnrealEngine4.dll (API version 3944462).
LogModuleManager: Display: Found up-to-date module file ../../../Engine/Plugins/Online/OnlineSubsystem/Binaries/Win64/UE4Editor-OnlineSubsystem.dll (API version 3944462).
LogModuleManager: Display: Found up-to-date module file ../../../Engine/Plugins/Online/OnlineSubsystemNull/Binaries/Win64/UE4Editor-OnlineSubsystemNull.dll (API version 3944462).
LogModuleManager: Display: Found up-to-date module file ../../../Engine/Plugins/Online/OnlineSubsystemUtils/Binaries/Win64/UE4Editor-OnlineSubsystemUtils.dll (API version 3944462).
LogModuleManager: Display: Found up-to-date module file ../../../Engine/Plugins/Online/OnlineSubsystemUtils/Binaries/Win64/UE4Editor-OnlineBlueprintSupport.dll (API version 3944462).
LogModuleManager: Display: Found up-to-date module file ../../../Engine/Plugins/Runtime/AndroidDeviceProfileSelector/Binaries/Win64/UE4Editor-AndroidDeviceProfileSelector.dll (API version 3944462).
LogModuleManager: Display: Found up-to-date module file ../../../Engine/Plugins/Runtime/AndroidPermission/Binaries/Win64/UE4Editor-AndroidPermission.dll (API version 3944462).
LogModuleManager: Display: Found up-to-date module file ../../../Engine/Plugins/Runtime/AppleARKit/Binaries/Win64/UE4Editor-AppleARKit.dll (API version 3944462).
LogModuleManager: Display: Found up-to-date module file ../../../Engine/Plugins/Runtime/ArchVisCharacter/Binaries/Win64/UE4Editor-ArchVisCharacter.dll (API version 3944462).
LogModuleManager: Display: Found up-to-date module file ../../../Engine/Plugins/Runtime/AudioCapture/Binaries/Win64/UE4Editor-AudioCapture.dll (API version 3944462).
LogModuleManager: Display: Found up-to-date module file ../../../Engine/Plugins/Runtime/AudioCapture/Binaries/Win64/UE4Editor-AudioCaptureEditor.dll (API version 3944462).
LogModuleManager: Display: Found up-to-date module file ../../../Engine/Plugins/Runtime/CableComponent/Binaries/Win64/UE4Editor-CableComponent.dll (API version 3944462).
LogModuleManager: Display: Found up-to-date module file ../../../Engine/Plugins/Runtime/CustomMeshComponent/Binaries/Win64/UE4Editor-CustomMeshComponent.dll (API version 3944462).
LogModuleManager: Display: Found up-to-date module file ../../../Engine/Plugins/Runtime/ExampleDeviceProfileSelector/Binaries/Win64/UE4Editor-ExampleDeviceProfileSelector.dll (API version 3944462).
LogModuleManager: Display: Found up-to-date module file ../../../Engine/Plugins/Runtime/ImmediatePhysics/Binaries/Win64/UE4Editor-ImmediatePhysics.dll (API version 3944462).
LogModuleManager: Display: Found up-to-date module file ../../../Engine/Plugins/Runtime/ImmediatePhysics/Binaries/Win64/UE4Editor-ImmediatePhysicsEditor.dll (API version 3944462).
LogModuleManager: Display: Found up-to-date module file ../../../Engine/Plugins/Runtime/LocationServicesBPLibrary/Binaries/Win64/UE4Editor-LocationServicesBPLibrary.dll (API version 3944462).
LogModuleManager: Display: Found up-to-date module file ../../../Engine/Plugins/Runtime/MobilePatchingUtils/Binaries/Win64/UE4Editor-MobilePatchingUtils.dll (API version 3944462).
LogModuleManager: Display: Found up-to-date module file ../../../Engine/Plugins/Runtime/Oculus/OculusVR/Binaries/Win64/UE4Editor-OculusHMD.dll (API version 3944462).
LogModuleManager: Display: Found up-to-date module file ../../../Engine/Plugins/Runtime/Oculus/OculusVR/Binaries/Win64/UE4Editor-OculusInput.dll (API version 3944462).
LogModuleManager: Display: Found up-to-date module file ../../../Engine/Plugins/Runtime/Oculus/OculusVR/Binaries/Win64/UE4Editor-OculusEditor.dll (API version 3944462).
LogModuleManager: Display: Found up-to-date module file ../../../Engine/Plugins/Runtime/PhysXVehicles/Binaries/Win64/UE4Editor-PhysXVehicles.dll (API version 3944462).
LogModuleManager: Display: Found up-to-date module file ../../../Engine/Plugins/Runtime/PhysXVehicles/Binaries/Win64/UE4Editor-PhysXVehiclesEditor.dll (API version 3944462).
LogModuleManager: Display: Found up-to-date module file ../../../Engine/Plugins/Runtime/ProceduralMeshComponent/Binaries/Win64/UE4Editor-ProceduralMeshComponent.dll (API version 3944462).
LogModuleManager: Display: Found up-to-date module file ../../../Engine/Plugins/Runtime/ProceduralMeshComponent/Binaries/Win64/UE4Editor-ProceduralMeshComponentEditor.dll (API version 3944462).
LogModuleManager: Display: Found up-to-date module file ../../../Engine/Plugins/Runtime/RuntimePhysXCooking/Binaries/Win64/UE4Editor-RuntimePhysXCooking.dll (API version 3944462).
LogModuleManager: Display: Found up-to-date module file ../../../Engine/Plugins/Runtime/Steam/SteamVR/Binaries/Win64/UE4Editor-SteamVR.dll (API version 3944462).
LogModuleManager: Display: Found up-to-date module file ../../../Engine/Plugins/Runtime/Steam/SteamVR/Binaries/Win64/UE4Editor-SteamVRController.dll (API version 3944462).
LogModuleManager: Display: Found up-to-date module file ../../../Engine/Plugins/Runtime/WindowsMoviePlayer/Binaries/Win64/UE4Editor-WindowsMoviePlayer.dll (API version 3944462).
LogInit: Using libcurl 7.47.1
LogInit:  - built for x86_64-pc-win32
LogInit:  - supports SSL with OpenSSL/1.0.2g
LogInit:  - supports HTTP deflate (compression) using libz 1.2.8
LogInit:  - other features:
LogInit:      CURL_VERSION_SSL
LogInit:      CURL_VERSION_LIBZ
LogInit:      CURL_VERSION_IPV6
LogInit:      CURL_VERSION_ASYNCHDNS
LogInit:      CURL_VERSION_LARGEFILE
LogInit:      CURL_VERSION_IDN
LogInit:  CurlRequestOptions (configurable via config and command line):
LogInit:  - bVerifyPeer = false  - Libcurl will NOT verify peer certificate
LogInit:  - bUseHttpProxy = false  - Libcurl will NOT use HTTP proxy
LogInit:  - bDontReuseConnections = false  - Libcurl will reuse connections
LogInit:  - CertBundlePath = nullptr  - Libcurl will use whatever was configured at build time.
LogInit:  - MaxHostConnections = 16  - Libcurl will limit the number of connections to a host
LogInit:  - LocalHostAddr = Default
LogInit: WinSock: version 1.1 (2.2), MaxSocks=32767, MaxUdp=65467
LogInit: WinSock: I am EdsRedDesktop (10.0.0.65:0)
LogHMD: Failed initializing OVRPlugin 1.21.0
LogInit: Build: ++UE4+Release-4.19-CL-4033788
LogInit: Engine Version: 4.19.2-4033788+++UE4+Release-4.19
LogInit: Compatible Engine Version: 4.19.0-3944462+++UE4+Release-4.19
LogInit: Net CL: 3944462
LogDevObjectVersion: Number of dev versions registered: 18
LogDevObjectVersion:   Dev-Blueprints (B0D832E4-1F89-4F0D-ACCF-7EB736FD4AA2): 10
LogDevObjectVersion:   Dev-Build (E1C64328-A22C-4D53-A36C-8E866417BD8C): 0
LogDevObjectVersion:   Dev-Core (375EC13C-06E4-48FB-B500-84F0262A717E): 2
LogDevObjectVersion:   Dev-Editor (E4B068ED-F494-42E9-A231-DA0B2E46BB41): 23
LogDevObjectVersion:   Dev-Framework (CFFC743F-43B0-4480-9391-14DF171D2073): 33
LogDevObjectVersion:   Dev-Mobile (B02B49B5-BB20-44E9-A304-32B752E40360): 2
LogDevObjectVersion:   Dev-Networking (A4E4105C-59A1-49B5-A7C5-40C4547EDFEE): 0
LogDevObjectVersion:   Dev-Online (39C831C9-5AE6-47DC-9A44-9C173E1C8E7C): 0
LogDevObjectVersion:   Dev-Physics (78F01B33-EBEA-4F98-B9B4-84EACCB95AA2): 0
LogDevObjectVersion:   Dev-Platform (6631380F-2D4D-43E0-8009-CF276956A95A): 0
LogDevObjectVersion:   Dev-Rendering (12F88B9F-8875-4AFC-A67C-D90C383ABD29): 25
LogDevObjectVersion:   Dev-Sequencer (7B5AE74C-D270-4C10-A958-57980B212A5A): 6
LogDevObjectVersion:   Dev-VR (D7296918-1DD6-4BDD-9DE2-64A83CC13884): 1
LogDevObjectVersion:   Dev-LoadTimes (C2A15278-BFE7-4AFE-6C17-90FF531DF755): 1
LogDevObjectVersion:   Private-Geometry (6EACA3D4-40EC-4CC1-B786-8BED09428FC5): 2
LogDevObjectVersion:   Dev-AnimPhys (29E575DD-E0A3-4627-9D10-D276232CDCEA): 16
LogDevObjectVersion:   Dev-ReflectionCapture (6B266CEC-1EC7-4B8F-A30B-E4D90942FC07): 1
LogDevObjectVersion:   Dev-Automation (0DF73D61-A23F-47EA-B727-89E90C41499A): 1
LogInit: Compiled (64-bit): Apr 27 2018 02:06:57
LogInit: Compiled with Visual C++: 19.00.24215.01
LogInit: Build Configuration: Development
LogInit: Branch Name: ++UE4+Release-4.19
LogInit: Command Line:  -skipcompile
LogInit: Base Directory: E:/Development/Epic Games/UE_4.19/Engine/Binaries/Win64/
LogInit: Installed Engine Build: 1
LogStreaming: Display: Took  0.003s to delete old logs.
LogInit: Presizing for max 8388607 objects, including 0 objects not considered by GC, pre-allocating 0 bytes for permanent pool.
LogInit: Object subsystem initialized
[2018.05.07-21.47.17:687][  0]LogInit: Selected Device Profile: [Windows]
[2018.05.07-21.47.17:687][  0]LogInit: Applying CVar settings loaded from the selected device profile: [Windows]
[2018.05.07-21.47.17:839][  0]LogInit: Computer: EDSREDDESKTOP
[2018.05.07-21.47.17:839][  0]LogInit: User: Edward
[2018.05.07-21.47.17:840][  0]LogInit: CPU Page size=4096, Cores=4
[2018.05.07-21.47.17:840][  0]LogInit: High frequency timer resolution =3.906332 MHz
[2018.05.07-21.47.17:840][  0]LogMemory: Memory total: Physical=7.9GB (8GB approx)
[2018.05.07-21.47.17:841][  0]LogMemory: Platform Memory Stats for Windows
[2018.05.07-21.47.17:841][  0]LogMemory: Process Physical Memory: 280.34 MB used, 280.34 MB peak
[2018.05.07-21.47.17:841][  0]LogMemory: Process Virtual Memory: 269.25 MB used, 269.25 MB peak
[2018.05.07-21.47.17:841][  0]LogMemory: Physical Memory: 5771.01 MB used,  2369.26 MB free, 8140.27 MB total
[2018.05.07-21.47.17:841][  0]LogMemory: Virtual Memory: 746.43 MB used,  2369.26 MB free, 134217728.00 MB total
[2018.05.07-21.47.18:817][  0]LogInit: Using OS detected language (en-US).
[2018.05.07-21.47.18:817][  0]LogInit: Using OS detected locale (en-US).
[2018.05.07-21.47.19:075][  0]LogTextLocalizationManager: No specific localization for 'en-US' exists, so the 'en' localization will be used.
[2018.05.07-21.47.19:966][  0]LogStreaming: Display: Took  1.146s to EndInitTextLocalization.
[2018.05.07-21.47.19:999][  0]LogInit: Setting process to per monitor DPI aware
[2018.05.07-21.47.21:320][  0]LogSlate: New Slate User Created.  User Index 0, Is Virtual User: 0
[2018.05.07-21.47.21:321][  0]LogSlate: Slate User Registered.  User Index 0, Is Virtual User: 0
[2018.05.07-21.47.26:120][  0]LogD3D11RHI: D3D11 adapters:
[2018.05.07-21.47.26:189][  0]LogD3D11RHI:    0. 'AMD Radeon (TM) R9 390 Series' (Feature Level 11_0)
[2018.05.07-21.47.26:190][  0]LogD3D11RHI:       8168/0/4070 MB DedicatedVideo/DedicatedSystem/SharedSystem, Outputs:2, VendorId:0x1002
[2018.05.07-21.47.26:221][  0]LogD3D11RHI:    1. 'Microsoft Basic Render Driver' (Feature Level 11_0)
[2018.05.07-21.47.26:221][  0]LogD3D11RHI:       0/0/4070 MB DedicatedVideo/DedicatedSystem/SharedSystem, Outputs:0, VendorId:0x1414
[2018.05.07-21.47.26:221][  0]LogD3D11RHI: Chosen D3D11 Adapter: 0
[2018.05.07-21.47.26:282][  0]LogD3D11RHI: Creating new Direct3DDevice
[2018.05.07-21.47.26:282][  0]LogD3D11RHI:     GPU DeviceId: 0x67b1 (for the marketing name, search the web for "GPU Device Id")
[2018.05.07-21.47.26:282][  0]LogWindows: EnumDisplayDevices:
[2018.05.07-21.47.26:282][  0]LogWindows:    0. 'AMD Radeon (TM) R9 390 Series' (P:1 D:1)
[2018.05.07-21.47.26:283][  0]LogWindows:    1. 'AMD Radeon (TM) R9 390 Series' (P:0 D:1)
[2018.05.07-21.47.26:283][  0]LogWindows:    2. 'AMD Radeon (TM) R9 390 Series' (P:0 D:0)
[2018.05.07-21.47.26:284][  0]LogWindows:    3. 'AMD Radeon (TM) R9 390 Series' (P:0 D:0)
[2018.05.07-21.47.26:284][  0]LogWindows:    4. 'AMD Radeon (TM) R9 390 Series' (P:0 D:0)
[2018.05.07-21.47.26:284][  0]LogWindows:    5. 'AMD Radeon (TM) R9 390 Series' (P:0 D:0)
[2018.05.07-21.47.26:285][  0]LogWindows:    6. 'AMD Radeon (TM) R9 390 Series' (P:0 D:0)
[2018.05.07-21.47.26:285][  0]LogWindows:    7. 'AMD Radeon (TM) R9 390 Series' (P:0 D:0)
[2018.05.07-21.47.26:285][  0]LogWindows:    8. 'AMD Radeon (TM) R9 390 Series' (P:0 D:0)
[2018.05.07-21.47.26:286][  0]LogWindows:    9. 'AMD Radeon (TM) R9 390 Series' (P:0 D:0)
[2018.05.07-21.47.26:286][  0]LogWindows:    10. 'AMD Radeon (TM) R9 390 Series' (P:0 D:0)
[2018.05.07-21.47.26:286][  0]LogWindows:    11. 'AMD Radeon (TM) R9 390 Series' (P:0 D:0)
[2018.05.07-21.47.26:287][  0]LogWindows:    12. 'AMD Radeon (TM) R9 390 Series' (P:0 D:0)
[2018.05.07-21.47.26:287][  0]LogWindows:    13. 'AMD Radeon (TM) R9 390 Series' (P:0 D:0)
[2018.05.07-21.47.26:287][  0]LogWindows:    14. 'AMD Radeon (TM) R9 390 Series' (P:0 D:0)
[2018.05.07-21.47.26:288][  0]LogWindows:    15. 'AMD Radeon (TM) R9 390 Series' (P:0 D:0)
[2018.05.07-21.47.26:288][  0]LogWindows: DebugString: GetVideoDriverDetailsInvalid PrimaryIsNotTheChoosenAdapter GetVideoDriverDetailsInvalid PrimaryIsNotTheChoosenAdapter GetVideoDriverDetailsInvalid PrimaryIsNotTheChoosenAdapter GetVideoDriverDetailsInvalid PrimaryIsNotTheChoosenAdapter GetVideoDriverDetailsInvalid PrimaryIsNotTheChoosenAdapter GetVideoDriverDetailsInvalid PrimaryIsNotTheChoosenAdapter GetVideoDriverDetailsInvalid PrimaryIsNotTheChoosenAdapter GetVideoDriverDetailsInvalid PrimaryIsNotTheChoosenAdapter GetVideoDriverDetailsInvalid PrimaryIsNotTheChoosenAdapter GetVideoDriverDetailsInvalid PrimaryIsNotTheChoosenAdapter GetVideoDriverDetailsInvalid PrimaryIsNotTheChoosenAdapter GetVideoDriverDetailsInvalid PrimaryIsNotTheChoosenAdapter GetVideoDriverDetailsInvalid PrimaryIsNotTheChoosenAdapter GetVideoDriverDetailsInvalid PrimaryIsNotTheChoosenAdapter GetVideoDriverDetailsInvalid PrimaryIsNotTheChoosenAdapter GetVideoDriverDetailsInvalid PrimaryIsNotTheChoosenAdapter FoundDriverCount:0 
[2018.05.07-21.47.26:288][  0]LogD3D11RHI:     Adapter Name: AMD Radeon (TM) R9 390 Series
[2018.05.07-21.47.26:288][  0]LogD3D11RHI:   Driver Version: Unknown (internal:Unknown, unified:Unknown)
[2018.05.07-21.47.26:288][  0]LogD3D11RHI:      Driver Date: Unknown
[2018.05.07-21.47.26:289][  0]LogRHI: Texture pool is 5717 MB (70% of 8168 MB)
[2018.05.07-21.47.26:709][  0]LogD3D11RHI: Async texture creation enabled
[2018.05.07-21.47.27:186][  0]LogD3D11RHI: GPU Timing Frequency: 27.000000 (Debug: 2 1)
[2018.05.07-21.47.27:324][  0]LogShaderCompilers: Guid format shader working directory is 8 characters bigger than the processId version (C:/Users/Edward/Desktop/PhantomMechanic/Intermediate/Shaders/WorkingDirectory/4968/).
[2018.05.07-21.47.27:332][  0]LogShaderCompilers: Cleaned the shader compiler working directory 'C:/Users/Edward/AppData/Local/Temp/UnrealShaderWorkingDir/69F58A274C3FF1F4F31AD5A9905126F9/'.
[2018.05.07-21.47.28:326][  0]LogTemp: Display: Loaded TP AllDesktopTargetPlatform
[2018.05.07-21.47.28:349][  0]LogTemp: Display: Loaded TP MacClientTargetPlatform
[2018.05.07-21.47.28:372][  0]LogTemp: Display: Loaded TP MacNoEditorTargetPlatform
[2018.05.07-21.47.28:394][  0]LogTemp: Display: Loaded TP MacServerTargetPlatform
[2018.05.07-21.47.28:455][  0]LogTemp: Display: Loaded TP MacTargetPlatform
[2018.05.07-21.47.28:478][  0]LogTemp: Display: Loaded TP WindowsClientTargetPlatform
[2018.05.07-21.47.28:500][  0]LogTemp: Display: Loaded TP WindowsNoEditorTargetPlatform
[2018.05.07-21.47.28:522][  0]LogTemp: Display: Loaded TP WindowsServerTargetPlatform
[2018.05.07-21.47.28:534][  0]LogTemp: Display: Loaded TP WindowsTargetPlatform
[2018.05.07-21.47.28:558][  0]LogTemp: Display: Loaded TP Android_ASTCTargetPlatform
[2018.05.07-21.47.28:582][  0]LogTemp: Display: Loaded TP Android_ATCTargetPlatform
[2018.05.07-21.47.28:606][  0]LogTemp: Display: Loaded TP Android_DXTTargetPlatform
[2018.05.07-21.47.28:628][  0]LogTemp: Display: Loaded TP Android_ETC1aTargetPlatform
[2018.05.07-21.47.28:648][  0]LogTemp: Display: Loaded TP Android_ETC1TargetPlatform
[2018.05.07-21.47.28:668][  0]LogTemp: Display: Loaded TP Android_ETC2TargetPlatform
[2018.05.07-21.47.28:710][  0]LogTemp: Display: Loaded TP Android_MultiTargetPlatform
[2018.05.07-21.47.28:710][  0]LogTemp: Display: Loaded TP Android_PVRTCTargetPlatform
[2018.05.07-21.47.28:759][  0]LogTemp: Display: Loaded TP AndroidTargetPlatform
[2018.05.07-21.47.28:763][  0]LogTemp: Display: Loaded TP HTML5TargetPlatform
[2018.05.07-21.47.28:908][  0]LogTemp: Display: Loaded TP IOSTargetPlatform
[2018.05.07-21.47.28:932][  0]LogTemp: Display: Loaded TP TVOSTargetPlatform
[2018.05.07-21.47.28:953][  0]LogTemp: Display: Loaded TP LinuxClientTargetPlatform
[2018.05.07-21.47.28:973][  0]LogTemp: Display: Loaded TP LinuxNoEditorTargetPlatform
[2018.05.07-21.47.28:994][  0]LogTemp: Display: Loaded TP LinuxServerTargetPlatform
[2018.05.07-21.47.29:019][  0]LogTemp: Display: Loaded TP LinuxTargetPlatform
[2018.05.07-21.47.29:020][  0]LogTargetPlatformManager: Display: Building Assets For Windows
[2018.05.07-21.47.30:018][  0]LogXGEController: Cleaning working directory: C:/Users/Edward/AppData/Local/Temp/UnrealXGEWorkingDir/
[2018.05.07-21.47.30:019][  0]LogXGEController: Cannot use XGE Controller as Incredibuild is not installed on this machine.
[2018.05.07-21.47.30:033][  0]LogShaderCompilers: Cannot use XGE Shader Compiler as Incredibuild is not installed on this machine.
[2018.05.07-21.47.30:033][  0]LogShaderCompilers: Display: Using Local Shader Compiler.
[2018.05.07-21.47.34:882][  0]LogDerivedDataCache: Display: Max Cache Size: 512 MB
[2018.05.07-21.47.35:303][  0]LogDerivedDataCache: Loaded boot cache 0.42s 74MB C:/Users/Edward/AppData/Local/UnrealEngine/4.19/DerivedDataCache/Boot.ddc.
[2018.05.07-21.47.35:303][  0]LogDerivedDataCache: Display: Loaded Boot cache: C:/Users/Edward/AppData/Local/UnrealEngine/4.19/DerivedDataCache/Boot.ddc
[2018.05.07-21.47.35:304][  0]LogDerivedDataCache: FDerivedDataBackendGraph:  Pak pak cache file C:/Users/Edward/Desktop/PhantomMechanic/DerivedDataCache/DDC.ddp not found, will not use a pak cache.
[2018.05.07-21.47.35:304][  0]LogDerivedDataCache: Unable to find inner node Pak for hierarchical cache Hierarchy.
[2018.05.07-21.47.35:304][  0]LogDerivedDataCache: FDerivedDataBackendGraph:  CompressedPak pak cache file C:/Users/Edward/Desktop/PhantomMechanic/DerivedDataCache/Compressed.ddp not found, will not use a pak cache.
[2018.05.07-21.47.35:304][  0]LogDerivedDataCache: Unable to find inner node CompressedPak for hierarchical cache Hierarchy.
[2018.05.07-21.47.35:373][  0]LogDerivedDataCache: Display: Pak cache opened for reading ../../../Engine/DerivedDataCache/Compressed.ddp.
[2018.05.07-21.47.35:388][  0]LogDerivedDataCache: Using Local data cache path C:/Users/Edward/AppData/Local/UnrealEngine/Common/DerivedDataCache: Writable
[2018.05.07-21.47.35:388][  0]LogDerivedDataCache: Shared data cache path not found in *engine.ini, will not use an Shared cache.
[2018.05.07-21.47.35:388][  0]LogDerivedDataCache: Unable to find inner node Shared for hierarchical cache Hierarchy.
[2018.05.07-21.47.35:487][  0]LogMaterial: Verifying Global Shaders for PCD3D_SM5
[2018.05.07-21.47.35:555][  0]LogSlate: Using Freetype 2.6.0
[2018.05.07-21.47.35:671][  0]LogSlate: SlateFontCache - WITH_FREETYPE: 1, WITH_HARFBUZZ: 1
[2018.05.07-21.47.35:671][  0]LogSlate: SlateFontCache - WITH_FREETYPE: 1, WITH_HARFBUZZ: 1
[2018.05.07-21.47.42:478][  0]LogAssetRegistry: FAssetRegistry took 0.0564 seconds to start up
[2018.05.07-21.47.50:635][  0]LogInit: Selected Device Profile: [Windows]
[2018.05.07-21.47.52:759][  0]LogSimplygon: Simplygon DLL not present - disabling.
[2018.05.07-21.47.52:813][  0]LogMeshReduction: Using SimplygonSwarm for distributed automatic mesh merging
[2018.05.07-21.47.52:822][  0]LogMeshReduction: Using QuadricMeshReduction for automatic static mesh reduction
[2018.05.07-21.47.52:822][  0]LogMeshReduction: No automatic skeletal mesh reduction module available
[2018.05.07-21.47.52:822][  0]LogMeshReduction: No automatic mesh merging module available
[2018.05.07-21.47.52:822][  0]LogMeshMerging: No automatic mesh merging module available
[2018.05.07-21.47.53:739][  0]LogNetVersion: PhantomMechanic , NetCL: 3944462, EngineNetVer: 2, GameNetVer: 0 (Checksum: 3498347362)
[2018.05.07-21.48.01:228][  0]LogPackageLocalizationCache: Processed 9 localized package path(s) for 2 prioritized culture(s) in 0.258336 seconds
[2018.05.07-21.48.01:294][  0]LogUObjectArray: 36731 objects as part of root set at end of initial load.
[2018.05.07-21.48.01:294][  0]LogUObjectAllocator: 7314984 out of 0 bytes used by permanent object pool.
[2018.05.07-21.48.01:294][  0]LogUObjectArray: CloseDisregardForGC: 0/0 objects in disregard for GC pool
[2018.05.07-21.48.29:081][  0]LogTcpMessaging: Initializing TcpMessaging bridge
[2018.05.07-21.48.29:173][  0]LogUdpMessaging: Initializing bridge on interface 0.0.0.0:0 to multicast group 230.0.0.1:6666.
[2018.05.07-21.48.30:983][  0]SourceControl: Source control is disabled
[2018.05.07-21.48.30:991][  0]SourceControl: Source control is disabled
[2018.05.07-21.48.31:123][  0]SourceControl: Source control is disabled
[2018.05.07-21.48.31:193][  0]SourceControl: Source control is disabled
[2018.05.07-21.48.33:424][  0]LogAndroidPermission: UAndroidPermissionCallbackProxy::GetInstance
[2018.05.07-21.48.33:962][  0]LogOcInput: OculusInput pre-init called
[2018.05.07-21.48.34:924][  0]LogEngine: Initializing Engine...
[2018.05.07-21.48.35:252][  0]LogHMD: Failed to initialize OpenVR with code 126
[2018.05.07-21.48.35:305][  0]LogStats: UGameplayTagsManager::ConstructGameplayTagTree: Construct from data asset -  0.000 s
[2018.05.07-21.48.35:313][  0]LogStats: UGameplayTagsManager::ConstructGameplayTagTree: GameplayTagTreeChangedEvent.Broadcast -  0.000 s
[2018.05.07-21.48.37:377][  0]LogAIModule: Creating AISystem for world Untitled
[2018.05.07-21.48.37:794][  0]LogInit: XAudio2 using 'Speakers (Realtek High Definition Audio)' : 2 channels at 48 kHz using 16 bits per sample (channel mask 0x3)
[2018.05.07-21.48.37:869][  0]LogInit: FAudioDevice initialized.
[2018.05.07-21.48.38:025][  0]LogDerivedDataCache: Saved boot cache 0.12s 74MB C:/Users/Edward/AppData/Local/UnrealEngine/4.19/DerivedDataCache/Boot.ddc.
[2018.05.07-21.48.38:074][  0]LogInit: Texture streaming: Enabled
[2018.05.07-21.48.38:333][  0]LogEngineSessionManager: EngineSessionManager initialized
[2018.05.07-21.48.38:729][  0]LogInit: Transaction tracking system initialized
[2018.05.07-21.48.39:544][  0]BlueprintLog: New page: Editor Load
[2018.05.07-21.48.41:727][  0]LocalizationService: Localization service is disabled
[2018.05.07-21.48.43:319][  0]LogConsoleResponse: Display: 
[2018.05.07-21.48.45:835][  0]LogFileCache: Scanning file cache for directory 'C:/Users/Edward/Desktop/PhantomMechanic/Content/' took 0.04s
[2018.05.07-21.48.45:835][  0]LogCook: Display: Max memory allowance for cook 16384mb min free memory 0mb
[2018.05.07-21.48.45:836][  0]LogCook: Display: Mobile HDR setting 1
[2018.05.07-21.48.45:836][  0]LogGameplayTags: Display: UGameplayTagsManager::DoneAddingNativeTags. DelegateIsBound: 0
[2018.05.07-21.48.45:836][  0]LogStats: UGameplayTagsManager::ConstructGameplayTagTree: Construct from data asset -  0.000 s
[2018.05.07-21.48.45:836][  0]LogStats: UGameplayTagsManager::ConstructGameplayTagTree: GameplayTagTreeChangedEvent.Broadcast -  0.000 s
[2018.05.07-21.48.48:835][  0]SourceControl: Source control is disabled
[2018.05.07-21.48.48:872][  0]Cmd: MAP LOAD FILE="C:/Users/Edward/Desktop/PhantomMechanic/Content/Levels/Test_Initial.umap" TEMPLATE=0 SHOWPROGRESS=1 FEATURELEVEL=3
[2018.05.07-21.48.48:894][  0]LightingResults: New page: Lighting Build
[2018.05.07-21.48.49:213][  0]MapCheck: New page: Map Check
[2018.05.07-21.48.49:213][  0]LightingResults: New page: Lighting Build
[2018.05.07-21.48.50:265][  0]LogAIModule: Creating AISystem for world Test_Initial
[2018.05.07-21.48.50:943][  0]LogEditorServer: Finished looking for orphan Actors (0.000 secs)
[2018.05.07-21.48.51:295][  0]Cmd: MAP CHECKDEP NOCLEARLOG
[2018.05.07-21.48.51:353][  0]MapCheck: Map check complete: 0 Error(s), 0 Warning(s), took 55.191ms to complete.
[2018.05.07-21.48.51:353][  0]LogFileHelpers: Loading map 'Test_Initial' took 2.496
[2018.05.07-21.48.54:369][  0]LogCollectionManager: Loaded 0 collections in 0.002393 seconds
[2018.05.07-21.48.54:664][  0]LogFileCache: Scanning file cache for directory 'C:/Users/Edward/Desktop/PhantomMechanic/Saved/Collections/' took 0.01s
[2018.05.07-21.48.54:664][  0]LogFileCache: Scanning file cache for directory 'C:/Users/Edward/Desktop/PhantomMechanic/Content/Developers/Edward/Collections/' took 0.01s
[2018.05.07-21.48.54:664][  0]LogFileCache: Scanning file cache for directory 'C:/Users/Edward/Desktop/PhantomMechanic/Content/Collections/' took 0.01s
[2018.05.07-21.48.54:664][  0]LogCollectionManager: Rebuilt the GUID cache for 0 collections in 0.000001 seconds
[2018.05.07-21.48.54:717][  0]LogContentBrowser: Native class hierarchy populated in 0.0510 seconds. Added 2468 classes and 564 folders.
[2018.05.07-21.48.54:855][  0]LogContentBrowser: Native class hierarchy updated for 'WidgetCarousel' in 0.0017 seconds. Added 0 classes and 0 folders.
[2018.05.07-21.48.56:817][  0]LogContentBrowser: Native class hierarchy updated for 'AddContentDialog' in 0.0016 seconds. Added 0 classes and 0 folders.
[2018.05.07-21.48.58:745][  0]LogContentBrowser: Native class hierarchy updated for 'SceneOutliner' in 0.0017 seconds. Added 1 classes and 2 folders.
[2018.05.07-21.48.59:505][  0]LogSlate: Took 0.023243 seconds to synchronously load lazily loaded font '../../../Engine/Content/Slate/Fonts/Roboto-Regular.ttf' (155K)
[2018.05.07-21.48.59:669][  0]LogSlate: Took 0.045084 seconds to synchronously load lazily loaded font '../../../Engine/Content/Slate/Fonts/Roboto-Bold.ttf' (160K)
[2018.05.07-21.48.59:801][  0]LogSlate: Took 0.026234 seconds to synchronously load lazily loaded font '../../../Engine/Content/Editor/Slate/Fonts/FontAwesome.ttf' (139K)
[2018.05.07-21.49.00:825][  0]LogRenderer: Reallocating scene render targets to support 1360x456 Format 10 NumSamples 1 (Frame:1).
[2018.05.07-21.49.02:310][  0]LogSlate: Took 0.019180 seconds to synchronously load lazily loaded font '../../../Engine/Content/Slate/Fonts/Roboto-Light.ttf' (167K)
[2018.05.07-21.49.03:424][  0]LogContentBrowser: Native class hierarchy updated for 'HierarchicalLODOutliner' in 0.0016 seconds. Added 0 classes and 0 folders.
[2018.05.07-21.49.03:424][  0]LogLoad: (Engine Initialization) Total time: 128.48 seconds
[2018.05.07-21.49.03:425][  0]LogLoad: (Engine Initialization) Total Blueprint compile time: 0.00 seconds
[2018.05.07-21.49.04:421][  0]LogContentStreaming: Texture pool size now 1000 MB
[2018.05.07-21.49.05:615][  3]LogAssetRegistry: Asset discovery search completed in 83.1859 seconds
[2018.05.07-21.49.05:648][  3]LogCollectionManager: Rebuilt the object cache for 0 collections in 0.000001 seconds (found 0 objects)
[2018.05.07-21.49.05:648][  3]LogCollectionManager: Fixed up redirectors for 0 collections in 0.009410 seconds (updated 0 objects)
[2018.05.07-21.49.08:598][ 12]LogSlate: FSceneViewport::OnFocusLost() reason 0
[2018.05.07-22.02.58:187][282]LogSlate: FSceneViewport::OnFocusLost() reason 0
[2018.05.07-22.04.10:032][533]LogSlate: FSceneViewport::OnFocusLost() reason 0
[2018.05.07-22.04.10:177][543]LogRenderer: Reallocating scene render targets to support 1360x460 Format 10 NumSamples 1 (Frame:41729).
[2018.05.07-22.04.10:272][544]LogRenderer: Reallocating scene render targets to support 1360x548 Format 10 NumSamples 1 (Frame:41731).
[2018.05.07-22.04.10:330][545]LogRenderer: Reallocating scene render targets to support 1360x584 Format 10 NumSamples 1 (Frame:41733).
[2018.05.07-22.04.58:200][791]LogSlate: Took 0.000326 seconds to synchronously load lazily loaded font '../../../Engine/Content/Slate/Fonts/Roboto-Light.ttf' (167K)
[2018.05.07-22.04.59:282][791]LogSavePackage: Save=113.58ms
[2018.05.07-22.04.59:283][791]LogSavePackage: Moving 'C:/Users/Edward/Desktop/PhantomMechanic/Saved/Test_InitialDD2E6E7E4AE84374F587FDA72E42E7C5.tmp' to 'C:/Users/Edward/Desktop/PhantomMechanic/Content/Levels/Test_Initial/Test_Initial.umap'
[2018.05.07-22.04.59:353][791]LogSavePackage: Display: Finished SavePackage C:/Users/Edward/Desktop/PhantomMechanic/Content/Levels/Test_Initial/Test_Initial.umap
[2018.05.07-22.04.59:582][791]LogFileHelpers: Saving map 'Test_Initial' took 0.566
[2018.05.07-22.05.08:910][677]LogSlate: Window 'Delete Assets' being destroyed
[2018.05.07-22.05.51:543][522]LogSlate: FSceneViewport::OnFocusLost() reason 2
[2018.05.07-22.08.39:523][810]LogTexture: Display: Building textures: Texture2D_2 (G8, 128X128)
[2018.05.07-22.08.42:286][  6]LogActorComponent: UnregisterComponent: (/Engine/Transient.SphereBrushComponent) Not registered. Aborting.
[2018.05.07-22.09.51:484][290]LogSlate: Window 'Pick Parent Class' being destroyed
[2018.05.07-22.10.05:113][811]Cmd: OBJ SAVEPACKAGE PACKAGE="/Game/Levels/Test_Initial/Assets/SkySphere_TI" FILE="C:/Users/Edward/Desktop/PhantomMechanic/Content/Levels/Test_Initial/Assets/SkySphere_TI.uasset" SILENT=true
[2018.05.07-22.10.05:210][811]LogSavePackage: Save=91.60ms
[2018.05.07-22.10.05:210][811]LogSavePackage: Moving 'C:/Users/Edward/Desktop/PhantomMechanic/Saved/SkySphere_TI512092164AC3B4ABA818F6AB0D09FA74.tmp' to 'C:/Users/Edward/Desktop/PhantomMechanic/Content/Levels/Test_Initial/Assets/SkySphere_TI.uasset'
[2018.05.07-22.10.05:218][811]LogSavePackage: Display: Finished SavePackage C:/Users/Edward/Desktop/PhantomMechanic/Content/Levels/Test_Initial/Assets/SkySphere_TI.uasset
[2018.05.07-22.10.10:101][198]LogContentBrowser: Native class hierarchy updated for 'BlueprintGraph' in 0.0025 seconds. Added 116 classes and 0 folders.
[2018.05.07-22.10.10:794][198]LogUObjectGlobals: Created PersistentFrame Addr=0x000001ad0fdc68b8, Size=4, Default__SKEL_PROTO_BP_AnimBlueprint_0_C Function /Engine/Transient.SKEL_PROTO_BP_AnimBlueprint_0_C:ExecuteUbergraph_PROTO_BP_AnimBlueprint_0
[2018.05.07-22.10.10:805][198]LogUObjectGlobals: Created PersistentFrame Addr=0x000001ad0fdc68b0, Size=4, Default__PROTO_BP_AnimBlueprint_0_C Function /Engine/Transient.PROTO_BP_AnimBlueprint_0_C:ExecuteUbergraph_PROTO_BP_AnimBlueprint_0
[2018.05.07-22.10.12:667][198]LogRenderer: Reallocating scene render targets to support 1360x940 Format 10 NumSamples 1 (Frame:1).
[2018.05.07-22.10.25:465][  8]LogSlate: Took 0.016259 seconds to synchronously load lazily loaded font '../../../Engine/Content/Slate/Fonts/Roboto-Italic.ttf' (157K)
[2018.05.07-22.11.04:290][664]LogSlate: FSceneViewport::OnFocusLost() reason 0
[2018.05.07-22.11.17:929][590]LogSlate: FSceneViewport::OnFocusLost() reason 0
[2018.05.07-22.11.39:002][915]LogSlate: FSceneViewport::OnFocusLost() reason 0
[2018.05.07-22.11.45:782][410]LogSlate: FSceneViewport::OnFocusLost() reason 0
[2018.05.07-22.11.52:724][922]LogSlate: FSceneViewport::OnFocusLost() reason 2
[2018.05.07-22.11.52:759][922]Cmd: OBJ SAVEPACKAGE PACKAGE="/Game/Levels/Test_Initial/Assets/SkySphere_TI" FILE="C:/Users/Edward/Desktop/PhantomMechanic/Content/Levels/Test_Initial/Assets/SkySphere_TI.uasset" SILENT=true
[2018.05.07-22.11.52:804][922]LogSavePackage: Save=23.05ms
[2018.05.07-22.11.52:804][922]LogSavePackage: Moving 'C:/Users/Edward/Desktop/PhantomMechanic/Saved/SkySphere_TIBEA8464A4FD806DA13E225A231C6F6C9.tmp' to 'C:/Users/Edward/Desktop/PhantomMechanic/Content/Levels/Test_Initial/Assets/SkySphere_TI.uasset'
[2018.05.07-22.11.52:812][922]LogSavePackage: Display: Finished SavePackage C:/Users/Edward/Desktop/PhantomMechanic/Content/Levels/Test_Initial/Assets/SkySphere_TI.uasset
[2018.05.07-22.12.11:374][312]LogSlate: FSceneViewport::OnFocusLost() reason 0
[2018.05.07-22.12.16:180][687]LogSlate: FSceneViewport::OnFocusLost() reason 0
[2018.05.07-22.13.25:188][147]LogSlate: FSceneViewport::OnFocusLost() reason 0
[2018.05.07-22.13.39:433][389]LogSlate: FSceneViewport::OnFocusLost() reason 0
[2018.05.07-22.13.39:836][420]BlueprintLog: New page: Compile SkySphere_TI
[2018.05.07-22.13.46:139][685]LogSlate: FSceneViewport::OnFocusLost() reason 2
[2018.05.07-22.13.48:846][839]LogSlate: FSceneViewport::OnFocusLost() reason 2
[2018.05.07-22.13.52:438][ 25]LogSlate: FSceneViewport::OnFocusLost() reason 0
[2018.05.07-22.13.52:535][ 33]BlueprintLog: New page: Compile SkySphere_TI
[2018.05.07-22.13.57:606][290]BlueprintLog: New page: Compile SkySphere_TI
[2018.05.07-22.13.58:534][322]Cmd: OBJ SAVEPACKAGE PACKAGE="/Game/Levels/Test_Initial/Assets/SkySphere_TI" FILE="C:/Users/Edward/Desktop/PhantomMechanic/Content/Levels/Test_Initial/Assets/SkySphere_TI.uasset" SILENT=true
[2018.05.07-22.13.58:584][322]LogSavePackage: Save=41.78ms
[2018.05.07-22.13.58:584][322]LogSavePackage: Moving 'C:/Users/Edward/Desktop/PhantomMechanic/Saved/SkySphere_TIE03F79C04EB44BBA2D96DDA05CAA906B.tmp' to 'C:/Users/Edward/Desktop/PhantomMechanic/Content/Levels/Test_Initial/Assets/SkySphere_TI.uasset'
[2018.05.07-22.13.58:592][322]LogSavePackage: Display: Finished SavePackage C:/Users/Edward/Desktop/PhantomMechanic/Content/Levels/Test_Initial/Assets/SkySphere_TI.uasset
[2018.05.07-22.14.04:576][666]BlueprintLog: New page: Compile SkySphere_TI
[2018.05.07-22.14.33:357][488]BlueprintLog: New page: Compile SkySphere_TI
[2018.05.07-22.14.39:133][842]BlueprintLog: New page: Compile SkySphere_TI
[2018.05.07-22.15.47:354][ 19]BlueprintLog: New page: Compile SkySphere_TI
[2018.05.07-22.15.48:145][ 39]Cmd: OBJ SAVEPACKAGE PACKAGE="/Game/Levels/Test_Initial/Assets/SkySphere_TI" FILE="C:/Users/Edward/Desktop/PhantomMechanic/Content/Levels/Test_Initial/Assets/SkySphere_TI.uasset" SILENT=true
[2018.05.07-22.15.48:178][ 39]LogSavePackage: Save=25.02ms
[2018.05.07-22.15.48:178][ 39]LogSavePackage: Moving 'C:/Users/Edward/Desktop/PhantomMechanic/Saved/SkySphere_TIEDA3CAE0481BB01D7106E5B098B3EA79.tmp' to 'C:/Users/Edward/Desktop/PhantomMechanic/Content/Levels/Test_Initial/Assets/SkySphere_TI.uasset'
[2018.05.07-22.15.48:186][ 39]LogSavePackage: Display: Finished SavePackage C:/Users/Edward/Desktop/PhantomMechanic/Content/Levels/Test_Initial/Assets/SkySphere_TI.uasset
[2018.05.07-22.15.54:467][522]BlueprintLog: New page: Compile SkySphere_TI
[2018.05.07-22.15.55:258][540]Cmd: OBJ SAVEPACKAGE PACKAGE="/Game/Levels/Test_Initial/Assets/SkySphere_TI" FILE="C:/Users/Edward/Desktop/PhantomMechanic/Content/Levels/Test_Initial/Assets/SkySphere_TI.uasset" SILENT=true
[2018.05.07-22.15.55:289][540]LogSavePackage: Save=23.23ms
[2018.05.07-22.15.55:290][540]LogSavePackage: Moving 'C:/Users/Edward/Desktop/PhantomMechanic/Saved/SkySphere_TIA44AEEBF43D797F68FBCD9B79F707CFE.tmp' to 'C:/Users/Edward/Desktop/PhantomMechanic/Content/Levels/Test_Initial/Assets/SkySphere_TI.uasset'
[2018.05.07-22.15.55:297][540]LogSavePackage: Display: Finished SavePackage C:/Users/Edward/Desktop/PhantomMechanic/Content/Levels/Test_Initial/Assets/SkySphere_TI.uasset
[2018.05.07-22.16.07:910][522]LogSlate: FSceneViewport::OnFocusLost() reason 2
[2018.05.07-22.16.07:935][522]Cmd: OBJ SAVEPACKAGE PACKAGE="/Game/Levels/Test_Initial/Assets/SkySphere_TI" FILE="C:/Users/Edward/Desktop/PhantomMechanic/Content/Levels/Test_Initial/Assets/SkySphere_TI.uasset" SILENT=true
[2018.05.07-22.16.07:967][522]LogSavePackage: Save=23.77ms
[2018.05.07-22.16.07:967][522]LogSavePackage: Moving 'C:/Users/Edward/Desktop/PhantomMechanic/Saved/SkySphere_TIED0C0F1D4E3773F1F298599B8E264016.tmp' to 'C:/Users/Edward/Desktop/PhantomMechanic/Content/Levels/Test_Initial/Assets/SkySphere_TI.uasset'
[2018.05.07-22.16.07:975][522]LogSavePackage: Display: Finished SavePackage C:/Users/Edward/Desktop/PhantomMechanic/Content/Levels/Test_Initial/Assets/SkySphere_TI.uasset
[2018.05.07-22.16.13:964][972]LogSlate: FSceneViewport::OnFocusLost() reason 0
[2018.05.07-22.16.14:286][997]BlueprintLog: New page: Compile SkySphere_TI
[2018.05.07-22.16.15:028][  3]Cmd: OBJ SAVEPACKAGE PACKAGE="/Game/Levels/Test_Initial/Assets/SkySphere_TI" FILE="C:/Users/Edward/Desktop/PhantomMechanic/Content/Levels/Test_Initial/Assets/SkySphere_TI.uasset" SILENT=true
[2018.05.07-22.16.15:059][  3]LogSavePackage: Save=23.28ms
[2018.05.07-22.16.15:060][  3]LogSavePackage: Moving 'C:/Users/Edward/Desktop/PhantomMechanic/Saved/SkySphere_TI24AB91A54372F1A23BBA3490D30E8A4C.tmp' to 'C:/Users/Edward/Desktop/PhantomMechanic/Content/Levels/Test_Initial/Assets/SkySphere_TI.uasset'
[2018.05.07-22.16.15:063][  3]LogSavePackage: Display: Finished SavePackage C:/Users/Edward/Desktop/PhantomMechanic/Content/Levels/Test_Initial/Assets/SkySphere_TI.uasset
[2018.05.07-22.16.32:305][254]LogSlate: FSceneViewport::OnFocusLost() reason 0
[2018.05.07-22.16.32:368][259]BlueprintLog: New page: Compile SkySphere_TI
[2018.05.07-22.16.33:216][265]Cmd: OBJ SAVEPACKAGE PACKAGE="/Game/Levels/Test_Initial/Assets/SkySphere_TI" FILE="C:/Users/Edward/Desktop/PhantomMechanic/Content/Levels/Test_Initial/Assets/SkySphere_TI.uasset" SILENT=true
[2018.05.07-22.16.33:247][265]LogSavePackage: Save=22.43ms
[2018.05.07-22.16.33:247][265]LogSavePackage: Moving 'C:/Users/Edward/Desktop/PhantomMechanic/Saved/SkySphere_TI7595F7E541755CEACD4224A0D742ADA4.tmp' to 'C:/Users/Edward/Desktop/PhantomMechanic/Content/Levels/Test_Initial/Assets/SkySphere_TI.uasset'
[2018.05.07-22.16.33:255][265]LogSavePackage: Display: Finished SavePackage C:/Users/Edward/Desktop/PhantomMechanic/Content/Levels/Test_Initial/Assets/SkySphere_TI.uasset
[2018.05.07-22.16.33:892][305]LogSlate: Window 'SkySphere_TI' being destroyed
[2018.05.07-22.16.42:989][302]LogSlate: FSceneViewport::OnFocusLost() reason 0
[2018.05.07-22.16.45:403][556]LogSlate: FSceneViewport::OnFocusLost() reason 0
[2018.05.07-22.16.54:595][578]LogSlate: FSceneViewport::OnFocusLost() reason 0
[2018.05.07-22.16.56:910][727]LogSlate: Window 'SkySphere_TI' being destroyed
[2018.05.07-22.16.57:451][727]LogSlate: Took 0.019085 seconds to synchronously load lazily loaded font '../../../Engine/Content/Slate/Fonts/Roboto-BoldCondensed.ttf' (158K)
[2018.05.07-22.17.04:533][167]LogSlate: FSceneViewport::OnFocusLost() reason 0
[2018.05.07-22.17.12:386][640]Cmd: OBJ SAVEPACKAGE PACKAGE="/Game/Levels/Test_Initial/Assets/SkySphere_TI" FILE="C:/Users/Edward/Desktop/PhantomMechanic/Content/Levels/Test_Initial/Assets/SkySphere_TI.uasset" SILENT=true
[2018.05.07-22.17.12:424][640]LogSavePackage: Save=22.60ms
[2018.05.07-22.17.12:424][640]LogSavePackage: Moving 'C:/Users/Edward/Desktop/PhantomMechanic/Saved/SkySphere_TIE35502E6465437D84B90E3B884B4CC2A.tmp' to 'C:/Users/Edward/Desktop/PhantomMechanic/Content/Levels/Test_Initial/Assets/SkySphere_TI.uasset'
[2018.05.07-22.17.12:432][640]LogSavePackage: Display: Finished SavePackage C:/Users/Edward/Desktop/PhantomMechanic/Content/Levels/Test_Initial/Assets/SkySphere_TI.uasset
[2018.05.07-22.17.13:053][675]BlueprintLog: New page: Compile SkySphere_TI
[2018.05.07-22.17.13:960][690]Cmd: OBJ SAVEPACKAGE PACKAGE="/Game/Levels/Test_Initial/Assets/SkySphere_TI" FILE="C:/Users/Edward/Desktop/PhantomMechanic/Content/Levels/Test_Initial/Assets/SkySphere_TI.uasset" SILENT=true
[2018.05.07-22.17.13:992][690]LogSavePackage: Save=23.29ms
[2018.05.07-22.17.13:992][690]LogSavePackage: Moving 'C:/Users/Edward/Desktop/PhantomMechanic/Saved/SkySphere_TI9D9B461746AE481337DB87BE357C87E9.tmp' to 'C:/Users/Edward/Desktop/PhantomMechanic/Content/Levels/Test_Initial/Assets/SkySphere_TI.uasset'
[2018.05.07-22.17.13:996][690]LogSavePackage: Display: Finished SavePackage C:/Users/Edward/Desktop/PhantomMechanic/Content/Levels/Test_Initial/Assets/SkySphere_TI.uasset
[2018.05.07-22.17.16:417][815]LogSlate: Window 'SkySphere_TI' being destroyed
[2018.05.07-22.17.20:015][186]LogSlate: FSceneViewport::OnFocusLost() reason 0
[2018.05.07-22.17.25:304][743]LogSlate: FSceneViewport::OnFocusLost() reason 0
[2018.05.07-22.17.40:666][380]LogSlate: FSceneViewport::OnFocusLost() reason 0
[2018.05.07-22.17.45:911][950]LogSlate: FSceneViewport::OnFocusLost() reason 0
[2018.05.07-22.18.04:404][903]LogSlate: FSceneViewport::OnFocusLost() reason 0
[2018.05.07-22.18.11:140][646]LogSlate: FSceneViewport::OnFocusLost() reason 0
[2018.05.07-22.18.29:556][587]LogSlate: FSceneViewport::OnFocusLost() reason 0
[2018.05.07-22.18.33:255][965]LogSlate: FSceneViewport::OnFocusLost() reason 0
[2018.05.07-22.18.50:280][903]LogSlate: FSceneViewport::OnFocusLost() reason 2
[2018.05.07-22.18.54:720][429]LogSlate: FSceneViewport::OnFocusLost() reason 0
[2018.05.07-22.19.02:122][294]BlueprintLog: New page: Compile SkySphere_TI
[2018.05.07-22.19.03:606][396]Cmd: OBJ SAVEPACKAGE PACKAGE="/Game/Levels/Test_Initial/Assets/SkySphere_TI" FILE="C:/Users/Edward/Desktop/PhantomMechanic/Content/Levels/Test_Initial/Assets/SkySphere_TI.uasset" SILENT=true
[2018.05.07-22.19.03:639][396]LogSavePackage: Save=23.31ms
[2018.05.07-22.19.03:639][396]LogSavePackage: Moving 'C:/Users/Edward/Desktop/PhantomMechanic/Saved/SkySphere_TI543CD52443AA9FC9790CAFA90FC63730.tmp' to 'C:/Users/Edward/Desktop/PhantomMechanic/Content/Levels/Test_Initial/Assets/SkySphere_TI.uasset'
[2018.05.07-22.19.03:646][396]LogSavePackage: Display: Finished SavePackage C:/Users/Edward/Desktop/PhantomMechanic/Content/Levels/Test_Initial/Assets/SkySphere_TI.uasset
[2018.05.07-22.19.06:532][716]LogSlate: FSceneViewport::OnFocusLost() reason 0
[2018.05.07-22.19.13:685][524]LogSlate: FSceneViewport::OnFocusLost() reason 0
[2018.05.07-22.19.19:425][199]LogSlate: FSceneViewport::OnFocusLost() reason 0
[2018.05.07-22.19.19:499][208]BlueprintLog: New page: Compile SkySphere_TI
[2018.05.07-22.19.23:153][513]LogSlate: FSceneViewport::OnFocusLost() reason 0
[2018.05.07-22.19.23:240][523]LogTemp: Repeating last play command: Selected Viewport
[2018.05.07-22.19.23:352][523]LogPlayLevel: PlayLevel: No blueprints needed recompiling
[2018.05.07-22.19.23:480][523]PIE: New page: PIE session: Test_Initial (May 7, 2018, 2:19:23 PM)
[2018.05.07-22.19.23:494][523]LogPlayLevel: Creating play world package: /Game/Levels/Test_Initial/UEDPIE_0_Test_Initial
[2018.05.07-22.19.23:548][523]LogPlayLevel: PIE: StaticDuplicateObject took: (0.054015s)
[2018.05.07-22.19.23:549][523]LogAIModule: Creating AISystem for world Test_Initial
[2018.05.07-22.19.23:563][523]LogPlayLevel: PIE: World Init took: (0.015190s)
[2018.05.07-22.19.23:564][523]LogPlayLevel: PIE: Created PIE world by copying editor world from /Game/Levels/Test_Initial/Test_Initial.Test_Initial to /Game/Levels/Test_Initial/UEDPIE_0_Test_Initial.Test_Initial (0.069877s)
[2018.05.07-22.19.23:686][523]LogInit: XAudio2 using 'Speakers (Realtek High Definition Audio)' : 2 channels at 48 kHz using 16 bits per sample (channel mask 0x3)
[2018.05.07-22.19.23:721][523]LogInit: FAudioDevice initialized.
[2018.05.07-22.19.23:957][523]LogLoad: Game class is 'PhantomBaseMode_C'
[2018.05.07-22.19.24:149][523]LogWorld: Bringing World /Game/Levels/Test_Initial/UEDPIE_0_Test_Initial.Test_Initial up for play (max tick rate 0) at 2018.05.07-18.19.24
[2018.05.07-22.19.24:168][523]LogWorld: Bringing up level for play took: 0.019780
[2018.05.07-22.19.24:355][523]LogSpawn: Warning: SpawnActor failed because no class was specified
[2018.05.07-22.19.24:390][523]LogContentBrowser: Native class hierarchy updated for 'MovieSceneCapture' in 0.0019 seconds. Added 11 classes and 0 folders.
[2018.05.07-22.19.24:391][523]LogGameMode: Display: Match State Changed from EnteringMap to WaitingToStart
[2018.05.07-22.19.24:391][523]LogGameState: Match State Changed from EnteringMap to WaitingToStart
[2018.05.07-22.19.24:391][523]LogGameMode: Display: Match State Changed from WaitingToStart to InProgress
[2018.05.07-22.19.24:430][523]LogGameState: Match State Changed from WaitingToStart to InProgress
[2018.05.07-22.19.24:430][523]PIE: Play in editor start time for /Game/Levels/Test_Initial/UEDPIE_0_Test_Initial 1.862
[2018.05.07-22.19.36:626][888]LogSlate: FSceneViewport::OnFocusLost() reason 0
[2018.05.07-22.19.38:567][102]Cmd: OBJ SAVEPACKAGE PACKAGE="/Game/Levels/Test_Initial/Assets/SkySphere_TI" FILE="C:/Users/Edward/Desktop/PhantomMechanic/Content/Levels/Test_Initial/Assets/SkySphere_TI.uasset" SILENT=true
[2018.05.07-22.19.38:597][102]LogSavePackage: Save=21.73ms
[2018.05.07-22.19.38:597][102]LogSavePackage: Moving 'C:/Users/Edward/Desktop/PhantomMechanic/Saved/SkySphere_TI8C300694491EE7CCE1B30BA3074AA9F7.tmp' to 'C:/Users/Edward/Desktop/PhantomMechanic/Content/Levels/Test_Initial/Assets/SkySphere_TI.uasset'
[2018.05.07-22.19.38:605][102]LogSavePackage: Display: Finished SavePackage C:/Users/Edward/Desktop/PhantomMechanic/Content/Levels/Test_Initial/Assets/SkySphere_TI.uasset
[2018.05.07-22.19.40:936][373]LogSlate: FSceneViewport::OnFocusLost() reason 0
[2018.05.07-22.19.54:955][ 12]LogSlate: FSceneViewport::OnFocusLost() reason 0
[2018.05.07-22.20.05:566][266]BlueprintLog: New page: Compile SkySphere_TI
[2018.05.07-22.20.24:425][375]BlueprintLog: New page: Compile SkySphere_TI
[2018.05.07-22.20.25:772][421]Cmd: OBJ SAVEPACKAGE PACKAGE="/Game/Levels/Test_Initial/Assets/SkySphere_TI" FILE="C:/Users/Edward/Desktop/PhantomMechanic/Content/Levels/Test_Initial/Assets/SkySphere_TI.uasset" SILENT=true
[2018.05.07-22.20.25:804][421]LogSavePackage: Save=23.28ms
[2018.05.07-22.20.25:804][421]LogSavePackage: Moving 'C:/Users/Edward/Desktop/PhantomMechanic/Saved/SkySphere_TI7EAA94D648F1383072956BACAD05EA4C.tmp' to 'C:/Users/Edward/Desktop/PhantomMechanic/Content/Levels/Test_Initial/Assets/SkySphere_TI.uasset'
[2018.05.07-22.20.25:811][421]LogSavePackage: Display: Finished SavePackage C:/Users/Edward/Desktop/PhantomMechanic/Content/Levels/Test_Initial/Assets/SkySphere_TI.uasset
[2018.05.07-22.20.29:056][799]LogSlate: FSceneViewport::OnFocusLost() reason 0
[2018.05.07-22.20.34:948][484]LogSlate: FSceneViewport::OnFocusLost() reason 0
[2018.05.07-22.20.40:171][ 99]BlueprintLog: New page: Compile SkySphere_TI
[2018.05.07-22.20.44:914][560]LogSlate: FSceneViewport::OnFocusLost() reason 0
[2018.05.07-22.20.48:265][946]LogSlate: FSceneViewport::OnFocusLost() reason 0
[2018.05.07-22.20.51:317][302]BlueprintLog: New page: Compile SkySphere_TI
[2018.05.07-22.20.58:938][ 84]LogSlate: FSceneViewport::OnFocusLost() reason 0
[2018.05.07-22.21.39:609][792]LogSlate: Window 'Color Picker' being destroyed
[2018.05.07-22.21.41:432][997]Cmd: OBJ SAVEPACKAGE PACKAGE="/Game/Levels/Test_Initial/Assets/SkySphere_TI" FILE="C:/Users/Edward/Desktop/PhantomMechanic/Content/Levels/Test_Initial/Assets/SkySphere_TI.uasset" SILENT=true
[2018.05.07-22.21.41:463][997]LogSavePackage: Save=23.05ms
[2018.05.07-22.21.41:463][997]LogSavePackage: Moving 'C:/Users/Edward/Desktop/PhantomMechanic/Saved/SkySphere_TIDD3D9FCA43AEA029AAF419BDE018C602.tmp' to 'C:/Users/Edward/Desktop/PhantomMechanic/Content/Levels/Test_Initial/Assets/SkySphere_TI.uasset'
[2018.05.07-22.21.41:471][997]LogSavePackage: Display: Finished SavePackage C:/Users/Edward/Desktop/PhantomMechanic/Content/Levels/Test_Initial/Assets/SkySphere_TI.uasset
[2018.05.07-22.21.41:898][ 46]BlueprintLog: New page: Compile SkySphere_TI
[2018.05.07-22.21.45:310][296]LogSlate: FSceneViewport::OnFocusLost() reason 0
[2018.05.07-22.21.47:798][592]LogSlate: FSceneViewport::OnFocusLost() reason 0
[2018.05.07-22.21.59:326][933]LogSlate: FSceneViewport::OnFocusLost() reason 0
[2018.05.07-22.21.59:410][943]BlueprintLog: New page: Compile SkySphere_TI
[2018.05.07-22.22.00:615][943]Cmd: OBJ SAVEPACKAGE PACKAGE="/Game/Levels/Test_Initial/Assets/SkySphere_TI" FILE="C:/Users/Edward/Desktop/PhantomMechanic/Content/Levels/Test_Initial/Assets/SkySphere_TI.uasset" SILENT=true
[2018.05.07-22.22.00:645][943]LogSavePackage: Save=21.18ms
[2018.05.07-22.22.00:645][943]LogSavePackage: Moving 'C:/Users/Edward/Desktop/PhantomMechanic/Saved/SkySphere_TIF1ECE12C417A3C05968162B6ECC24F86.tmp' to 'C:/Users/Edward/Desktop/PhantomMechanic/Content/Levels/Test_Initial/Assets/SkySphere_TI.uasset'
[2018.05.07-22.22.00:652][943]LogSavePackage: Display: Finished SavePackage C:/Users/Edward/Desktop/PhantomMechanic/Content/Levels/Test_Initial/Assets/SkySphere_TI.uasset
[2018.05.07-22.22.12:943][401]LogSlate: FSceneViewport::OnFocusLost() reason 0
[2018.05.07-22.22.37:039][115]LogSlate: Window 'Color Picker' being destroyed
[2018.05.07-22.22.38:759][317]BlueprintLog: New page: Compile SkySphere_TI
[2018.05.07-22.22.40:930][402]LogEditorTransaction: Undo Edit Horizon Color
[2018.05.07-22.22.41:850][502]LogEditorTransaction: Undo Edit Horizon Color Curve
[2018.05.07-22.22.47:573][149]BlueprintLog: New page: Compile SkySphere_TI
[2018.05.07-22.22.49:306][183]Cmd: OBJ SAVEPACKAGE PACKAGE="/Game/Levels/Test_Initial/Assets/SkySphere_TI" FILE="C:/Users/Edward/Desktop/PhantomMechanic/Content/Levels/Test_Initial/Assets/SkySphere_TI.uasset" SILENT=true
[2018.05.07-22.22.49:348][183]LogSavePackage: Save=24.50ms
[2018.05.07-22.22.49:349][183]LogSavePackage: Moving 'C:/Users/Edward/Desktop/PhantomMechanic/Saved/SkySphere_TIEA3655F44B6AF4B7D54031B461536577.tmp' to 'C:/Users/Edward/Desktop/PhantomMechanic/Content/Levels/Test_Initial/Assets/SkySphere_TI.uasset'
[2018.05.07-22.22.49:356][183]LogSavePackage: Display: Finished SavePackage C:/Users/Edward/Desktop/PhantomMechanic/Content/Levels/Test_Initial/Assets/SkySphere_TI.uasset
[2018.05.07-22.22.55:403][854]BlueprintLog: New page: Compile SkySphere_TI
[2018.05.07-22.22.57:174][874]Cmd: OBJ SAVEPACKAGE PACKAGE="/Game/Levels/Test_Initial/Assets/SkySphere_TI" FILE="C:/Users/Edward/Desktop/PhantomMechanic/Content/Levels/Test_Initial/Assets/SkySphere_TI.uasset" SILENT=true
[2018.05.07-22.22.57:204][874]LogSavePackage: Save=21.66ms
[2018.05.07-22.22.57:204][874]LogSavePackage: Moving 'C:/Users/Edward/Desktop/PhantomMechanic/Saved/SkySphere_TI9322D66249BCCF51AED29888E988AC6D.tmp' to 'C:/Users/Edward/Desktop/PhantomMechanic/Content/Levels/Test_Initial/Assets/SkySphere_TI.uasset'
[2018.05.07-22.22.57:211][874]LogSavePackage: Display: Finished SavePackage C:/Users/Edward/Desktop/PhantomMechanic/Content/Levels/Test_Initial/Assets/SkySphere_TI.uasset
[2018.05.07-22.23.02:370][463]LogEditorViewport: Clicking on Actor (LMB): SkySphere_TI_C (SkySphere_TI)
[2018.05.07-22.23.05:185][731]LogSlate: FSceneViewport::OnFocusLost() reason 0
[2018.05.07-22.23.12:934][482]LogSlate: FSceneViewport::OnFocusLost() reason 0
[2018.05.07-22.23.35:289][684]LogSlate: FSceneViewport::OnFocusLost() reason 0
[2018.05.07-22.23.41:828][329]LogSlate: FSceneViewport::OnFocusLost() reason 0
[2018.05.07-22.24.40:997][293]LogSlate: FSceneViewport::OnFocusLost() reason 0
[2018.05.07-22.24.47:532][ 42]BlueprintLog: New page: Compile SkySphere_TI
[2018.05.07-22.24.57:130][816]LogSlate: FSceneViewport::OnFocusLost() reason 0
[2018.05.07-22.25.04:375][535]LogSlate: FSceneViewport::OnFocusLost() reason 0
[2018.05.07-22.25.20:871][173]LogSlate: FSceneViewport::OnFocusLost() reason 0
[2018.05.07-22.25.24:036][536]LogSlate: FSceneViewport::OnFocusLost() reason 0
[2018.05.07-22.25.26:563][830]BlueprintLog: New page: Compile SkySphere_TI
[2018.05.07-22.25.28:709][872]Cmd: OBJ SAVEPACKAGE PACKAGE="/Game/Levels/Test_Initial/Assets/SkySphere_TI" FILE="C:/Users/Edward/Desktop/PhantomMechanic/Content/Levels/Test_Initial/Assets/SkySphere_TI.uasset" SILENT=true
[2018.05.07-22.25.28:744][872]LogSavePackage: Save=24.66ms
[2018.05.07-22.25.28:744][872]LogSavePackage: Moving 'C:/Users/Edward/Desktop/PhantomMechanic/Saved/SkySphere_TI319F20674F681B378E861DA3F6CED4A8.tmp' to 'C:/Users/Edward/Desktop/PhantomMechanic/Content/Levels/Test_Initial/Assets/SkySphere_TI.uasset'
[2018.05.07-22.25.28:753][872]LogSavePackage: Display: Finished SavePackage C:/Users/Edward/Desktop/PhantomMechanic/Content/Levels/Test_Initial/Assets/SkySphere_TI.uasset
[2018.05.07-22.25.33:241][361]BlueprintLog: New page: Compile SkySphere_TI
[2018.05.07-22.25.35:464][404]Cmd: OBJ SAVEPACKAGE PACKAGE="/Game/Levels/Test_Initial/Assets/SkySphere_TI" FILE="C:/Users/Edward/Desktop/PhantomMechanic/Content/Levels/Test_Initial/Assets/SkySphere_TI.uasset" SILENT=true
[2018.05.07-22.25.35:491][404]LogSavePackage: Save=19.62ms
[2018.05.07-22.25.35:492][404]LogSavePackage: Moving 'C:/Users/Edward/Desktop/PhantomMechanic/Saved/SkySphere_TIE114C36E464D94CFB25ACFA115D6E22D.tmp' to 'C:/Users/Edward/Desktop/PhantomMechanic/Content/Levels/Test_Initial/Assets/SkySphere_TI.uasset'
[2018.05.07-22.25.35:500][404]LogSavePackage: Display: Finished SavePackage C:/Users/Edward/Desktop/PhantomMechanic/Content/Levels/Test_Initial/Assets/SkySphere_TI.uasset
[2018.05.07-22.25.41:772][ 15]LogSlate: FSceneViewport::OnFocusLost() reason 0
[2018.05.07-22.25.45:241][337]LogSlate: FSceneViewport::OnFocusLost() reason 2
[2018.05.07-22.25.45:365][337]LogSavePackage: Save=27.31ms
[2018.05.07-22.25.45:366][337]LogSavePackage: Moving 'C:/Users/Edward/Desktop/PhantomMechanic/Saved/Test_Initial52E46BC7469E37D6B2F36FB6C4CBEE2A.tmp' to 'C:/Users/Edward/Desktop/PhantomMechanic/Content/Levels/Test_Initial/Test_Initial.umap'
[2018.05.07-22.25.45:373][337]LogSavePackage: Display: Finished SavePackage C:/Users/Edward/Desktop/PhantomMechanic/Content/Levels/Test_Initial/Test_Initial.umap
[2018.05.07-22.25.50:491][790]LogSavePackage: Save=29.31ms
[2018.05.07-22.25.50:491][790]LogSavePackage: Moving 'C:/Users/Edward/Desktop/PhantomMechanic/Saved/Test_InitialB83299EA48AD29DA99E55986F5CA648E.tmp' to 'C:/Users/Edward/Desktop/PhantomMechanic/Content/Levels/Test_Initial/Test_Initial.umap'
[2018.05.07-22.25.50:495][790]LogSavePackage: Display: Finished SavePackage C:/Users/Edward/Desktop/PhantomMechanic/Content/Levels/Test_Initial/Test_Initial.umap
[2018.05.07-22.25.52:252][942]LogSlate: FSceneViewport::OnFocusLost() reason 0
[2018.05.07-22.25.55:001][204]LogSlate: FSceneViewport::OnFocusLost() reason 2
[2018.05.07-22.25.56:717][364]LogSlate: FSceneViewport::OnFocusLost() reason 2
[2018.05.07-22.25.58:871][573]LogSlate: FSceneViewport::OnFocusLost() reason 2
[2018.05.07-22.25.59:829][665]LogSlate: FSceneViewport::OnFocusLost() reason 2
[2018.05.07-22.25.59:932][665]LogSavePackage: Save=26.30ms
[2018.05.07-22.25.59:932][665]LogSavePackage: Moving 'C:/Users/Edward/Desktop/PhantomMechanic/Saved/Test_Initial3D3243D44BEEAEB199E8598D3110F391.tmp' to 'C:/Users/Edward/Desktop/PhantomMechanic/Content/Levels/Test_Initial/Test_Initial.umap'
[2018.05.07-22.25.59:936][665]LogSavePackage: Display: Finished SavePackage C:/Users/Edward/Desktop/PhantomMechanic/Content/Levels/Test_Initial/Test_Initial.umap
[2018.05.07-22.26.44:204][948]LogEditorViewport: Clicking on Actor (LMB): SkySphere_TI_C (SkySphere_TI)
[2018.05.07-22.26.52:189][377]LogEditorViewport: Clicking on Actor (LMB): SkySphere_TI_C (SkySphere_TI)
[2018.05.07-22.26.52:805][439]LogEditorViewport: Clicking on Actor (LMB): SkySphere_TI_C (SkySphere_TI)
[2018.05.07-22.26.53:779][540]LogEditorViewport: Clicking on Actor (LMB): SkySphere_TI_C (SkySphere_TI)
[2018.05.07-22.26.54:649][628]LogSlate: FSceneViewport::OnFocusLost() reason 0
[2018.05.07-22.27.13:323][633]LogSlate: FSceneViewport::OnFocusLost() reason 0
[2018.05.07-22.27.13:461][633]LogSavePackage: Save=27.38ms
[2018.05.07-22.27.13:461][633]LogSavePackage: Moving 'C:/Users/Edward/Desktop/PhantomMechanic/Saved/Test_Initial1859E28E4B745936E8969F9DE18FAEA7.tmp' to 'C:/Users/Edward/Desktop/PhantomMechanic/Content/Levels/Test_Initial/Test_Initial.umap'
[2018.05.07-22.27.13:465][633]LogSavePackage: Display: Finished SavePackage C:/Users/Edward/Desktop/PhantomMechanic/Content/Levels/Test_Initial/Test_Initial.umap
[2018.05.07-22.27.14:818][784]LogSlate: FSceneViewport::OnFocusLost() reason 0
[2018.05.07-22.28.36:215][675]LogSlate: FSceneViewport::OnFocusLost() reason 0
[2018.05.07-22.28.41:667][233]BlueprintLog: New page: Compile SkySphere_TI
[2018.05.07-22.28.46:383][537]LogSavePackage: Save=28.29ms
[2018.05.07-22.28.46:383][537]LogSavePackage: Moving 'C:/Users/Edward/Desktop/PhantomMechanic/Saved/Test_InitialF8DD77124A42A6819A5DAE86FD28810D.tmp' to 'C:/Users/Edward/Desktop/PhantomMechanic/Content/Levels/Test_Initial/Test_Initial.umap'
[2018.05.07-22.28.46:392][537]LogSavePackage: Display: Finished SavePackage C:/Users/Edward/Desktop/PhantomMechanic/Content/Levels/Test_Initial/Test_Initial.umap
[2018.05.07-22.28.53:147][290]LogSlate: FSceneViewport::OnFocusLost() reason 0
[2018.05.07-22.29.01:406][231]BlueprintLog: New page: Compile SkySphere_TI
[2018.05.07-22.29.02:390][277]Cmd: OBJ SAVEPACKAGE PACKAGE="/Game/Levels/Test_Initial/Assets/SkySphere_TI" FILE="C:/Users/Edward/Desktop/PhantomMechanic/Content/Levels/Test_Initial/Assets/SkySphere_TI.uasset" SILENT=true
[2018.05.07-22.29.02:428][277]LogSavePackage: Save=20.54ms
[2018.05.07-22.29.02:428][277]LogSavePackage: Moving 'C:/Users/Edward/Desktop/PhantomMechanic/Saved/SkySphere_TICFF8667246F4346BF5B80EBCE1F0522E.tmp' to 'C:/Users/Edward/Desktop/PhantomMechanic/Content/Levels/Test_Initial/Assets/SkySphere_TI.uasset'
[2018.05.07-22.29.02:437][277]LogSavePackage: Display: Finished SavePackage C:/Users/Edward/Desktop/PhantomMechanic/Content/Levels/Test_Initial/Assets/SkySphere_TI.uasset
[2018.05.07-22.29.04:573][494]LogSavePackage: Save=26.80ms
[2018.05.07-22.29.04:574][494]LogSavePackage: Moving 'C:/Users/Edward/Desktop/PhantomMechanic/Saved/Test_Initial06C0C3EF4CD43263C5136187BEABE389.tmp' to 'C:/Users/Edward/Desktop/PhantomMechanic/Content/Levels/Test_Initial/Test_Initial.umap'
[2018.05.07-22.29.04:581][494]LogSavePackage: Display: Finished SavePackage C:/Users/Edward/Desktop/PhantomMechanic/Content/Levels/Test_Initial/Test_Initial.umap
[2018.05.07-22.29.11:569][175]LogSlate: FSceneViewport::OnFocusLost() reason 0
[2018.05.07-22.29.11:685][183]MapCheck: New page: Map Check
[2018.05.07-22.29.11:992][183]Cmd: MAP REBUILD ALLVISIBLE
[2018.05.07-22.29.12:008][183]LogEditorServer: Rebuildmap Clear paths rebuilt
[2018.05.07-22.29.12:431][183]LogMaterial: Missing cached shader map for material FDebugViewModeMaterialProxy FloorPlaneMaterial, compiling. 
[2018.05.07-22.29.13:006][183]LogShaderCompilers: Display: Shaders left to compile 1
[2018.05.07-22.29.13:007][183]LogMaterial: Missing cached shader map for material FDebugViewModeMaterialProxy MaterialInstanceDynamic_1546, compiling. 
[2018.05.07-22.29.15:168][183]LogShaderCompilers: Display: Shaders left to compile 1
[2018.05.07-22.29.15:168][183]TextureStreamingBuild: Display: Compiling optional shaders took 2.783 seconds.
[2018.05.07-22.29.15:293][183]LogLevel: Display: Export Material TexCoord Scales took 0.124 seconds.
[2018.05.07-22.29.15:324][183]TextureStreamingBuild: Display: Build Texture Streaming took 0.031 seconds.
[2018.05.07-22.29.15:399][183]LightingResults: New page: Lighting Build - May 7, 2018, 2:29:15 PM
[2018.05.07-22.29.16:238][183]LogSwarmInterface: [OpenConnection] Registering TCP channel ...
[2018.05.07-22.29.16:585][183]LogSwarmInterface: [OpenConnection] Connecting to agent ...
[2018.05.07-22.29.16:603][183]LogSwarmInterface: [TryOpenConnection] Testing the Agent
[2018.05.07-22.29.17:626][183]LogSwarmInterface: [TryOpenConnection] Opening Connection to Agent
[2018.05.07-22.29.17:627][183]LogSwarmInterface: [TryOpenConnection] Local Process ID is 4968
[2018.05.07-22.29.20:377][183]LogStaticLightingSystem: Warning: No importance volume found, so the scene bounding box was used.  You can optimize your scene's quality and lighting build times by adding importance volumes.
[2018.05.07-22.29.20:401][183]LogStaticLightingSystem: Running Lightmass w/ ImmediateImport mode ENABLED
[2018.05.07-22.29.20:402][183]LogStaticLightingSystem: Running Lightmass w/ ImmediateProcess mode ENABLED
[2018.05.07-22.29.20:402][183]LogStaticLightingSystem: Running Lightmass w/ Sorting mode ENABLED
[2018.05.07-22.29.20:402][183]LogStaticLightingSystem: Running Lightmass w/ Mapping paddings ENABLED
[2018.05.07-22.29.20:402][183]LogStaticLightingSystem: Running Lightmass w/ Mapping debug paddings DISABLED
[2018.05.07-22.29.20:882][183]Cmd: MAP CHECK DONTDISPLAYDIALOG
[2018.05.07-22.29.20:882][183]MapCheck: New page: Test_Initial - May 7, 2018, 2:29:20 PM
[2018.05.07-22.29.21:097][183]MapCheck: Map check complete: 0 Error(s), 0 Warning(s), took 214.528ms to complete.
[2018.05.07-22.29.21:125][183]LogEditorBuildUtils: Build time 0:09
[2018.05.07-22.29.23:550][307]Job is a success!
[2018.05.07-22.29.23:702][308]LogSlate: FSceneViewport::OnFocusLost() reason 2
[2018.05.07-22.29.23:895][308]LogVolumetricLightmapImport: Imported Volumetric Lightmap in 0.152s
[2018.05.07-22.29.23:895][308]LogVolumetricLightmapImport:      Indirection Texture 16x16x16 = 0.0Mb
[2018.05.07-22.29.23:896][308]LogVolumetricLightmapImport:      BrickData 30x5x5 = 0.0Mb
[2018.05.07-22.29.23:897][308]LogVolumetricLightmapImport:      Bricks at Level
[2018.05.07-22.29.23:899][308]LogVolumetricLightmapImport:          0: 16.7% covering 100.0% of volume
[2018.05.07-22.29.23:900][308]LogVolumetricLightmapImport:          1: 16.7% covering 1.6% of volume
[2018.05.07-22.29.23:900][308]LogVolumetricLightmapImport:          2: 66.7% covering 0.1% of volume
[2018.05.07-22.29.24:134][308]LogTexture: Display: Building textures: HQ_Lightmap0_1 (AutoDXT, 128X128)
[2018.05.07-22.29.24:135][308]LogTexture: Display: Building textures: SkyOcclusion0_1 (AutoDXT, 128X64)
[2018.05.07-22.29.24:135][308]LogTexture: Display: Building textures: SkyOcclusion0_2 (AutoDXT, 64X32)
[2018.05.07-22.29.24:135][308]LogTexture: Display: Building textures: LQ_Lightmap_0_1 (DXT1, 128X128)
[2018.05.07-22.29.24:135][308]LogTexture: Display: Building textures: LQ_Lightmap_0_2 (DXT1, 64X64)
[2018.05.07-22.29.24:136][308]LogTexture: Display: Building textures: HQ_Lightmap0_2 (AutoDXT, 64X64)
[2018.05.07-22.29.24:136][308]LogTexture: Display: Building textures: ShadowMapTexture2D_1 (G8, 32X32)
[2018.05.07-22.29.24:136][308]LogTexture: Display: Building textures: ShadowMapTexture2D_0 (G8, 64X64)
[2018.05.07-22.29.24:181][308]Lightmass on EDSREDDESKTOP: 1.71 sec total, 218 ms importing, 29 ms setup, 381 ms photons, 1.02 sec processing, 0 ms extra exporting [2/2 mappings]. Threads: 7.00 sec total, 157 ms processing.
[2018.05.07-22.29.24:287][308]LogStaticLightingSystem: Illumination: 8.78 sec (69 ms encoding lightmaps, 39 ms encoding shadowmaps)
[2018.05.07-22.29.24:288][308]LogStaticLightingSystem: Lightmap texture memory:  0.1 MB (0.1 MB streaming, 0.0 MB non-streaming), 4 textures
[2018.05.07-22.29.24:288][308]LogStaticLightingSystem: Shadowmap texture memory: 0.0 MB (0.0 MB streaming, 0.0 MB non-streaming), 2 textures
[2018.05.07-22.29.24:548][308]DumpUnbuiltLightIteractions
[2018.05.07-22.29.24:549][308]Lights with unbuilt interactions: 0
[2018.05.07-22.29.24:549][308]
[2018.05.07-22.29.24:549][308]Primitives with unbuilt interactions: 0
[2018.05.07-22.29.24:603][308]LogSlate: FSceneViewport::OnFocusLost() reason 2
[2018.05.07-22.29.24:695][309]Cmd: MAP CHECK NOTIFYRESULTS
[2018.05.07-22.29.24:696][309]MapCheck: New page: Test_Initial - May 7, 2018, 2:29:24 PM
[2018.05.07-22.29.24:801][309]MapCheck: Map check complete: 0 Error(s), 0 Warning(s), took 104.919ms to complete.
[2018.05.07-22.29.45:491][708]LogSlate: FSceneViewport::OnFocusLost() reason 0
[2018.05.07-22.34.10:083][768]LogSavePackage: Save=33.02ms
[2018.05.07-22.34.10:084][768]LogSavePackage: Moving 'C:/Users/Edward/Desktop/PhantomMechanic/Saved/Test_Initial_Auto11756A79547BF2E90D2B1C696E61DAEAD.tmp' to 'C:/Users/Edward/Desktop/PhantomMechanic/Saved/Autosaves/Game/Levels/Test_Initial/Test_Initial_Auto1.umap'
[2018.05.07-22.34.10:089][768]LogSavePackage: Display: Finished SavePackage C:/Users/Edward/Desktop/PhantomMechanic/Saved/Autosaves/Game/Levels/Test_Initial/Test_Initial_Auto1.umap
[2018.05.07-22.34.10:104][768]LogFileHelpers: Editor autosave (incl. sublevels) for '/Game/Levels/Test_Initial/Test_Initial' took 0.205
[2018.05.07-22.34.10:104][768]LogFileHelpers: Editor autosave (incl. sublevels) for all levels took 0.205
[2018.05.07-22.34.10:116][768]OBJ SavePackage: Generating thumbnails for [0] asset(s) in package [/Game/Levels/Test_Initial/Test_Initial_BuiltData] ([1] browsable assets)...
[2018.05.07-22.34.10:116][768]OBJ SavePackage: Finished generating thumbnails for package [/Game/Levels/Test_Initial/Test_Initial_BuiltData]
[2018.05.07-22.34.10:139][768]LogSavePackage: Save=18.76ms
[2018.05.07-22.34.10:140][768]LogSavePackage: Moving 'C:/Users/Edward/Desktop/PhantomMechanic/Saved/Test_Initial_BuiltData_Auto1FD87D56842F2D6A0990A12AEC443112A.tmp' to 'C:/Users/Edward/Desktop/PhantomMechanic/Saved/Autosaves/Game/Levels/Test_Initial/Test_Initial./Game/Levels/Test_Initial/Test_Initial_BuiltData_Auto1.uasset'
[2018.05.07-22.34.10:144][768]LogSavePackage: Display: Finished SavePackage C:/Users/Edward/Desktop/PhantomMechanic/Saved/Autosaves/Game/Levels/Test_Initial/Test_Initial./Game/Levels/Test_Initial/Test_Initial_BuiltData_Auto1.uasset
[2018.05.07-22.34.10:147][768]OBJ SavePackage: Generating thumbnails for [0] asset(s) in package [/Game/Levels/Test_Initial/Test_Initial_BuiltData] ([1] browsable assets)...
[2018.05.07-22.34.10:147][768]OBJ SavePackage: Finished generating thumbnails for package [/Game/Levels/Test_Initial/Test_Initial_BuiltData]
[2018.05.07-22.34.10:170][768]LogSavePackage: Save=17.05ms
[2018.05.07-22.34.10:171][768]LogSavePackage: Moving 'C:/Users/Edward/Desktop/PhantomMechanic/Saved/Test_Initial_BuiltData_Auto116DF6F084E9564E2DF2DB492CACE7183.tmp' to 'C:/Users/Edward/Desktop/PhantomMechanic/Saved/Autosaves/Game/Levels/Test_Initial/Test_Initial_BuiltData_Auto1.uasset'
[2018.05.07-22.34.10:177][768]LogSavePackage: Display: Finished SavePackage C:/Users/Edward/Desktop/PhantomMechanic/Saved/Autosaves/Game/Levels/Test_Initial/Test_Initial_BuiltData_Auto1.uasset
[2018.05.07-22.34.10:177][768]LogFileHelpers: Auto-saving content packages took 0.070
[2018.05.07-22.34.18:578][897]Candidate modules for hot reload:
[2018.05.07-22.34.18:578][897]  PhantomMechanic
[2018.05.07-22.34.18:579][897]Launching UnrealBuildTool... [E:/Development/Epic Games/UE_4.19/Engine/Binaries/DotNET/UnrealBuildTool.exe PhantomMechanic -ModuleWithSuffix=PhantomMechanic,2618 Win64 Development -editorrecompile -canskiplink "C:/Users/Edward/Desktop/PhantomMechanic/PhantomMechanic.uproject" ]
[2018.05.07-22.34.18:750][897]Warning: Starting HotReload took  0.3s.
[2018.05.07-22.37.37:566][122]CompilerResultsLog: New page: Compilation - May 7, 2018, 2:37:37 PM
[2018.05.07-22.37.37:649][122]CompilerResultsLog: Creating makefile for hot reloading PhantomMechanic (game project files are newer)
[2018.05.07-22.37.37:650][122]CompilerResultsLog: Compiling game modules for hot reload
[2018.05.07-22.37.37:650][122]CompilerResultsLog: Parsing headers for PhantomMechanicEditor
[2018.05.07-22.37.37:650][122]CompilerResultsLog:   Running UnrealHeaderTool "C:\Users\Edward\Desktop\PhantomMechanic\PhantomMechanic.uproject" "C:\Users\Edward\Desktop\PhantomMechanic\Intermediate\Build\Win64\PhantomMechanicEditor\Development\PhantomMechanicEditor.uhtmanifest" -LogCmds="loginit warning, logexit warning, logdatabase error" -Unattended -WarningsAsErrors -installed
[2018.05.07-22.37.37:650][122]CompilerResultsLog: Reflection code generated for PhantomMechanicEditor in 18.9901385 seconds
[2018.05.07-22.37.37:650][122]CompilerResultsLog: Performing 4 actions (4 in parallel)
[2018.05.07-22.37.37:651][122]CompilerResultsLog: GameManager.gen.cpp
[2018.05.07-22.37.37:651][122]CompilerResultsLog: (NonReplicating)GameManager.cpp
[2018.05.07-22.37.37:651][122]CompilerResultsLog: [3/4] Link UE4Editor-PhantomMechanic-2618.dll
[2018.05.07-22.37.37:651][122]CompilerResultsLog: [4/4] Link UE4Editor-PhantomMechanic-2618.lib
[2018.05.07-22.37.37:651][122]CompilerResultsLog:    Creating library C:\Users\Edward\Desktop\PhantomMechanic\Intermediate\Build\Win64\UE4Editor\Development\UE4Editor-PhantomMechanic-2618.lib and object C:\Users\Edward\Desktop\PhantomMechanic\Intermediate\Build\Win64\UE4Editor\Development\UE4Editor-PhantomMechanic-2618.exp
[2018.05.07-22.37.37:652][122]CompilerResultsLog:    Creating library C:\Users\Edward\Desktop\PhantomMechanic\Intermediate\Build\Win64\UE4Editor\Development\UE4Editor-PhantomMechanic-2618.suppressed.lib and object C:\Users\Edward\Desktop\PhantomMechanic\Intermediate\Build\Win64\UE4Editor\Development\UE4Editor-PhantomMechanic-2618.suppressed.exp
[2018.05.07-22.37.37:652][122]CompilerResultsLog: Total build time: 198.10 seconds (Local executor: 82.06 seconds)
[2018.05.07-22.37.37:675][122]LogMainFrame: MainFrame: Module compiling took 199.140 seconds
[2018.05.07-22.37.37:864][122]LogContentBrowser: Native class hierarchy updated for 'PhantomMechanic' in 0.0018 seconds. Added 16 classes and 6 folders.
[2018.05.07-22.37.37:869][122]Display: HotReload successful (0 functions remapped  0 scriptstructs remapped)
[2018.05.07-22.37.38:420][122]LogContentBrowser: Native class hierarchy populated in 0.0171 seconds. Added 2469 classes and 566 folders.
[2018.05.07-22.37.38:506][122]Display: HotReload took 200.0s.
[2018.05.07-22.46.48:099][144]Candidate modules for hot reload:
[2018.05.07-22.46.48:099][144]  PhantomMechanic
[2018.05.07-22.46.48:100][144]Launching UnrealBuildTool... [E:/Development/Epic Games/UE_4.19/Engine/Binaries/DotNET/UnrealBuildTool.exe PhantomMechanic -ModuleWithSuffix=PhantomMechanic,1436 Win64 Development -editorrecompile -canskiplink "C:/Users/Edward/Desktop/PhantomMechanic/PhantomMechanic.uproject" ]
[2018.05.07-22.46.48:327][144]Warning: Starting HotReload took  0.3s.
[2018.05.07-22.46.52:818][646]LogSavePackage: Save=23.46ms
[2018.05.07-22.46.52:818][646]LogSavePackage: Moving 'C:/Users/Edward/Desktop/PhantomMechanic/Saved/Test_Initial6A25A0964E72E1055A979481C4F1FC41.tmp' to 'C:/Users/Edward/Desktop/PhantomMechanic/Content/Levels/Test_Initial/Test_Initial.umap'
[2018.05.07-22.46.52:830][646]LogSavePackage: Display: Finished SavePackage C:/Users/Edward/Desktop/PhantomMechanic/Content/Levels/Test_Initial/Test_Initial.umap
[2018.05.07-22.46.52:908][646]Cmd: OBJ SAVEPACKAGE PACKAGE="/Game/Levels/Test_Initial/Test_Initial_BuiltData" FILE="C:/Users/Edward/Desktop/PhantomMechanic/Content/Levels/Test_Initial/Test_Initial_BuiltData.uasset" SILENT=true
[2018.05.07-22.46.52:930][646]LogSavePackage: Save=17.39ms
[2018.05.07-22.46.52:930][646]LogSavePackage: Moving 'C:/Users/Edward/Desktop/PhantomMechanic/Saved/Test_Initial_BuiltData10057D7C47DBAACBBE72B891229E4A50.tmp' to 'C:/Users/Edward/Desktop/PhantomMechanic/Content/Levels/Test_Initial/Test_Initial_BuiltData.uasset'
[2018.05.07-22.46.52:939][646]LogSavePackage: Display: Finished SavePackage C:/Users/Edward/Desktop/PhantomMechanic/Content/Levels/Test_Initial/Test_Initial_BuiltData.uasset
[2018.05.07-22.47.10:879][597]LogSlate: FSceneViewport::OnFocusLost() reason 0
[2018.05.07-22.48.43:138][675]LogEditorViewport: Clicking on Actor (LMB): SkySphere_TI_C (SkySphere_TI)
[2018.05.07-22.48.43:458][699]LogSlate: FSceneViewport::OnFocusLost() reason 2
[2018.05.07-22.48.47:720][994]LogSlate: Took 0.472172 seconds to synchronously load lazily loaded font '../../../Engine/Content/Slate/Fonts/DroidSansMono.ttf' (77K)
[2018.05.07-22.48.50:326][271]LogSlate: FSceneViewport::OnFocusLost() reason 0
[2018.05.07-22.48.53:334][550]LogSlate: FSceneViewport::OnFocusLost() reason 2
[2018.05.07-22.48.53:340][550]LogSlate: Window 'Output Log' being destroyed
[2018.05.07-22.49.48:810][ 86]CompilerResultsLog: New page: Compilation - May 7, 2018, 2:49:48 PM
[2018.05.07-22.49.48:813][ 86]CompilerResultsLog: Compiling game modules for hot reload
[2018.05.07-22.49.48:813][ 86]CompilerResultsLog: Parsing headers for PhantomMechanicEditor
[2018.05.07-22.49.48:814][ 86]CompilerResultsLog:   Running UnrealHeaderTool "C:\Users\Edward\Desktop\PhantomMechanic\PhantomMechanic.uproject" "C:\Users\Edward\Desktop\PhantomMechanic\Intermediate\Build\Win64\PhantomMechanicEditor\Development\PhantomMechanicEditor.uhtmanifest" -LogCmds="loginit warning, logexit warning, logdatabase error" -Unattended -WarningsAsErrors -installed
[2018.05.07-22.49.48:814][ 86]CompilerResultsLog: Reflection code generated for PhantomMechanicEditor in 47.2528993 seconds
[2018.05.07-22.49.48:814][ 86]CompilerResultsLog: Performing 7 actions (4 in parallel)
[2018.05.07-22.49.48:815][ 86]CompilerResultsLog: User.gen.cpp
[2018.05.07-22.49.48:815][ 86]CompilerResultsLog: PhantomBaseMode.gen.cpp
[2018.05.07-22.49.48:815][ 86]CompilerResultsLog: (OwningClient)User.cpp
[2018.05.07-22.49.48:815][ 86]CompilerResultsLog: (Server)PhantomBaseMode.cpp
[2018.05.07-22.49.48:815][ 86]CompilerResultsLog: (Server)User.cpp
[2018.05.07-22.49.48:816][ 86]CompilerResultsLog: [6/7] Link UE4Editor-PhantomMechanic-1436.dll
[2018.05.07-22.49.48:816][ 86]CompilerResultsLog: [7/7] Link UE4Editor-PhantomMechanic-1436.lib
[2018.05.07-22.49.48:816][ 86]CompilerResultsLog:    Creating library C:\Users\Edward\Desktop\PhantomMechanic\Intermediate\Build\Win64\UE4Editor\Development\UE4Editor-PhantomMechanic-1436.lib and object C:\Users\Edward\Desktop\PhantomMechanic\Intermediate\Build\Win64\UE4Editor\Development\UE4Editor-PhantomMechanic-1436.exp
[2018.05.07-22.49.48:817][ 86]CompilerResultsLog:    Creating library C:\Users\Edward\Desktop\PhantomMechanic\Intermediate\Build\Win64\UE4Editor\Development\UE4Editor-PhantomMechanic-1436.suppressed.lib and object C:\Users\Edward\Desktop\PhantomMechanic\Intermediate\Build\Win64\UE4Editor\Development\UE4Editor-PhantomMechanic-1436.suppressed.exp
[2018.05.07-22.49.48:817][ 86]CompilerResultsLog: Error: (OwningClient)User.cpp.obj : error LNK2019: unresolved external symbol "public: __cdecl AUser::AUser(void)" (??0AUser@@QEAA@XZ) referenced in function "public: static void __cdecl AUser::__DefaultConstructor(class FObjectInitializer const &)" (?__DefaultConstructor@AUser@@SAXAEBVFObjectInitializer@@@Z)
[2018.05.07-22.49.48:817][ 86]CompilerResultsLog: Error: (Server)User.cpp.obj : error LNK2001: unresolved external symbol "public: __cdecl AUser::AUser(void)" (??0AUser@@QEAA@XZ)
[2018.05.07-22.49.48:817][ 86]CompilerResultsLog: Error: User.gen.cpp.obj : error LNK2001: unresolved external symbol "public: __cdecl AUser::AUser(void)" (??0AUser@@QEAA@XZ)
[2018.05.07-22.49.48:818][ 86]CompilerResultsLog: Error: User.gen.cpp.obj : error LNK2019: unresolved external symbol "public: virtual __cdecl AUser::~AUser(void)" (??1AUser@@UEAA@XZ) referenced in function "public: virtual void * __cdecl AUser::`vector deleting destructor'(unsigned int)" (??_EAUser@@UEAAPEAXI@Z)
[2018.05.07-22.49.48:818][ 86]CompilerResultsLog: Error: C:\Users\Edward\Desktop\PhantomMechanic\Binaries\Win64\UE4Editor-PhantomMechanic-1436.dll : fatal error LNK1120: 2 unresolved externals
[2018.05.07-22.49.48:818][ 86]CompilerResultsLog: ERROR: UBT ERROR: Failed to produce item: C:\Users\Edward\Desktop\PhantomMechanic\Binaries\Win64\UE4Editor-PhantomMechanic-1436.dll
[2018.05.07-22.49.48:819][ 86]CompilerResultsLog: Total build time: 179.52 seconds (Local executor: 0.00 seconds)
[2018.05.07-22.49.48:819][ 86]LogMainFrame: MainFrame: Module compiling took 180.759 seconds
[2018.05.07-22.49.48:819][ 86]Warning: HotReload failed, recompile failed
[2018.05.07-22.50.36:333][ 70]Candidate modules for hot reload:
[2018.05.07-22.50.36:333][ 70]  PhantomMechanic
[2018.05.07-22.50.36:334][ 70]Launching UnrealBuildTool... [E:/Development/Epic Games/UE_4.19/Engine/Binaries/DotNET/UnrealBuildTool.exe PhantomMechanic -ModuleWithSuffix=PhantomMechanic,3265 Win64 Development -editorrecompile -canskiplink "C:/Users/Edward/Desktop/PhantomMechanic/PhantomMechanic.uproject" ]
[2018.05.07-22.50.36:381][ 70]Warning: Starting HotReload took  0.1s.
[2018.05.07-22.53.32:486][558]CompilerResultsLog: New page: Compilation - May 7, 2018, 2:53:32 PM
[2018.05.07-22.53.32:487][558]CompilerResultsLog: Compiling game modules for hot reload
[2018.05.07-22.53.32:487][558]CompilerResultsLog: Parsing headers for PhantomMechanicEditor
[2018.05.07-22.53.32:487][558]CompilerResultsLog:   Running UnrealHeaderTool "C:\Users\Edward\Desktop\PhantomMechanic\PhantomMechanic.uproject" "C:\Users\Edward\Desktop\PhantomMechanic\Intermediate\Build\Win64\PhantomMechanicEditor\Development\PhantomMechanicEditor.uhtmanifest" -LogCmds="loginit warning, logexit warning, logdatabase error" -Unattended -WarningsAsErrors -installed
[2018.05.07-22.53.32:488][558]CompilerResultsLog: Reflection code generated for PhantomMechanicEditor in 50.7982388 seconds
[2018.05.07-22.53.32:488][558]CompilerResultsLog: Performing 5 actions (4 in parallel)
[2018.05.07-22.53.32:488][558]CompilerResultsLog: User.gen.cpp
[2018.05.07-22.53.32:488][558]CompilerResultsLog: (Server)User.cpp
[2018.05.07-22.53.32:488][558]CompilerResultsLog: (OwningClient)User.cpp
[2018.05.07-22.53.32:489][558]CompilerResultsLog: [4/5] Link UE4Editor-PhantomMechanic-3265.dll
[2018.05.07-22.53.32:489][558]CompilerResultsLog: [5/5] Link UE4Editor-PhantomMechanic-3265.lib
[2018.05.07-22.53.32:490][558]CompilerResultsLog:    Creating library C:\Users\Edward\Desktop\PhantomMechanic\Intermediate\Build\Win64\UE4Editor\Development\UE4Editor-PhantomMechanic-3265.lib and object C:\Users\Edward\Desktop\PhantomMechanic\Intermediate\Build\Win64\UE4Editor\Development\UE4Editor-PhantomMechanic-3265.exp
[2018.05.07-22.53.32:491][558]CompilerResultsLog:    Creating library C:\Users\Edward\Desktop\PhantomMechanic\Intermediate\Build\Win64\UE4Editor\Development\UE4Editor-PhantomMechanic-3265.suppressed.lib and object C:\Users\Edward\Desktop\PhantomMechanic\Intermediate\Build\Win64\UE4Editor\Development\UE4Editor-PhantomMechanic-3265.suppressed.exp
[2018.05.07-22.53.32:491][558]CompilerResultsLog: Error: (OwningClient)User.cpp.obj : error LNK2019: unresolved external symbol "public: __cdecl AUser::AUser(void)" (??0AUser@@QEAA@XZ) referenced in function "public: static void __cdecl AUser::__DefaultConstructor(class FObjectInitializer const &)" (?__DefaultConstructor@AUser@@SAXAEBVFObjectInitializer@@@Z)
[2018.05.07-22.53.32:491][558]CompilerResultsLog: Error: (Server)User.cpp.obj : error LNK2001: unresolved external symbol "public: __cdecl AUser::AUser(void)" (??0AUser@@QEAA@XZ)
[2018.05.07-22.53.32:491][558]CompilerResultsLog: Error: User.gen.cpp.obj : error LNK2001: unresolved external symbol "public: __cdecl AUser::AUser(void)" (??0AUser@@QEAA@XZ)
[2018.05.07-22.53.32:491][558]CompilerResultsLog: Error: C:\Users\Edward\Desktop\PhantomMechanic\Binaries\Win64\UE4Editor-PhantomMechanic-3265.dll : fatal error LNK1120: 1 unresolved externals
[2018.05.07-22.53.32:491][558]CompilerResultsLog: ERROR: UBT ERROR: Failed to produce item: C:\Users\Edward\Desktop\PhantomMechanic\Binaries\Win64\UE4Editor-PhantomMechanic-3265.dll
[2018.05.07-22.53.32:491][558]CompilerResultsLog: Total build time: 174.79 seconds (Local executor: 0.00 seconds)
[2018.05.07-22.53.32:492][558]LogMainFrame: MainFrame: Module compiling took 176.201 seconds
[2018.05.07-22.53.32:492][558]Warning: HotReload failed, recompile failed
