Log file open, 02/04/18 06:02:25
LogWindows: Failed to load 'aqProf.dll' (GetLastError=126)
LogWindows: File 'aqProf.dll' does not exist
LogWindows: Failed to load 'VSPerf140.dll' (GetLastError=126)
LogWindows: File 'VSPerf140.dll' does not exist
LogWindows: Failed to load 'VtuneApi.dll' (GetLastError=126)
LogWindows: File 'VtuneApi.dll' does not exist
LogWindows: Failed to load 'VtuneApi32e.dll' (GetLastError=126)
LogWindows: File 'VtuneApi32e.dll' does not exist
LogInit: Display: Running engine for game: VR_PhantomMechanic
LogPlatformFile: Not using cached read wrapper
LogInit: Display: RandInit(-1409842926) SRandInit(-1409842926).
LogInit: Read version file with build ID '3709383'
LogInit: Overriding engine version to CL 3832480, compatible CL 3709383
LogInit: Registered custom module enumerator with build ID '3709383'
LogTaskGraph: Started task graph with 5 named threads and 14 total threads with 3 sets of task threads.
LogStats: Stats thread started at 0.185921
LogD3D11RHI: Aftermath initialized
LogModuleManager: Display: Found up-to-date module file ../../../Engine/Plugins/2D/Paper2D/Binaries/Win64/UE4Editor-Paper2D.dll (API version 3709383).
LogModuleManager: Display: Found up-to-date module file ../../../Engine/Plugins/2D/Paper2D/Binaries/Win64/UE4Editor-Paper2DEditor.dll (API version 3709383).
LogModuleManager: Display: Found up-to-date module file ../../../Engine/Plugins/2D/Paper2D/Binaries/Win64/UE4Editor-PaperSpriteSheetImporter.dll (API version 3709383).
LogModuleManager: Display: Found up-to-date module file ../../../Engine/Plugins/2D/Paper2D/Binaries/Win64/UE4Editor-PaperTiledImporter.dll (API version 3709383).
LogModuleManager: Display: Found up-to-date module file ../../../Engine/Plugins/2D/Paper2D/Binaries/Win64/UE4Editor-SmartSnapping.dll (API version 3709383).
LogModuleManager: Display: Found up-to-date module file ../../../Engine/Plugins/Blendables/LightPropagationVolume/Binaries/Win64/UE4Editor-LightPropagationVolumeRuntime.dll (API version 3709383).
LogModuleManager: Display: Found up-to-date module file ../../../Engine/Plugins/Blendables/LightPropagationVolume/Binaries/Win64/UE4Editor-LightPropagationVolumeEditor.dll (API version 3709383).
LogModuleManager: Display: Found up-to-date module file ../../../Engine/Plugins/Developer/GitSourceControl/Binaries/Win64/UE4Editor-GitSourceControl.dll (API version 3709383).
LogModuleManager: Display: Found up-to-date module file ../../../Engine/Plugins/Developer/PerforceSourceControl/Binaries/Win64/UE4Editor-PerforceSourceControl.dll (API version 3709383).
LogModuleManager: Display: Found up-to-date module file ../../../Engine/Plugins/Developer/SubversionSourceControl/Binaries/Win64/UE4Editor-SubversionSourceControl.dll (API version 3709383).
LogModuleManager: Display: Found up-to-date module file ../../../Engine/Plugins/Developer/UObjectPlugin/Binaries/Win64/UE4Editor-UObjectPlugin.dll (API version 3709383).
LogModuleManager: Display: Found up-to-date module file ../../../Engine/Plugins/Developer/VisualStudioCodeSourceCodeAccess/Binaries/Win64/UE4Editor-VisualStudioCodeSourceCodeAccess.dll (API version 3709383).
LogModuleManager: Display: Found up-to-date module file ../../../Engine/Plugins/Developer/VisualStudioSourceCodeAccess/Binaries/Win64/UE4Editor-VisualStudioSourceCodeAccess.dll (API version 3709383).
LogModuleManager: Display: Found up-to-date module file ../../../Engine/Plugins/Editor/AssetManagerEditor/Binaries/Win64/UE4Editor-AssetManagerEditor.dll (API version 3709383).
LogModuleManager: Display: Found up-to-date module file ../../../Engine/Plugins/Editor/AudioCapture/Binaries/Win64/UE4Editor-AudioCapture.dll (API version 3709383).
LogModuleManager: Display: Found up-to-date module file ../../../Engine/Plugins/Editor/FacialAnimation/Binaries/Win64/UE4Editor-FacialAnimation.dll (API version 3709383).
LogModuleManager: Display: Found up-to-date module file ../../../Engine/Plugins/Editor/FacialAnimation/Binaries/Win64/UE4Editor-FacialAnimationEditor.dll (API version 3709383).
LogModuleManager: Display: Found up-to-date module file ../../../Engine/Plugins/Editor/GameplayTagsEditor/Binaries/Win64/UE4Editor-GameplayTagsEditor.dll (API version 3709383).
LogModuleManager: Display: Found up-to-date module file ../../../Engine/Plugins/Editor/MobileLauncherProfileWizard/Binaries/Win64/UE4Editor-MobileLauncherProfileWizard.dll (API version 3709383).
LogModuleManager: Display: Found up-to-date module file ../../../Engine/Plugins/Editor/PluginBrowser/Binaries/Win64/UE4Editor-PluginBrowser.dll (API version 3709383).
LogModuleManager: Display: Found up-to-date module file ../../../Engine/Plugins/Editor/SpeedTreeImporter/Binaries/Win64/UE4Editor-SpeedTreeImporter.dll (API version 3709383).
LogModuleManager: Display: Found up-to-date module file ../../../Engine/Plugins/Experimental/AlembicImporter/Binaries/Win64/UE4Editor-AlembicImporter.dll (API version 3709383).
LogModuleManager: Display: Found up-to-date module file ../../../Engine/Plugins/Experimental/AlembicImporter/Binaries/Win64/UE4Editor-AlembicLibrary.dll (API version 3709383).
LogModuleManager: Display: Found up-to-date module file ../../../Engine/Plugins/Experimental/CharacterAI/Binaries/Win64/UE4Editor-CharacterAI.dll (API version 3709383).
LogModuleManager: Display: Found up-to-date module file ../../../Engine/Plugins/Experimental/HTML5Networking/Binaries/Win64/UE4Editor-HTML5Networking.dll (API version 3709383).
LogModuleManager: Display: Found up-to-date module file ../../../Engine/Plugins/Media/AndroidMedia/Binaries/Win64/UE4Editor-AndroidMediaEditor.dll (API version 3709383).
LogModuleManager: Display: Found up-to-date module file ../../../Engine/Plugins/Media/AndroidMedia/Binaries/Win64/UE4Editor-AndroidMediaFactory.dll (API version 3709383).
LogModuleManager: Display: Found up-to-date module file ../../../Engine/Plugins/Media/AvfMedia/Binaries/Win64/UE4Editor-AvfMediaEditor.dll (API version 3709383).
LogModuleManager: Display: Found up-to-date module file ../../../Engine/Plugins/Media/AvfMedia/Binaries/Win64/UE4Editor-AvfMediaFactory.dll (API version 3709383).
LogModuleManager: Display: Found up-to-date module file ../../../Engine/Plugins/Media/AvfMedia/Binaries/Win64/UE4Editor-AvfMediaFactory.dll (API version 3709383).
LogModuleManager: Display: Found up-to-date module file ../../../Engine/Plugins/Media/ImgMedia/Binaries/Win64/UE4Editor-ImgMedia.dll (API version 3709383).
LogModuleManager: Display: Found up-to-date module file ../../../Engine/Plugins/Media/ImgMedia/Binaries/Win64/UE4Editor-ImgMediaEditor.dll (API version 3709383).
LogModuleManager: Display: Found up-to-date module file ../../../Engine/Plugins/Media/ImgMedia/Binaries/Win64/UE4Editor-ImgMediaFactory.dll (API version 3709383).
LogModuleManager: Display: Found up-to-date module file ../../../Engine/Plugins/Media/ImgMedia/Binaries/Win64/UE4Editor-ImgMediaFactory.dll (API version 3709383).
LogModuleManager: Display: Found up-to-date module file ../../../Engine/Plugins/Media/ImgMedia/Binaries/Win64/UE4Editor-OpenExrWrapper.dll (API version 3709383).
LogModuleManager: Display: Found up-to-date module file ../../../Engine/Plugins/Media/MediaCompositing/Binaries/Win64/UE4Editor-MediaCompositing.dll (API version 3709383).
LogModuleManager: Display: Found up-to-date module file ../../../Engine/Plugins/Media/MediaCompositing/Binaries/Win64/UE4Editor-MediaCompositingEditor.dll (API version 3709383).
LogModuleManager: Display: Found up-to-date module file ../../../Engine/Plugins/Media/MediaPlayerEditor/Binaries/Win64/UE4Editor-MediaPlayerEditor.dll (API version 3709383).
LogModuleManager: Display: Found up-to-date module file ../../../Engine/Plugins/Media/WmfMedia/Binaries/Win64/UE4Editor-WmfMedia.dll (API version 3709383).
LogModuleManager: Display: Found up-to-date module file ../../../Engine/Plugins/Media/WmfMedia/Binaries/Win64/UE4Editor-WmfMediaEditor.dll (API version 3709383).
LogModuleManager: Display: Found up-to-date module file ../../../Engine/Plugins/Media/WmfMedia/Binaries/Win64/UE4Editor-WmfMediaFactory.dll (API version 3709383).
LogModuleManager: Display: Found up-to-date module file ../../../Engine/Plugins/Media/WmfMedia/Binaries/Win64/UE4Editor-WmfMediaFactory.dll (API version 3709383).
LogModuleManager: Display: Found up-to-date module file ../../../Engine/Plugins/Messaging/TcpMessaging/Binaries/Win64/UE4Editor-TcpMessaging.dll (API version 3709383).
LogModuleManager: Display: Found up-to-date module file ../../../Engine/Plugins/Messaging/UdpMessaging/Binaries/Win64/UE4Editor-UdpMessaging.dll (API version 3709383).
LogModuleManager: Display: Found up-to-date module file ../../../Engine/Plugins/MovieScene/ActorSequence/Binaries/Win64/UE4Editor-ActorSequence.dll (API version 3709383).
LogModuleManager: Display: Found up-to-date module file ../../../Engine/Plugins/MovieScene/LevelSequenceEditor/Binaries/Win64/UE4Editor-LevelSequenceEditor.dll (API version 3709383).
LogModuleManager: Display: Found up-to-date module file ../../../Engine/Plugins/MovieScene/MatineeToLevelSequence/Binaries/Win64/UE4Editor-MatineeToLevelSequence.dll (API version 3709383).
LogModuleManager: Display: Found up-to-date module file ../../../Engine/Plugins/Online/OnlineSubsystem/Binaries/Win64/UE4Editor-OnlineSubsystem.dll (API version 3709383).
LogModuleManager: Display: Found up-to-date module file ../../../Engine/Plugins/Runtime/AndroidPermission/Binaries/Win64/UE4Editor-AndroidPermission.dll (API version 3709383).
LogModuleManager: Display: Found up-to-date module file ../../../Engine/Plugins/Online/OnlineSubsystemNull/Binaries/Win64/UE4Editor-OnlineSubsystemNull.dll (API version 3709383).
LogModuleManager: Display: Found up-to-date module file ../../../Engine/Plugins/Online/OnlineSubsystemUtils/Binaries/Win64/UE4Editor-OnlineSubsystemUtils.dll (API version 3709383).
LogModuleManager: Display: Found up-to-date module file ../../../Engine/Plugins/Online/OnlineSubsystemUtils/Binaries/Win64/UE4Editor-OnlineBlueprintSupport.dll (API version 3709383).
LogModuleManager: Display: Found up-to-date module file ../../../Engine/Plugins/Runtime/AndroidDeviceProfileSelector/Binaries/Win64/UE4Editor-AndroidDeviceProfileSelector.dll (API version 3709383).
LogModuleManager: Display: Found up-to-date module file ../../../Engine/Plugins/Runtime/AppleARKit/Binaries/Win64/UE4Editor-AppleARKit.dll (API version 3709383).
LogModuleManager: Display: Found up-to-date module file ../../../Engine/Plugins/Runtime/ArchVisCharacter/Binaries/Win64/UE4Editor-ArchVisCharacter.dll (API version 3709383).
LogModuleManager: Display: Found up-to-date module file ../../../Engine/Plugins/Runtime/CableComponent/Binaries/Win64/UE4Editor-CableComponent.dll (API version 3709383).
LogModuleManager: Display: Found up-to-date module file ../../../Engine/Plugins/Runtime/CustomMeshComponent/Binaries/Win64/UE4Editor-CustomMeshComponent.dll (API version 3709383).
LogModuleManager: Display: Found up-to-date module file ../../../Engine/Plugins/Runtime/ExampleDeviceProfileSelector/Binaries/Win64/UE4Editor-ExampleDeviceProfileSelector.dll (API version 3709383).
LogModuleManager: Display: Found up-to-date module file ../../../Engine/Plugins/Runtime/ImmediatePhysics/Binaries/Win64/UE4Editor-ImmediatePhysics.dll (API version 3709383).
LogModuleManager: Display: Found up-to-date module file ../../../Engine/Plugins/Runtime/ImmediatePhysics/Binaries/Win64/UE4Editor-ImmediatePhysicsEditor.dll (API version 3709383).
LogModuleManager: Display: Found up-to-date module file ../../../Engine/Plugins/Runtime/LocationServicesBPLibrary/Binaries/Win64/UE4Editor-LocationServicesBPLibrary.dll (API version 3709383).
LogModuleManager: Display: Found up-to-date module file ../../../Engine/Plugins/Runtime/MobilePatchingUtils/Binaries/Win64/UE4Editor-MobilePatchingUtils.dll (API version 3709383).
LogModuleManager: Display: Found up-to-date module file ../../../Engine/Plugins/Runtime/Oculus/OculusVR/Binaries/Win64/UE4Editor-OculusHMD.dll (API version 3709383).
LogModuleManager: Display: Found up-to-date module file ../../../Engine/Plugins/Runtime/Oculus/OculusVR/Binaries/Win64/UE4Editor-OculusInput.dll (API version 3709383).
LogModuleManager: Display: Found up-to-date module file ../../../Engine/Plugins/Runtime/Oculus/OculusVR/Binaries/Win64/UE4Editor-OculusEditor.dll (API version 3709383).
LogModuleManager: Display: Found up-to-date module file ../../../Engine/Plugins/Runtime/PhysXVehicles/Binaries/Win64/UE4Editor-PhysXVehicles.dll (API version 3709383).
LogModuleManager: Display: Found up-to-date module file ../../../Engine/Plugins/Runtime/PhysXVehicles/Binaries/Win64/UE4Editor-PhysXVehiclesEditor.dll (API version 3709383).
LogModuleManager: Display: Found up-to-date module file ../../../Engine/Plugins/Runtime/ProceduralMeshComponent/Binaries/Win64/UE4Editor-ProceduralMeshComponent.dll (API version 3709383).
LogModuleManager: Display: Found up-to-date module file ../../../Engine/Plugins/Runtime/ProceduralMeshComponent/Binaries/Win64/UE4Editor-ProceduralMeshComponentEditor.dll (API version 3709383).
LogModuleManager: Display: Found up-to-date module file ../../../Engine/Plugins/Runtime/RuntimePhysXCooking/Binaries/Win64/UE4Editor-RuntimePhysXCooking.dll (API version 3709383).
LogModuleManager: Display: Found up-to-date module file ../../../Engine/Plugins/Runtime/Steam/SteamVR/Binaries/Win64/UE4Editor-SteamVR.dll (API version 3709383).
LogModuleManager: Display: Found up-to-date module file ../../../Engine/Plugins/Runtime/Steam/SteamVR/Binaries/Win64/UE4Editor-SteamVRController.dll (API version 3709383).
LogModuleManager: Display: Found up-to-date module file ../../../Engine/Plugins/Runtime/WindowsMoviePlayer/Binaries/Win64/UE4Editor-WindowsMoviePlayer.dll (API version 3709383).
LogPluginManager: Mounting plugin Paper2D
LogPluginManager: Mounting plugin LightPropagationVolume
LogPluginManager: Mounting plugin CodeLiteSourceCodeAccess
LogPluginManager: Mounting plugin GitSourceControl
LogPluginManager: Mounting plugin KDevelopSourceCodeAccess
LogPluginManager: Mounting plugin NullSourceCodeAccess
LogPluginManager: Mounting plugin PerforceSourceControl
LogPluginManager: Mounting plugin SubversionSourceControl
LogPluginManager: Mounting plugin UObjectPlugin
LogPluginManager: Mounting plugin VisualStudioCodeSourceCodeAccess
LogPluginManager: Mounting plugin VisualStudioSourceCodeAccess
LogPluginManager: Mounting plugin XCodeSourceCodeAccess
LogPluginManager: Mounting plugin AssetManagerEditor
LogPluginManager: Mounting plugin AudioCapture
LogPluginManager: Mounting plugin FacialAnimation
LogPluginManager: Mounting plugin GameplayTagsEditor
LogPluginManager: Mounting plugin MobileLauncherProfileWizard
LogPluginManager: Mounting plugin PluginBrowser
LogPluginManager: Mounting plugin SpeedTreeImporter
LogPluginManager: Mounting plugin AlembicImporter
LogPluginManager: Mounting plugin CharacterAI
LogPluginManager: Mounting plugin HTML5Networking
LogPluginManager: Mounting plugin AndroidMedia
LogPluginManager: Mounting plugin AvfMedia
LogPluginManager: Mounting plugin ImgMedia
LogPluginManager: Mounting plugin MediaCompositing
LogPluginManager: Mounting plugin MediaPlayerEditor
LogPluginManager: Mounting plugin WmfMedia
LogPluginManager: Mounting plugin TcpMessaging
LogPluginManager: Mounting plugin UdpMessaging
LogPluginManager: Mounting plugin ActorSequence
LogPluginManager: Mounting plugin LevelSequenceEditor
LogPluginManager: Mounting plugin MatineeToLevelSequence
LogPluginManager: Mounting plugin OnlineSubsystemGooglePlay
LogPluginManager: Mounting plugin OnlineSubsystemIOS
LogPluginManager: Mounting plugin OnlineSubsystem
LogPluginManager: Mounting plugin OnlineSubsystemNull
LogPluginManager: Mounting plugin OnlineSubsystemUtils
LogPluginManager: Mounting plugin AndroidDeviceProfileSelector
LogPluginManager: Mounting plugin AndroidMoviePlayer
LogPluginManager: Mounting plugin AndroidPermission
LogPluginManager: Mounting plugin AppleARKit
LogPluginManager: Mounting plugin AppleMoviePlayer
LogPluginManager: Mounting plugin ArchVisCharacter
LogPluginManager: Mounting plugin CableComponent
LogPluginManager: Mounting plugin CustomMeshComponent
LogPluginManager: Mounting plugin ExampleDeviceProfileSelector
LogPluginManager: Mounting plugin GoogleCloudMessaging
LogPluginManager: Mounting plugin ImmediatePhysics
LogPluginManager: Mounting plugin IOSDeviceProfileSelector
LogPluginManager: Mounting plugin LinuxDeviceProfileSelector
LogPluginManager: Mounting plugin LocationServicesBPLibrary
LogPluginManager: Mounting plugin MobilePatchingUtils
LogPluginManager: Mounting plugin OculusVR
LogPluginManager: Plugin shader directory ../../../Engine/Plugins/Runtime/Oculus/OculusVR/Shaders found
LogPluginManager: Mapping shader source directory ../../../Engine/Plugins/Runtime/Oculus/OculusVR/Shaders to virtual directory /Plugin/OculusVR
LogPluginManager: Mounting plugin PhysXVehicles
LogPluginManager: Mounting plugin ProceduralMeshComponent
LogPluginManager: Mounting plugin RuntimePhysXCooking
LogPluginManager: Mounting plugin SteamVR
LogPluginManager: Mounting plugin WindowsMoviePlayer
LogInit: Using libcurl 7.47.1
LogInit:  - built for x86_64-pc-win32
LogInit:  - supports SSL with OpenSSL/1.0.2g
LogInit:  - supports HTTP deflate (compression) using libz 1.2.8
LogInit:  - other features:
LogInit:      CURL_VERSION_SSL
LogInit:      CURL_VERSION_LIBZ
LogInit:      CURL_VERSION_IPV6
LogInit:      CURL_VERSION_ASYNCHDNS
LogInit:      CURL_VERSION_LARGEFILE
LogInit:      CURL_VERSION_IDN
LogInit:  CurlRequestOptions (configurable via config and command line):
LogInit:  - bVerifyPeer = false  - Libcurl will NOT verify peer certificate
LogInit:  - bUseHttpProxy = false  - Libcurl will NOT use HTTP proxy
LogInit:  - bDontReuseConnections = false  - Libcurl will reuse connections
LogInit:  - CertBundlePath = nullptr  - Libcurl will use whatever was configured at build time.
LogHMD: Failed initializing OVRPlugin 1.19.0
LogInit: Build: ++UE4+Release-4.18-CL-3832480
LogInit: Engine Version: 4.18.3-3832480+++UE4+Release-4.18
LogInit: Compatible Engine Version: 4.18.0-3709383+++UE4+Release-4.18
LogInit: Net CL: 3709383
LogDevObjectVersion: Number of dev versions registered: 16
LogDevObjectVersion:   Dev-Blueprints (B0D832E4-1F89-4F0D-ACCF-7EB736FD4AA2): 10
LogDevObjectVersion:   Dev-Build (E1C64328-A22C-4D53-A36C-8E866417BD8C): 0
LogDevObjectVersion:   Dev-Core (375EC13C-06E4-48FB-B500-84F0262A717E): 2
LogDevObjectVersion:   Dev-Editor (E4B068ED-F494-42E9-A231-DA0B2E46BB41): 20
LogDevObjectVersion:   Dev-Framework (CFFC743F-43B0-4480-9391-14DF171D2073): 30
LogDevObjectVersion:   Dev-Mobile (B02B49B5-BB20-44E9-A304-32B752E40360): 0
LogDevObjectVersion:   Dev-Networking (A4E4105C-59A1-49B5-A7C5-40C4547EDFEE): 0
LogDevObjectVersion:   Dev-Online (39C831C9-5AE6-47DC-9A44-9C173E1C8E7C): 0
LogDevObjectVersion:   Dev-Physics (78F01B33-EBEA-4F98-B9B4-84EACCB95AA2): 0
LogDevObjectVersion:   Dev-Platform (6631380F-2D4D-43E0-8009-CF276956A95A): 0
LogDevObjectVersion:   Dev-Rendering (12F88B9F-8875-4AFC-A67C-D90C383ABD29): 20
LogDevObjectVersion:   Dev-Sequencer (7B5AE74C-D270-4C10-A958-57980B212A5A): 4
LogDevObjectVersion:   Dev-VR (D7296918-1DD6-4BDD-9DE2-64A83CC13884): 0
LogDevObjectVersion:   Dev-LoadTimes (C2A15278-BFE7-4AFE-6C17-90FF531DF755): 1
LogDevObjectVersion:   Private-Geometry (6EACA3D4-40EC-4CC1-B786-8BED09428FC5): 1
LogDevObjectVersion:   Dev-AnimPhys (29E575DD-E0A3-4627-9D10-D276232CDCEA): 12
LogInit: Compiled (64-bit): Jan 12 2018 02:04:55
LogInit: Compiled with Visual C++: 19.00.24215.01
LogInit: Build Configuration: Development
LogInit: Branch Name: ++UE4+Release-4.18
LogInit: Command line:  
LogInit: Base directory: C:/Program Files/Epic Games/UE_4.18/Engine/Binaries/Win64/
LogInit: Installed Engine Build: 1
LogInit: Presizing for max 8388607 objects, including 0 objects not considered by GC, pre-allocating 0 bytes for permanent pool.
LogInit: Object subsystem initialized
[2018.02.04-11.02.27:692][  0]LogInit: Selected Device Profile: [Windows]
[2018.02.04-11.02.27:692][  0]LogInit: Applying CVar settings loaded from the selected device profile: [Windows]
[2018.02.04-11.02.27:704][  0]LogInit: Computer: DESKTOP-TVE1Q8K
[2018.02.04-11.02.27:704][  0]LogInit: User: Cosmotron
[2018.02.04-11.02.27:704][  0]LogInit: CPU Page size=4096, Cores=4
[2018.02.04-11.02.27:704][  0]LogInit: High frequency timer resolution =2.648435 MHz
[2018.02.04-11.02.27:704][  0]LogMemory: Memory total: Physical=32.0GB (32GB approx)
[2018.02.04-11.02.27:704][  0]LogMemory: Platform Memory Stats for Windows
[2018.02.04-11.02.27:704][  0]LogMemory: Process Physical Memory: 277.25 MB used, 277.25 MB peak
[2018.02.04-11.02.27:704][  0]LogMemory: Process Virtual Memory: 274.01 MB used, 274.01 MB peak
[2018.02.04-11.02.27:704][  0]LogMemory: Physical Memory: 7478.91 MB used,  25243.80 MB free, 32722.71 MB total
[2018.02.04-11.02.27:704][  0]LogMemory: Virtual Memory: 731.86 MB used,  25243.80 MB free, 134217728.00 MB total
[2018.02.04-11.02.27:855][  0]LogInit: Using OS detected language (en-US).
[2018.02.04-11.02.27:855][  0]LogInit: Using OS detected locale (en-US).
[2018.02.04-11.02.27:857][  0]LogTextLocalizationManager: No specific localization for 'en-US' exists, so the 'en' localization will be used.
[2018.02.04-11.02.28:307][  0]LogInit: Setting process to per monitor DPI aware
[2018.02.04-11.02.28:591][  0]LogD3D11RHI: D3D11 adapters:
[2018.02.04-11.02.28:633][  0]LogD3D11RHI:    0. 'NVIDIA GeForce GTX 1070' (Feature Level 11_0)
[2018.02.04-11.02.28:633][  0]LogD3D11RHI:       8089/0/16361 MB DedicatedVideo/DedicatedSystem/SharedSystem, Outputs:2, VendorId:0x10de
[2018.02.04-11.02.28:635][  0]LogD3D11RHI:    1. 'Microsoft Basic Render Driver' (Feature Level 11_0)
[2018.02.04-11.02.28:635][  0]LogD3D11RHI:       0/0/16361 MB DedicatedVideo/DedicatedSystem/SharedSystem, Outputs:0, VendorId:0x1414
[2018.02.04-11.02.28:635][  0]LogD3D11RHI: Chosen D3D11 Adapter: 0
[2018.02.04-11.02.28:643][  0]LogD3D11RHI: Creating new Direct3DDevice
[2018.02.04-11.02.28:643][  0]LogD3D11RHI:     GPU DeviceId: 0x1be1 (for the marketing name, search the web for "GPU Device Id")
[2018.02.04-11.02.28:643][  0]LogWindows: EnumDisplayDevices:
[2018.02.04-11.02.28:643][  0]LogWindows:    0. 'NVIDIA GeForce GTX 1070' (P:1 D:1)
[2018.02.04-11.02.28:643][  0]LogWindows:    1. 'NVIDIA GeForce GTX 1070' (P:0 D:1)
[2018.02.04-11.02.28:644][  0]LogWindows:    2. 'NVIDIA GeForce GTX 1070' (P:0 D:0)
[2018.02.04-11.02.28:644][  0]LogWindows:    3. 'NVIDIA GeForce GTX 1070' (P:0 D:0)
[2018.02.04-11.02.28:644][  0]LogWindows: DebugString: GetVideoDriverDetailsInvalid PrimaryIsNotTheChoosenAdapter GetVideoDriverDetailsInvalid PrimaryIsNotTheChoosenAdapter GetVideoDriverDetailsInvalid PrimaryIsNotTheChoosenAdapter GetVideoDriverDetailsInvalid PrimaryIsNotTheChoosenAdapter FoundDriverCount:0 
[2018.02.04-11.02.28:644][  0]LogD3D11RHI:     Adapter Name: NVIDIA GeForce GTX 1070
[2018.02.04-11.02.28:644][  0]LogD3D11RHI:   Driver Version: Unknown (internal:Unknown, unified:Unknown)
[2018.02.04-11.02.28:644][  0]LogD3D11RHI:      Driver Date: Unknown
[2018.02.04-11.02.28:644][  0]LogRHI: Texture pool is 5662 MB (70% of 8089 MB)
[2018.02.04-11.02.28:672][  0]LogD3D11RHI: Async texture creation enabled
[2018.02.04-11.02.28:838][  0]LogD3D11RHI: GPU Timing Frequency: 1000.000000 (Debug: 2 1)
[2018.02.04-11.02.28:934][  0]LogShaderCompilers: Guid format shader working directory is -45 characters bigger than the processId version (../../../../../../Users/Cosmotron/Documents/Unreal Projects/VR_SwordMechanic/VR_PhantomMechanic/Intermediate/Shaders/WorkingDirectory/8652/).
[2018.02.04-11.02.28:934][  0]LogShaderCompilers: Cleaned the shader compiler working directory 'C:/Users/Cosmotron/AppData/Local/Temp/UnrealShaderWorkingDir/C4C1D40344AB90CD0D406EA0DD7C5986/'.
[2018.02.04-11.02.28:934][  0]LogShaderCompilers: Display: Using Local Shader Compiler.
[2018.02.04-11.02.29:964][  0]LogTemp: Display: Loaded TP AllDesktopTargetPlatform
[2018.02.04-11.02.30:019][  0]LogTemp: Display: Loaded TP MacClientTargetPlatform
[2018.02.04-11.02.30:074][  0]LogTemp: Display: Loaded TP MacNoEditorTargetPlatform
[2018.02.04-11.02.30:127][  0]LogTemp: Display: Loaded TP MacServerTargetPlatform
[2018.02.04-11.02.30:188][  0]LogTemp: Display: Loaded TP MacTargetPlatform
[2018.02.04-11.02.30:244][  0]LogTemp: Display: Loaded TP WindowsClientTargetPlatform
[2018.02.04-11.02.30:300][  0]LogTemp: Display: Loaded TP WindowsNoEditorTargetPlatform
[2018.02.04-11.02.30:356][  0]LogTemp: Display: Loaded TP WindowsServerTargetPlatform
[2018.02.04-11.02.30:404][  0]LogTemp: Display: Loaded TP WindowsTargetPlatform
[2018.02.04-11.02.30:455][  0]LogTemp: Display: Loaded TP Android_ASTCTargetPlatform
[2018.02.04-11.02.30:507][  0]LogTemp: Display: Loaded TP Android_ATCTargetPlatform
[2018.02.04-11.02.30:563][  0]LogTemp: Display: Loaded TP Android_DXTTargetPlatform
[2018.02.04-11.02.30:615][  0]LogTemp: Display: Loaded TP Android_ETC1TargetPlatform
[2018.02.04-11.02.30:667][  0]LogTemp: Display: Loaded TP Android_ETC2TargetPlatform
[2018.02.04-11.02.30:771][  0]LogTemp: Display: Loaded TP Android_MultiTargetPlatform
[2018.02.04-11.02.30:771][  0]LogTemp: Display: Loaded TP Android_PVRTCTargetPlatform
[2018.02.04-11.02.30:823][  0]LogTemp: Display: Loaded TP AndroidTargetPlatform
[2018.02.04-11.02.30:864][  0]LogTemp: Display: Loaded TP HTML5TargetPlatform
[2018.02.04-11.02.30:959][  0]LogTemp: Display: Loaded TP IOSTargetPlatform
[2018.02.04-11.02.30:989][  0]LogTemp: Display: Loaded TP TVOSTargetPlatform
[2018.02.04-11.02.31:049][  0]LogTemp: Display: Loaded TP LinuxClientTargetPlatform
[2018.02.04-11.02.31:105][  0]LogTemp: Display: Loaded TP LinuxNoEditorTargetPlatform
[2018.02.04-11.02.31:160][  0]LogTemp: Display: Loaded TP LinuxServerTargetPlatform
[2018.02.04-11.02.31:230][  0]LogTemp: Display: Loaded TP LinuxTargetPlatform
[2018.02.04-11.02.31:230][  0]LogTargetPlatformManager: Display: Building Assets For Windows
[2018.02.04-11.02.31:784][  0]LogDerivedDataCache: Display: Max Cache Size: 512 MB
[2018.02.04-11.02.31:871][  0]LogDerivedDataCache: Loaded boot cache 0.09s 78MB C:/Users/Cosmotron/AppData/Local/UnrealEngine/4.18/DerivedDataCache/Boot.ddc.
[2018.02.04-11.02.31:871][  0]LogDerivedDataCache: Display: Loaded Boot cache: C:/Users/Cosmotron/AppData/Local/UnrealEngine/4.18/DerivedDataCache/Boot.ddc
[2018.02.04-11.02.31:871][  0]LogDerivedDataCache: FDerivedDataBackendGraph:  Pak pak cache file ../../../../../../Users/Cosmotron/Documents/Unreal Projects/VR_SwordMechanic/VR_PhantomMechanic/DerivedDataCache/DDC.ddp not found, will not use a pak cache.
[2018.02.04-11.02.31:871][  0]LogDerivedDataCache: Unable to find inner node Pak for hierarchical cache Hierarchy.
[2018.02.04-11.02.31:871][  0]LogDerivedDataCache: FDerivedDataBackendGraph:  CompressedPak pak cache file ../../../../../../Users/Cosmotron/Documents/Unreal Projects/VR_SwordMechanic/VR_PhantomMechanic/DerivedDataCache/Compressed.ddp not found, will not use a pak cache.
[2018.02.04-11.02.31:871][  0]LogDerivedDataCache: Unable to find inner node CompressedPak for hierarchical cache Hierarchy.
[2018.02.04-11.02.31:891][  0]LogDerivedDataCache: Display: Pak cache opened for reading ../../../Engine/DerivedDataCache/Compressed.ddp.
[2018.02.04-11.02.31:903][  0]LogDerivedDataCache: Using Local data cache path C:/Users/Cosmotron/AppData/Local/UnrealEngine/Common/DerivedDataCache: Writable
[2018.02.04-11.02.31:916][  0]LogMaterial: Verifying Global Shaders for PCD3D_SM5
[2018.02.04-11.02.31:916][  0]LogSlate: Using Freetype 2.6.0
[2018.02.04-11.02.31:916][  0]LogSlate: SlateFontCache - WITH_FREETYPE: 1, WITH_HARFBUZZ: 1
[2018.02.04-11.02.31:917][  0]LogSlate: SlateFontCache - WITH_FREETYPE: 1, WITH_HARFBUZZ: 1
[2018.02.04-11.02.32:371][  0]LogInit: Selected Device Profile: [Windows]
[2018.02.04-11.02.32:770][  0]LogSimplygon: Simplygon DLL not present - disabling.
[2018.02.04-11.02.32:819][  0]LogMeshReduction: Using SimplygonSwarm for distributed automatic mesh merging
[2018.02.04-11.02.32:819][  0]LogMeshReduction: Using QuadricMeshReduction for automatic static mesh reduction
[2018.02.04-11.02.32:819][  0]LogMeshReduction: No automatic skeletal mesh reduction module available
[2018.02.04-11.02.32:819][  0]LogMeshReduction: No automatic mesh merging module available
[2018.02.04-11.02.32:819][  0]LogMeshMerging: No automatic mesh merging module available
[2018.02.04-11.02.32:854][  0]LogNetVersion: VR_PhantomMechanic , NetCL: 3709383, EngineNetVer: 2, GameNetVer: 0 (Checksum: 1971551418)
[2018.02.04-11.02.33:072][  0]LogAssetRegistry: FAssetRegistry took 0.0281 seconds to start up
[2018.02.04-11.02.33:770][  0]LogPackageLocalizationCache: Processed 7 localized package path(s) for 2 prioritized culture(s) in 0.105504 seconds
[2018.02.04-11.02.33:777][  0]LogUObjectArray: 35870 objects as part of root set at end of initial load.
[2018.02.04-11.02.33:777][  0]LogUObjectAllocator: 7363696 out of 0 bytes used by permanent object pool.
[2018.02.04-11.02.33:777][  0]LogUObjectArray: CloseDisregardForGC: 0/0 objects in disregard for GC pool
[2018.02.04-11.02.33:844][  0]LogInit: WinSock: version 1.1 (2.2), MaxSocks=32767, MaxUdp=65467
[2018.02.04-11.02.37:388][  0]LogTcpMessaging: Initializing TcpMessaging bridge
[2018.02.04-11.02.37:435][  0]LogUdpMessaging: Initializing bridge on interface 0.0.0.0:0 to multicast group 230.0.0.1:6666.
[2018.02.04-11.02.38:241][  0]LogMaterial: Uniform references updated for custom material expression Custom.
[2018.02.04-11.02.38:766][  0]SourceControl: Source control is disabled
[2018.02.04-11.02.38:766][  0]SourceControl: Source control is disabled
[2018.02.04-11.02.38:836][  0]SourceControl: Source control is disabled
[2018.02.04-11.02.38:901][  0]SourceControl: Source control is disabled
[2018.02.04-11.02.39:935][  0]LogAndroidPermission: UAndroidPermissionCallbackProxy::GetInstance
[2018.02.04-11.02.40:282][  0]LogOcInput: OculusInput pre-init called
[2018.02.04-11.02.40:643][  0]LogEngine: Initializing Engine...
[2018.02.04-11.02.41:202][  0]LogHMD: SteamVR initialized.  Driver: lighthouse  Display: LHR-25FB5BEE
[2018.02.04-11.02.41:465][  0]LogStats: UGameplayTagsManager::ConstructGameplayTagTree: Construct from data asset -  0.000 s
[2018.02.04-11.02.41:465][  0]LogStats: UGameplayTagsManager::ConstructGameplayTagTree: GameplayTagTreeChangedEvent.Broadcast -  0.000 s
[2018.02.04-11.02.41:644][  0]LogAIModule: Creating AISystem for world Untitled
[2018.02.04-11.02.41:677][  0]LogInit: XAudio2 using 'HTC-VIVE-C (NVIDIA High Definition Audio)' : 2 channels at 48 kHz using 16 bits per sample (channel mask 0x3)
[2018.02.04-11.02.41:694][  0]LogInit: FAudioDevice initialized.
[2018.02.04-11.02.41:765][  0]LogDerivedDataCache: Saved boot cache 0.07s 78MB C:/Users/Cosmotron/AppData/Local/UnrealEngine/4.18/DerivedDataCache/Boot.ddc.
[2018.02.04-11.02.41:773][  0]LogInit: Texture streaming: Enabled
[2018.02.04-11.02.41:897][  0]LogEngineSessionManager: EngineSessionManager initialized
[2018.02.04-11.02.42:080][  0]LogInit: Transaction tracking system initialized
[2018.02.04-11.02.42:499][  0]BlueprintLog: New page: Editor Load
[2018.02.04-11.02.43:677][  0]LocalizationService: Localization service is disabled
[2018.02.04-11.02.44:343][  0]LogLinker: Warning: Can't find file '/Game/ThirdPersonBP/ThirdPersonOverview'
[2018.02.04-11.02.44:343][  0]LogLinker: Warning: Can't find file '/Game/ThirdPersonBP/ThirdPersonOverview'
[2018.02.04-11.02.44:343][  0]LogUObjectGlobals: Warning: Failed to find object 'Class /Game/ThirdPersonBP/ThirdPersonOverview.ThirdPersonOverview_C'
[2018.02.04-11.02.44:637][  0]LogConsoleResponse: Display: 
[2018.02.04-11.02.44:853][  0]LogCook: Display: Max memory allowance for cook 16384mb min free memory 0mb
[2018.02.04-11.02.44:853][  0]LogCook: Display: Mobile HDR setting 1
[2018.02.04-11.02.44:853][  0]LogGameplayTags: Display: UGameplayTagsManager::DoneAddingNativeTags. DelegateIsBound: 0
[2018.02.04-11.02.45:745][  0]LogFileCache: Scanning file cache for directory 'C:/Users/Cosmotron/Documents/Unreal Projects/VR_SwordMechanic/VR_PhantomMechanic/Content/' took 0.02s
[2018.02.04-11.02.46:370][  0]SourceControl: Source control is disabled
[2018.02.04-11.02.46:370][  0]LightingResults: New page: Lighting Build
[2018.02.04-11.02.46:421][  0]MapCheck: New page: Map Check
[2018.02.04-11.02.46:421][  0]LightingResults: New page: Lighting Build
[2018.02.04-11.02.46:672][  0]LogLinker: Warning: Can't find file '/Game/InfinityBladeFireLands/Environments/Forge/Env_Forge/Materials/M_Forge_Swords'
[2018.02.04-11.02.46:672][  0]LogLinker: Warning: Can't find file for asset '/Game/InfinityBladeFireLands/Environments/Forge/Env_Forge/Materials/M_Forge_Swords' while loading ../../../../../../Users/Cosmotron/Documents/Unreal Projects/VR_SwordMechanic/VR_PhantomMechanic/Content/Imported/InfinityBladeFireLands/Environments/Forge/Env_Forge/StaticMesh/SM_Forge_Sword3.uasset.
[2018.02.04-11.02.46:672][  0]LoadErrors: Error: /Game/Imported/InfinityBladeFireLands/Environments/Forge/Env_Forge/StaticMesh/SM_Forge_Sword3 : Can't find file for asset. /Game/InfinityBladeFireLands/Environments/Forge/Env_Forge/Materials/M_Forge_Swords
[2018.02.04-11.02.46:672][  0]LogLinker: Warning: Can't find file '/Game/InfinityBladeFireLands/Environments/Forge/Env_Forge/Materials/M_Forge_Swords'
[2018.02.04-11.02.46:673][  0]LogLinker: Warning: Can't find file for asset '/Game/InfinityBladeFireLands/Environments/Forge/Env_Forge/Materials/M_Forge_Swords' while loading ../../../../../../Users/Cosmotron/Documents/Unreal Projects/VR_SwordMechanic/VR_PhantomMechanic/Content/Imported/InfinityBladeFireLands/Environments/Forge/Env_Forge/StaticMesh/SM_Forge_Sword3.uasset.
[2018.02.04-11.02.46:673][  0]LoadErrors: Error: /Game/Imported/InfinityBladeFireLands/Environments/Forge/Env_Forge/StaticMesh/SM_Forge_Sword3 : Can't find file for asset. /Game/InfinityBladeFireLands/Environments/Forge/Env_Forge/Materials/M_Forge_Swords
[2018.02.04-11.02.46:709][  0]LogLinker: Warning: Can't find file '/Game/InfinityBladeFireLands/Environments/Forge/Env_Forge/Materials/M_Forge_Swords'
[2018.02.04-11.02.46:709][  0]LogLinker: Warning: Can't find file for asset '/Game/InfinityBladeFireLands/Environments/Forge/Env_Forge/Materials/M_Forge_Swords' while loading ../../../../../../Users/Cosmotron/Documents/Unreal Projects/VR_SwordMechanic/VR_PhantomMechanic/Content/Imported/InfinityBladeFireLands/Environments/Forge/Env_Forge/StaticMesh/SM_Forge_Swords2.uasset.
[2018.02.04-11.02.46:709][  0]LoadErrors: Error: /Game/Imported/InfinityBladeFireLands/Environments/Forge/Env_Forge/StaticMesh/SM_Forge_Swords2 : Can't find file for asset. /Game/InfinityBladeFireLands/Environments/Forge/Env_Forge/Materials/M_Forge_Swords
[2018.02.04-11.02.46:709][  0]LogLinker: Warning: Can't find file '/Game/InfinityBladeFireLands/Environments/Forge/Env_Forge/Materials/M_Forge_Swords'
[2018.02.04-11.02.46:709][  0]LogLinker: Warning: Can't find file for asset '/Game/InfinityBladeFireLands/Environments/Forge/Env_Forge/Materials/M_Forge_Swords' while loading ../../../../../../Users/Cosmotron/Documents/Unreal Projects/VR_SwordMechanic/VR_PhantomMechanic/Content/Imported/InfinityBladeFireLands/Environments/Forge/Env_Forge/StaticMesh/SM_Forge_Swords2.uasset.
[2018.02.04-11.02.46:709][  0]LoadErrors: Error: /Game/Imported/InfinityBladeFireLands/Environments/Forge/Env_Forge/StaticMesh/SM_Forge_Swords2 : Can't find file for asset. /Game/InfinityBladeFireLands/Environments/Forge/Env_Forge/Materials/M_Forge_Swords
[2018.02.04-11.02.47:185][  0]LogLinker: Warning: Can't find file '/Game/InfinityBladeFireLands/Environments/Forge/Env_Forge/Materials/M_Forge_Swords'
[2018.02.04-11.02.47:185][  0]LoadErrors: Failed to load /Game/InfinityBladeFireLands/Environments/Forge/Env_Forge/Materials/M_Forge_Swords.M_Forge_Swords Referenced by SM_Forge_Sword3
[2018.02.04-11.02.47:185][  0]LogLinker: Warning: Can't find file for asset '/Game/InfinityBladeFireLands/Environments/Forge/Env_Forge/Materials/M_Forge_Swords' while loading NULL.
[2018.02.04-11.02.47:185][  0]LoadErrors: Failed to load /Game/InfinityBladeFireLands/Environments/Forge/Env_Forge/Materials/M_Forge_Swords.M_Forge_Swords Referenced by SM_Forge_Sword3
[2018.02.04-11.02.47:194][  0]LogLinker: Warning: Can't find file '/Game/InfinityBladeFireLands/Environments/Forge/Env_Forge/Materials/M_Forge_Swords'
[2018.02.04-11.02.47:194][  0]LoadErrors: Failed to load /Game/InfinityBladeFireLands/Environments/Forge/Env_Forge/Materials/M_Forge_Swords.M_Forge_Swords Referenced by SM_Forge_Swords2
[2018.02.04-11.02.47:194][  0]LogLinker: Warning: Can't find file for asset '/Game/InfinityBladeFireLands/Environments/Forge/Env_Forge/Materials/M_Forge_Swords' while loading NULL.
[2018.02.04-11.02.47:194][  0]LoadErrors: Failed to load /Game/InfinityBladeFireLands/Environments/Forge/Env_Forge/Materials/M_Forge_Swords.M_Forge_Swords Referenced by SM_Forge_Swords2
[2018.02.04-11.02.47:705][  0]LogAIModule: Creating AISystem for world PhantomTestMap
[2018.02.04-11.02.47:724][  0]LogEditorServer: Finished looking for orphan Actors (0.000 secs)
[2018.02.04-11.02.47:744][  0]Cmd: MAP CHECKDEP NOCLEARLOG
[2018.02.04-11.02.47:815][  0]MapCheck: Map check complete: 0 Error(s), 0 Warning(s), took 71.042ms to complete.
[2018.02.04-11.02.47:815][  0]LogFileHelpers: Loading map 'PhantomTestMap' took 1.445
[2018.02.04-11.02.48:052][  0]LogCollectionManager: Loaded 0 collections in 0.001922 seconds
[2018.02.04-11.02.48:135][  0]LogFileCache: Scanning file cache for directory 'C:/Users/Cosmotron/Documents/Unreal Projects/VR_SwordMechanic/VR_PhantomMechanic/Saved/Collections/' took 0.01s
[2018.02.04-11.02.48:135][  0]LogFileCache: Scanning file cache for directory 'C:/Users/Cosmotron/Documents/Unreal Projects/VR_SwordMechanic/VR_PhantomMechanic/Content/Developers/Cosmotron/Collections/' took 0.01s
[2018.02.04-11.02.48:135][  0]LogFileCache: Scanning file cache for directory 'C:/Users/Cosmotron/Documents/Unreal Projects/VR_SwordMechanic/VR_PhantomMechanic/Content/Collections/' took 0.01s
[2018.02.04-11.02.48:135][  0]LogCollectionManager: Rebuilt the GUID cache for 0 collections in 0.000000 seconds
[2018.02.04-11.02.48:144][  0]LogContentBrowser: Native class hierarchy populated in 0.0088 seconds. Added 2364 classes and 521 folders.
[2018.02.04-11.02.48:217][  0]LogContentBrowser: Native class hierarchy updated for 'WidgetCarousel' in 0.0003 seconds. Added 0 classes and 0 folders.
[2018.02.04-11.02.48:259][  0]LogContentBrowser: Native class hierarchy updated for 'AddContentDialog' in 0.0003 seconds. Added 0 classes and 0 folders.
[2018.02.04-11.02.48:345][  0]LogSlate: Took 0.000175 seconds to synchronously load lazily loaded font '../../../Engine/Content/Slate/Fonts/Roboto-Regular.ttf' (155K)
[2018.02.04-11.02.48:349][  0]LogSlate: Took 0.000257 seconds to synchronously load lazily loaded font '../../../Engine/Content/Slate/Fonts/Roboto-Bold.ttf' (160K)
[2018.02.04-11.02.48:352][  0]LogSlate: Took 0.000233 seconds to synchronously load lazily loaded font '../../../Engine/Content/Editor/Slate/Fonts/FontAwesome.ttf' (139K)
[2018.02.04-11.02.48:466][  0]LogRenderer: Reallocating scene render targets to support 1044x512 Format 10 NumSamples 1 (Frame:1).
[2018.02.04-11.02.48:758][  0]LogContentBrowser: Native class hierarchy updated for 'HierarchicalLODOutliner' in 0.0003 seconds. Added 1 classes and 2 folders.
[2018.02.04-11.02.48:758][  0]LogLoad: (Engine Initialization) Total time: 23.92 seconds
[2018.02.04-11.02.48:758][  0]LogLoad: (Engine Initialization) Total Blueprint compile time: 0.00 seconds
[2018.02.04-11.02.48:758][  0]LogExternalProfiler: No external profilers were discovered.  External profiling features will not be available.
[2018.02.04-11.02.48:800][  0]LogContentStreaming: Texture pool size now 1000 MB
[2018.02.04-11.02.48:895][  1]LogScript: Warning: Accessed None trying to read property K2Node_DynamicCast_AsVR_Character
	R_PhysicalAnimBP_C /Engine/Transient.World_1:PersistentLevel.RightArm_Actor_C_0.Physical Arm.R_PhysicalAnimBP_C_0
	Function /Game/PhantomMechanic/Player/Physical/Animation/R_PhysicalAnimBP.R_PhysicalAnimBP_C:ExecuteUbergraph_R_PhysicalAnimBP:01FD
[2018.02.04-11.02.48:895][  1]LogScript: Warning: Accessed None
	R_PhysicalAnimBP_C /Engine/Transient.World_1:PersistentLevel.RightArm_Actor_C_0.Physical Arm.R_PhysicalAnimBP_C_0
	Function /Game/PhantomMechanic/Player/Physical/Animation/R_PhysicalAnimBP.R_PhysicalAnimBP_C:ExecuteUbergraph_R_PhysicalAnimBP:0212
[2018.02.04-11.02.48:913][  1]LogAssetRegistry: Asset discovery search completed in 15.8637 seconds
[2018.02.04-11.02.48:916][  1]LogCollectionManager: Rebuilt the object cache for 0 collections in 0.000000 seconds (found 0 objects)
[2018.02.04-11.02.48:916][  1]LogCollectionManager: Fixed up redirectors for 0 collections in 0.000075 seconds (updated 0 objects)
[2018.02.04-11.02.48:962][  2]LogScript: Warning: Accessed None trying to read property K2Node_DynamicCast_AsVR_Character
	NewL_PhysicalAnimBP_C /Engine/Transient.World_3:PersistentLevel.LeftArm_Actor_C_0.Physical Arm.NewL_PhysicalAnimBP_C_0
	Function /Game/PhantomMechanic/Player/Physical/Animation/NewL_PhysicalAnimBP.NewL_PhysicalAnimBP_C:ExecuteUbergraph_NewL_PhysicalAnimBP:01FD
[2018.02.04-11.02.48:962][  2]LogScript: Warning: Accessed None
	NewL_PhysicalAnimBP_C /Engine/Transient.World_3:PersistentLevel.LeftArm_Actor_C_0.Physical Arm.NewL_PhysicalAnimBP_C_0
	Function /Game/PhantomMechanic/Player/Physical/Animation/NewL_PhysicalAnimBP.NewL_PhysicalAnimBP_C:ExecuteUbergraph_NewL_PhysicalAnimBP:0212
[2018.02.04-11.04.20:273][  2]LogSlate: Warning: Prevented a slow task dialog from being summoned while a context menu was open
[2018.02.04-11.04.20:280][  2]LogLinker: Warning: Can't find file '/Game/GTFreeMaterials/Materials/brick_ancientDiagonal'
[2018.02.04-11.04.20:281][  2]LogLinker: Warning: Can't find file for asset '/Game/GTFreeMaterials/Materials/brick_ancientDiagonal' while loading ../../../../../../Users/Cosmotron/Documents/Unreal Projects/VR_SwordMechanic/VR_PhantomMechanic/Content/GTFreeMaterials/Showcase.umap.
[2018.02.04-11.04.20:281][  2]LoadErrors: Error: /Game/GTFreeMaterials/Showcase : Can't find file for asset. /Game/GTFreeMaterials/Materials/brick_ancientDiagonal
[2018.02.04-11.04.20:281][  2]LogLinker: Warning: Can't find file '/Game/GTFreeMaterials/Materials/Brick_BathStone'
[2018.02.04-11.04.20:281][  2]LogLinker: Warning: Can't find file for asset '/Game/GTFreeMaterials/Materials/Brick_BathStone' while loading ../../../../../../Users/Cosmotron/Documents/Unreal Projects/VR_SwordMechanic/VR_PhantomMechanic/Content/GTFreeMaterials/Showcase.umap.
[2018.02.04-11.04.20:281][  2]LoadErrors: Error: /Game/GTFreeMaterials/Showcase : Can't find file for asset. /Game/GTFreeMaterials/Materials/Brick_BathStone
[2018.02.04-11.04.20:281][  2]LogLinker: Warning: Can't find file '/Game/GTFreeMaterials/Materials/Brick_GuiBigCastleWall'
[2018.02.04-11.04.20:281][  2]LogLinker: Warning: Can't find file for asset '/Game/GTFreeMaterials/Materials/Brick_GuiBigCastleWall' while loading ../../../../../../Users/Cosmotron/Documents/Unreal Projects/VR_SwordMechanic/VR_PhantomMechanic/Content/GTFreeMaterials/Showcase.umap.
[2018.02.04-11.04.20:281][  2]LoadErrors: Error: /Game/GTFreeMaterials/Showcase : Can't find file for asset. /Game/GTFreeMaterials/Materials/Brick_GuiBigCastleWall
[2018.02.04-11.04.20:281][  2]LogLinker: Warning: Can't find file '/Game/GTFreeMaterials/Materials/brick_guiGen'
[2018.02.04-11.04.20:282][  2]LogLinker: Warning: Can't find file for asset '/Game/GTFreeMaterials/Materials/brick_guiGen' while loading ../../../../../../Users/Cosmotron/Documents/Unreal Projects/VR_SwordMechanic/VR_PhantomMechanic/Content/GTFreeMaterials/Showcase.umap.
[2018.02.04-11.04.20:282][  2]LoadErrors: Error: /Game/GTFreeMaterials/Showcase : Can't find file for asset. /Game/GTFreeMaterials/Materials/brick_guiGen
[2018.02.04-11.04.20:282][  2]LogLinker: Warning: Can't find file '/Game/GTFreeMaterials/Materials/Ground_Dirt'
[2018.02.04-11.04.20:282][  2]LogLinker: Warning: Can't find file for asset '/Game/GTFreeMaterials/Materials/Ground_Dirt' while loading ../../../../../../Users/Cosmotron/Documents/Unreal Projects/VR_SwordMechanic/VR_PhantomMechanic/Content/GTFreeMaterials/Showcase.umap.
[2018.02.04-11.04.20:282][  2]LoadErrors: Error: /Game/GTFreeMaterials/Showcase : Can't find file for asset. /Game/GTFreeMaterials/Materials/Ground_Dirt
[2018.02.04-11.04.20:282][  2]LogLinker: Warning: Can't find file '/Game/GTFreeMaterials/Materials/Ground_DirtBrownTan'
[2018.02.04-11.04.20:283][  2]LogLinker: Warning: Can't find file for asset '/Game/GTFreeMaterials/Materials/Ground_DirtBrownTan' while loading ../../../../../../Users/Cosmotron/Documents/Unreal Projects/VR_SwordMechanic/VR_PhantomMechanic/Content/GTFreeMaterials/Showcase.umap.
[2018.02.04-11.04.20:283][  2]LoadErrors: Error: /Game/GTFreeMaterials/Showcase : Can't find file for asset. /Game/GTFreeMaterials/Materials/Ground_DirtBrownTan
[2018.02.04-11.04.20:283][  2]LogLinker: Warning: Can't find file '/Game/GTFreeMaterials/Materials/Ground_GrassThickGreen'
[2018.02.04-11.04.20:283][  2]LogLinker: Warning: Can't find file for asset '/Game/GTFreeMaterials/Materials/Ground_GrassThickGreen' while loading ../../../../../../Users/Cosmotron/Documents/Unreal Projects/VR_SwordMechanic/VR_PhantomMechanic/Content/GTFreeMaterials/Showcase.umap.
[2018.02.04-11.04.20:283][  2]LoadErrors: Error: /Game/GTFreeMaterials/Showcase : Can't find file for asset. /Game/GTFreeMaterials/Materials/Ground_GrassThickGreen
[2018.02.04-11.04.20:283][  2]LogLinker: Warning: Can't find file '/Game/GTFreeMaterials/Materials/Ground_guiFloodedMud'
[2018.02.04-11.04.20:283][  2]LogLinker: Warning: Can't find file for asset '/Game/GTFreeMaterials/Materials/Ground_guiFloodedMud' while loading ../../../../../../Users/Cosmotron/Documents/Unreal Projects/VR_SwordMechanic/VR_PhantomMechanic/Content/GTFreeMaterials/Showcase.umap.
[2018.02.04-11.04.20:283][  2]LoadErrors: Error: /Game/GTFreeMaterials/Showcase : Can't find file for asset. /Game/GTFreeMaterials/Materials/Ground_guiFloodedMud
[2018.02.04-11.04.20:283][  2]LogLinker: Warning: Can't find file '/Game/GTFreeMaterials/Materials/Ground_MuddyGrass_DRY'
[2018.02.04-11.04.20:283][  2]LogLinker: Warning: Can't find file for asset '/Game/GTFreeMaterials/Materials/Ground_MuddyGrass_DRY' while loading ../../../../../../Users/Cosmotron/Documents/Unreal Projects/VR_SwordMechanic/VR_PhantomMechanic/Content/GTFreeMaterials/Showcase.umap.
[2018.02.04-11.04.20:284][  2]LoadErrors: Error: /Game/GTFreeMaterials/Showcase : Can't find file for asset. /Game/GTFreeMaterials/Materials/Ground_MuddyGrass_DRY
[2018.02.04-11.04.20:284][  2]LogLinker: Warning: Can't find file '/Game/GTFreeMaterials/Materials/Ground_MuddyGrass_WET'
[2018.02.04-11.04.20:284][  2]LogLinker: Warning: Can't find file for asset '/Game/GTFreeMaterials/Materials/Ground_MuddyGrass_WET' while loading ../../../../../../Users/Cosmotron/Documents/Unreal Projects/VR_SwordMechanic/VR_PhantomMechanic/Content/GTFreeMaterials/Showcase.umap.
[2018.02.04-11.04.20:284][  2]LoadErrors: Error: /Game/GTFreeMaterials/Showcase : Can't find file for asset. /Game/GTFreeMaterials/Materials/Ground_MuddyGrass_WET
[2018.02.04-11.04.20:284][  2]LogLinker: Warning: Can't find file '/Game/GTFreeMaterials/Materials/MasterMaterial'
[2018.02.04-11.04.20:284][  2]LogLinker: Warning: Can't find file for asset '/Game/GTFreeMaterials/Materials/MasterMaterial' while loading ../../../../../../Users/Cosmotron/Documents/Unreal Projects/VR_SwordMechanic/VR_PhantomMechanic/Content/GTFreeMaterials/Showcase.umap.
[2018.02.04-11.04.20:284][  2]LoadErrors: Error: /Game/GTFreeMaterials/Showcase : Can't find file for asset. /Game/GTFreeMaterials/Materials/MasterMaterial
[2018.02.04-11.04.20:284][  2]LogLinker: Warning: Can't find file '/Game/GTFreeMaterials/Materials/Metal_BrushedCopper'
[2018.02.04-11.04.20:284][  2]LogLinker: Warning: Can't find file for asset '/Game/GTFreeMaterials/Materials/Metal_BrushedCopper' while loading ../../../../../../Users/Cosmotron/Documents/Unreal Projects/VR_SwordMechanic/VR_PhantomMechanic/Content/GTFreeMaterials/Showcase.umap.
[2018.02.04-11.04.20:285][  2]LoadErrors: Error: /Game/GTFreeMaterials/Showcase : Can't find file for asset. /Game/GTFreeMaterials/Materials/Metal_BrushedCopper
[2018.02.04-11.04.20:285][  2]LogLinker: Warning: Can't find file '/Game/GTFreeMaterials/Materials/Metal_BrushedSteel'
[2018.02.04-11.04.20:285][  2]LogLinker: Warning: Can't find file for asset '/Game/GTFreeMaterials/Materials/Metal_BrushedSteel' while loading ../../../../../../Users/Cosmotron/Documents/Unreal Projects/VR_SwordMechanic/VR_PhantomMechanic/Content/GTFreeMaterials/Showcase.umap.
[2018.02.04-11.04.20:285][  2]LoadErrors: Error: /Game/GTFreeMaterials/Showcase : Can't find file for asset. /Game/GTFreeMaterials/Materials/Metal_BrushedSteel
[2018.02.04-11.04.20:285][  2]LogLinker: Warning: Can't find file '/Game/GTFreeMaterials/Materials/Metal_CyberCube'
[2018.02.04-11.04.20:285][  2]LogLinker: Warning: Can't find file for asset '/Game/GTFreeMaterials/Materials/Metal_CyberCube' while loading ../../../../../../Users/Cosmotron/Documents/Unreal Projects/VR_SwordMechanic/VR_PhantomMechanic/Content/GTFreeMaterials/Showcase.umap.
[2018.02.04-11.04.20:285][  2]LoadErrors: Error: /Game/GTFreeMaterials/Showcase : Can't find file for asset. /Game/GTFreeMaterials/Materials/Metal_CyberCube
[2018.02.04-11.04.20:285][  2]LogLinker: Warning: Can't find file '/Game/GTFreeMaterials/Materials/Metal_DiamondPlateSciFi'
[2018.02.04-11.04.20:285][  2]LogLinker: Warning: Can't find file for asset '/Game/GTFreeMaterials/Materials/Metal_DiamondPlateSciFi' while loading ../../../../../../Users/Cosmotron/Documents/Unreal Projects/VR_SwordMechanic/VR_PhantomMechanic/Content/GTFreeMaterials/Showcase.umap.
[2018.02.04-11.04.20:285][  2]LoadErrors: Error: /Game/GTFreeMaterials/Showcase : Can't find file for asset. /Game/GTFreeMaterials/Materials/Metal_DiamondPlateSciFi
[2018.02.04-11.04.20:285][  2]LogLinker: Warning: Can't find file '/Game/GTFreeMaterials/Materials/Metal_Gold'
[2018.02.04-11.04.20:286][  2]LogLinker: Warning: Can't find file for asset '/Game/GTFreeMaterials/Materials/Metal_Gold' while loading ../../../../../../Users/Cosmotron/Documents/Unreal Projects/VR_SwordMechanic/VR_PhantomMechanic/Content/GTFreeMaterials/Showcase.umap.
[2018.02.04-11.04.20:286][  2]LoadErrors: Error: /Game/GTFreeMaterials/Showcase : Can't find file for asset. /Game/GTFreeMaterials/Materials/Metal_Gold
[2018.02.04-11.04.20:286][  2]LogLinker: Warning: Can't find file '/Game/GTFreeMaterials/Materials/Metal_LeadRough'
[2018.02.04-11.04.20:286][  2]LogLinker: Warning: Can't find file for asset '/Game/GTFreeMaterials/Materials/Metal_LeadRough' while loading ../../../../../../Users/Cosmotron/Documents/Unreal Projects/VR_SwordMechanic/VR_PhantomMechanic/Content/GTFreeMaterials/Showcase.umap.
[2018.02.04-11.04.20:286][  2]LoadErrors: Error: /Game/GTFreeMaterials/Showcase : Can't find file for asset. /Game/GTFreeMaterials/Materials/Metal_LeadRough
[2018.02.04-11.04.20:286][  2]LogLinker: Warning: Can't find file '/Game/GTFreeMaterials/Materials/Metal_ReinforcedGridWall'
[2018.02.04-11.04.20:286][  2]LogLinker: Warning: Can't find file for asset '/Game/GTFreeMaterials/Materials/Metal_ReinforcedGridWall' while loading ../../../../../../Users/Cosmotron/Documents/Unreal Projects/VR_SwordMechanic/VR_PhantomMechanic/Content/GTFreeMaterials/Showcase.umap.
[2018.02.04-11.04.20:286][  2]LoadErrors: Error: /Game/GTFreeMaterials/Showcase : Can't find file for asset. /Game/GTFreeMaterials/Materials/Metal_ReinforcedGridWall
[2018.02.04-11.04.20:286][  2]LogLinker: Warning: Can't find file '/Game/GTFreeMaterials/Materials/Metal_RustedSolid'
[2018.02.04-11.04.20:286][  2]LogLinker: Warning: Can't find file for asset '/Game/GTFreeMaterials/Materials/Metal_RustedSolid' while loading ../../../../../../Users/Cosmotron/Documents/Unreal Projects/VR_SwordMechanic/VR_PhantomMechanic/Content/GTFreeMaterials/Showcase.umap.
[2018.02.04-11.04.20:287][  2]LoadErrors: Error: /Game/GTFreeMaterials/Showcase : Can't find file for asset. /Game/GTFreeMaterials/Materials/Metal_RustedSolid
[2018.02.04-11.04.20:287][  2]LogLinker: Warning: Can't find file '/Game/GTFreeMaterials/Materials/Metal_sciFiCurveyWall'
[2018.02.04-11.04.20:287][  2]LogLinker: Warning: Can't find file for asset '/Game/GTFreeMaterials/Materials/Metal_sciFiCurveyWall' while loading ../../../../../../Users/Cosmotron/Documents/Unreal Projects/VR_SwordMechanic/VR_PhantomMechanic/Content/GTFreeMaterials/Showcase.umap.
[2018.02.04-11.04.20:287][  2]LoadErrors: Error: /Game/GTFreeMaterials/Showcase : Can't find file for asset. /Game/GTFreeMaterials/Materials/Metal_sciFiCurveyWall
[2018.02.04-11.04.20:287][  2]LogLinker: Warning: Can't find file '/Game/GTFreeMaterials/Materials/misc_WoodenCrate'
[2018.02.04-11.04.20:287][  2]LogLinker: Warning: Can't find file for asset '/Game/GTFreeMaterials/Materials/misc_WoodenCrate' while loading ../../../../../../Users/Cosmotron/Documents/Unreal Projects/VR_SwordMechanic/VR_PhantomMechanic/Content/GTFreeMaterials/Showcase.umap.
[2018.02.04-11.04.20:287][  2]LoadErrors: Error: /Game/GTFreeMaterials/Showcase : Can't find file for asset. /Game/GTFreeMaterials/Materials/misc_WoodenCrate
[2018.02.04-11.04.20:287][  2]LogLinker: Warning: Can't find file '/Game/GTFreeMaterials/Materials/Rock_HoleyWall'
[2018.02.04-11.04.20:287][  2]LogLinker: Warning: Can't find file for asset '/Game/GTFreeMaterials/Materials/Rock_HoleyWall' while loading ../../../../../../Users/Cosmotron/Documents/Unreal Projects/VR_SwordMechanic/VR_PhantomMechanic/Content/GTFreeMaterials/Showcase.umap.
[2018.02.04-11.04.20:288][  2]LoadErrors: Error: /Game/GTFreeMaterials/Showcase : Can't find file for asset. /Game/GTFreeMaterials/Materials/Rock_HoleyWall
[2018.02.04-11.04.20:288][  2]LogLinker: Warning: Can't find file '/Game/GTFreeMaterials/Materials/Rock_JaggedCaveWall'
[2018.02.04-11.04.20:288][  2]LogLinker: Warning: Can't find file for asset '/Game/GTFreeMaterials/Materials/Rock_JaggedCaveWall' while loading ../../../../../../Users/Cosmotron/Documents/Unreal Projects/VR_SwordMechanic/VR_PhantomMechanic/Content/GTFreeMaterials/Showcase.umap.
[2018.02.04-11.04.20:288][  2]LoadErrors: Error: /Game/GTFreeMaterials/Showcase : Can't find file for asset. /Game/GTFreeMaterials/Materials/Rock_JaggedCaveWall
[2018.02.04-11.04.20:288][  2]LogLinker: Warning: Can't find file '/Game/GTFreeMaterials/Materials/Tile_Coloredtiles'
[2018.02.04-11.04.20:288][  2]LogLinker: Warning: Can't find file for asset '/Game/GTFreeMaterials/Materials/Tile_Coloredtiles' while loading ../../../../../../Users/Cosmotron/Documents/Unreal Projects/VR_SwordMechanic/VR_PhantomMechanic/Content/GTFreeMaterials/Showcase.umap.
[2018.02.04-11.04.20:288][  2]LoadErrors: Error: /Game/GTFreeMaterials/Showcase : Can't find file for asset. /Game/GTFreeMaterials/Materials/Tile_Coloredtiles
[2018.02.04-11.04.20:288][  2]LogLinker: Warning: Can't find file '/Game/GTFreeMaterials/Materials/Tile_WoodAndTileOffsetPattern'
[2018.02.04-11.04.20:288][  2]LogLinker: Warning: Can't find file for asset '/Game/GTFreeMaterials/Materials/Tile_WoodAndTileOffsetPattern' while loading ../../../../../../Users/Cosmotron/Documents/Unreal Projects/VR_SwordMechanic/VR_PhantomMechanic/Content/GTFreeMaterials/Showcase.umap.
[2018.02.04-11.04.20:289][  2]LoadErrors: Error: /Game/GTFreeMaterials/Showcase : Can't find file for asset. /Game/GTFreeMaterials/Materials/Tile_WoodAndTileOffsetPattern
[2018.02.04-11.04.20:289][  2]LogLinker: Warning: Can't find file '/Game/GTFreeMaterials/Materials/Wood_GeofwoodenPlankClean'
[2018.02.04-11.04.20:289][  2]LogLinker: Warning: Can't find file for asset '/Game/GTFreeMaterials/Materials/Wood_GeofwoodenPlankClean' while loading ../../../../../../Users/Cosmotron/Documents/Unreal Projects/VR_SwordMechanic/VR_PhantomMechanic/Content/GTFreeMaterials/Showcase.umap.
[2018.02.04-11.04.20:289][  2]LoadErrors: Error: /Game/GTFreeMaterials/Showcase : Can't find file for asset. /Game/GTFreeMaterials/Materials/Wood_GeofwoodenPlankClean
[2018.02.04-11.04.20:289][  2]LogLinker: Warning: Can't find file '/Game/GTFreeMaterials/Materials/Wood_InterlockingFloor'
[2018.02.04-11.04.20:289][  2]LogLinker: Warning: Can't find file for asset '/Game/GTFreeMaterials/Materials/Wood_InterlockingFloor' while loading ../../../../../../Users/Cosmotron/Documents/Unreal Projects/VR_SwordMechanic/VR_PhantomMechanic/Content/GTFreeMaterials/Showcase.umap.
[2018.02.04-11.04.20:289][  2]LoadErrors: Error: /Game/GTFreeMaterials/Showcase : Can't find file for asset. /Game/GTFreeMaterials/Materials/Wood_InterlockingFloor
[2018.02.04-11.04.20:289][  2]LogLinker: Warning: Can't find file '/Game/GTFreeMaterials/Materials/Brick_chicagoStyle'
[2018.02.04-11.04.20:289][  2]LogLinker: Warning: Can't find file for asset '/Game/GTFreeMaterials/Materials/Brick_chicagoStyle' while loading ../../../../../../Users/Cosmotron/Documents/Unreal Projects/VR_SwordMechanic/VR_PhantomMechanic/Content/GTFreeMaterials/Showcase.umap.
[2018.02.04-11.04.20:290][  2]LoadErrors: Error: /Game/GTFreeMaterials/Showcase : Can't find file for asset. /Game/GTFreeMaterials/Materials/Brick_chicagoStyle
[2018.02.04-11.04.20:290][  2]LogLinker: Warning: Can't find file '/Game/GTFreeMaterials/Materials/Concrete_FlatSurface'
[2018.02.04-11.04.20:290][  2]LogLinker: Warning: Can't find file for asset '/Game/GTFreeMaterials/Materials/Concrete_FlatSurface' while loading ../../../../../../Users/Cosmotron/Documents/Unreal Projects/VR_SwordMechanic/VR_PhantomMechanic/Content/GTFreeMaterials/Showcase.umap.
[2018.02.04-11.04.20:290][  2]LoadErrors: Error: /Game/GTFreeMaterials/Showcase : Can't find file for asset. /Game/GTFreeMaterials/Materials/Concrete_FlatSurface
[2018.02.04-11.04.20:290][  2]LogLinker: Warning: Can't find file '/Game/GTFreeMaterials/Materials/wood_JFfantasyWoodPlanksNailedClean'
[2018.02.04-11.04.20:290][  2]LogLinker: Warning: Can't find file for asset '/Game/GTFreeMaterials/Materials/wood_JFfantasyWoodPlanksNailedClean' while loading ../../../../../../Users/Cosmotron/Documents/Unreal Projects/VR_SwordMechanic/VR_PhantomMechanic/Content/GTFreeMaterials/Showcase.umap.
[2018.02.04-11.04.20:290][  2]LoadErrors: Error: /Game/GTFreeMaterials/Showcase : Can't find file for asset. /Game/GTFreeMaterials/Materials/wood_JFfantasyWoodPlanksNailedClean
[2018.02.04-11.04.20:292][  2]LogLinker: Warning: Can't find file '/Game/GTFreeMaterials/Materials/brick_ancientDiagonal'
[2018.02.04-11.04.20:292][  2]LogLinker: Warning: Can't find file for asset '/Game/GTFreeMaterials/Materials/brick_ancientDiagonal' while loading ../../../../../../Users/Cosmotron/Documents/Unreal Projects/VR_SwordMechanic/VR_PhantomMechanic/Content/GTFreeMaterials/Showcase.umap.
[2018.02.04-11.04.20:292][  2]LogLinker: Warning: Can't find file '/Game/GTFreeMaterials/Materials/Brick_BathStone'
[2018.02.04-11.04.20:292][  2]LogLinker: Warning: Can't find file for asset '/Game/GTFreeMaterials/Materials/Brick_BathStone' while loading ../../../../../../Users/Cosmotron/Documents/Unreal Projects/VR_SwordMechanic/VR_PhantomMechanic/Content/GTFreeMaterials/Showcase.umap.
[2018.02.04-11.04.20:292][  2]LogLinker: Warning: Can't find file '/Game/GTFreeMaterials/Materials/Brick_chicagoStyle'
[2018.02.04-11.04.20:292][  2]LogLinker: Warning: Can't find file for asset '/Game/GTFreeMaterials/Materials/Brick_chicagoStyle' while loading ../../../../../../Users/Cosmotron/Documents/Unreal Projects/VR_SwordMechanic/VR_PhantomMechanic/Content/GTFreeMaterials/Showcase.umap.
[2018.02.04-11.04.20:293][  2]LogLinker: Warning: Can't find file '/Game/GTFreeMaterials/Materials/Brick_GuiBigCastleWall'
[2018.02.04-11.04.20:293][  2]LogLinker: Warning: Can't find file for asset '/Game/GTFreeMaterials/Materials/Brick_GuiBigCastleWall' while loading ../../../../../../Users/Cosmotron/Documents/Unreal Projects/VR_SwordMechanic/VR_PhantomMechanic/Content/GTFreeMaterials/Showcase.umap.
[2018.02.04-11.04.20:293][  2]LogLinker: Warning: Can't find file '/Game/GTFreeMaterials/Materials/brick_guiGen'
[2018.02.04-11.04.20:293][  2]LogLinker: Warning: Can't find file for asset '/Game/GTFreeMaterials/Materials/brick_guiGen' while loading ../../../../../../Users/Cosmotron/Documents/Unreal Projects/VR_SwordMechanic/VR_PhantomMechanic/Content/GTFreeMaterials/Showcase.umap.
[2018.02.04-11.04.20:294][  2]LogLinker: Warning: Can't find file '/Game/GTFreeMaterials/Materials/Concrete_FlatSurface'
[2018.02.04-11.04.20:294][  2]LogLinker: Warning: Can't find file for asset '/Game/GTFreeMaterials/Materials/Concrete_FlatSurface' while loading ../../../../../../Users/Cosmotron/Documents/Unreal Projects/VR_SwordMechanic/VR_PhantomMechanic/Content/GTFreeMaterials/Showcase.umap.
[2018.02.04-11.04.20:294][  2]LogLinker: Warning: Can't find file '/Game/GTFreeMaterials/Materials/Ground_Dirt'
[2018.02.04-11.04.20:294][  2]LogLinker: Warning: Can't find file for asset '/Game/GTFreeMaterials/Materials/Ground_Dirt' while loading ../../../../../../Users/Cosmotron/Documents/Unreal Projects/VR_SwordMechanic/VR_PhantomMechanic/Content/GTFreeMaterials/Showcase.umap.
[2018.02.04-11.04.20:294][  2]LogLinker: Warning: Can't find file '/Game/GTFreeMaterials/Materials/Ground_DirtBrownTan'
[2018.02.04-11.04.20:294][  2]LogLinker: Warning: Can't find file for asset '/Game/GTFreeMaterials/Materials/Ground_DirtBrownTan' while loading ../../../../../../Users/Cosmotron/Documents/Unreal Projects/VR_SwordMechanic/VR_PhantomMechanic/Content/GTFreeMaterials/Showcase.umap.
[2018.02.04-11.04.20:294][  2]LogLinker: Warning: Can't find file '/Game/GTFreeMaterials/Materials/Ground_GrassThickGreen'
[2018.02.04-11.04.20:294][  2]LogLinker: Warning: Can't find file for asset '/Game/GTFreeMaterials/Materials/Ground_GrassThickGreen' while loading ../../../../../../Users/Cosmotron/Documents/Unreal Projects/VR_SwordMechanic/VR_PhantomMechanic/Content/GTFreeMaterials/Showcase.umap.
[2018.02.04-11.04.20:295][  2]LogLinker: Warning: Can't find file '/Game/GTFreeMaterials/Materials/Ground_guiFloodedMud'
[2018.02.04-11.04.20:295][  2]LogLinker: Warning: Can't find file for asset '/Game/GTFreeMaterials/Materials/Ground_guiFloodedMud' while loading ../../../../../../Users/Cosmotron/Documents/Unreal Projects/VR_SwordMechanic/VR_PhantomMechanic/Content/GTFreeMaterials/Showcase.umap.
[2018.02.04-11.04.20:295][  2]LogLinker: Warning: Can't find file '/Game/GTFreeMaterials/Materials/Ground_MuddyGrass_DRY'
[2018.02.04-11.04.20:295][  2]LogLinker: Warning: Can't find file for asset '/Game/GTFreeMaterials/Materials/Ground_MuddyGrass_DRY' while loading ../../../../../../Users/Cosmotron/Documents/Unreal Projects/VR_SwordMechanic/VR_PhantomMechanic/Content/GTFreeMaterials/Showcase.umap.
[2018.02.04-11.04.20:295][  2]LogLinker: Warning: Can't find file '/Game/GTFreeMaterials/Materials/Ground_MuddyGrass_WET'
[2018.02.04-11.04.20:295][  2]LogLinker: Warning: Can't find file for asset '/Game/GTFreeMaterials/Materials/Ground_MuddyGrass_WET' while loading ../../../../../../Users/Cosmotron/Documents/Unreal Projects/VR_SwordMechanic/VR_PhantomMechanic/Content/GTFreeMaterials/Showcase.umap.
[2018.02.04-11.04.20:295][  2]LogLinker: Warning: Can't find file '/Game/GTFreeMaterials/Materials/MasterMaterial'
[2018.02.04-11.04.20:295][  2]LogLinker: Warning: Can't find file for asset '/Game/GTFreeMaterials/Materials/MasterMaterial' while loading ../../../../../../Users/Cosmotron/Documents/Unreal Projects/VR_SwordMechanic/VR_PhantomMechanic/Content/GTFreeMaterials/Showcase.umap.
[2018.02.04-11.04.20:295][  2]LogLinker: Warning: Can't find file '/Game/GTFreeMaterials/Materials/Metal_BrushedCopper'
[2018.02.04-11.04.20:296][  2]LogLinker: Warning: Can't find file for asset '/Game/GTFreeMaterials/Materials/Metal_BrushedCopper' while loading ../../../../../../Users/Cosmotron/Documents/Unreal Projects/VR_SwordMechanic/VR_PhantomMechanic/Content/GTFreeMaterials/Showcase.umap.
[2018.02.04-11.04.20:296][  2]LogLinker: Warning: Can't find file '/Game/GTFreeMaterials/Materials/Metal_BrushedSteel'
[2018.02.04-11.04.20:296][  2]LogLinker: Warning: Can't find file for asset '/Game/GTFreeMaterials/Materials/Metal_BrushedSteel' while loading ../../../../../../Users/Cosmotron/Documents/Unreal Projects/VR_SwordMechanic/VR_PhantomMechanic/Content/GTFreeMaterials/Showcase.umap.
[2018.02.04-11.04.20:296][  2]LogLinker: Warning: Can't find file '/Game/GTFreeMaterials/Materials/Metal_CyberCube'
[2018.02.04-11.04.20:296][  2]LogLinker: Warning: Can't find file for asset '/Game/GTFreeMaterials/Materials/Metal_CyberCube' while loading ../../../../../../Users/Cosmotron/Documents/Unreal Projects/VR_SwordMechanic/VR_PhantomMechanic/Content/GTFreeMaterials/Showcase.umap.
[2018.02.04-11.04.20:296][  2]LogLinker: Warning: Can't find file '/Game/GTFreeMaterials/Materials/Metal_DiamondPlateSciFi'
[2018.02.04-11.04.20:296][  2]LogLinker: Warning: Can't find file for asset '/Game/GTFreeMaterials/Materials/Metal_DiamondPlateSciFi' while loading ../../../../../../Users/Cosmotron/Documents/Unreal Projects/VR_SwordMechanic/VR_PhantomMechanic/Content/GTFreeMaterials/Showcase.umap.
[2018.02.04-11.04.20:296][  2]LogLinker: Warning: Can't find file '/Game/GTFreeMaterials/Materials/Metal_Gold'
[2018.02.04-11.04.20:297][  2]LogLinker: Warning: Can't find file for asset '/Game/GTFreeMaterials/Materials/Metal_Gold' while loading ../../../../../../Users/Cosmotron/Documents/Unreal Projects/VR_SwordMechanic/VR_PhantomMechanic/Content/GTFreeMaterials/Showcase.umap.
[2018.02.04-11.04.20:297][  2]LogLinker: Warning: Can't find file '/Game/GTFreeMaterials/Materials/Metal_LeadRough'
[2018.02.04-11.04.20:297][  2]LogLinker: Warning: Can't find file for asset '/Game/GTFreeMaterials/Materials/Metal_LeadRough' while loading ../../../../../../Users/Cosmotron/Documents/Unreal Projects/VR_SwordMechanic/VR_PhantomMechanic/Content/GTFreeMaterials/Showcase.umap.
[2018.02.04-11.04.20:297][  2]LogLinker: Warning: Can't find file '/Game/GTFreeMaterials/Materials/Metal_ReinforcedGridWall'
[2018.02.04-11.04.20:297][  2]LogLinker: Warning: Can't find file for asset '/Game/GTFreeMaterials/Materials/Metal_ReinforcedGridWall' while loading ../../../../../../Users/Cosmotron/Documents/Unreal Projects/VR_SwordMechanic/VR_PhantomMechanic/Content/GTFreeMaterials/Showcase.umap.
[2018.02.04-11.04.20:297][  2]LogLinker: Warning: Can't find file '/Game/GTFreeMaterials/Materials/Metal_RustedSolid'
[2018.02.04-11.04.20:297][  2]LogLinker: Warning: Can't find file for asset '/Game/GTFreeMaterials/Materials/Metal_RustedSolid' while loading ../../../../../../Users/Cosmotron/Documents/Unreal Projects/VR_SwordMechanic/VR_PhantomMechanic/Content/GTFreeMaterials/Showcase.umap.
[2018.02.04-11.04.20:298][  2]LogLinker: Warning: Can't find file '/Game/GTFreeMaterials/Materials/Metal_sciFiCurveyWall'
[2018.02.04-11.04.20:298][  2]LogLinker: Warning: Can't find file for asset '/Game/GTFreeMaterials/Materials/Metal_sciFiCurveyWall' while loading ../../../../../../Users/Cosmotron/Documents/Unreal Projects/VR_SwordMechanic/VR_PhantomMechanic/Content/GTFreeMaterials/Showcase.umap.
[2018.02.04-11.04.20:298][  2]LogLinker: Warning: Can't find file '/Game/GTFreeMaterials/Materials/misc_WoodenCrate'
[2018.02.04-11.04.20:298][  2]LogLinker: Warning: Can't find file for asset '/Game/GTFreeMaterials/Materials/misc_WoodenCrate' while loading ../../../../../../Users/Cosmotron/Documents/Unreal Projects/VR_SwordMechanic/VR_PhantomMechanic/Content/GTFreeMaterials/Showcase.umap.
[2018.02.04-11.04.20:298][  2]LogLinker: Warning: Can't find file '/Game/GTFreeMaterials/Materials/Rock_HoleyWall'
[2018.02.04-11.04.20:298][  2]LogLinker: Warning: Can't find file for asset '/Game/GTFreeMaterials/Materials/Rock_HoleyWall' while loading ../../../../../../Users/Cosmotron/Documents/Unreal Projects/VR_SwordMechanic/VR_PhantomMechanic/Content/GTFreeMaterials/Showcase.umap.
[2018.02.04-11.04.20:298][  2]LogLinker: Warning: Can't find file '/Game/GTFreeMaterials/Materials/Rock_JaggedCaveWall'
[2018.02.04-11.04.20:299][  2]LogLinker: Warning: Can't find file for asset '/Game/GTFreeMaterials/Materials/Rock_JaggedCaveWall' while loading ../../../../../../Users/Cosmotron/Documents/Unreal Projects/VR_SwordMechanic/VR_PhantomMechanic/Content/GTFreeMaterials/Showcase.umap.
[2018.02.04-11.04.20:299][  2]LogLinker: Warning: Can't find file '/Game/GTFreeMaterials/Materials/Tile_Coloredtiles'
[2018.02.04-11.04.20:299][  2]LogLinker: Warning: Can't find file for asset '/Game/GTFreeMaterials/Materials/Tile_Coloredtiles' while loading ../../../../../../Users/Cosmotron/Documents/Unreal Projects/VR_SwordMechanic/VR_PhantomMechanic/Content/GTFreeMaterials/Showcase.umap.
[2018.02.04-11.04.20:299][  2]LogLinker: Warning: Can't find file '/Game/GTFreeMaterials/Materials/Tile_WoodAndTileOffsetPattern'
[2018.02.04-11.04.20:299][  2]LogLinker: Warning: Can't find file for asset '/Game/GTFreeMaterials/Materials/Tile_WoodAndTileOffsetPattern' while loading ../../../../../../Users/Cosmotron/Documents/Unreal Projects/VR_SwordMechanic/VR_PhantomMechanic/Content/GTFreeMaterials/Showcase.umap.
[2018.02.04-11.04.20:299][  2]LogLinker: Warning: Can't find file '/Game/GTFreeMaterials/Materials/Wood_GeofwoodenPlankClean'
[2018.02.04-11.04.20:299][  2]LogLinker: Warning: Can't find file for asset '/Game/GTFreeMaterials/Materials/Wood_GeofwoodenPlankClean' while loading ../../../../../../Users/Cosmotron/Documents/Unreal Projects/VR_SwordMechanic/VR_PhantomMechanic/Content/GTFreeMaterials/Showcase.umap.
[2018.02.04-11.04.20:300][  2]LogLinker: Warning: Can't find file '/Game/GTFreeMaterials/Materials/Wood_InterlockingFloor'
[2018.02.04-11.04.20:300][  2]LogLinker: Warning: Can't find file for asset '/Game/GTFreeMaterials/Materials/Wood_InterlockingFloor' while loading ../../../../../../Users/Cosmotron/Documents/Unreal Projects/VR_SwordMechanic/VR_PhantomMechanic/Content/GTFreeMaterials/Showcase.umap.
[2018.02.04-11.04.20:300][  2]LogLinker: Warning: Can't find file '/Game/GTFreeMaterials/Materials/wood_JFfantasyWoodPlanksNailedClean'
[2018.02.04-11.04.20:300][  2]LogLinker: Warning: Can't find file for asset '/Game/GTFreeMaterials/Materials/wood_JFfantasyWoodPlanksNailedClean' while loading ../../../../../../Users/Cosmotron/Documents/Unreal Projects/VR_SwordMechanic/VR_PhantomMechanic/Content/GTFreeMaterials/Showcase.umap.
[2018.02.04-11.04.20:310][  2]LogLinker: Warning: Can't find file '/Game/GTFreeMaterials/Materials/Wood_InterlockingFloor'
[2018.02.04-11.04.20:310][  2]LoadErrors: Failed to load /Game/GTFreeMaterials/Materials/Wood_InterlockingFloor.Wood_InterlockingFloor Referenced by EditorSphere_10
[2018.02.04-11.04.20:310][  2]LogLinker: Warning: Can't find file for asset '/Game/GTFreeMaterials/Materials/Wood_InterlockingFloor' while loading NULL.
[2018.02.04-11.04.20:311][  2]LogLinker: Warning: Can't find file '/Game/GTFreeMaterials/Materials/Metal_BrushedSteel'
[2018.02.04-11.04.20:311][  2]LoadErrors: Failed to load /Game/GTFreeMaterials/Materials/Metal_BrushedSteel.Metal_BrushedSteel Referenced by EditorSphere_11
[2018.02.04-11.04.20:311][  2]LogLinker: Warning: Can't find file for asset '/Game/GTFreeMaterials/Materials/Metal_BrushedSteel' while loading NULL.
[2018.02.04-11.04.20:311][  2]LogLinker: Warning: Can't find file '/Game/GTFreeMaterials/Materials/Metal_CyberCube'
[2018.02.04-11.04.20:311][  2]LoadErrors: Failed to load /Game/GTFreeMaterials/Materials/Metal_CyberCube.Metal_CyberCube Referenced by EditorSphere_12
[2018.02.04-11.04.20:311][  2]LogLinker: Warning: Can't find file for asset '/Game/GTFreeMaterials/Materials/Metal_CyberCube' while loading NULL.
[2018.02.04-11.04.20:311][  2]LogLinker: Warning: Can't find file '/Game/GTFreeMaterials/Materials/Metal_DiamondPlateSciFi'
[2018.02.04-11.04.20:311][  2]LoadErrors: Failed to load /Game/GTFreeMaterials/Materials/Metal_DiamondPlateSciFi.Metal_DiamondPlateSciFi Referenced by EditorSphere_13
[2018.02.04-11.04.20:312][  2]LogLinker: Warning: Can't find file for asset '/Game/GTFreeMaterials/Materials/Metal_DiamondPlateSciFi' while loading NULL.
[2018.02.04-11.04.20:312][  2]LogLinker: Warning: Can't find file '/Game/GTFreeMaterials/Materials/Metal_Gold'
[2018.02.04-11.04.20:312][  2]LoadErrors: Failed to load /Game/GTFreeMaterials/Materials/Metal_Gold.Metal_Gold Referenced by EditorSphere_14
[2018.02.04-11.04.20:312][  2]LogLinker: Warning: Can't find file for asset '/Game/GTFreeMaterials/Materials/Metal_Gold' while loading NULL.
[2018.02.04-11.04.20:312][  2]LogLinker: Warning: Can't find file '/Game/GTFreeMaterials/Materials/Metal_LeadRough'
[2018.02.04-11.04.20:312][  2]LoadErrors: Failed to load /Game/GTFreeMaterials/Materials/Metal_LeadRough.Metal_LeadRough Referenced by EditorSphere_15
[2018.02.04-11.04.20:312][  2]LogLinker: Warning: Can't find file for asset '/Game/GTFreeMaterials/Materials/Metal_LeadRough' while loading NULL.
[2018.02.04-11.04.20:313][  2]LogLinker: Warning: Can't find file '/Game/GTFreeMaterials/Materials/Rock_HoleyWall'
[2018.02.04-11.04.20:313][  2]LoadErrors: Failed to load /Game/GTFreeMaterials/Materials/Rock_HoleyWall.Rock_HoleyWall Referenced by EditorSphere_16
[2018.02.04-11.04.20:313][  2]LogLinker: Warning: Can't find file for asset '/Game/GTFreeMaterials/Materials/Rock_HoleyWall' while loading NULL.
[2018.02.04-11.04.20:313][  2]LogLinker: Warning: Can't find file '/Game/GTFreeMaterials/Materials/Ground_MuddyGrass_DRY'
[2018.02.04-11.04.20:313][  2]LoadErrors: Failed to load /Game/GTFreeMaterials/Materials/Ground_MuddyGrass_DRY.Ground_MuddyGrass_DRY Referenced by EditorSphere_17
[2018.02.04-11.04.20:313][  2]LogLinker: Warning: Can't find file for asset '/Game/GTFreeMaterials/Materials/Ground_MuddyGrass_DRY' while loading NULL.
[2018.02.04-11.04.20:313][  2]LogLinker: Warning: Can't find file '/Game/GTFreeMaterials/Materials/Ground_MuddyGrass_WET'
[2018.02.04-11.04.20:313][  2]LoadErrors: Failed to load /Game/GTFreeMaterials/Materials/Ground_MuddyGrass_WET.Ground_MuddyGrass_WET Referenced by EditorSphere_18
[2018.02.04-11.04.20:313][  2]LogLinker: Warning: Can't find file for asset '/Game/GTFreeMaterials/Materials/Ground_MuddyGrass_WET' while loading NULL.
[2018.02.04-11.04.20:314][  2]LogLinker: Warning: Can't find file '/Game/GTFreeMaterials/Materials/MasterMaterial'
[2018.02.04-11.04.20:314][  2]LoadErrors: Failed to load /Game/GTFreeMaterials/Materials/MasterMaterial.MasterMaterial Referenced by EditorSphere_19
[2018.02.04-11.04.20:314][  2]LogLinker: Warning: Can't find file for asset '/Game/GTFreeMaterials/Materials/MasterMaterial' while loading NULL.
[2018.02.04-11.04.20:314][  2]LogLinker: Warning: Can't find file '/Game/GTFreeMaterials/Materials/Tile_Coloredtiles'
[2018.02.04-11.04.20:314][  2]LoadErrors: Failed to load /Game/GTFreeMaterials/Materials/Tile_Coloredtiles.Tile_Coloredtiles Referenced by EditorSphere_2
[2018.02.04-11.04.20:315][  2]LogLinker: Warning: Can't find file for asset '/Game/GTFreeMaterials/Materials/Tile_Coloredtiles' while loading NULL.
[2018.02.04-11.04.20:315][  2]LogLinker: Warning: Can't find file '/Game/GTFreeMaterials/Materials/Metal_BrushedCopper'
[2018.02.04-11.04.20:315][  2]LoadErrors: Failed to load /Game/GTFreeMaterials/Materials/Metal_BrushedCopper.Metal_BrushedCopper Referenced by EditorSphere_20
[2018.02.04-11.04.20:315][  2]LogLinker: Warning: Can't find file for asset '/Game/GTFreeMaterials/Materials/Metal_BrushedCopper' while loading NULL.
[2018.02.04-11.04.20:315][  2]LogLinker: Warning: Can't find file '/Game/GTFreeMaterials/Materials/brick_guiGen'
[2018.02.04-11.04.20:315][  2]LoadErrors: Failed to load /Game/GTFreeMaterials/Materials/brick_guiGen.brick_guiGen Referenced by EditorSphere_21
[2018.02.04-11.04.20:315][  2]LogLinker: Warning: Can't find file for asset '/Game/GTFreeMaterials/Materials/brick_guiGen' while loading NULL.
[2018.02.04-11.04.20:316][  2]LogLinker: Warning: Can't find file '/Game/GTFreeMaterials/Materials/Concrete_FlatSurface'
[2018.02.04-11.04.20:316][  2]LoadErrors: Failed to load /Game/GTFreeMaterials/Materials/Concrete_FlatSurface.Concrete_FlatSurface Referenced by EditorSphere_22
[2018.02.04-11.04.20:316][  2]LogLinker: Warning: Can't find file for asset '/Game/GTFreeMaterials/Materials/Concrete_FlatSurface' while loading NULL.
[2018.02.04-11.04.20:316][  2]LogLinker: Warning: Can't find file '/Game/GTFreeMaterials/Materials/Ground_Dirt'
[2018.02.04-11.04.20:316][  2]LoadErrors: Failed to load /Game/GTFreeMaterials/Materials/Ground_Dirt.Ground_Dirt Referenced by EditorSphere_23
[2018.02.04-11.04.20:316][  2]LogLinker: Warning: Can't find file for asset '/Game/GTFreeMaterials/Materials/Ground_Dirt' while loading NULL.
[2018.02.04-11.04.20:316][  2]LogLinker: Warning: Can't find file '/Game/GTFreeMaterials/Materials/Ground_DirtBrownTan'
[2018.02.04-11.04.20:316][  2]LoadErrors: Failed to load /Game/GTFreeMaterials/Materials/Ground_DirtBrownTan.Ground_DirtBrownTan Referenced by EditorSphere_24
[2018.02.04-11.04.20:317][  2]LogLinker: Warning: Can't find file for asset '/Game/GTFreeMaterials/Materials/Ground_DirtBrownTan' while loading NULL.
[2018.02.04-11.04.20:317][  2]LogLinker: Warning: Can't find file '/Game/GTFreeMaterials/Materials/Ground_GrassThickGreen'
[2018.02.04-11.04.20:317][  2]LoadErrors: Failed to load /Game/GTFreeMaterials/Materials/Ground_GrassThickGreen.Ground_GrassThickGreen Referenced by EditorSphere_25
[2018.02.04-11.04.20:317][  2]LogLinker: Warning: Can't find file for asset '/Game/GTFreeMaterials/Materials/Ground_GrassThickGreen' while loading NULL.
[2018.02.04-11.04.20:317][  2]LogLinker: Warning: Can't find file '/Game/GTFreeMaterials/Materials/Ground_guiFloodedMud'
[2018.02.04-11.04.20:317][  2]LoadErrors: Failed to load /Game/GTFreeMaterials/Materials/Ground_guiFloodedMud.Ground_guiFloodedMud Referenced by EditorSphere_27
[2018.02.04-11.04.20:317][  2]LogLinker: Warning: Can't find file for asset '/Game/GTFreeMaterials/Materials/Ground_guiFloodedMud' while loading NULL.
[2018.02.04-11.04.20:318][  2]LogLinker: Warning: Can't find file '/Game/GTFreeMaterials/Materials/Brick_BathStone'
[2018.02.04-11.04.20:318][  2]LoadErrors: Failed to load /Game/GTFreeMaterials/Materials/Brick_BathStone.Brick_BathStone Referenced by EditorSphere_28
[2018.02.04-11.04.20:318][  2]LogLinker: Warning: Can't find file for asset '/Game/GTFreeMaterials/Materials/Brick_BathStone' while loading NULL.
[2018.02.04-11.04.20:318][  2]LogLinker: Warning: Can't find file '/Game/GTFreeMaterials/Materials/Brick_chicagoStyle'
[2018.02.04-11.04.20:318][  2]LoadErrors: Failed to load /Game/GTFreeMaterials/Materials/Brick_chicagoStyle.Brick_chicagoStyle Referenced by EditorSphere_29
[2018.02.04-11.04.20:318][  2]LogLinker: Warning: Can't find file for asset '/Game/GTFreeMaterials/Materials/Brick_chicagoStyle' while loading NULL.
[2018.02.04-11.04.20:318][  2]LogLinker: Warning: Can't find file '/Game/GTFreeMaterials/Materials/Tile_WoodAndTileOffsetPattern'
[2018.02.04-11.04.20:318][  2]LoadErrors: Failed to load /Game/GTFreeMaterials/Materials/Tile_WoodAndTileOffsetPattern.Tile_WoodAndTileOffsetPattern Referenced by EditorSphere_3
[2018.02.04-11.04.20:319][  2]LogLinker: Warning: Can't find file for asset '/Game/GTFreeMaterials/Materials/Tile_WoodAndTileOffsetPattern' while loading NULL.
[2018.02.04-11.04.20:319][  2]LogLinker: Warning: Can't find file '/Game/GTFreeMaterials/Materials/Brick_GuiBigCastleWall'
[2018.02.04-11.04.20:319][  2]LoadErrors: Failed to load /Game/GTFreeMaterials/Materials/Brick_GuiBigCastleWall.Brick_GuiBigCastleWall Referenced by EditorSphere_30
[2018.02.04-11.04.20:319][  2]LogLinker: Warning: Can't find file for asset '/Game/GTFreeMaterials/Materials/Brick_GuiBigCastleWall' while loading NULL.
[2018.02.04-11.04.20:319][  2]LogLinker: Warning: Can't find file '/Game/GTFreeMaterials/Materials/wood_JFfantasyWoodPlanksNailedClean'
[2018.02.04-11.04.20:319][  2]LoadErrors: Failed to load /Game/GTFreeMaterials/Materials/wood_JFfantasyWoodPlanksNailedClean.wood_JFfantasyWoodPlanksNailedClean Referenced by EditorSphere_31
[2018.02.04-11.04.20:319][  2]LogLinker: Warning: Can't find file for asset '/Game/GTFreeMaterials/Materials/wood_JFfantasyWoodPlanksNailedClean' while loading NULL.
[2018.02.04-11.04.20:320][  2]LogLinker: Warning: Can't find file '/Game/GTFreeMaterials/Materials/brick_ancientDiagonal'
[2018.02.04-11.04.20:320][  2]LoadErrors: Failed to load /Game/GTFreeMaterials/Materials/brick_ancientDiagonal.brick_ancientDiagonal Referenced by EditorSphere_38
[2018.02.04-11.04.20:320][  2]LogLinker: Warning: Can't find file for asset '/Game/GTFreeMaterials/Materials/brick_ancientDiagonal' while loading NULL.
[2018.02.04-11.04.20:320][  2]LogLinker: Warning: Can't find file '/Game/GTFreeMaterials/Materials/Wood_GeofwoodenPlankClean'
[2018.02.04-11.04.20:320][  2]LoadErrors: Failed to load /Game/GTFreeMaterials/Materials/Wood_GeofwoodenPlankClean.Wood_GeofwoodenPlankClean Referenced by EditorSphere_4
[2018.02.04-11.04.20:320][  2]LogLinker: Warning: Can't find file for asset '/Game/GTFreeMaterials/Materials/Wood_GeofwoodenPlankClean' while loading NULL.
[2018.02.04-11.04.20:321][  2]LogLinker: Warning: Can't find file '/Game/GTFreeMaterials/Materials/Rock_JaggedCaveWall'
[2018.02.04-11.04.20:321][  2]LoadErrors: Failed to load /Game/GTFreeMaterials/Materials/Rock_JaggedCaveWall.Rock_JaggedCaveWall Referenced by EditorSphere_5
[2018.02.04-11.04.20:321][  2]LogLinker: Warning: Can't find file for asset '/Game/GTFreeMaterials/Materials/Rock_JaggedCaveWall' while loading NULL.
[2018.02.04-11.04.20:321][  2]LogLinker: Warning: Can't find file '/Game/GTFreeMaterials/Materials/Metal_ReinforcedGridWall'
[2018.02.04-11.04.20:321][  2]LoadErrors: Failed to load /Game/GTFreeMaterials/Materials/Metal_ReinforcedGridWall.Metal_ReinforcedGridWall Referenced by EditorSphere_6
[2018.02.04-11.04.20:321][  2]LogLinker: Warning: Can't find file for asset '/Game/GTFreeMaterials/Materials/Metal_ReinforcedGridWall' while loading NULL.
[2018.02.04-11.04.20:321][  2]LogLinker: Warning: Can't find file '/Game/GTFreeMaterials/Materials/Metal_RustedSolid'
[2018.02.04-11.04.20:321][  2]LoadErrors: Failed to load /Game/GTFreeMaterials/Materials/Metal_RustedSolid.Metal_RustedSolid Referenced by EditorSphere_7
[2018.02.04-11.04.20:322][  2]LogLinker: Warning: Can't find file for asset '/Game/GTFreeMaterials/Materials/Metal_RustedSolid' while loading NULL.
[2018.02.04-11.04.20:322][  2]LogLinker: Warning: Can't find file '/Game/GTFreeMaterials/Materials/Metal_sciFiCurveyWall'
[2018.02.04-11.04.20:322][  2]LoadErrors: Failed to load /Game/GTFreeMaterials/Materials/Metal_sciFiCurveyWall.Metal_sciFiCurveyWall Referenced by EditorSphere_8
[2018.02.04-11.04.20:322][  2]LogLinker: Warning: Can't find file for asset '/Game/GTFreeMaterials/Materials/Metal_sciFiCurveyWall' while loading NULL.
[2018.02.04-11.04.20:322][  2]LogLinker: Warning: Can't find file '/Game/GTFreeMaterials/Materials/misc_WoodenCrate'
[2018.02.04-11.04.20:322][  2]LoadErrors: Failed to load /Game/GTFreeMaterials/Materials/misc_WoodenCrate.misc_WoodenCrate Referenced by EditorSphere_9
[2018.02.04-11.04.20:322][  2]LogLinker: Warning: Can't find file for asset '/Game/GTFreeMaterials/Materials/misc_WoodenCrate' while loading NULL.
[2018.02.04-11.04.20:324][  2]LogTexture: Display: Building textures: SkyOcclusion0_1 (AutoDXT, 256X128)
[2018.02.04-11.04.20:325][  2]LogTexture: Display: Building textures: HQ_Lightmap0_1 (AutoDXT, 256X256)
[2018.02.04-11.04.20:325][  2]LogTexture: Display: Building textures: LQ_Lightmap_0_1 (DXT1, 256X256)
[2018.02.04-11.04.20:327][  2]LogTexture: Display: Building textures: SkyOcclusion0_2 (AutoDXT, 256X128)
[2018.02.04-11.04.20:327][  2]LogTexture: Display: Building textures: HQ_Lightmap0_2 (AutoDXT, 256X256)
[2018.02.04-11.04.20:327][  2]LogTexture: Display: Building textures: LQ_Lightmap_0_2 (DXT1, 256X256)
[2018.02.04-11.04.20:437][  2]LogTexture: Display: Building textures: ShadowMapTexture2D_0 (G8, 64X128)
[2018.02.04-11.04.20:437][  2]LogTexture: Display: Building textures: ShadowMapTexture2D_1 (G8, 1024X32)
[2018.02.04-11.04.20:437][  2]LogAIModule: Creating AISystem for world Showcase
