Log file open, 01/27/18 12:55:24
LogWindows: Failed to load 'aqProf.dll' (GetLastError=126)
LogWindows: File 'aqProf.dll' does not exist
LogWindows: Failed to load 'VSPerf140.dll' (GetLastError=126)
LogWindows: File 'VSPerf140.dll' does not exist
LogWindows: Failed to load 'VtuneApi.dll' (GetLastError=126)
LogWindows: File 'VtuneApi.dll' does not exist
LogWindows: Failed to load 'VtuneApi32e.dll' (GetLastError=126)
LogWindows: File 'VtuneApi32e.dll' does not exist
LogInit: Display: Running engine for game: VR_SwordMechanic
LogPlatformFile: Not using cached read wrapper
LogInit: Display: RandInit(-2141883906) SRandInit(-2141883906).
LogInit: Read version file with build ID '3709383'
LogInit: Overriding engine version to CL 3832480, compatible CL 3709383
LogInit: Registered custom module enumerator with build ID '3709383'
LogTaskGraph: Started task graph with 5 named threads and 14 total threads with 3 sets of task threads.
LogStats: Stats thread started at 0.181094
LogD3D11RHI: Aftermath initialized
LogModuleManager: Display: Found up-to-date module file ../../../Engine/Plugins/2D/Paper2D/Binaries/Win64/UE4Editor-Paper2D.dll (API version 3709383).
LogModuleManager: Display: Found up-to-date module file ../../../Engine/Plugins/2D/Paper2D/Binaries/Win64/UE4Editor-Paper2DEditor.dll (API version 3709383).
LogModuleManager: Display: Found up-to-date module file ../../../Engine/Plugins/2D/Paper2D/Binaries/Win64/UE4Editor-PaperSpriteSheetImporter.dll (API version 3709383).
LogModuleManager: Display: Found up-to-date module file ../../../Engine/Plugins/2D/Paper2D/Binaries/Win64/UE4Editor-PaperTiledImporter.dll (API version 3709383).
LogModuleManager: Display: Found up-to-date module file ../../../Engine/Plugins/2D/Paper2D/Binaries/Win64/UE4Editor-SmartSnapping.dll (API version 3709383).
LogModuleManager: Display: Found up-to-date module file ../../../Engine/Plugins/Blendables/LightPropagationVolume/Binaries/Win64/UE4Editor-LightPropagationVolumeRuntime.dll (API version 3709383).
LogModuleManager: Display: Found up-to-date module file ../../../Engine/Plugins/Blendables/LightPropagationVolume/Binaries/Win64/UE4Editor-LightPropagationVolumeEditor.dll (API version 3709383).
LogModuleManager: Display: Found up-to-date module file ../../../Engine/Plugins/Developer/GitSourceControl/Binaries/Win64/UE4Editor-GitSourceControl.dll (API version 3709383).
LogModuleManager: Display: Found up-to-date module file ../../../Engine/Plugins/Developer/PerforceSourceControl/Binaries/Win64/UE4Editor-PerforceSourceControl.dll (API version 3709383).
LogModuleManager: Display: Found up-to-date module file ../../../Engine/Plugins/Developer/SubversionSourceControl/Binaries/Win64/UE4Editor-SubversionSourceControl.dll (API version 3709383).
LogModuleManager: Display: Found up-to-date module file ../../../Engine/Plugins/Developer/UObjectPlugin/Binaries/Win64/UE4Editor-UObjectPlugin.dll (API version 3709383).
LogModuleManager: Display: Found up-to-date module file ../../../Engine/Plugins/Developer/VisualStudioCodeSourceCodeAccess/Binaries/Win64/UE4Editor-VisualStudioCodeSourceCodeAccess.dll (API version 3709383).
LogModuleManager: Display: Found up-to-date module file ../../../Engine/Plugins/Developer/VisualStudioSourceCodeAccess/Binaries/Win64/UE4Editor-VisualStudioSourceCodeAccess.dll (API version 3709383).
LogModuleManager: Display: Found up-to-date module file ../../../Engine/Plugins/Editor/AssetManagerEditor/Binaries/Win64/UE4Editor-AssetManagerEditor.dll (API version 3709383).
LogModuleManager: Display: Found up-to-date module file ../../../Engine/Plugins/Editor/AudioCapture/Binaries/Win64/UE4Editor-AudioCapture.dll (API version 3709383).
LogModuleManager: Display: Found up-to-date module file ../../../Engine/Plugins/Editor/FacialAnimation/Binaries/Win64/UE4Editor-FacialAnimation.dll (API version 3709383).
LogModuleManager: Display: Found up-to-date module file ../../../Engine/Plugins/Editor/FacialAnimation/Binaries/Win64/UE4Editor-FacialAnimationEditor.dll (API version 3709383).
LogModuleManager: Display: Found up-to-date module file ../../../Engine/Plugins/Editor/GameplayTagsEditor/Binaries/Win64/UE4Editor-GameplayTagsEditor.dll (API version 3709383).
LogModuleManager: Display: Found up-to-date module file ../../../Engine/Plugins/Editor/MobileLauncherProfileWizard/Binaries/Win64/UE4Editor-MobileLauncherProfileWizard.dll (API version 3709383).
LogModuleManager: Display: Found up-to-date module file ../../../Engine/Plugins/Editor/PluginBrowser/Binaries/Win64/UE4Editor-PluginBrowser.dll (API version 3709383).
LogModuleManager: Display: Found up-to-date module file ../../../Engine/Plugins/Editor/SpeedTreeImporter/Binaries/Win64/UE4Editor-SpeedTreeImporter.dll (API version 3709383).
LogModuleManager: Display: Found up-to-date module file ../../../Engine/Plugins/Experimental/AlembicImporter/Binaries/Win64/UE4Editor-AlembicImporter.dll (API version 3709383).
LogModuleManager: Display: Found up-to-date module file ../../../Engine/Plugins/Experimental/AlembicImporter/Binaries/Win64/UE4Editor-AlembicLibrary.dll (API version 3709383).
LogModuleManager: Display: Found up-to-date module file ../../../Engine/Plugins/Experimental/CharacterAI/Binaries/Win64/UE4Editor-CharacterAI.dll (API version 3709383).
LogModuleManager: Display: Found up-to-date module file ../../../Engine/Plugins/Experimental/HTML5Networking/Binaries/Win64/UE4Editor-HTML5Networking.dll (API version 3709383).
LogModuleManager: Display: Found up-to-date module file ../../../Engine/Plugins/Media/AndroidMedia/Binaries/Win64/UE4Editor-AndroidMediaEditor.dll (API version 3709383).
LogModuleManager: Display: Found up-to-date module file ../../../Engine/Plugins/Media/AndroidMedia/Binaries/Win64/UE4Editor-AndroidMediaFactory.dll (API version 3709383).
LogModuleManager: Display: Found up-to-date module file ../../../Engine/Plugins/Media/AvfMedia/Binaries/Win64/UE4Editor-AvfMediaEditor.dll (API version 3709383).
LogModuleManager: Display: Found up-to-date module file ../../../Engine/Plugins/Media/AvfMedia/Binaries/Win64/UE4Editor-AvfMediaFactory.dll (API version 3709383).
LogModuleManager: Display: Found up-to-date module file ../../../Engine/Plugins/Media/AvfMedia/Binaries/Win64/UE4Editor-AvfMediaFactory.dll (API version 3709383).
LogModuleManager: Display: Found up-to-date module file ../../../Engine/Plugins/Media/ImgMedia/Binaries/Win64/UE4Editor-ImgMedia.dll (API version 3709383).
LogModuleManager: Display: Found up-to-date module file ../../../Engine/Plugins/Media/ImgMedia/Binaries/Win64/UE4Editor-ImgMediaEditor.dll (API version 3709383).
LogModuleManager: Display: Found up-to-date module file ../../../Engine/Plugins/Media/ImgMedia/Binaries/Win64/UE4Editor-ImgMediaFactory.dll (API version 3709383).
LogModuleManager: Display: Found up-to-date module file ../../../Engine/Plugins/Media/ImgMedia/Binaries/Win64/UE4Editor-ImgMediaFactory.dll (API version 3709383).
LogModuleManager: Display: Found up-to-date module file ../../../Engine/Plugins/Media/ImgMedia/Binaries/Win64/UE4Editor-OpenExrWrapper.dll (API version 3709383).
LogModuleManager: Display: Found up-to-date module file ../../../Engine/Plugins/Media/MediaCompositing/Binaries/Win64/UE4Editor-MediaCompositing.dll (API version 3709383).
LogModuleManager: Display: Found up-to-date module file ../../../Engine/Plugins/Media/MediaCompositing/Binaries/Win64/UE4Editor-MediaCompositingEditor.dll (API version 3709383).
LogModuleManager: Display: Found up-to-date module file ../../../Engine/Plugins/Media/MediaPlayerEditor/Binaries/Win64/UE4Editor-MediaPlayerEditor.dll (API version 3709383).
LogModuleManager: Display: Found up-to-date module file ../../../Engine/Plugins/Media/WmfMedia/Binaries/Win64/UE4Editor-WmfMedia.dll (API version 3709383).
LogModuleManager: Display: Found up-to-date module file ../../../Engine/Plugins/Media/WmfMedia/Binaries/Win64/UE4Editor-WmfMediaEditor.dll (API version 3709383).
LogModuleManager: Display: Found up-to-date module file ../../../Engine/Plugins/Media/WmfMedia/Binaries/Win64/UE4Editor-WmfMediaFactory.dll (API version 3709383).
LogModuleManager: Display: Found up-to-date module file ../../../Engine/Plugins/Media/WmfMedia/Binaries/Win64/UE4Editor-WmfMediaFactory.dll (API version 3709383).
LogModuleManager: Display: Found up-to-date module file ../../../Engine/Plugins/Messaging/TcpMessaging/Binaries/Win64/UE4Editor-TcpMessaging.dll (API version 3709383).
LogModuleManager: Display: Found up-to-date module file ../../../Engine/Plugins/Messaging/UdpMessaging/Binaries/Win64/UE4Editor-UdpMessaging.dll (API version 3709383).
LogModuleManager: Display: Found up-to-date module file ../../../Engine/Plugins/MovieScene/ActorSequence/Binaries/Win64/UE4Editor-ActorSequence.dll (API version 3709383).
LogModuleManager: Display: Found up-to-date module file ../../../Engine/Plugins/MovieScene/LevelSequenceEditor/Binaries/Win64/UE4Editor-LevelSequenceEditor.dll (API version 3709383).
LogModuleManager: Display: Found up-to-date module file ../../../Engine/Plugins/MovieScene/MatineeToLevelSequence/Binaries/Win64/UE4Editor-MatineeToLevelSequence.dll (API version 3709383).
LogModuleManager: Display: Found up-to-date module file ../../../Engine/Plugins/Online/OnlineSubsystem/Binaries/Win64/UE4Editor-OnlineSubsystem.dll (API version 3709383).
LogModuleManager: Display: Found up-to-date module file ../../../Engine/Plugins/Runtime/AndroidPermission/Binaries/Win64/UE4Editor-AndroidPermission.dll (API version 3709383).
LogModuleManager: Display: Found up-to-date module file ../../../Engine/Plugins/Online/OnlineSubsystemNull/Binaries/Win64/UE4Editor-OnlineSubsystemNull.dll (API version 3709383).
LogModuleManager: Display: Found up-to-date module file ../../../Engine/Plugins/Online/OnlineSubsystemUtils/Binaries/Win64/UE4Editor-OnlineSubsystemUtils.dll (API version 3709383).
LogModuleManager: Display: Found up-to-date module file ../../../Engine/Plugins/Online/OnlineSubsystemUtils/Binaries/Win64/UE4Editor-OnlineBlueprintSupport.dll (API version 3709383).
LogModuleManager: Display: Found up-to-date module file ../../../Engine/Plugins/Runtime/AndroidDeviceProfileSelector/Binaries/Win64/UE4Editor-AndroidDeviceProfileSelector.dll (API version 3709383).
LogModuleManager: Display: Found up-to-date module file ../../../Engine/Plugins/Runtime/AppleARKit/Binaries/Win64/UE4Editor-AppleARKit.dll (API version 3709383).
LogModuleManager: Display: Found up-to-date module file ../../../Engine/Plugins/Runtime/ArchVisCharacter/Binaries/Win64/UE4Editor-ArchVisCharacter.dll (API version 3709383).
LogModuleManager: Display: Found up-to-date module file ../../../Engine/Plugins/Runtime/CableComponent/Binaries/Win64/UE4Editor-CableComponent.dll (API version 3709383).
LogModuleManager: Display: Found up-to-date module file ../../../Engine/Plugins/Runtime/CustomMeshComponent/Binaries/Win64/UE4Editor-CustomMeshComponent.dll (API version 3709383).
LogModuleManager: Display: Found up-to-date module file ../../../Engine/Plugins/Runtime/ExampleDeviceProfileSelector/Binaries/Win64/UE4Editor-ExampleDeviceProfileSelector.dll (API version 3709383).
LogModuleManager: Display: Found up-to-date module file ../../../Engine/Plugins/Runtime/ImmediatePhysics/Binaries/Win64/UE4Editor-ImmediatePhysics.dll (API version 3709383).
LogModuleManager: Display: Found up-to-date module file ../../../Engine/Plugins/Runtime/ImmediatePhysics/Binaries/Win64/UE4Editor-ImmediatePhysicsEditor.dll (API version 3709383).
LogModuleManager: Display: Found up-to-date module file ../../../Engine/Plugins/Runtime/LocationServicesBPLibrary/Binaries/Win64/UE4Editor-LocationServicesBPLibrary.dll (API version 3709383).
LogModuleManager: Display: Found up-to-date module file ../../../Engine/Plugins/Runtime/MobilePatchingUtils/Binaries/Win64/UE4Editor-MobilePatchingUtils.dll (API version 3709383).
LogModuleManager: Display: Found up-to-date module file ../../../Engine/Plugins/Runtime/Oculus/OculusVR/Binaries/Win64/UE4Editor-OculusHMD.dll (API version 3709383).
LogModuleManager: Display: Found up-to-date module file ../../../Engine/Plugins/Runtime/Oculus/OculusVR/Binaries/Win64/UE4Editor-OculusInput.dll (API version 3709383).
LogModuleManager: Display: Found up-to-date module file ../../../Engine/Plugins/Runtime/Oculus/OculusVR/Binaries/Win64/UE4Editor-OculusEditor.dll (API version 3709383).
LogModuleManager: Display: Found up-to-date module file ../../../Engine/Plugins/Runtime/PhysXVehicles/Binaries/Win64/UE4Editor-PhysXVehicles.dll (API version 3709383).
LogModuleManager: Display: Found up-to-date module file ../../../Engine/Plugins/Runtime/PhysXVehicles/Binaries/Win64/UE4Editor-PhysXVehiclesEditor.dll (API version 3709383).
LogModuleManager: Display: Found up-to-date module file ../../../Engine/Plugins/Runtime/ProceduralMeshComponent/Binaries/Win64/UE4Editor-ProceduralMeshComponent.dll (API version 3709383).
LogModuleManager: Display: Found up-to-date module file ../../../Engine/Plugins/Runtime/ProceduralMeshComponent/Binaries/Win64/UE4Editor-ProceduralMeshComponentEditor.dll (API version 3709383).
LogModuleManager: Display: Found up-to-date module file ../../../Engine/Plugins/Runtime/RuntimePhysXCooking/Binaries/Win64/UE4Editor-RuntimePhysXCooking.dll (API version 3709383).
LogModuleManager: Display: Found up-to-date module file ../../../Engine/Plugins/Runtime/Steam/SteamVR/Binaries/Win64/UE4Editor-SteamVR.dll (API version 3709383).
LogModuleManager: Display: Found up-to-date module file ../../../Engine/Plugins/Runtime/Steam/SteamVR/Binaries/Win64/UE4Editor-SteamVRController.dll (API version 3709383).
LogModuleManager: Display: Found up-to-date module file ../../../Engine/Plugins/Runtime/WindowsMoviePlayer/Binaries/Win64/UE4Editor-WindowsMoviePlayer.dll (API version 3709383).
LogPluginManager: Mounting plugin Paper2D
LogPluginManager: Mounting plugin LightPropagationVolume
LogPluginManager: Mounting plugin CodeLiteSourceCodeAccess
LogPluginManager: Mounting plugin GitSourceControl
LogPluginManager: Mounting plugin KDevelopSourceCodeAccess
LogPluginManager: Mounting plugin NullSourceCodeAccess
LogPluginManager: Mounting plugin PerforceSourceControl
LogPluginManager: Mounting plugin SubversionSourceControl
LogPluginManager: Mounting plugin UObjectPlugin
LogPluginManager: Mounting plugin VisualStudioCodeSourceCodeAccess
LogPluginManager: Mounting plugin VisualStudioSourceCodeAccess
LogPluginManager: Mounting plugin XCodeSourceCodeAccess
LogPluginManager: Mounting plugin AssetManagerEditor
LogPluginManager: Mounting plugin AudioCapture
LogPluginManager: Mounting plugin FacialAnimation
LogPluginManager: Mounting plugin GameplayTagsEditor
LogPluginManager: Mounting plugin MobileLauncherProfileWizard
LogPluginManager: Mounting plugin PluginBrowser
LogPluginManager: Mounting plugin SpeedTreeImporter
LogPluginManager: Mounting plugin AlembicImporter
LogPluginManager: Mounting plugin CharacterAI
LogPluginManager: Mounting plugin HTML5Networking
LogPluginManager: Mounting plugin AndroidMedia
LogPluginManager: Mounting plugin AvfMedia
LogPluginManager: Mounting plugin ImgMedia
LogPluginManager: Mounting plugin MediaCompositing
LogPluginManager: Mounting plugin MediaPlayerEditor
LogPluginManager: Mounting plugin WmfMedia
LogPluginManager: Mounting plugin TcpMessaging
LogPluginManager: Mounting plugin UdpMessaging
LogPluginManager: Mounting plugin ActorSequence
LogPluginManager: Mounting plugin LevelSequenceEditor
LogPluginManager: Mounting plugin MatineeToLevelSequence
LogPluginManager: Mounting plugin OnlineSubsystemGooglePlay
LogPluginManager: Mounting plugin OnlineSubsystemIOS
LogPluginManager: Mounting plugin OnlineSubsystem
LogPluginManager: Mounting plugin OnlineSubsystemNull
LogPluginManager: Mounting plugin OnlineSubsystemUtils
LogPluginManager: Mounting plugin AndroidDeviceProfileSelector
LogPluginManager: Mounting plugin AndroidMoviePlayer
LogPluginManager: Mounting plugin AndroidPermission
LogPluginManager: Mounting plugin AppleARKit
LogPluginManager: Mounting plugin AppleMoviePlayer
LogPluginManager: Mounting plugin ArchVisCharacter
LogPluginManager: Mounting plugin CableComponent
LogPluginManager: Mounting plugin CustomMeshComponent
LogPluginManager: Mounting plugin ExampleDeviceProfileSelector
LogPluginManager: Mounting plugin GoogleCloudMessaging
LogPluginManager: Mounting plugin ImmediatePhysics
LogPluginManager: Mounting plugin IOSDeviceProfileSelector
LogPluginManager: Mounting plugin LinuxDeviceProfileSelector
LogPluginManager: Mounting plugin LocationServicesBPLibrary
LogPluginManager: Mounting plugin MobilePatchingUtils
LogPluginManager: Mounting plugin OculusVR
LogPluginManager: Plugin shader directory ../../../Engine/Plugins/Runtime/Oculus/OculusVR/Shaders found
LogPluginManager: Mapping shader source directory ../../../Engine/Plugins/Runtime/Oculus/OculusVR/Shaders to virtual directory /Plugin/OculusVR
LogPluginManager: Mounting plugin PhysXVehicles
LogPluginManager: Mounting plugin ProceduralMeshComponent
LogPluginManager: Mounting plugin RuntimePhysXCooking
LogPluginManager: Mounting plugin SteamVR
LogPluginManager: Mounting plugin WindowsMoviePlayer
LogInit: Using libcurl 7.47.1
LogInit:  - built for x86_64-pc-win32
LogInit:  - supports SSL with OpenSSL/1.0.2g
LogInit:  - supports HTTP deflate (compression) using libz 1.2.8
LogInit:  - other features:
LogInit:      CURL_VERSION_SSL
LogInit:      CURL_VERSION_LIBZ
LogInit:      CURL_VERSION_IPV6
LogInit:      CURL_VERSION_ASYNCHDNS
LogInit:      CURL_VERSION_LARGEFILE
LogInit:      CURL_VERSION_IDN
LogInit:  CurlRequestOptions (configurable via config and command line):
LogInit:  - bVerifyPeer = false  - Libcurl will NOT verify peer certificate
LogInit:  - bUseHttpProxy = false  - Libcurl will NOT use HTTP proxy
LogInit:  - bDontReuseConnections = false  - Libcurl will reuse connections
LogInit:  - CertBundlePath = nullptr  - Libcurl will use whatever was configured at build time.
LogHMD: Failed initializing OVRPlugin 1.19.0
LogInit: Build: ++UE4+Release-4.18-CL-3832480
LogInit: Engine Version: 4.18.3-3832480+++UE4+Release-4.18
LogInit: Compatible Engine Version: 4.18.0-3709383+++UE4+Release-4.18
LogInit: Net CL: 3709383
LogDevObjectVersion: Number of dev versions registered: 16
LogDevObjectVersion:   Dev-Blueprints (B0D832E4-1F89-4F0D-ACCF-7EB736FD4AA2): 10
LogDevObjectVersion:   Dev-Build (E1C64328-A22C-4D53-A36C-8E866417BD8C): 0
LogDevObjectVersion:   Dev-Core (375EC13C-06E4-48FB-B500-84F0262A717E): 2
LogDevObjectVersion:   Dev-Editor (E4B068ED-F494-42E9-A231-DA0B2E46BB41): 20
LogDevObjectVersion:   Dev-Framework (CFFC743F-43B0-4480-9391-14DF171D2073): 30
LogDevObjectVersion:   Dev-Mobile (B02B49B5-BB20-44E9-A304-32B752E40360): 0
LogDevObjectVersion:   Dev-Networking (A4E4105C-59A1-49B5-A7C5-40C4547EDFEE): 0
LogDevObjectVersion:   Dev-Online (39C831C9-5AE6-47DC-9A44-9C173E1C8E7C): 0
LogDevObjectVersion:   Dev-Physics (78F01B33-EBEA-4F98-B9B4-84EACCB95AA2): 0
LogDevObjectVersion:   Dev-Platform (6631380F-2D4D-43E0-8009-CF276956A95A): 0
LogDevObjectVersion:   Dev-Rendering (12F88B9F-8875-4AFC-A67C-D90C383ABD29): 20
LogDevObjectVersion:   Dev-Sequencer (7B5AE74C-D270-4C10-A958-57980B212A5A): 4
LogDevObjectVersion:   Dev-VR (D7296918-1DD6-4BDD-9DE2-64A83CC13884): 0
LogDevObjectVersion:   Dev-LoadTimes (C2A15278-BFE7-4AFE-6C17-90FF531DF755): 1
LogDevObjectVersion:   Private-Geometry (6EACA3D4-40EC-4CC1-B786-8BED09428FC5): 1
LogDevObjectVersion:   Dev-AnimPhys (29E575DD-E0A3-4627-9D10-D276232CDCEA): 12
LogInit: Compiled (64-bit): Jan 12 2018 02:04:55
LogInit: Compiled with Visual C++: 19.00.24215.01
LogInit: Build Configuration: Development
LogInit: Branch Name: ++UE4+Release-4.18
LogInit: Command line:  
LogInit: Base directory: C:/Program Files/Epic Games/UE_4.18/Engine/Binaries/Win64/
LogInit: Installed Engine Build: 1
LogInit: Presizing for max 8388607 objects, including 0 objects not considered by GC, pre-allocating 0 bytes for permanent pool.
LogInit: Object subsystem initialized
[2018.01.27-17.55.26:211][  0]LogInit: Selected Device Profile: [Windows]
[2018.01.27-17.55.26:211][  0]LogInit: Applying CVar settings loaded from the selected device profile: [Windows]
[2018.01.27-17.55.26:226][  0]LogInit: Computer: DESKTOP-TVE1Q8K
[2018.01.27-17.55.26:227][  0]LogInit: User: Cosmotron
[2018.01.27-17.55.26:227][  0]LogInit: CPU Page size=4096, Cores=4
[2018.01.27-17.55.26:227][  0]LogInit: High frequency timer resolution =2.648436 MHz
[2018.01.27-17.55.26:227][  0]LogMemory: Memory total: Physical=32.0GB (32GB approx)
[2018.01.27-17.55.26:227][  0]LogMemory: Platform Memory Stats for Windows
[2018.01.27-17.55.26:227][  0]LogMemory: Process Physical Memory: 277.58 MB used, 277.58 MB peak
[2018.01.27-17.55.26:227][  0]LogMemory: Process Virtual Memory: 274.17 MB used, 274.17 MB peak
[2018.01.27-17.55.26:227][  0]LogMemory: Physical Memory: 6214.80 MB used,  26507.91 MB free, 32722.71 MB total
[2018.01.27-17.55.26:227][  0]LogMemory: Virtual Memory: 731.86 MB used,  26507.91 MB free, 134217728.00 MB total
[2018.01.27-17.55.26:383][  0]LogInit: Using OS detected language (en-US).
[2018.01.27-17.55.26:383][  0]LogInit: Using OS detected locale (en-US).
[2018.01.27-17.55.26:386][  0]LogTextLocalizationManager: No specific localization for 'en-US' exists, so the 'en' localization will be used.
[2018.01.27-17.55.26:817][  0]LogInit: Setting process to per monitor DPI aware
[2018.01.27-17.55.27:094][  0]LogD3D11RHI: D3D11 adapters:
[2018.01.27-17.55.27:133][  0]LogD3D11RHI:    0. 'NVIDIA GeForce GTX 1070' (Feature Level 11_0)
[2018.01.27-17.55.27:133][  0]LogD3D11RHI:       8089/0/16361 MB DedicatedVideo/DedicatedSystem/SharedSystem, Outputs:1, VendorId:0x10de
[2018.01.27-17.55.27:135][  0]LogD3D11RHI:    1. 'Microsoft Basic Render Driver' (Feature Level 11_0)
[2018.01.27-17.55.27:135][  0]LogD3D11RHI:       0/0/16361 MB DedicatedVideo/DedicatedSystem/SharedSystem, Outputs:0, VendorId:0x1414
[2018.01.27-17.55.27:135][  0]LogD3D11RHI: Chosen D3D11 Adapter: 0
[2018.01.27-17.55.27:144][  0]LogD3D11RHI: Creating new Direct3DDevice
[2018.01.27-17.55.27:144][  0]LogD3D11RHI:     GPU DeviceId: 0x1be1 (for the marketing name, search the web for "GPU Device Id")
[2018.01.27-17.55.27:144][  0]LogWindows: EnumDisplayDevices:
[2018.01.27-17.55.27:144][  0]LogWindows:    0. 'NVIDIA GeForce GTX 1070' (P:1 D:1)
[2018.01.27-17.55.27:144][  0]LogWindows:    1. 'NVIDIA GeForce GTX 1070' (P:0 D:0)
[2018.01.27-17.55.27:144][  0]LogWindows:    2. 'NVIDIA GeForce GTX 1070' (P:0 D:0)
[2018.01.27-17.55.27:144][  0]LogWindows:    3. 'NVIDIA GeForce GTX 1070' (P:0 D:0)
[2018.01.27-17.55.27:144][  0]LogWindows: DebugString: GetVideoDriverDetailsInvalid PrimaryIsNotTheChoosenAdapter GetVideoDriverDetailsInvalid PrimaryIsNotTheChoosenAdapter GetVideoDriverDetailsInvalid PrimaryIsNotTheChoosenAdapter GetVideoDriverDetailsInvalid PrimaryIsNotTheChoosenAdapter FoundDriverCount:0 
[2018.01.27-17.55.27:144][  0]LogD3D11RHI:     Adapter Name: NVIDIA GeForce GTX 1070
[2018.01.27-17.55.27:144][  0]LogD3D11RHI:   Driver Version: Unknown (internal:Unknown, unified:Unknown)
[2018.01.27-17.55.27:144][  0]LogD3D11RHI:      Driver Date: Unknown
[2018.01.27-17.55.27:144][  0]LogRHI: Texture pool is 5662 MB (70% of 8089 MB)
[2018.01.27-17.55.27:172][  0]LogD3D11RHI: Async texture creation enabled
[2018.01.27-17.55.27:252][  0]LogD3D11RHI: GPU Timing Frequency: 1000.000000 (Debug: 2 1)
[2018.01.27-17.55.27:294][  0]LogShaderCompilers: Guid format shader working directory is -17 characters bigger than the processId version (../../../../../../Users/Cosmotron/Documents/GitHub/VR_SwordMechanic/Intermediate/Shaders/WorkingDirectory/5756/).
[2018.01.27-17.55.27:295][  0]LogShaderCompilers: Cleaned the shader compiler working directory 'C:/Users/Cosmotron/AppData/Local/Temp/UnrealShaderWorkingDir/E9BC307A4C9D991F76CEDA927A9AF4C3/'.
[2018.01.27-17.55.27:295][  0]LogShaderCompilers: Display: Using Local Shader Compiler.
[2018.01.27-17.55.28:291][  0]LogTemp: Display: Loaded TP AllDesktopTargetPlatform
[2018.01.27-17.55.28:348][  0]LogTemp: Display: Loaded TP MacClientTargetPlatform
[2018.01.27-17.55.28:410][  0]LogTemp: Display: Loaded TP MacNoEditorTargetPlatform
[2018.01.27-17.55.28:464][  0]LogTemp: Display: Loaded TP MacServerTargetPlatform
[2018.01.27-17.55.28:518][  0]LogTemp: Display: Loaded TP MacTargetPlatform
[2018.01.27-17.55.28:575][  0]LogTemp: Display: Loaded TP WindowsClientTargetPlatform
[2018.01.27-17.55.28:628][  0]LogTemp: Display: Loaded TP WindowsNoEditorTargetPlatform
[2018.01.27-17.55.28:684][  0]LogTemp: Display: Loaded TP WindowsServerTargetPlatform
[2018.01.27-17.55.28:732][  0]LogTemp: Display: Loaded TP WindowsTargetPlatform
[2018.01.27-17.55.28:784][  0]LogTemp: Display: Loaded TP Android_ASTCTargetPlatform
[2018.01.27-17.55.28:838][  0]LogTemp: Display: Loaded TP Android_ATCTargetPlatform
[2018.01.27-17.55.28:891][  0]LogTemp: Display: Loaded TP Android_DXTTargetPlatform
[2018.01.27-17.55.28:946][  0]LogTemp: Display: Loaded TP Android_ETC1TargetPlatform
[2018.01.27-17.55.29:003][  0]LogTemp: Display: Loaded TP Android_ETC2TargetPlatform
[2018.01.27-17.55.29:113][  0]LogTemp: Display: Loaded TP Android_MultiTargetPlatform
[2018.01.27-17.55.29:113][  0]LogTemp: Display: Loaded TP Android_PVRTCTargetPlatform
[2018.01.27-17.55.29:168][  0]LogTemp: Display: Loaded TP AndroidTargetPlatform
[2018.01.27-17.55.29:210][  0]LogTemp: Display: Loaded TP HTML5TargetPlatform
[2018.01.27-17.55.29:304][  0]LogTemp: Display: Loaded TP IOSTargetPlatform
[2018.01.27-17.55.29:334][  0]LogTemp: Display: Loaded TP TVOSTargetPlatform
[2018.01.27-17.55.29:390][  0]LogTemp: Display: Loaded TP LinuxClientTargetPlatform
[2018.01.27-17.55.29:448][  0]LogTemp: Display: Loaded TP LinuxNoEditorTargetPlatform
[2018.01.27-17.55.29:501][  0]LogTemp: Display: Loaded TP LinuxServerTargetPlatform
[2018.01.27-17.55.29:557][  0]LogTemp: Display: Loaded TP LinuxTargetPlatform
[2018.01.27-17.55.29:558][  0]LogTargetPlatformManager: Display: Building Assets For Windows
[2018.01.27-17.55.30:049][  0]LogDerivedDataCache: Display: Max Cache Size: 512 MB
[2018.01.27-17.55.30:123][  0]LogDerivedDataCache: Loaded boot cache 0.07s 79MB C:/Users/Cosmotron/AppData/Local/UnrealEngine/4.18/DerivedDataCache/Boot.ddc.
[2018.01.27-17.55.30:123][  0]LogDerivedDataCache: Display: Loaded Boot cache: C:/Users/Cosmotron/AppData/Local/UnrealEngine/4.18/DerivedDataCache/Boot.ddc
[2018.01.27-17.55.30:123][  0]LogDerivedDataCache: FDerivedDataBackendGraph:  Pak pak cache file ../../../../../../Users/Cosmotron/Documents/GitHub/VR_SwordMechanic/DerivedDataCache/DDC.ddp not found, will not use a pak cache.
[2018.01.27-17.55.30:123][  0]LogDerivedDataCache: Unable to find inner node Pak for hierarchical cache Hierarchy.
[2018.01.27-17.55.30:123][  0]LogDerivedDataCache: FDerivedDataBackendGraph:  CompressedPak pak cache file ../../../../../../Users/Cosmotron/Documents/GitHub/VR_SwordMechanic/DerivedDataCache/Compressed.ddp not found, will not use a pak cache.
[2018.01.27-17.55.30:123][  0]LogDerivedDataCache: Unable to find inner node CompressedPak for hierarchical cache Hierarchy.
[2018.01.27-17.55.30:140][  0]LogDerivedDataCache: Display: Pak cache opened for reading ../../../Engine/DerivedDataCache/Compressed.ddp.
[2018.01.27-17.55.30:153][  0]LogDerivedDataCache: Using Local data cache path C:/Users/Cosmotron/AppData/Local/UnrealEngine/Common/DerivedDataCache: Writable
[2018.01.27-17.55.30:164][  0]LogMaterial: Verifying Global Shaders for PCD3D_SM5
[2018.01.27-17.55.30:164][  0]LogSlate: Using Freetype 2.6.0
[2018.01.27-17.55.30:165][  0]LogSlate: SlateFontCache - WITH_FREETYPE: 1, WITH_HARFBUZZ: 1
[2018.01.27-17.55.30:165][  0]LogSlate: SlateFontCache - WITH_FREETYPE: 1, WITH_HARFBUZZ: 1
[2018.01.27-17.55.30:552][  0]LogInit: Selected Device Profile: [Windows]
[2018.01.27-17.55.30:909][  0]LogSimplygon: Simplygon DLL not present - disabling.
[2018.01.27-17.55.30:953][  0]LogMeshReduction: Using SimplygonSwarm for distributed automatic mesh merging
[2018.01.27-17.55.30:953][  0]LogMeshReduction: Using QuadricMeshReduction for automatic static mesh reduction
[2018.01.27-17.55.30:953][  0]LogMeshReduction: No automatic skeletal mesh reduction module available
[2018.01.27-17.55.30:953][  0]LogMeshReduction: No automatic mesh merging module available
[2018.01.27-17.55.30:953][  0]LogMeshMerging: No automatic mesh merging module available
[2018.01.27-17.55.30:981][  0]LogNetVersion: VR_SwordMechanic , NetCL: 3709383, EngineNetVer: 2, GameNetVer: 0 (Checksum: 4132229332)
[2018.01.27-17.55.31:168][  0]LogAssetRegistry: FAssetRegistry took 0.0265 seconds to start up
[2018.01.27-17.55.31:721][  0]LogPackageLocalizationCache: Processed 7 localized package path(s) for 2 prioritized culture(s) in 0.077426 seconds
[2018.01.27-17.55.31:727][  0]LogUObjectArray: 35870 objects as part of root set at end of initial load.
[2018.01.27-17.55.31:728][  0]LogUObjectAllocator: 7363704 out of 0 bytes used by permanent object pool.
[2018.01.27-17.55.31:728][  0]LogUObjectArray: CloseDisregardForGC: 0/0 objects in disregard for GC pool
[2018.01.27-17.55.31:790][  0]LogInit: WinSock: version 1.1 (2.2), MaxSocks=32767, MaxUdp=65467
[2018.01.27-17.55.34:658][  0]LogTcpMessaging: Initializing TcpMessaging bridge
[2018.01.27-17.55.34:701][  0]LogUdpMessaging: Initializing bridge on interface 0.0.0.0:0 to multicast group 230.0.0.1:6666.
[2018.01.27-17.55.35:415][  0]LogMaterial: Uniform references updated for custom material expression Custom.
[2018.01.27-17.55.35:869][  0]SourceControl: Source control is disabled
[2018.01.27-17.55.35:869][  0]SourceControl: Source control is disabled
[2018.01.27-17.55.35:927][  0]SourceControl: Source control is disabled
[2018.01.27-17.55.35:982][  0]SourceControl: Source control is disabled
[2018.01.27-17.55.36:828][  0]LogAndroidPermission: UAndroidPermissionCallbackProxy::GetInstance
[2018.01.27-17.55.37:114][  0]LogOcInput: OculusInput pre-init called
[2018.01.27-17.55.37:416][  0]LogEngine: Initializing Engine...
[2018.01.27-17.55.40:490][  0]LogHMD: SteamVR initialized.  Driver: lighthouse  Display: LHR-25FB5BEE
[2018.01.27-17.55.40:726][  0]LogStats: UGameplayTagsManager::ConstructGameplayTagTree: Construct from data asset -  0.000 s
[2018.01.27-17.55.40:726][  0]LogStats: UGameplayTagsManager::ConstructGameplayTagTree: GameplayTagTreeChangedEvent.Broadcast -  0.000 s
[2018.01.27-17.55.40:885][  0]LogAIModule: Creating AISystem for world Untitled
[2018.01.27-17.55.40:908][  0]LogInit: XAudio2 using 'HTC-VIVE-C (NVIDIA High Definition Audio)' : 2 channels at 48 kHz using 16 bits per sample (channel mask 0x3)
[2018.01.27-17.55.40:922][  0]LogInit: FAudioDevice initialized.
[2018.01.27-17.55.40:990][  0]LogDerivedDataCache: Saved boot cache 0.07s 79MB C:/Users/Cosmotron/AppData/Local/UnrealEngine/4.18/DerivedDataCache/Boot.ddc.
[2018.01.27-17.55.40:998][  0]LogInit: Texture streaming: Enabled
[2018.01.27-17.55.41:121][  0]LogEngineSessionManager: EngineSessionManager initialized
[2018.01.27-17.55.41:284][  0]LogWindowsTextInputMethodSystem: Display: IME system now deactivated.
[2018.01.27-17.55.41:311][  0]LogInit: Transaction tracking system initialized
[2018.01.27-17.55.41:713][  0]BlueprintLog: New page: Editor Load
[2018.01.27-17.55.42:877][  0]LocalizationService: Localization service is disabled
[2018.01.27-17.55.43:523][  0]LogLinker: Warning: Can't find file '/Game/ThirdPersonBP/ThirdPersonOverview'
[2018.01.27-17.55.43:524][  0]LogLinker: Warning: Can't find file '/Game/ThirdPersonBP/ThirdPersonOverview'
[2018.01.27-17.55.43:524][  0]LogUObjectGlobals: Warning: Failed to find object 'Class /Game/ThirdPersonBP/ThirdPersonOverview.ThirdPersonOverview_C'
[2018.01.27-17.55.43:816][  0]LogConsoleResponse: Display: 
[2018.01.27-17.55.44:019][  0]LogCook: Display: Max memory allowance for cook 16384mb min free memory 0mb
[2018.01.27-17.55.44:019][  0]LogCook: Display: Mobile HDR setting 1
[2018.01.27-17.55.44:019][  0]LogGameplayTags: Display: UGameplayTagsManager::DoneAddingNativeTags. DelegateIsBound: 0
[2018.01.27-17.55.44:918][  0]LogFileCache: Scanning file cache for directory 'C:/Users/Cosmotron/Documents/GitHub/VR_SwordMechanic/Content/' took 0.01s
[2018.01.27-17.55.45:529][  0]SourceControl: Source control is disabled
[2018.01.27-17.55.45:529][  0]Cmd: MAP LOAD FILE="../../../../../../Users/Cosmotron/Documents/GitHub/VR_SwordMechanic/Content/VirtualRealityBP/Maps/StartupMap.umap" TEMPLATE=0 SHOWPROGRESS=1 FEATURELEVEL=3
[2018.01.27-17.55.45:529][  0]LightingResults: New page: Lighting Build
[2018.01.27-17.55.45:584][  0]MapCheck: New page: Map Check
[2018.01.27-17.55.45:584][  0]LightingResults: New page: Lighting Build
[2018.01.27-17.55.45:707][  0]LogAIModule: Creating AISystem for world StartupMap
[2018.01.27-17.55.45:715][  0]LogEditorServer: Finished looking for orphan Actors (0.000 secs)
[2018.01.27-17.55.45:725][  0]Cmd: MAP CHECKDEP NOCLEARLOG
[2018.01.27-17.55.45:782][  0]MapCheck: Map check complete: 0 Error(s), 0 Warning(s), took 56.953ms to complete.
[2018.01.27-17.55.45:782][  0]LogFileHelpers: Loading map 'StartupMap' took 0.253
[2018.01.27-17.55.46:002][  0]LogCollectionManager: Loaded 0 collections in 0.001643 seconds
[2018.01.27-17.55.46:088][  0]LogFileCache: Scanning file cache for directory 'C:/Users/Cosmotron/Documents/GitHub/VR_SwordMechanic/Saved/Collections/' took 0.01s
[2018.01.27-17.55.46:088][  0]LogFileCache: Scanning file cache for directory 'C:/Users/Cosmotron/Documents/GitHub/VR_SwordMechanic/Content/Developers/Cosmotron/Collections/' took 0.01s
[2018.01.27-17.55.46:088][  0]LogFileCache: Scanning file cache for directory 'C:/Users/Cosmotron/Documents/GitHub/VR_SwordMechanic/Content/Collections/' took 0.01s
[2018.01.27-17.55.46:088][  0]LogCollectionManager: Rebuilt the GUID cache for 0 collections in 0.000000 seconds
[2018.01.27-17.55.46:100][  0]LogContentBrowser: Native class hierarchy populated in 0.0118 seconds. Added 2364 classes and 521 folders.
[2018.01.27-17.55.46:182][  0]LogContentBrowser: Native class hierarchy updated for 'WidgetCarousel' in 0.0002 seconds. Added 0 classes and 0 folders.
[2018.01.27-17.55.46:224][  0]LogContentBrowser: Native class hierarchy updated for 'AddContentDialog' in 0.0003 seconds. Added 0 classes and 0 folders.
[2018.01.27-17.55.46:294][  0]LogSlate: Took 0.000236 seconds to synchronously load lazily loaded font '../../../Engine/Content/Slate/Fonts/Roboto-Regular.ttf' (155K)
[2018.01.27-17.55.46:301][  0]LogSlate: Took 0.000258 seconds to synchronously load lazily loaded font '../../../Engine/Content/Slate/Fonts/Roboto-Bold.ttf' (160K)
[2018.01.27-17.55.46:303][  0]LogSlate: Took 0.000187 seconds to synchronously load lazily loaded font '../../../Engine/Content/Editor/Slate/Fonts/FontAwesome.ttf' (139K)
[2018.01.27-17.55.46:424][  0]LogRenderer: Reallocating scene render targets to support 1044x512 Format 26 NumSamples 1 (Frame:1).
[2018.01.27-17.55.46:628][  0]LogContentBrowser: Native class hierarchy updated for 'HierarchicalLODOutliner' in 0.0004 seconds. Added 1 classes and 2 folders.
[2018.01.27-17.55.46:628][  0]LogLoad: (Engine Initialization) Total time: 23.28 seconds
[2018.01.27-17.55.46:628][  0]LogLoad: (Engine Initialization) Total Blueprint compile time: 0.00 seconds
[2018.01.27-17.55.46:628][  0]LogExternalProfiler: No external profilers were discovered.  External profiling features will not be available.
[2018.01.27-17.55.46:667][  0]LogContentStreaming: Texture pool size now 1000 MB
[2018.01.27-17.55.46:736][  1]LogAssetRegistry: Asset discovery search completed in 15.5896 seconds
[2018.01.27-17.55.46:738][  1]LogCollectionManager: Rebuilt the object cache for 0 collections in 0.000000 seconds (found 0 objects)
[2018.01.27-17.55.46:739][  1]LogCollectionManager: Fixed up redirectors for 0 collections in 0.000101 seconds (updated 0 objects)
[2018.01.27-17.55.50:228][208]LogSlate: Took 0.000226 seconds to synchronously load lazily loaded font '../../../Engine/Content/Slate/Fonts/Roboto-Light.ttf' (159K)
[2018.01.27-17.56.01:545][874]LogSlate: Took 0.000164 seconds to synchronously load lazily loaded font '../../../Engine/Content/Slate/Fonts/Roboto-Light.ttf' (159K)
[2018.01.27-17.56.02:254][874]LogAIModule: Creating AISystem for world MotionControllerMap
[2018.01.27-17.56.02:281][874]Cmd: MAP LOAD FILE="../../../../../../Users/Cosmotron/Documents/GitHub/VR_SwordMechanic/Content/VirtualRealityBP/Maps/MotionControllerMap.umap" TEMPLATE=0 SHOWPROGRESS=1 FEATURELEVEL=3
[2018.01.27-17.56.02:281][874]LightingResults: New page: Lighting Build
[2018.01.27-17.56.02:282][874]LoadErrors: New page: Loading map: MotionControllerMap.umap
[2018.01.27-17.56.02:282][874]MapCheck: New page: Map Check
[2018.01.27-17.56.02:283][874]LightingResults: New page: Lighting Build
[2018.01.27-17.56.02:389][874]LogEditorServer: Finished looking for orphan Actors (0.000 secs)
[2018.01.27-17.56.02:444][874]Cmd: MAP CHECKDEP NOCLEARLOG
[2018.01.27-17.56.02:511][874]MapCheck: Map check complete: 0 Error(s), 0 Warning(s), took 66.759ms to complete.
[2018.01.27-17.56.02:512][874]LogFileHelpers: Loading map 'MotionControllerMap' took 0.231
[2018.01.27-17.56.13:172][399]LogContentBrowser: Native class hierarchy updated for 'BlueprintGraph' in 0.0009 seconds. Added 116 classes and 0 folders.
[2018.01.27-17.56.13:906][399]LogSlate: Took 0.000121 seconds to synchronously load lazily loaded font '../../../Engine/Content/Slate/Fonts/Roboto-Regular.ttf' (155K)
[2018.01.27-17.56.14:017][399]LogSlate: Took 0.000246 seconds to synchronously load lazily loaded font '../../../Engine/Content/Editor/Slate/Fonts/Roboto-BoldCondensed.ttf' (158K)
[2018.01.27-17.56.14:125][400]LogSlate: Took 0.000279 seconds to synchronously load lazily loaded font '../../../Engine/Content/Editor/Slate/Fonts/Roboto-Italic.ttf' (157K)
[2018.01.27-17.56.33:753][568]LogTemp: Repeating last play command: VR Preview
[2018.01.27-17.56.33:813][568]LogBlueprintUserMessages: Early PlayInEditor Detection: Level '/Game/VirtualRealityBP/Maps/MotionControllerMap.MotionControllerMap:PersistentLevel' has LevelScriptBlueprint '/Game/VirtualRealityBP/Maps/MotionControllerMap.MotionControllerMap:PersistentLevel.MotionControllerMap' with GeneratedClass '/Game/VirtualRealityBP/Maps/MotionControllerMap.MotionControllerMap_C' with ClassGeneratedBy '/Game/VirtualRealityBP/Maps/MotionControllerMap.MotionControllerMap:PersistentLevel.MotionControllerMap'
[2018.01.27-17.56.33:813][568]LogPlayLevel: PlayLevel: No blueprints needed recompiling
[2018.01.27-17.56.33:814][568]PIE: New page: PIE session: MotionControllerMap (Jan 27, 2018, 7:56:33 AM)
[2018.01.27-17.56.33:814][568]LogPlayLevel: Creating play world package: /Game/VirtualRealityBP/Maps/UEDPIE_0_MotionControllerMap
[2018.01.27-17.56.33:827][568]LogPlayLevel: PIE: StaticDuplicateObject took: (0.013105s)
[2018.01.27-17.56.33:828][568]LogAIModule: Creating AISystem for world MotionControllerMap
[2018.01.27-17.56.33:828][568]LogPlayLevel: PIE: World Init took: (0.000925s)
[2018.01.27-17.56.33:828][568]LogPlayLevel: PIE: Created PIE world by copying editor world from /Game/VirtualRealityBP/Maps/MotionControllerMap.MotionControllerMap to /Game/VirtualRealityBP/Maps/UEDPIE_0_MotionControllerMap.MotionControllerMap (0.014382s)
[2018.01.27-17.56.33:862][568]LogInit: XAudio2 using 'HTC-VIVE-C (NVIDIA High Definition Audio)' : 2 channels at 48 kHz using 16 bits per sample (channel mask 0x3)
[2018.01.27-17.56.33:870][568]LogInit: FAudioDevice initialized.
[2018.01.27-17.56.33:975][568]LogUObjectGlobals: Warning: Failed to find object 'Class None.'
[2018.01.27-17.56.33:975][568]LogLoad: Game class is 'GameModeBase'
[2018.01.27-17.56.33:979][568]LogWorld: Bringing World /Game/VirtualRealityBP/Maps/UEDPIE_0_MotionControllerMap.MotionControllerMap up for play (max tick rate 0) at 2018.01.27-12.56.33
[2018.01.27-17.56.33:979][568]LogWorld: Bringing up level for play took: 0.002498
[2018.01.27-17.56.33:980][568]LogGameMode: FindPlayerStart: PATHS NOT DEFINED or NO PLAYERSTART with positive rating
[2018.01.27-17.56.34:028][568]LogContentBrowser: Native class hierarchy updated for 'MovieSceneCapture' in 0.0003 seconds. Added 11 classes and 0 folders.
[2018.01.27-17.56.34:037][568]PIE: Play in editor start time for /Game/VirtualRealityBP/Maps/UEDPIE_0_MotionControllerMap 1.065
[2018.01.27-17.56.34:038][568]LogBlueprintUserMessages: Late PlayInEditor Detection: Level '/Game/VirtualRealityBP/Maps/MotionControllerMap.MotionControllerMap:PersistentLevel' has LevelScriptBlueprint '/Game/VirtualRealityBP/Maps/MotionControllerMap.MotionControllerMap:PersistentLevel.MotionControllerMap' with GeneratedClass '/Game/VirtualRealityBP/Maps/MotionControllerMap.MotionControllerMap_C' with ClassGeneratedBy '/Game/VirtualRealityBP/Maps/MotionControllerMap.MotionControllerMap:PersistentLevel.MotionControllerMap'
[2018.01.27-17.56.34:087][569]LogRenderer: Reallocating scene render targets to support 2160x1200 Format 26 NumSamples 1 (Frame:1).
[2018.01.27-17.57.59:542][100]LogBlueprintUserMessages: Early EndPlayMap Detection: Level '/Game/VirtualRealityBP/Maps/MotionControllerMap.MotionControllerMap:PersistentLevel' has LevelScriptBlueprint '/Game/VirtualRealityBP/Maps/MotionControllerMap.MotionControllerMap:PersistentLevel.MotionControllerMap' with GeneratedClass '/Game/VirtualRealityBP/Maps/MotionControllerMap.MotionControllerMap_C' with ClassGeneratedBy '/Game/VirtualRealityBP/Maps/MotionControllerMap.MotionControllerMap:PersistentLevel.MotionControllerMap'
[2018.01.27-17.57.59:710][100]LogBlueprintUserMessages: Late EndPlayMap Detection: Level '/Game/VirtualRealityBP/Maps/MotionControllerMap.MotionControllerMap:PersistentLevel' has LevelScriptBlueprint '/Game/VirtualRealityBP/Maps/MotionControllerMap.MotionControllerMap:PersistentLevel.MotionControllerMap' with GeneratedClass '/Game/VirtualRealityBP/Maps/MotionControllerMap.MotionControllerMap_C' with ClassGeneratedBy '/Game/VirtualRealityBP/Maps/MotionControllerMap.MotionControllerMap:PersistentLevel.MotionControllerMap'
[2018.01.27-17.59.39:601][131]Cmd: TRANSACTION UNDO
[2018.01.27-17.59.39:601][131]LogEditorTransaction: Undo Delete current selection
[2018.01.27-17.59.39:670][131]LogSlate: Took 0.000254 seconds to synchronously load lazily loaded font '../../../Engine/Content/Slate/Fonts/Roboto-Light.ttf' (159K)
[2018.01.27-17.59.47:485][401]LogEditorTransaction: Undo Delete current selection
[2018.01.27-18.00.00:485][913]BlueprintLog: New page: Compile Etheral_Hand
[2018.01.27-18.00.02:022][971]LogTemp: Repeating last play command: VR Preview
[2018.01.27-18.00.02:049][971]LogBlueprintUserMessages: Early PlayInEditor Detection: Level '/Game/VirtualRealityBP/Maps/MotionControllerMap.MotionControllerMap:PersistentLevel' has LevelScriptBlueprint '/Game/VirtualRealityBP/Maps/MotionControllerMap.MotionControllerMap:PersistentLevel.MotionControllerMap' with GeneratedClass '/Game/VirtualRealityBP/Maps/MotionControllerMap.MotionControllerMap_C' with ClassGeneratedBy '/Game/VirtualRealityBP/Maps/MotionControllerMap.MotionControllerMap:PersistentLevel.MotionControllerMap'
[2018.01.27-18.00.02:049][971]LogPlayLevel: PlayLevel: No blueprints needed recompiling
[2018.01.27-18.00.02:049][971]PIE: New page: PIE session: MotionControllerMap (Jan 27, 2018, 8:00:02 AM)
[2018.01.27-18.00.02:049][971]LogPlayLevel: Creating play world package: /Game/VirtualRealityBP/Maps/UEDPIE_0_MotionControllerMap
[2018.01.27-18.00.02:061][971]LogPlayLevel: PIE: StaticDuplicateObject took: (0.011819s)
[2018.01.27-18.00.02:061][971]LogAIModule: Creating AISystem for world MotionControllerMap
[2018.01.27-18.00.02:062][971]LogPlayLevel: PIE: World Init took: (0.000647s)
[2018.01.27-18.00.02:062][971]LogPlayLevel: PIE: Created PIE world by copying editor world from /Game/VirtualRealityBP/Maps/MotionControllerMap.MotionControllerMap to /Game/VirtualRealityBP/Maps/UEDPIE_0_MotionControllerMap.MotionControllerMap (0.012768s)
[2018.01.27-18.00.02:098][971]LogInit: XAudio2 using 'HTC-VIVE-C (NVIDIA High Definition Audio)' : 2 channels at 48 kHz using 16 bits per sample (channel mask 0x3)
[2018.01.27-18.00.02:107][971]LogInit: FAudioDevice initialized.
[2018.01.27-18.00.02:197][971]LogUObjectGlobals: Warning: Failed to find object 'Class None.'
[2018.01.27-18.00.02:197][971]LogLoad: Game class is 'GameModeBase'
[2018.01.27-18.00.02:201][971]LogWorld: Bringing World /Game/VirtualRealityBP/Maps/UEDPIE_0_MotionControllerMap.MotionControllerMap up for play (max tick rate 0) at 2018.01.27-13.00.02
[2018.01.27-18.00.02:202][971]LogWorld: Bringing up level for play took: 0.004235
[2018.01.27-18.00.02:202][971]LogGameMode: FindPlayerStart: PATHS NOT DEFINED or NO PLAYERSTART with positive rating
[2018.01.27-18.00.02:210][971]PIE: Play in editor start time for /Game/VirtualRealityBP/Maps/UEDPIE_0_MotionControllerMap -0.762
[2018.01.27-18.00.02:211][971]LogBlueprintUserMessages: Late PlayInEditor Detection: Level '/Game/VirtualRealityBP/Maps/MotionControllerMap.MotionControllerMap:PersistentLevel' has LevelScriptBlueprint '/Game/VirtualRealityBP/Maps/MotionControllerMap.MotionControllerMap:PersistentLevel.MotionControllerMap' with GeneratedClass '/Game/VirtualRealityBP/Maps/MotionControllerMap.MotionControllerMap_C' with ClassGeneratedBy '/Game/VirtualRealityBP/Maps/MotionControllerMap.MotionControllerMap:PersistentLevel.MotionControllerMap'
[2018.01.27-18.00.03:709][102]LogBlueprintUserMessages: Early EndPlayMap Detection: Level '/Game/VirtualRealityBP/Maps/MotionControllerMap.MotionControllerMap:PersistentLevel' has LevelScriptBlueprint '/Game/VirtualRealityBP/Maps/MotionControllerMap.MotionControllerMap:PersistentLevel.MotionControllerMap' with GeneratedClass '/Game/VirtualRealityBP/Maps/MotionControllerMap.MotionControllerMap_C' with ClassGeneratedBy '/Game/VirtualRealityBP/Maps/MotionControllerMap.MotionControllerMap:PersistentLevel.MotionControllerMap'
[2018.01.27-18.00.03:882][102]LogBlueprintUserMessages: Late EndPlayMap Detection: Level '/Game/VirtualRealityBP/Maps/MotionControllerMap.MotionControllerMap:PersistentLevel' has LevelScriptBlueprint '/Game/VirtualRealityBP/Maps/MotionControllerMap.MotionControllerMap:PersistentLevel.MotionControllerMap' with GeneratedClass '/Game/VirtualRealityBP/Maps/MotionControllerMap.MotionControllerMap_C' with ClassGeneratedBy '/Game/VirtualRealityBP/Maps/MotionControllerMap.MotionControllerMap:PersistentLevel.MotionControllerMap'
[2018.01.27-18.00.37:016][783]LogTemp: Repeating last play command: VR Preview
[2018.01.27-18.00.37:046][783]LogBlueprintUserMessages: Early PlayInEditor Detection: Level '/Game/VirtualRealityBP/Maps/MotionControllerMap.MotionControllerMap:PersistentLevel' has LevelScriptBlueprint '/Game/VirtualRealityBP/Maps/MotionControllerMap.MotionControllerMap:PersistentLevel.MotionControllerMap' with GeneratedClass '/Game/VirtualRealityBP/Maps/MotionControllerMap.MotionControllerMap_C' with ClassGeneratedBy '/Game/VirtualRealityBP/Maps/MotionControllerMap.MotionControllerMap:PersistentLevel.MotionControllerMap'
[2018.01.27-18.00.37:046][783]LogPlayLevel: PlayLevel: No blueprints needed recompiling
[2018.01.27-18.00.37:047][783]PIE: New page: PIE session: MotionControllerMap (Jan 27, 2018, 8:00:37 AM)
[2018.01.27-18.00.37:047][783]LogPlayLevel: Creating play world package: /Game/VirtualRealityBP/Maps/UEDPIE_0_MotionControllerMap
[2018.01.27-18.00.37:060][783]LogPlayLevel: PIE: StaticDuplicateObject took: (0.013201s)
[2018.01.27-18.00.37:061][783]LogAIModule: Creating AISystem for world MotionControllerMap
[2018.01.27-18.00.37:061][783]LogPlayLevel: PIE: World Init took: (0.000854s)
[2018.01.27-18.00.37:061][783]LogPlayLevel: PIE: Created PIE world by copying editor world from /Game/VirtualRealityBP/Maps/MotionControllerMap.MotionControllerMap to /Game/VirtualRealityBP/Maps/UEDPIE_0_MotionControllerMap.MotionControllerMap (0.014392s)
[2018.01.27-18.00.37:096][783]LogInit: XAudio2 using 'HTC-VIVE-C (NVIDIA High Definition Audio)' : 2 channels at 48 kHz using 16 bits per sample (channel mask 0x3)
[2018.01.27-18.00.37:104][783]LogInit: FAudioDevice initialized.
[2018.01.27-18.00.37:193][783]LogUObjectGlobals: Warning: Failed to find object 'Class None.'
[2018.01.27-18.00.37:193][783]LogLoad: Game class is 'GameModeBase'
[2018.01.27-18.00.37:195][783]LogWorld: Bringing World /Game/VirtualRealityBP/Maps/UEDPIE_0_MotionControllerMap.MotionControllerMap up for play (max tick rate 0) at 2018.01.27-13.00.37
[2018.01.27-18.00.37:196][783]LogWorld: Bringing up level for play took: 0.002168
[2018.01.27-18.00.37:196][783]LogGameMode: FindPlayerStart: PATHS NOT DEFINED or NO PLAYERSTART with positive rating
[2018.01.27-18.00.37:205][783]PIE: Play in editor start time for /Game/VirtualRealityBP/Maps/UEDPIE_0_MotionControllerMap 0.232
[2018.01.27-18.00.37:205][783]LogBlueprintUserMessages: Late PlayInEditor Detection: Level '/Game/VirtualRealityBP/Maps/MotionControllerMap.MotionControllerMap:PersistentLevel' has LevelScriptBlueprint '/Game/VirtualRealityBP/Maps/MotionControllerMap.MotionControllerMap:PersistentLevel.MotionControllerMap' with GeneratedClass '/Game/VirtualRealityBP/Maps/MotionControllerMap.MotionControllerMap_C' with ClassGeneratedBy '/Game/VirtualRealityBP/Maps/MotionControllerMap.MotionControllerMap:PersistentLevel.MotionControllerMap'
[2018.01.27-18.01.21:832][775]LogBlueprintUserMessages: Early EndPlayMap Detection: Level '/Game/VirtualRealityBP/Maps/MotionControllerMap.MotionControllerMap:PersistentLevel' has LevelScriptBlueprint '/Game/VirtualRealityBP/Maps/MotionControllerMap.MotionControllerMap:PersistentLevel.MotionControllerMap' with GeneratedClass '/Game/VirtualRealityBP/Maps/MotionControllerMap.MotionControllerMap_C' with ClassGeneratedBy '/Game/VirtualRealityBP/Maps/MotionControllerMap.MotionControllerMap:PersistentLevel.MotionControllerMap'
[2018.01.27-18.01.22:013][775]LogBlueprintUserMessages: Late EndPlayMap Detection: Level '/Game/VirtualRealityBP/Maps/MotionControllerMap.MotionControllerMap:PersistentLevel' has LevelScriptBlueprint '/Game/VirtualRealityBP/Maps/MotionControllerMap.MotionControllerMap:PersistentLevel.MotionControllerMap' with GeneratedClass '/Game/VirtualRealityBP/Maps/MotionControllerMap.MotionControllerMap_C' with ClassGeneratedBy '/Game/VirtualRealityBP/Maps/MotionControllerMap.MotionControllerMap:PersistentLevel.MotionControllerMap'
[2018.01.27-18.01.58:823][706]BlueprintLog: New page: Compile Etheral_Hand
[2018.01.27-18.02.12:206][449]BlueprintLog: New page: Compile Etheral_Hand
[2018.01.27-18.02.13:357][490]LogTemp: Repeating last play command: VR Preview
[2018.01.27-18.02.13:387][490]LogBlueprintUserMessages: Early PlayInEditor Detection: Level '/Game/VirtualRealityBP/Maps/MotionControllerMap.MotionControllerMap:PersistentLevel' has LevelScriptBlueprint '/Game/VirtualRealityBP/Maps/MotionControllerMap.MotionControllerMap:PersistentLevel.MotionControllerMap' with GeneratedClass '/Game/VirtualRealityBP/Maps/MotionControllerMap.MotionControllerMap_C' with ClassGeneratedBy '/Game/VirtualRealityBP/Maps/MotionControllerMap.MotionControllerMap:PersistentLevel.MotionControllerMap'
[2018.01.27-18.02.13:387][490]LogPlayLevel: PlayLevel: No blueprints needed recompiling
[2018.01.27-18.02.13:387][490]PIE: New page: PIE session: MotionControllerMap (Jan 27, 2018, 8:02:13 AM)
[2018.01.27-18.02.13:388][490]LogPlayLevel: Creating play world package: /Game/VirtualRealityBP/Maps/UEDPIE_0_MotionControllerMap
[2018.01.27-18.02.13:402][490]LogPlayLevel: PIE: StaticDuplicateObject took: (0.014062s)
[2018.01.27-18.02.13:402][490]LogAIModule: Creating AISystem for world MotionControllerMap
[2018.01.27-18.02.13:402][490]LogPlayLevel: PIE: World Init took: (0.000725s)
[2018.01.27-18.02.13:403][490]LogPlayLevel: PIE: Created PIE world by copying editor world from /Game/VirtualRealityBP/Maps/MotionControllerMap.MotionControllerMap to /Game/VirtualRealityBP/Maps/UEDPIE_0_MotionControllerMap.MotionControllerMap (0.015060s)
[2018.01.27-18.02.13:438][490]LogInit: XAudio2 using 'HTC-VIVE-C (NVIDIA High Definition Audio)' : 2 channels at 48 kHz using 16 bits per sample (channel mask 0x3)
[2018.01.27-18.02.13:448][490]LogInit: FAudioDevice initialized.
[2018.01.27-18.02.13:537][490]LogUObjectGlobals: Warning: Failed to find object 'Class None.'
[2018.01.27-18.02.13:537][490]LogLoad: Game class is 'GameModeBase'
[2018.01.27-18.02.13:540][490]LogWorld: Bringing World /Game/VirtualRealityBP/Maps/UEDPIE_0_MotionControllerMap.MotionControllerMap up for play (max tick rate 0) at 2018.01.27-13.02.13
[2018.01.27-18.02.13:541][490]LogWorld: Bringing up level for play took: 0.002580
[2018.01.27-18.02.13:542][490]LogGameMode: FindPlayerStart: PATHS NOT DEFINED or NO PLAYERSTART with positive rating
[2018.01.27-18.02.13:552][490]PIE: Play in editor start time for /Game/VirtualRealityBP/Maps/UEDPIE_0_MotionControllerMap 0.579
[2018.01.27-18.02.13:553][490]LogBlueprintUserMessages: Late PlayInEditor Detection: Level '/Game/VirtualRealityBP/Maps/MotionControllerMap.MotionControllerMap:PersistentLevel' has LevelScriptBlueprint '/Game/VirtualRealityBP/Maps/MotionControllerMap.MotionControllerMap:PersistentLevel.MotionControllerMap' with GeneratedClass '/Game/VirtualRealityBP/Maps/MotionControllerMap.MotionControllerMap_C' with ClassGeneratedBy '/Game/VirtualRealityBP/Maps/MotionControllerMap.MotionControllerMap:PersistentLevel.MotionControllerMap'
[2018.01.27-18.02.34:303][345]LogBlueprintUserMessages: Early EndPlayMap Detection: Level '/Game/VirtualRealityBP/Maps/MotionControllerMap.MotionControllerMap:PersistentLevel' has LevelScriptBlueprint '/Game/VirtualRealityBP/Maps/MotionControllerMap.MotionControllerMap:PersistentLevel.MotionControllerMap' with GeneratedClass '/Game/VirtualRealityBP/Maps/MotionControllerMap.MotionControllerMap_C' with ClassGeneratedBy '/Game/VirtualRealityBP/Maps/MotionControllerMap.MotionControllerMap:PersistentLevel.MotionControllerMap'
[2018.01.27-18.02.34:474][345]LogBlueprintUserMessages: Late EndPlayMap Detection: Level '/Game/VirtualRealityBP/Maps/MotionControllerMap.MotionControllerMap:PersistentLevel' has LevelScriptBlueprint '/Game/VirtualRealityBP/Maps/MotionControllerMap.MotionControllerMap:PersistentLevel.MotionControllerMap' with GeneratedClass '/Game/VirtualRealityBP/Maps/MotionControllerMap.MotionControllerMap_C' with ClassGeneratedBy '/Game/VirtualRealityBP/Maps/MotionControllerMap.MotionControllerMap:PersistentLevel.MotionControllerMap'
[2018.01.27-18.02.46:313][ 31]BlueprintLog: New page: Compile Etheral_Hand
[2018.01.27-18.03.06:856][204]BlueprintLog: New page: Compile Etheral_Hand
[2018.01.27-18.03.24:610][224]LogEditorTransaction: Undo Modify Component(s)
[2018.01.27-18.03.34:063][731]BlueprintLog: New page: Compile Etheral_Avatar
[2018.01.27-18.03.37:006][860]LogTemp: Repeating last play command: VR Preview
[2018.01.27-18.03.37:033][860]LogBlueprintUserMessages: Early PlayInEditor Detection: Level '/Game/VirtualRealityBP/Maps/MotionControllerMap.MotionControllerMap:PersistentLevel' has LevelScriptBlueprint '/Game/VirtualRealityBP/Maps/MotionControllerMap.MotionControllerMap:PersistentLevel.MotionControllerMap' with GeneratedClass '/Game/VirtualRealityBP/Maps/MotionControllerMap.MotionControllerMap_C' with ClassGeneratedBy '/Game/VirtualRealityBP/Maps/MotionControllerMap.MotionControllerMap:PersistentLevel.MotionControllerMap'
[2018.01.27-18.03.37:034][860]LogPlayLevel: PlayLevel: No blueprints needed recompiling
[2018.01.27-18.03.37:034][860]PIE: New page: PIE session: MotionControllerMap (Jan 27, 2018, 8:03:37 AM)
[2018.01.27-18.03.37:034][860]LogPlayLevel: Creating play world package: /Game/VirtualRealityBP/Maps/UEDPIE_0_MotionControllerMap
[2018.01.27-18.03.37:045][860]LogPlayLevel: PIE: StaticDuplicateObject took: (0.011335s)
[2018.01.27-18.03.37:046][860]LogAIModule: Creating AISystem for world MotionControllerMap
[2018.01.27-18.03.37:046][860]LogPlayLevel: PIE: World Init took: (0.000664s)
[2018.01.27-18.03.37:046][860]LogPlayLevel: PIE: Created PIE world by copying editor world from /Game/VirtualRealityBP/Maps/MotionControllerMap.MotionControllerMap to /Game/VirtualRealityBP/Maps/UEDPIE_0_MotionControllerMap.MotionControllerMap (0.012270s)
[2018.01.27-18.03.37:081][860]LogInit: XAudio2 using 'HTC-VIVE-C (NVIDIA High Definition Audio)' : 2 channels at 48 kHz using 16 bits per sample (channel mask 0x3)
[2018.01.27-18.03.37:089][860]LogInit: FAudioDevice initialized.
[2018.01.27-18.03.37:180][860]LogUObjectGlobals: Warning: Failed to find object 'Class None.'
[2018.01.27-18.03.37:180][860]LogLoad: Game class is 'GameModeBase'
[2018.01.27-18.03.37:183][860]LogWorld: Bringing World /Game/VirtualRealityBP/Maps/UEDPIE_0_MotionControllerMap.MotionControllerMap up for play (max tick rate 0) at 2018.01.27-13.03.37
[2018.01.27-18.03.37:184][860]LogWorld: Bringing up level for play took: 0.002821
[2018.01.27-18.03.37:184][860]LogGameMode: FindPlayerStart: PATHS NOT DEFINED or NO PLAYERSTART with positive rating
[2018.01.27-18.03.37:191][860]PIE: Play in editor start time for /Game/VirtualRealityBP/Maps/UEDPIE_0_MotionControllerMap 0.219
[2018.01.27-18.03.37:192][860]LogBlueprintUserMessages: Late PlayInEditor Detection: Level '/Game/VirtualRealityBP/Maps/MotionControllerMap.MotionControllerMap:PersistentLevel' has LevelScriptBlueprint '/Game/VirtualRealityBP/Maps/MotionControllerMap.MotionControllerMap:PersistentLevel.MotionControllerMap' with GeneratedClass '/Game/VirtualRealityBP/Maps/MotionControllerMap.MotionControllerMap_C' with ClassGeneratedBy '/Game/VirtualRealityBP/Maps/MotionControllerMap.MotionControllerMap:PersistentLevel.MotionControllerMap'
[2018.01.27-18.04.11:851][960]LogBlueprintUserMessages: Early EndPlayMap Detection: Level '/Game/VirtualRealityBP/Maps/MotionControllerMap.MotionControllerMap:PersistentLevel' has LevelScriptBlueprint '/Game/VirtualRealityBP/Maps/MotionControllerMap.MotionControllerMap:PersistentLevel.MotionControllerMap' with GeneratedClass '/Game/VirtualRealityBP/Maps/MotionControllerMap.MotionControllerMap_C' with ClassGeneratedBy '/Game/VirtualRealityBP/Maps/MotionControllerMap.MotionControllerMap:PersistentLevel.MotionControllerMap'
[2018.01.27-18.04.12:016][960]LogBlueprintUserMessages: Late EndPlayMap Detection: Level '/Game/VirtualRealityBP/Maps/MotionControllerMap.MotionControllerMap:PersistentLevel' has LevelScriptBlueprint '/Game/VirtualRealityBP/Maps/MotionControllerMap.MotionControllerMap:PersistentLevel.MotionControllerMap' with GeneratedClass '/Game/VirtualRealityBP/Maps/MotionControllerMap.MotionControllerMap_C' with ClassGeneratedBy '/Game/VirtualRealityBP/Maps/MotionControllerMap.MotionControllerMap:PersistentLevel.MotionControllerMap'
[2018.01.27-18.04.14:048][ 79]Cmd: TRANSACTION UNDO
[2018.01.27-18.04.14:049][ 79]LogEditorTransaction: Undo Modify Component(s)
[2018.01.27-18.04.15:947][164]LogEditorTransaction: Undo Modify Component(s)
[2018.01.27-18.04.19:207][303]LogEditorViewport: Clicking on Actor (LMB): PlayerStart (PlayerStart)
[2018.01.27-18.04.21:737][451]LogNavigationPoint: PostEditMove Clear paths rebuilt
[2018.01.27-18.04.29:684][881]BlueprintLog: New page: Compile Etheral_Hand
[2018.01.27-18.05.36:310][766]LogTemp: Repeating last play command: VR Preview
[2018.01.27-18.05.36:338][766]LogBlueprintUserMessages: Early PlayInEditor Detection: Level '/Game/VirtualRealityBP/Maps/MotionControllerMap.MotionControllerMap:PersistentLevel' has LevelScriptBlueprint '/Game/VirtualRealityBP/Maps/MotionControllerMap.MotionControllerMap:PersistentLevel.MotionControllerMap' with GeneratedClass '/Game/VirtualRealityBP/Maps/MotionControllerMap.MotionControllerMap_C' with ClassGeneratedBy '/Game/VirtualRealityBP/Maps/MotionControllerMap.MotionControllerMap:PersistentLevel.MotionControllerMap'
[2018.01.27-18.05.36:339][766]LogPlayLevel: PlayLevel: No blueprints needed recompiling
[2018.01.27-18.05.36:339][766]PIE: New page: PIE session: MotionControllerMap (Jan 27, 2018, 8:05:36 AM)
[2018.01.27-18.05.36:339][766]LogPlayLevel: Creating play world package: /Game/VirtualRealityBP/Maps/UEDPIE_0_MotionControllerMap
[2018.01.27-18.05.36:350][766]LogPlayLevel: PIE: StaticDuplicateObject took: (0.011589s)
[2018.01.27-18.05.36:351][766]LogAIModule: Creating AISystem for world MotionControllerMap
[2018.01.27-18.05.36:351][766]LogPlayLevel: PIE: World Init took: (0.000816s)
[2018.01.27-18.05.36:351][766]LogPlayLevel: PIE: Created PIE world by copying editor world from /Game/VirtualRealityBP/Maps/MotionControllerMap.MotionControllerMap to /Game/VirtualRealityBP/Maps/UEDPIE_0_MotionControllerMap.MotionControllerMap (0.012715s)
[2018.01.27-18.05.36:390][766]LogInit: XAudio2 using 'HTC-VIVE-C (NVIDIA High Definition Audio)' : 2 channels at 48 kHz using 16 bits per sample (channel mask 0x3)
[2018.01.27-18.05.36:398][766]LogInit: FAudioDevice initialized.
[2018.01.27-18.05.36:486][766]LogUObjectGlobals: Warning: Failed to find object 'Class None.'
[2018.01.27-18.05.36:487][766]LogLoad: Game class is 'GameModeBase'
[2018.01.27-18.05.36:489][766]LogWorld: Bringing World /Game/VirtualRealityBP/Maps/UEDPIE_0_MotionControllerMap.MotionControllerMap up for play (max tick rate 0) at 2018.01.27-13.05.36
[2018.01.27-18.05.36:489][766]LogWorld: Bringing up level for play took: 0.002071
[2018.01.27-18.05.36:498][766]PIE: Play in editor start time for /Game/VirtualRealityBP/Maps/UEDPIE_0_MotionControllerMap -0.475
[2018.01.27-18.05.36:499][766]LogBlueprintUserMessages: Late PlayInEditor Detection: Level '/Game/VirtualRealityBP/Maps/MotionControllerMap.MotionControllerMap:PersistentLevel' has LevelScriptBlueprint '/Game/VirtualRealityBP/Maps/MotionControllerMap.MotionControllerMap:PersistentLevel.MotionControllerMap' with GeneratedClass '/Game/VirtualRealityBP/Maps/MotionControllerMap.MotionControllerMap_C' with ClassGeneratedBy '/Game/VirtualRealityBP/Maps/MotionControllerMap.MotionControllerMap:PersistentLevel.MotionControllerMap'
[2018.01.27-18.05.58:682][749]LogBlueprintUserMessages: Early EndPlayMap Detection: Level '/Game/VirtualRealityBP/Maps/MotionControllerMap.MotionControllerMap:PersistentLevel' has LevelScriptBlueprint '/Game/VirtualRealityBP/Maps/MotionControllerMap.MotionControllerMap:PersistentLevel.MotionControllerMap' with GeneratedClass '/Game/VirtualRealityBP/Maps/MotionControllerMap.MotionControllerMap_C' with ClassGeneratedBy '/Game/VirtualRealityBP/Maps/MotionControllerMap.MotionControllerMap:PersistentLevel.MotionControllerMap'
[2018.01.27-18.05.58:857][749]LogBlueprintUserMessages: Late EndPlayMap Detection: Level '/Game/VirtualRealityBP/Maps/MotionControllerMap.MotionControllerMap:PersistentLevel' has LevelScriptBlueprint '/Game/VirtualRealityBP/Maps/MotionControllerMap.MotionControllerMap:PersistentLevel.MotionControllerMap' with GeneratedClass '/Game/VirtualRealityBP/Maps/MotionControllerMap.MotionControllerMap_C' with ClassGeneratedBy '/Game/VirtualRealityBP/Maps/MotionControllerMap.MotionControllerMap:PersistentLevel.MotionControllerMap'
[2018.01.27-18.05.59:988][810]LogTemp: Repeating last play command: VR Preview
[2018.01.27-18.06.00:020][810]LogBlueprintUserMessages: Early PlayInEditor Detection: Level '/Game/VirtualRealityBP/Maps/MotionControllerMap.MotionControllerMap:PersistentLevel' has LevelScriptBlueprint '/Game/VirtualRealityBP/Maps/MotionControllerMap.MotionControllerMap:PersistentLevel.MotionControllerMap' with GeneratedClass '/Game/VirtualRealityBP/Maps/MotionControllerMap.MotionControllerMap_C' with ClassGeneratedBy '/Game/VirtualRealityBP/Maps/MotionControllerMap.MotionControllerMap:PersistentLevel.MotionControllerMap'
[2018.01.27-18.06.00:020][810]LogPlayLevel: PlayLevel: No blueprints needed recompiling
[2018.01.27-18.06.00:020][810]PIE: New page: PIE session: MotionControllerMap (Jan 27, 2018, 8:06:00 AM)
[2018.01.27-18.06.00:020][810]LogPlayLevel: Creating play world package: /Game/VirtualRealityBP/Maps/UEDPIE_0_MotionControllerMap
[2018.01.27-18.06.00:031][810]LogPlayLevel: PIE: StaticDuplicateObject took: (0.010689s)
[2018.01.27-18.06.00:031][810]LogAIModule: Creating AISystem for world MotionControllerMap
[2018.01.27-18.06.00:032][810]LogPlayLevel: PIE: World Init took: (0.000646s)
[2018.01.27-18.06.00:032][810]LogPlayLevel: PIE: Created PIE world by copying editor world from /Game/VirtualRealityBP/Maps/MotionControllerMap.MotionControllerMap to /Game/VirtualRealityBP/Maps/UEDPIE_0_MotionControllerMap.MotionControllerMap (0.011620s)
[2018.01.27-18.06.00:069][810]LogInit: XAudio2 using 'HTC-VIVE-C (NVIDIA High Definition Audio)' : 2 channels at 48 kHz using 16 bits per sample (channel mask 0x3)
[2018.01.27-18.06.00:078][810]LogInit: FAudioDevice initialized.
[2018.01.27-18.06.00:161][810]LogUObjectGlobals: Warning: Failed to find object 'Class None.'
[2018.01.27-18.06.00:161][810]LogLoad: Game class is 'GameModeBase'
[2018.01.27-18.06.00:163][810]LogWorld: Bringing World /Game/VirtualRealityBP/Maps/UEDPIE_0_MotionControllerMap.MotionControllerMap up for play (max tick rate 0) at 2018.01.27-13.06.00
[2018.01.27-18.06.00:164][810]LogWorld: Bringing up level for play took: 0.002278
[2018.01.27-18.06.00:171][810]PIE: Play in editor start time for /Game/VirtualRealityBP/Maps/UEDPIE_0_MotionControllerMap -0.801
[2018.01.27-18.06.00:172][810]LogBlueprintUserMessages: Late PlayInEditor Detection: Level '/Game/VirtualRealityBP/Maps/MotionControllerMap.MotionControllerMap:PersistentLevel' has LevelScriptBlueprint '/Game/VirtualRealityBP/Maps/MotionControllerMap.MotionControllerMap:PersistentLevel.MotionControllerMap' with GeneratedClass '/Game/VirtualRealityBP/Maps/MotionControllerMap.MotionControllerMap_C' with ClassGeneratedBy '/Game/VirtualRealityBP/Maps/MotionControllerMap.MotionControllerMap:PersistentLevel.MotionControllerMap'
[2018.01.27-18.06.04:313][178]LogBlueprintUserMessages: Early EndPlayMap Detection: Level '/Game/VirtualRealityBP/Maps/MotionControllerMap.MotionControllerMap:PersistentLevel' has LevelScriptBlueprint '/Game/VirtualRealityBP/Maps/MotionControllerMap.MotionControllerMap:PersistentLevel.MotionControllerMap' with GeneratedClass '/Game/VirtualRealityBP/Maps/MotionControllerMap.MotionControllerMap_C' with ClassGeneratedBy '/Game/VirtualRealityBP/Maps/MotionControllerMap.MotionControllerMap:PersistentLevel.MotionControllerMap'
[2018.01.27-18.06.04:481][178]LogBlueprintUserMessages: Late EndPlayMap Detection: Level '/Game/VirtualRealityBP/Maps/MotionControllerMap.MotionControllerMap:PersistentLevel' has LevelScriptBlueprint '/Game/VirtualRealityBP/Maps/MotionControllerMap.MotionControllerMap:PersistentLevel.MotionControllerMap' with GeneratedClass '/Game/VirtualRealityBP/Maps/MotionControllerMap.MotionControllerMap_C' with ClassGeneratedBy '/Game/VirtualRealityBP/Maps/MotionControllerMap.MotionControllerMap:PersistentLevel.MotionControllerMap'
[2018.01.27-18.06.20:713][ 23]LogNavigationPoint: PostEditMove Clear paths rebuilt
[2018.01.27-18.06.21:849][ 80]LogTemp: Repeating last play command: VR Preview
[2018.01.27-18.06.21:878][ 80]LogBlueprintUserMessages: Early PlayInEditor Detection: Level '/Game/VirtualRealityBP/Maps/MotionControllerMap.MotionControllerMap:PersistentLevel' has LevelScriptBlueprint '/Game/VirtualRealityBP/Maps/MotionControllerMap.MotionControllerMap:PersistentLevel.MotionControllerMap' with GeneratedClass '/Game/VirtualRealityBP/Maps/MotionControllerMap.MotionControllerMap_C' with ClassGeneratedBy '/Game/VirtualRealityBP/Maps/MotionControllerMap.MotionControllerMap:PersistentLevel.MotionControllerMap'
[2018.01.27-18.06.21:878][ 80]LogPlayLevel: PlayLevel: No blueprints needed recompiling
[2018.01.27-18.06.21:878][ 80]PIE: New page: PIE session: MotionControllerMap (Jan 27, 2018, 8:06:21 AM)
[2018.01.27-18.06.21:878][ 80]LogPlayLevel: Creating play world package: /Game/VirtualRealityBP/Maps/UEDPIE_0_MotionControllerMap
[2018.01.27-18.06.21:891][ 80]LogPlayLevel: PIE: StaticDuplicateObject took: (0.013239s)
[2018.01.27-18.06.21:892][ 80]LogAIModule: Creating AISystem for world MotionControllerMap
[2018.01.27-18.06.21:892][ 80]LogPlayLevel: PIE: World Init took: (0.000726s)
[2018.01.27-18.06.21:892][ 80]LogPlayLevel: PIE: Created PIE world by copying editor world from /Game/VirtualRealityBP/Maps/MotionControllerMap.MotionControllerMap to /Game/VirtualRealityBP/Maps/UEDPIE_0_MotionControllerMap.MotionControllerMap (0.014231s)
[2018.01.27-18.06.21:929][ 80]LogInit: XAudio2 using 'HTC-VIVE-C (NVIDIA High Definition Audio)' : 2 channels at 48 kHz using 16 bits per sample (channel mask 0x3)
[2018.01.27-18.06.21:937][ 80]LogInit: FAudioDevice initialized.
[2018.01.27-18.06.22:034][ 80]LogUObjectGlobals: Warning: Failed to find object 'Class None.'
[2018.01.27-18.06.22:034][ 80]LogLoad: Game class is 'GameModeBase'
[2018.01.27-18.06.22:037][ 80]LogWorld: Bringing World /Game/VirtualRealityBP/Maps/UEDPIE_0_MotionControllerMap.MotionControllerMap up for play (max tick rate 0) at 2018.01.27-13.06.22
[2018.01.27-18.06.22:037][ 80]LogWorld: Bringing up level for play took: 0.002179
[2018.01.27-18.06.22:050][ 80]PIE: Play in editor start time for /Game/VirtualRealityBP/Maps/UEDPIE_0_MotionControllerMap 1.078
[2018.01.27-18.06.22:051][ 80]LogBlueprintUserMessages: Late PlayInEditor Detection: Level '/Game/VirtualRealityBP/Maps/MotionControllerMap.MotionControllerMap:PersistentLevel' has LevelScriptBlueprint '/Game/VirtualRealityBP/Maps/MotionControllerMap.MotionControllerMap:PersistentLevel.MotionControllerMap' with GeneratedClass '/Game/VirtualRealityBP/Maps/MotionControllerMap.MotionControllerMap_C' with ClassGeneratedBy '/Game/VirtualRealityBP/Maps/MotionControllerMap.MotionControllerMap:PersistentLevel.MotionControllerMap'
[2018.01.27-18.07.01:323][591]LogBlueprintUserMessages: Early EndPlayMap Detection: Level '/Game/VirtualRealityBP/Maps/MotionControllerMap.MotionControllerMap:PersistentLevel' has LevelScriptBlueprint '/Game/VirtualRealityBP/Maps/MotionControllerMap.MotionControllerMap:PersistentLevel.MotionControllerMap' with GeneratedClass '/Game/VirtualRealityBP/Maps/MotionControllerMap.MotionControllerMap_C' with ClassGeneratedBy '/Game/VirtualRealityBP/Maps/MotionControllerMap.MotionControllerMap:PersistentLevel.MotionControllerMap'
[2018.01.27-18.07.01:503][591]LogBlueprintUserMessages: Late EndPlayMap Detection: Level '/Game/VirtualRealityBP/Maps/MotionControllerMap.MotionControllerMap:PersistentLevel' has LevelScriptBlueprint '/Game/VirtualRealityBP/Maps/MotionControllerMap.MotionControllerMap:PersistentLevel.MotionControllerMap' with GeneratedClass '/Game/VirtualRealityBP/Maps/MotionControllerMap.MotionControllerMap_C' with ClassGeneratedBy '/Game/VirtualRealityBP/Maps/MotionControllerMap.MotionControllerMap:PersistentLevel.MotionControllerMap'
[2018.01.27-18.07.15:441][261]BlueprintLog: New page: Compile Etheral_Hand
[2018.01.27-18.07.34:183][138]BlueprintLog: New page: Compile Etheral_Hand
[2018.01.27-18.07.36:222][209]LogTemp: Repeating last play command: VR Preview
[2018.01.27-18.07.36:249][209]LogBlueprintUserMessages: Early PlayInEditor Detection: Level '/Game/VirtualRealityBP/Maps/MotionControllerMap.MotionControllerMap:PersistentLevel' has LevelScriptBlueprint '/Game/VirtualRealityBP/Maps/MotionControllerMap.MotionControllerMap:PersistentLevel.MotionControllerMap' with GeneratedClass '/Game/VirtualRealityBP/Maps/MotionControllerMap.MotionControllerMap_C' with ClassGeneratedBy '/Game/VirtualRealityBP/Maps/MotionControllerMap.MotionControllerMap:PersistentLevel.MotionControllerMap'
[2018.01.27-18.07.36:249][209]LogPlayLevel: PlayLevel: No blueprints needed recompiling
[2018.01.27-18.07.36:249][209]PIE: New page: PIE session: MotionControllerMap (Jan 27, 2018, 8:07:36 AM)
[2018.01.27-18.07.36:249][209]LogPlayLevel: Creating play world package: /Game/VirtualRealityBP/Maps/UEDPIE_0_MotionControllerMap
[2018.01.27-18.07.36:264][209]LogPlayLevel: PIE: StaticDuplicateObject took: (0.014910s)
[2018.01.27-18.07.36:265][209]LogAIModule: Creating AISystem for world MotionControllerMap
[2018.01.27-18.07.36:265][209]LogPlayLevel: PIE: World Init took: (0.000876s)
[2018.01.27-18.07.36:265][209]LogPlayLevel: PIE: Created PIE world by copying editor world from /Game/VirtualRealityBP/Maps/MotionControllerMap.MotionControllerMap to /Game/VirtualRealityBP/Maps/UEDPIE_0_MotionControllerMap.MotionControllerMap (0.016174s)
[2018.01.27-18.07.36:300][209]LogInit: XAudio2 using 'HTC-VIVE-C (NVIDIA High Definition Audio)' : 2 channels at 48 kHz using 16 bits per sample (channel mask 0x3)
[2018.01.27-18.07.36:309][209]LogInit: FAudioDevice initialized.
[2018.01.27-18.07.36:403][209]LogUObjectGlobals: Warning: Failed to find object 'Class None.'
[2018.01.27-18.07.36:403][209]LogLoad: Game class is 'GameModeBase'
[2018.01.27-18.07.36:407][209]LogWorld: Bringing World /Game/VirtualRealityBP/Maps/UEDPIE_0_MotionControllerMap.MotionControllerMap up for play (max tick rate 0) at 2018.01.27-13.07.36
[2018.01.27-18.07.36:407][209]LogWorld: Bringing up level for play took: 0.002864
[2018.01.27-18.07.36:417][209]PIE: Play in editor start time for /Game/VirtualRealityBP/Maps/UEDPIE_0_MotionControllerMap -0.555
[2018.01.27-18.07.36:418][209]LogBlueprintUserMessages: Late PlayInEditor Detection: Level '/Game/VirtualRealityBP/Maps/MotionControllerMap.MotionControllerMap:PersistentLevel' has LevelScriptBlueprint '/Game/VirtualRealityBP/Maps/MotionControllerMap.MotionControllerMap:PersistentLevel.MotionControllerMap' with GeneratedClass '/Game/VirtualRealityBP/Maps/MotionControllerMap.MotionControllerMap_C' with ClassGeneratedBy '/Game/VirtualRealityBP/Maps/MotionControllerMap.MotionControllerMap:PersistentLevel.MotionControllerMap'
[2018.01.27-18.07.50:506][466]LogBlueprintUserMessages: Early EndPlayMap Detection: Level '/Game/VirtualRealityBP/Maps/MotionControllerMap.MotionControllerMap:PersistentLevel' has LevelScriptBlueprint '/Game/VirtualRealityBP/Maps/MotionControllerMap.MotionControllerMap:PersistentLevel.MotionControllerMap' with GeneratedClass '/Game/VirtualRealityBP/Maps/MotionControllerMap.MotionControllerMap_C' with ClassGeneratedBy '/Game/VirtualRealityBP/Maps/MotionControllerMap.MotionControllerMap:PersistentLevel.MotionControllerMap'
[2018.01.27-18.07.50:691][466]LogBlueprintUserMessages: Late EndPlayMap Detection: Level '/Game/VirtualRealityBP/Maps/MotionControllerMap.MotionControllerMap:PersistentLevel' has LevelScriptBlueprint '/Game/VirtualRealityBP/Maps/MotionControllerMap.MotionControllerMap:PersistentLevel.MotionControllerMap' with GeneratedClass '/Game/VirtualRealityBP/Maps/MotionControllerMap.MotionControllerMap_C' with ClassGeneratedBy '/Game/VirtualRealityBP/Maps/MotionControllerMap.MotionControllerMap:PersistentLevel.MotionControllerMap'
[2018.01.27-18.07.57:482][769]BlueprintLog: New page: Compile Etheral_Hand
[2018.01.27-18.07.59:395][843]LogTemp: Repeating last play command: VR Preview
[2018.01.27-18.07.59:423][843]LogBlueprintUserMessages: Early PlayInEditor Detection: Level '/Game/VirtualRealityBP/Maps/MotionControllerMap.MotionControllerMap:PersistentLevel' has LevelScriptBlueprint '/Game/VirtualRealityBP/Maps/MotionControllerMap.MotionControllerMap:PersistentLevel.MotionControllerMap' with GeneratedClass '/Game/VirtualRealityBP/Maps/MotionControllerMap.MotionControllerMap_C' with ClassGeneratedBy '/Game/VirtualRealityBP/Maps/MotionControllerMap.MotionControllerMap:PersistentLevel.MotionControllerMap'
[2018.01.27-18.07.59:424][843]LogPlayLevel: PlayLevel: No blueprints needed recompiling
[2018.01.27-18.07.59:424][843]PIE: New page: PIE session: MotionControllerMap (Jan 27, 2018, 8:07:59 AM)
[2018.01.27-18.07.59:424][843]LogPlayLevel: Creating play world package: /Game/VirtualRealityBP/Maps/UEDPIE_0_MotionControllerMap
[2018.01.27-18.07.59:436][843]LogPlayLevel: PIE: StaticDuplicateObject took: (0.012059s)
[2018.01.27-18.07.59:437][843]LogAIModule: Creating AISystem for world MotionControllerMap
[2018.01.27-18.07.59:437][843]LogPlayLevel: PIE: World Init took: (0.000671s)
[2018.01.27-18.07.59:437][843]LogPlayLevel: PIE: Created PIE world by copying editor world from /Game/VirtualRealityBP/Maps/MotionControllerMap.MotionControllerMap to /Game/VirtualRealityBP/Maps/UEDPIE_0_MotionControllerMap.MotionControllerMap (0.013050s)
[2018.01.27-18.07.59:472][843]LogInit: XAudio2 using 'HTC-VIVE-C (NVIDIA High Definition Audio)' : 2 channels at 48 kHz using 16 bits per sample (channel mask 0x3)
[2018.01.27-18.07.59:480][843]LogInit: FAudioDevice initialized.
[2018.01.27-18.07.59:573][843]LogUObjectGlobals: Warning: Failed to find object 'Class None.'
[2018.01.27-18.07.59:573][843]LogLoad: Game class is 'GameModeBase'
[2018.01.27-18.07.59:576][843]LogWorld: Bringing World /Game/VirtualRealityBP/Maps/UEDPIE_0_MotionControllerMap.MotionControllerMap up for play (max tick rate 0) at 2018.01.27-13.07.59
[2018.01.27-18.07.59:577][843]LogWorld: Bringing up level for play took: 0.003096
[2018.01.27-18.07.59:588][843]PIE: Play in editor start time for /Game/VirtualRealityBP/Maps/UEDPIE_0_MotionControllerMap 0.616
[2018.01.27-18.07.59:589][843]LogBlueprintUserMessages: Late PlayInEditor Detection: Level '/Game/VirtualRealityBP/Maps/MotionControllerMap.MotionControllerMap:PersistentLevel' has LevelScriptBlueprint '/Game/VirtualRealityBP/Maps/MotionControllerMap.MotionControllerMap:PersistentLevel.MotionControllerMap' with GeneratedClass '/Game/VirtualRealityBP/Maps/MotionControllerMap.MotionControllerMap_C' with ClassGeneratedBy '/Game/VirtualRealityBP/Maps/MotionControllerMap.MotionControllerMap:PersistentLevel.MotionControllerMap'
[2018.01.27-18.08.24:519][ 71]LogBlueprintUserMessages: Early EndPlayMap Detection: Level '/Game/VirtualRealityBP/Maps/MotionControllerMap.MotionControllerMap:PersistentLevel' has LevelScriptBlueprint '/Game/VirtualRealityBP/Maps/MotionControllerMap.MotionControllerMap:PersistentLevel.MotionControllerMap' with GeneratedClass '/Game/VirtualRealityBP/Maps/MotionControllerMap.MotionControllerMap_C' with ClassGeneratedBy '/Game/VirtualRealityBP/Maps/MotionControllerMap.MotionControllerMap:PersistentLevel.MotionControllerMap'
[2018.01.27-18.08.24:710][ 71]LogBlueprintUserMessages: Late EndPlayMap Detection: Level '/Game/VirtualRealityBP/Maps/MotionControllerMap.MotionControllerMap:PersistentLevel' has LevelScriptBlueprint '/Game/VirtualRealityBP/Maps/MotionControllerMap.MotionControllerMap:PersistentLevel.MotionControllerMap' with GeneratedClass '/Game/VirtualRealityBP/Maps/MotionControllerMap.MotionControllerMap_C' with ClassGeneratedBy '/Game/VirtualRealityBP/Maps/MotionControllerMap.MotionControllerMap:PersistentLevel.MotionControllerMap'
[2018.01.27-18.08.33:524][442]BlueprintLog: New page: Compile Etheral_Hand
[2018.01.27-18.08.36:035][536]LogTemp: Repeating last play command: VR Preview
[2018.01.27-18.08.36:069][536]LogBlueprintUserMessages: Early PlayInEditor Detection: Level '/Game/VirtualRealityBP/Maps/MotionControllerMap.MotionControllerMap:PersistentLevel' has LevelScriptBlueprint '/Game/VirtualRealityBP/Maps/MotionControllerMap.MotionControllerMap:PersistentLevel.MotionControllerMap' with GeneratedClass '/Game/VirtualRealityBP/Maps/MotionControllerMap.MotionControllerMap_C' with ClassGeneratedBy '/Game/VirtualRealityBP/Maps/MotionControllerMap.MotionControllerMap:PersistentLevel.MotionControllerMap'
[2018.01.27-18.08.36:070][536]LogPlayLevel: PlayLevel: No blueprints needed recompiling
[2018.01.27-18.08.36:070][536]PIE: New page: PIE session: MotionControllerMap (Jan 27, 2018, 8:08:36 AM)
[2018.01.27-18.08.36:070][536]LogPlayLevel: Creating play world package: /Game/VirtualRealityBP/Maps/UEDPIE_0_MotionControllerMap
[2018.01.27-18.08.36:082][536]LogPlayLevel: PIE: StaticDuplicateObject took: (0.012257s)
[2018.01.27-18.08.36:083][536]LogAIModule: Creating AISystem for world MotionControllerMap
[2018.01.27-18.08.36:083][536]LogPlayLevel: PIE: World Init took: (0.000694s)
[2018.01.27-18.08.36:083][536]LogPlayLevel: PIE: Created PIE world by copying editor world from /Game/VirtualRealityBP/Maps/MotionControllerMap.MotionControllerMap to /Game/VirtualRealityBP/Maps/UEDPIE_0_MotionControllerMap.MotionControllerMap (0.013277s)
[2018.01.27-18.08.36:119][536]LogInit: XAudio2 using 'HTC-VIVE-C (NVIDIA High Definition Audio)' : 2 channels at 48 kHz using 16 bits per sample (channel mask 0x3)
[2018.01.27-18.08.36:128][536]LogInit: FAudioDevice initialized.
[2018.01.27-18.08.36:209][536]LogUObjectGlobals: Warning: Failed to find object 'Class None.'
[2018.01.27-18.08.36:209][536]LogLoad: Game class is 'GameModeBase'
[2018.01.27-18.08.36:212][536]LogWorld: Bringing World /Game/VirtualRealityBP/Maps/UEDPIE_0_MotionControllerMap.MotionControllerMap up for play (max tick rate 0) at 2018.01.27-13.08.36
[2018.01.27-18.08.36:212][536]LogWorld: Bringing up level for play took: 0.002869
[2018.01.27-18.08.36:220][536]PIE: Play in editor start time for /Game/VirtualRealityBP/Maps/UEDPIE_0_MotionControllerMap -0.752
[2018.01.27-18.08.36:221][536]LogBlueprintUserMessages: Late PlayInEditor Detection: Level '/Game/VirtualRealityBP/Maps/MotionControllerMap.MotionControllerMap:PersistentLevel' has LevelScriptBlueprint '/Game/VirtualRealityBP/Maps/MotionControllerMap.MotionControllerMap:PersistentLevel.MotionControllerMap' with GeneratedClass '/Game/VirtualRealityBP/Maps/MotionControllerMap.MotionControllerMap_C' with ClassGeneratedBy '/Game/VirtualRealityBP/Maps/MotionControllerMap.MotionControllerMap:PersistentLevel.MotionControllerMap'
[2018.01.27-18.08.42:670][110]LogBlueprintUserMessages: Early EndPlayMap Detection: Level '/Game/VirtualRealityBP/Maps/MotionControllerMap.MotionControllerMap:PersistentLevel' has LevelScriptBlueprint '/Game/VirtualRealityBP/Maps/MotionControllerMap.MotionControllerMap:PersistentLevel.MotionControllerMap' with GeneratedClass '/Game/VirtualRealityBP/Maps/MotionControllerMap.MotionControllerMap_C' with ClassGeneratedBy '/Game/VirtualRealityBP/Maps/MotionControllerMap.MotionControllerMap:PersistentLevel.MotionControllerMap'
[2018.01.27-18.08.42:845][110]LogBlueprintUserMessages: Late EndPlayMap Detection: Level '/Game/VirtualRealityBP/Maps/MotionControllerMap.MotionControllerMap:PersistentLevel' has LevelScriptBlueprint '/Game/VirtualRealityBP/Maps/MotionControllerMap.MotionControllerMap:PersistentLevel.MotionControllerMap' with GeneratedClass '/Game/VirtualRealityBP/Maps/MotionControllerMap.MotionControllerMap_C' with ClassGeneratedBy '/Game/VirtualRealityBP/Maps/MotionControllerMap.MotionControllerMap:PersistentLevel.MotionControllerMap'
[2018.01.27-18.08.45:382][244]LogEditorViewport: Clicking on Actor (LMB): PlayerStart (PlayerStart)
[2018.01.27-18.08.48:332][418]LogNavigationPoint: PostEditMove Clear paths rebuilt
[2018.01.27-18.08.49:135][458]LogTemp: Repeating last play command: VR Preview
[2018.01.27-18.08.49:162][458]LogBlueprintUserMessages: Early PlayInEditor Detection: Level '/Game/VirtualRealityBP/Maps/MotionControllerMap.MotionControllerMap:PersistentLevel' has LevelScriptBlueprint '/Game/VirtualRealityBP/Maps/MotionControllerMap.MotionControllerMap:PersistentLevel.MotionControllerMap' with GeneratedClass '/Game/VirtualRealityBP/Maps/MotionControllerMap.MotionControllerMap_C' with ClassGeneratedBy '/Game/VirtualRealityBP/Maps/MotionControllerMap.MotionControllerMap:PersistentLevel.MotionControllerMap'
[2018.01.27-18.08.49:163][458]LogPlayLevel: PlayLevel: No blueprints needed recompiling
[2018.01.27-18.08.49:163][458]PIE: New page: PIE session: MotionControllerMap (Jan 27, 2018, 8:08:49 AM)
[2018.01.27-18.08.49:163][458]LogPlayLevel: Creating play world package: /Game/VirtualRealityBP/Maps/UEDPIE_0_MotionControllerMap
[2018.01.27-18.08.49:174][458]LogPlayLevel: PIE: StaticDuplicateObject took: (0.011105s)
[2018.01.27-18.08.49:175][458]LogAIModule: Creating AISystem for world MotionControllerMap
[2018.01.27-18.08.49:175][458]LogPlayLevel: PIE: World Init took: (0.000776s)
[2018.01.27-18.08.49:175][458]LogPlayLevel: PIE: Created PIE world by copying editor world from /Game/VirtualRealityBP/Maps/MotionControllerMap.MotionControllerMap to /Game/VirtualRealityBP/Maps/UEDPIE_0_MotionControllerMap.MotionControllerMap (0.012175s)
[2018.01.27-18.08.49:209][458]LogInit: XAudio2 using 'HTC-VIVE-C (NVIDIA High Definition Audio)' : 2 channels at 48 kHz using 16 bits per sample (channel mask 0x3)
[2018.01.27-18.08.49:218][458]LogInit: FAudioDevice initialized.
[2018.01.27-18.08.49:312][458]LogUObjectGlobals: Warning: Failed to find object 'Class None.'
[2018.01.27-18.08.49:312][458]LogLoad: Game class is 'GameModeBase'
[2018.01.27-18.08.49:315][458]LogWorld: Bringing World /Game/VirtualRealityBP/Maps/UEDPIE_0_MotionControllerMap.MotionControllerMap up for play (max tick rate 0) at 2018.01.27-13.08.49
[2018.01.27-18.08.49:316][458]LogWorld: Bringing up level for play took: 0.002777
[2018.01.27-18.08.49:326][458]PIE: Play in editor start time for /Game/VirtualRealityBP/Maps/UEDPIE_0_MotionControllerMap 0.353
[2018.01.27-18.08.49:327][458]LogBlueprintUserMessages: Late PlayInEditor Detection: Level '/Game/VirtualRealityBP/Maps/MotionControllerMap.MotionControllerMap:PersistentLevel' has LevelScriptBlueprint '/Game/VirtualRealityBP/Maps/MotionControllerMap.MotionControllerMap:PersistentLevel.MotionControllerMap' with GeneratedClass '/Game/VirtualRealityBP/Maps/MotionControllerMap.MotionControllerMap_C' with ClassGeneratedBy '/Game/VirtualRealityBP/Maps/MotionControllerMap.MotionControllerMap:PersistentLevel.MotionControllerMap'
[2018.01.27-18.09.54:203][261]LogBlueprintUserMessages: Early EndPlayMap Detection: Level '/Game/VirtualRealityBP/Maps/MotionControllerMap.MotionControllerMap:PersistentLevel' has LevelScriptBlueprint '/Game/VirtualRealityBP/Maps/MotionControllerMap.MotionControllerMap:PersistentLevel.MotionControllerMap' with GeneratedClass '/Game/VirtualRealityBP/Maps/MotionControllerMap.MotionControllerMap_C' with ClassGeneratedBy '/Game/VirtualRealityBP/Maps/MotionControllerMap.MotionControllerMap:PersistentLevel.MotionControllerMap'
[2018.01.27-18.09.54:387][261]LogBlueprintUserMessages: Late EndPlayMap Detection: Level '/Game/VirtualRealityBP/Maps/MotionControllerMap.MotionControllerMap:PersistentLevel' has LevelScriptBlueprint '/Game/VirtualRealityBP/Maps/MotionControllerMap.MotionControllerMap:PersistentLevel.MotionControllerMap' with GeneratedClass '/Game/VirtualRealityBP/Maps/MotionControllerMap.MotionControllerMap_C' with ClassGeneratedBy '/Game/VirtualRealityBP/Maps/MotionControllerMap.MotionControllerMap:PersistentLevel.MotionControllerMap'
[2018.01.27-18.10.22:787][637]BlueprintLog: New page: Compile Etheral_Hand
[2018.01.27-18.10.26:990][827]BlueprintLog: New page: Compile Etheral_Hand
[2018.01.27-18.10.28:601][876]LogTemp: Repeating last play command: VR Preview
[2018.01.27-18.10.28:631][876]LogBlueprintUserMessages: Early PlayInEditor Detection: Level '/Game/VirtualRealityBP/Maps/MotionControllerMap.MotionControllerMap:PersistentLevel' has LevelScriptBlueprint '/Game/VirtualRealityBP/Maps/MotionControllerMap.MotionControllerMap:PersistentLevel.MotionControllerMap' with GeneratedClass '/Game/VirtualRealityBP/Maps/MotionControllerMap.MotionControllerMap_C' with ClassGeneratedBy '/Game/VirtualRealityBP/Maps/MotionControllerMap.MotionControllerMap:PersistentLevel.MotionControllerMap'
[2018.01.27-18.10.28:631][876]LogPlayLevel: PlayLevel: No blueprints needed recompiling
[2018.01.27-18.10.28:631][876]PIE: New page: PIE session: MotionControllerMap (Jan 27, 2018, 8:10:28 AM)
[2018.01.27-18.10.28:631][876]LogPlayLevel: Creating play world package: /Game/VirtualRealityBP/Maps/UEDPIE_0_MotionControllerMap
[2018.01.27-18.10.28:646][876]LogPlayLevel: PIE: StaticDuplicateObject took: (0.013972s)
[2018.01.27-18.10.28:646][876]LogAIModule: Creating AISystem for world MotionControllerMap
[2018.01.27-18.10.28:646][876]LogPlayLevel: PIE: World Init took: (0.000732s)
[2018.01.27-18.10.28:647][876]LogPlayLevel: PIE: Created PIE world by copying editor world from /Game/VirtualRealityBP/Maps/MotionControllerMap.MotionControllerMap to /Game/VirtualRealityBP/Maps/UEDPIE_0_MotionControllerMap.MotionControllerMap (0.015013s)
[2018.01.27-18.10.28:683][876]LogInit: XAudio2 using 'HTC-VIVE-C (NVIDIA High Definition Audio)' : 2 channels at 48 kHz using 16 bits per sample (channel mask 0x3)
[2018.01.27-18.10.28:691][876]LogInit: FAudioDevice initialized.
[2018.01.27-18.10.28:778][876]LogUObjectGlobals: Warning: Failed to find object 'Class None.'
[2018.01.27-18.10.28:778][876]LogLoad: Game class is 'GameModeBase'
[2018.01.27-18.10.28:781][876]LogWorld: Bringing World /Game/VirtualRealityBP/Maps/UEDPIE_0_MotionControllerMap.MotionControllerMap up for play (max tick rate 0) at 2018.01.27-13.10.28
[2018.01.27-18.10.28:782][876]LogWorld: Bringing up level for play took: 0.002938
[2018.01.27-18.10.28:791][876]PIE: Play in editor start time for /Game/VirtualRealityBP/Maps/UEDPIE_0_MotionControllerMap -0.182
[2018.01.27-18.10.28:792][876]LogBlueprintUserMessages: Late PlayInEditor Detection: Level '/Game/VirtualRealityBP/Maps/MotionControllerMap.MotionControllerMap:PersistentLevel' has LevelScriptBlueprint '/Game/VirtualRealityBP/Maps/MotionControllerMap.MotionControllerMap:PersistentLevel.MotionControllerMap' with GeneratedClass '/Game/VirtualRealityBP/Maps/MotionControllerMap.MotionControllerMap_C' with ClassGeneratedBy '/Game/VirtualRealityBP/Maps/MotionControllerMap.MotionControllerMap:PersistentLevel.MotionControllerMap'
[2018.01.27-18.11.47:433][913]LogBlueprintUserMessages: Early EndPlayMap Detection: Level '/Game/VirtualRealityBP/Maps/MotionControllerMap.MotionControllerMap:PersistentLevel' has LevelScriptBlueprint '/Game/VirtualRealityBP/Maps/MotionControllerMap.MotionControllerMap:PersistentLevel.MotionControllerMap' with GeneratedClass '/Game/VirtualRealityBP/Maps/MotionControllerMap.MotionControllerMap_C' with ClassGeneratedBy '/Game/VirtualRealityBP/Maps/MotionControllerMap.MotionControllerMap:PersistentLevel.MotionControllerMap'
[2018.01.27-18.11.47:617][913]LogBlueprintUserMessages: Late EndPlayMap Detection: Level '/Game/VirtualRealityBP/Maps/MotionControllerMap.MotionControllerMap:PersistentLevel' has LevelScriptBlueprint '/Game/VirtualRealityBP/Maps/MotionControllerMap.MotionControllerMap:PersistentLevel.MotionControllerMap' with GeneratedClass '/Game/VirtualRealityBP/Maps/MotionControllerMap.MotionControllerMap_C' with ClassGeneratedBy '/Game/VirtualRealityBP/Maps/MotionControllerMap.MotionControllerMap:PersistentLevel.MotionControllerMap'
[2018.01.27-18.12.07:456][777]LogSavePackage: Save=302.97ms
[2018.01.27-18.12.07:456][777]LogSavePackage: Moving '../../../../../../Users/Cosmotron/Documents/GitHub/VR_SwordMechanic/Saved/MotionControllerMap8810801744563B1A921689A9314951D4.tmp' to '../../../../../../Users/Cosmotron/Documents/GitHub/VR_SwordMechanic/Content/VirtualRealityBP/Maps/MotionControllerMap.umap'
[2018.01.27-18.12.07:461][777]LogSavePackage: Display: Finished SavePackage ../../../../../../Users/Cosmotron/Documents/GitHub/VR_SwordMechanic/Content/VirtualRealityBP/Maps/MotionControllerMap.umap
[2018.01.27-18.12.07:503][777]LogFileHelpers: Saving map 'MotionControllerMap' took 0.458
[2018.01.27-18.12.07:685][777]LogSavePackage: Save=146.60ms
[2018.01.27-18.12.07:685][777]LogSavePackage: Moving '../../../../../../Users/Cosmotron/Documents/GitHub/VR_SwordMechanic/Saved/Etheral_Hand189F55A04A8CCB2E9E53999D1E984C7A.tmp' to '../../../../../../Users/Cosmotron/Documents/GitHub/VR_SwordMechanic/Content/x-NewStuff/EtheralRelated/Etheral_Hand.uasset'
[2018.01.27-18.12.07:689][777]LogSavePackage: Display: Finished SavePackage ../../../../../../Users/Cosmotron/Documents/GitHub/VR_SwordMechanic/Content/x-NewStuff/EtheralRelated/Etheral_Hand.uasset
