Log file open, 01/27/18 21:47:19
LogWindows: Failed to load 'aqProf.dll' (GetLastError=126)
LogWindows: File 'aqProf.dll' does not exist
LogWindows: Failed to load 'VSPerf140.dll' (GetLastError=126)
LogWindows: File 'VSPerf140.dll' does not exist
LogWindows: Failed to load 'VtuneApi.dll' (GetLastError=126)
LogWindows: File 'VtuneApi.dll' does not exist
LogWindows: Failed to load 'VtuneApi32e.dll' (GetLastError=126)
LogWindows: File 'VtuneApi32e.dll' does not exist
LogInit: Display: Running engine for game: VR_SwordMechanic
LogPlatformFile: Not using cached read wrapper
LogInit: Display: RandInit(641390656) SRandInit(641390656).
LogInit: Read version file with build ID '3709383'
LogInit: Overriding engine version to CL 3832480, compatible CL 3709383
LogInit: Registered custom module enumerator with build ID '3709383'
LogTaskGraph: Started task graph with 5 named threads and 14 total threads with 3 sets of task threads.
LogStats: Stats thread started at 0.209502
LogD3D11RHI: Aftermath initialized
LogModuleManager: Display: Found up-to-date module file ../../../Engine/Plugins/2D/Paper2D/Binaries/Win64/UE4Editor-Paper2D.dll (API version 3709383).
LogModuleManager: Display: Found up-to-date module file ../../../Engine/Plugins/2D/Paper2D/Binaries/Win64/UE4Editor-Paper2DEditor.dll (API version 3709383).
LogModuleManager: Display: Found up-to-date module file ../../../Engine/Plugins/2D/Paper2D/Binaries/Win64/UE4Editor-PaperSpriteSheetImporter.dll (API version 3709383).
LogModuleManager: Display: Found up-to-date module file ../../../Engine/Plugins/2D/Paper2D/Binaries/Win64/UE4Editor-PaperTiledImporter.dll (API version 3709383).
LogModuleManager: Display: Found up-to-date module file ../../../Engine/Plugins/2D/Paper2D/Binaries/Win64/UE4Editor-SmartSnapping.dll (API version 3709383).
LogModuleManager: Display: Found up-to-date module file ../../../Engine/Plugins/Blendables/LightPropagationVolume/Binaries/Win64/UE4Editor-LightPropagationVolumeRuntime.dll (API version 3709383).
LogModuleManager: Display: Found up-to-date module file ../../../Engine/Plugins/Blendables/LightPropagationVolume/Binaries/Win64/UE4Editor-LightPropagationVolumeEditor.dll (API version 3709383).
LogModuleManager: Display: Found up-to-date module file ../../../Engine/Plugins/Developer/GitSourceControl/Binaries/Win64/UE4Editor-GitSourceControl.dll (API version 3709383).
LogModuleManager: Display: Found up-to-date module file ../../../Engine/Plugins/Developer/PerforceSourceControl/Binaries/Win64/UE4Editor-PerforceSourceControl.dll (API version 3709383).
LogModuleManager: Display: Found up-to-date module file ../../../Engine/Plugins/Developer/SubversionSourceControl/Binaries/Win64/UE4Editor-SubversionSourceControl.dll (API version 3709383).
LogModuleManager: Display: Found up-to-date module file ../../../Engine/Plugins/Developer/UObjectPlugin/Binaries/Win64/UE4Editor-UObjectPlugin.dll (API version 3709383).
LogModuleManager: Display: Found up-to-date module file ../../../Engine/Plugins/Developer/VisualStudioCodeSourceCodeAccess/Binaries/Win64/UE4Editor-VisualStudioCodeSourceCodeAccess.dll (API version 3709383).
LogModuleManager: Display: Found up-to-date module file ../../../Engine/Plugins/Developer/VisualStudioSourceCodeAccess/Binaries/Win64/UE4Editor-VisualStudioSourceCodeAccess.dll (API version 3709383).
LogModuleManager: Display: Found up-to-date module file ../../../Engine/Plugins/Editor/AssetManagerEditor/Binaries/Win64/UE4Editor-AssetManagerEditor.dll (API version 3709383).
LogModuleManager: Display: Found up-to-date module file ../../../Engine/Plugins/Editor/AudioCapture/Binaries/Win64/UE4Editor-AudioCapture.dll (API version 3709383).
LogModuleManager: Display: Found up-to-date module file ../../../Engine/Plugins/Editor/FacialAnimation/Binaries/Win64/UE4Editor-FacialAnimation.dll (API version 3709383).
LogModuleManager: Display: Found up-to-date module file ../../../Engine/Plugins/Editor/FacialAnimation/Binaries/Win64/UE4Editor-FacialAnimationEditor.dll (API version 3709383).
LogModuleManager: Display: Found up-to-date module file ../../../Engine/Plugins/Editor/GameplayTagsEditor/Binaries/Win64/UE4Editor-GameplayTagsEditor.dll (API version 3709383).
LogModuleManager: Display: Found up-to-date module file ../../../Engine/Plugins/Editor/MobileLauncherProfileWizard/Binaries/Win64/UE4Editor-MobileLauncherProfileWizard.dll (API version 3709383).
LogModuleManager: Display: Found up-to-date module file ../../../Engine/Plugins/Editor/PluginBrowser/Binaries/Win64/UE4Editor-PluginBrowser.dll (API version 3709383).
LogModuleManager: Display: Found up-to-date module file ../../../Engine/Plugins/Editor/SpeedTreeImporter/Binaries/Win64/UE4Editor-SpeedTreeImporter.dll (API version 3709383).
LogModuleManager: Display: Found up-to-date module file ../../../Engine/Plugins/Experimental/AlembicImporter/Binaries/Win64/UE4Editor-AlembicImporter.dll (API version 3709383).
LogModuleManager: Display: Found up-to-date module file ../../../Engine/Plugins/Experimental/AlembicImporter/Binaries/Win64/UE4Editor-AlembicLibrary.dll (API version 3709383).
LogModuleManager: Display: Found up-to-date module file ../../../Engine/Plugins/Experimental/CharacterAI/Binaries/Win64/UE4Editor-CharacterAI.dll (API version 3709383).
LogModuleManager: Display: Found up-to-date module file ../../../Engine/Plugins/Experimental/HTML5Networking/Binaries/Win64/UE4Editor-HTML5Networking.dll (API version 3709383).
LogModuleManager: Display: Found up-to-date module file ../../../Engine/Plugins/Media/AndroidMedia/Binaries/Win64/UE4Editor-AndroidMediaEditor.dll (API version 3709383).
LogModuleManager: Display: Found up-to-date module file ../../../Engine/Plugins/Media/AndroidMedia/Binaries/Win64/UE4Editor-AndroidMediaFactory.dll (API version 3709383).
LogModuleManager: Display: Found up-to-date module file ../../../Engine/Plugins/Media/AvfMedia/Binaries/Win64/UE4Editor-AvfMediaEditor.dll (API version 3709383).
LogModuleManager: Display: Found up-to-date module file ../../../Engine/Plugins/Media/AvfMedia/Binaries/Win64/UE4Editor-AvfMediaFactory.dll (API version 3709383).
LogModuleManager: Display: Found up-to-date module file ../../../Engine/Plugins/Media/AvfMedia/Binaries/Win64/UE4Editor-AvfMediaFactory.dll (API version 3709383).
LogModuleManager: Display: Found up-to-date module file ../../../Engine/Plugins/Media/ImgMedia/Binaries/Win64/UE4Editor-ImgMedia.dll (API version 3709383).
LogModuleManager: Display: Found up-to-date module file ../../../Engine/Plugins/Media/ImgMedia/Binaries/Win64/UE4Editor-ImgMediaEditor.dll (API version 3709383).
LogModuleManager: Display: Found up-to-date module file ../../../Engine/Plugins/Media/ImgMedia/Binaries/Win64/UE4Editor-ImgMediaFactory.dll (API version 3709383).
LogModuleManager: Display: Found up-to-date module file ../../../Engine/Plugins/Media/ImgMedia/Binaries/Win64/UE4Editor-ImgMediaFactory.dll (API version 3709383).
LogModuleManager: Display: Found up-to-date module file ../../../Engine/Plugins/Media/ImgMedia/Binaries/Win64/UE4Editor-OpenExrWrapper.dll (API version 3709383).
LogModuleManager: Display: Found up-to-date module file ../../../Engine/Plugins/Media/MediaCompositing/Binaries/Win64/UE4Editor-MediaCompositing.dll (API version 3709383).
LogModuleManager: Display: Found up-to-date module file ../../../Engine/Plugins/Media/MediaCompositing/Binaries/Win64/UE4Editor-MediaCompositingEditor.dll (API version 3709383).
LogModuleManager: Display: Found up-to-date module file ../../../Engine/Plugins/Media/MediaPlayerEditor/Binaries/Win64/UE4Editor-MediaPlayerEditor.dll (API version 3709383).
LogModuleManager: Display: Found up-to-date module file ../../../Engine/Plugins/Media/WmfMedia/Binaries/Win64/UE4Editor-WmfMedia.dll (API version 3709383).
LogModuleManager: Display: Found up-to-date module file ../../../Engine/Plugins/Media/WmfMedia/Binaries/Win64/UE4Editor-WmfMediaEditor.dll (API version 3709383).
LogModuleManager: Display: Found up-to-date module file ../../../Engine/Plugins/Media/WmfMedia/Binaries/Win64/UE4Editor-WmfMediaFactory.dll (API version 3709383).
LogModuleManager: Display: Found up-to-date module file ../../../Engine/Plugins/Media/WmfMedia/Binaries/Win64/UE4Editor-WmfMediaFactory.dll (API version 3709383).
LogModuleManager: Display: Found up-to-date module file ../../../Engine/Plugins/Messaging/TcpMessaging/Binaries/Win64/UE4Editor-TcpMessaging.dll (API version 3709383).
LogModuleManager: Display: Found up-to-date module file ../../../Engine/Plugins/Messaging/UdpMessaging/Binaries/Win64/UE4Editor-UdpMessaging.dll (API version 3709383).
LogModuleManager: Display: Found up-to-date module file ../../../Engine/Plugins/MovieScene/ActorSequence/Binaries/Win64/UE4Editor-ActorSequence.dll (API version 3709383).
LogModuleManager: Display: Found up-to-date module file ../../../Engine/Plugins/MovieScene/LevelSequenceEditor/Binaries/Win64/UE4Editor-LevelSequenceEditor.dll (API version 3709383).
LogModuleManager: Display: Found up-to-date module file ../../../Engine/Plugins/MovieScene/MatineeToLevelSequence/Binaries/Win64/UE4Editor-MatineeToLevelSequence.dll (API version 3709383).
LogModuleManager: Display: Found up-to-date module file ../../../Engine/Plugins/Online/OnlineSubsystem/Binaries/Win64/UE4Editor-OnlineSubsystem.dll (API version 3709383).
LogModuleManager: Display: Found up-to-date module file ../../../Engine/Plugins/Runtime/AndroidPermission/Binaries/Win64/UE4Editor-AndroidPermission.dll (API version 3709383).
LogModuleManager: Display: Found up-to-date module file ../../../Engine/Plugins/Online/OnlineSubsystemNull/Binaries/Win64/UE4Editor-OnlineSubsystemNull.dll (API version 3709383).
LogModuleManager: Display: Found up-to-date module file ../../../Engine/Plugins/Online/OnlineSubsystemUtils/Binaries/Win64/UE4Editor-OnlineSubsystemUtils.dll (API version 3709383).
LogModuleManager: Display: Found up-to-date module file ../../../Engine/Plugins/Online/OnlineSubsystemUtils/Binaries/Win64/UE4Editor-OnlineBlueprintSupport.dll (API version 3709383).
LogModuleManager: Display: Found up-to-date module file ../../../Engine/Plugins/Runtime/AndroidDeviceProfileSelector/Binaries/Win64/UE4Editor-AndroidDeviceProfileSelector.dll (API version 3709383).
LogModuleManager: Display: Found up-to-date module file ../../../Engine/Plugins/Runtime/AppleARKit/Binaries/Win64/UE4Editor-AppleARKit.dll (API version 3709383).
LogModuleManager: Display: Found up-to-date module file ../../../Engine/Plugins/Runtime/ArchVisCharacter/Binaries/Win64/UE4Editor-ArchVisCharacter.dll (API version 3709383).
LogModuleManager: Display: Found up-to-date module file ../../../Engine/Plugins/Runtime/CableComponent/Binaries/Win64/UE4Editor-CableComponent.dll (API version 3709383).
LogModuleManager: Display: Found up-to-date module file ../../../Engine/Plugins/Runtime/CustomMeshComponent/Binaries/Win64/UE4Editor-CustomMeshComponent.dll (API version 3709383).
LogModuleManager: Display: Found up-to-date module file ../../../Engine/Plugins/Runtime/ExampleDeviceProfileSelector/Binaries/Win64/UE4Editor-ExampleDeviceProfileSelector.dll (API version 3709383).
LogModuleManager: Display: Found up-to-date module file ../../../Engine/Plugins/Runtime/ImmediatePhysics/Binaries/Win64/UE4Editor-ImmediatePhysics.dll (API version 3709383).
LogModuleManager: Display: Found up-to-date module file ../../../Engine/Plugins/Runtime/ImmediatePhysics/Binaries/Win64/UE4Editor-ImmediatePhysicsEditor.dll (API version 3709383).
LogModuleManager: Display: Found up-to-date module file ../../../Engine/Plugins/Runtime/LocationServicesBPLibrary/Binaries/Win64/UE4Editor-LocationServicesBPLibrary.dll (API version 3709383).
LogModuleManager: Display: Found up-to-date module file ../../../Engine/Plugins/Runtime/MobilePatchingUtils/Binaries/Win64/UE4Editor-MobilePatchingUtils.dll (API version 3709383).
LogModuleManager: Display: Found up-to-date module file ../../../Engine/Plugins/Runtime/Oculus/OculusVR/Binaries/Win64/UE4Editor-OculusHMD.dll (API version 3709383).
LogModuleManager: Display: Found up-to-date module file ../../../Engine/Plugins/Runtime/Oculus/OculusVR/Binaries/Win64/UE4Editor-OculusInput.dll (API version 3709383).
LogModuleManager: Display: Found up-to-date module file ../../../Engine/Plugins/Runtime/Oculus/OculusVR/Binaries/Win64/UE4Editor-OculusEditor.dll (API version 3709383).
LogModuleManager: Display: Found up-to-date module file ../../../Engine/Plugins/Runtime/PhysXVehicles/Binaries/Win64/UE4Editor-PhysXVehicles.dll (API version 3709383).
LogModuleManager: Display: Found up-to-date module file ../../../Engine/Plugins/Runtime/PhysXVehicles/Binaries/Win64/UE4Editor-PhysXVehiclesEditor.dll (API version 3709383).
LogModuleManager: Display: Found up-to-date module file ../../../Engine/Plugins/Runtime/ProceduralMeshComponent/Binaries/Win64/UE4Editor-ProceduralMeshComponent.dll (API version 3709383).
LogModuleManager: Display: Found up-to-date module file ../../../Engine/Plugins/Runtime/ProceduralMeshComponent/Binaries/Win64/UE4Editor-ProceduralMeshComponentEditor.dll (API version 3709383).
LogModuleManager: Display: Found up-to-date module file ../../../Engine/Plugins/Runtime/RuntimePhysXCooking/Binaries/Win64/UE4Editor-RuntimePhysXCooking.dll (API version 3709383).
LogModuleManager: Display: Found up-to-date module file ../../../Engine/Plugins/Runtime/Steam/SteamVR/Binaries/Win64/UE4Editor-SteamVR.dll (API version 3709383).
LogModuleManager: Display: Found up-to-date module file ../../../Engine/Plugins/Runtime/Steam/SteamVR/Binaries/Win64/UE4Editor-SteamVRController.dll (API version 3709383).
LogModuleManager: Display: Found up-to-date module file ../../../Engine/Plugins/Runtime/WindowsMoviePlayer/Binaries/Win64/UE4Editor-WindowsMoviePlayer.dll (API version 3709383).
LogPluginManager: Mounting plugin Paper2D
LogPluginManager: Mounting plugin LightPropagationVolume
LogPluginManager: Mounting plugin CodeLiteSourceCodeAccess
LogPluginManager: Mounting plugin GitSourceControl
LogPluginManager: Mounting plugin KDevelopSourceCodeAccess
LogPluginManager: Mounting plugin NullSourceCodeAccess
LogPluginManager: Mounting plugin PerforceSourceControl
LogPluginManager: Mounting plugin SubversionSourceControl
LogPluginManager: Mounting plugin UObjectPlugin
LogPluginManager: Mounting plugin VisualStudioCodeSourceCodeAccess
LogPluginManager: Mounting plugin VisualStudioSourceCodeAccess
LogPluginManager: Mounting plugin XCodeSourceCodeAccess
LogPluginManager: Mounting plugin AssetManagerEditor
LogPluginManager: Mounting plugin AudioCapture
LogPluginManager: Mounting plugin FacialAnimation
LogPluginManager: Mounting plugin GameplayTagsEditor
LogPluginManager: Mounting plugin MobileLauncherProfileWizard
LogPluginManager: Mounting plugin PluginBrowser
LogPluginManager: Mounting plugin SpeedTreeImporter
LogPluginManager: Mounting plugin AlembicImporter
LogPluginManager: Mounting plugin CharacterAI
LogPluginManager: Mounting plugin HTML5Networking
LogPluginManager: Mounting plugin AndroidMedia
LogPluginManager: Mounting plugin AvfMedia
LogPluginManager: Mounting plugin ImgMedia
LogPluginManager: Mounting plugin MediaCompositing
LogPluginManager: Mounting plugin MediaPlayerEditor
LogPluginManager: Mounting plugin WmfMedia
LogPluginManager: Mounting plugin TcpMessaging
LogPluginManager: Mounting plugin UdpMessaging
LogPluginManager: Mounting plugin ActorSequence
LogPluginManager: Mounting plugin LevelSequenceEditor
LogPluginManager: Mounting plugin MatineeToLevelSequence
LogPluginManager: Mounting plugin OnlineSubsystemGooglePlay
LogPluginManager: Mounting plugin OnlineSubsystemIOS
LogPluginManager: Mounting plugin OnlineSubsystem
LogPluginManager: Mounting plugin OnlineSubsystemNull
LogPluginManager: Mounting plugin OnlineSubsystemUtils
LogPluginManager: Mounting plugin AndroidDeviceProfileSelector
LogPluginManager: Mounting plugin AndroidMoviePlayer
LogPluginManager: Mounting plugin AndroidPermission
LogPluginManager: Mounting plugin AppleARKit
LogPluginManager: Mounting plugin AppleMoviePlayer
LogPluginManager: Mounting plugin ArchVisCharacter
LogPluginManager: Mounting plugin CableComponent
LogPluginManager: Mounting plugin CustomMeshComponent
LogPluginManager: Mounting plugin ExampleDeviceProfileSelector
LogPluginManager: Mounting plugin GoogleCloudMessaging
LogPluginManager: Mounting plugin ImmediatePhysics
LogPluginManager: Mounting plugin IOSDeviceProfileSelector
LogPluginManager: Mounting plugin LinuxDeviceProfileSelector
LogPluginManager: Mounting plugin LocationServicesBPLibrary
LogPluginManager: Mounting plugin MobilePatchingUtils
LogPluginManager: Mounting plugin OculusVR
LogPluginManager: Plugin shader directory ../../../Engine/Plugins/Runtime/Oculus/OculusVR/Shaders found
LogPluginManager: Mapping shader source directory ../../../Engine/Plugins/Runtime/Oculus/OculusVR/Shaders to virtual directory /Plugin/OculusVR
LogPluginManager: Mounting plugin PhysXVehicles
LogPluginManager: Mounting plugin ProceduralMeshComponent
LogPluginManager: Mounting plugin RuntimePhysXCooking
LogPluginManager: Mounting plugin SteamVR
LogPluginManager: Mounting plugin WindowsMoviePlayer
LogInit: Using libcurl 7.47.1
LogInit:  - built for x86_64-pc-win32
LogInit:  - supports SSL with OpenSSL/1.0.2g
LogInit:  - supports HTTP deflate (compression) using libz 1.2.8
LogInit:  - other features:
LogInit:      CURL_VERSION_SSL
LogInit:      CURL_VERSION_LIBZ
LogInit:      CURL_VERSION_IPV6
LogInit:      CURL_VERSION_ASYNCHDNS
LogInit:      CURL_VERSION_LARGEFILE
LogInit:      CURL_VERSION_IDN
LogInit:  CurlRequestOptions (configurable via config and command line):
LogInit:  - bVerifyPeer = false  - Libcurl will NOT verify peer certificate
LogInit:  - bUseHttpProxy = false  - Libcurl will NOT use HTTP proxy
LogInit:  - bDontReuseConnections = false  - Libcurl will reuse connections
LogInit:  - CertBundlePath = nullptr  - Libcurl will use whatever was configured at build time.
LogHMD: Failed initializing OVRPlugin 1.19.0
LogInit: Build: ++UE4+Release-4.18-CL-3832480
LogInit: Engine Version: 4.18.3-3832480+++UE4+Release-4.18
LogInit: Compatible Engine Version: 4.18.0-3709383+++UE4+Release-4.18
LogInit: Net CL: 3709383
LogDevObjectVersion: Number of dev versions registered: 16
LogDevObjectVersion:   Dev-Blueprints (B0D832E4-1F89-4F0D-ACCF-7EB736FD4AA2): 10
LogDevObjectVersion:   Dev-Build (E1C64328-A22C-4D53-A36C-8E866417BD8C): 0
LogDevObjectVersion:   Dev-Core (375EC13C-06E4-48FB-B500-84F0262A717E): 2
LogDevObjectVersion:   Dev-Editor (E4B068ED-F494-42E9-A231-DA0B2E46BB41): 20
LogDevObjectVersion:   Dev-Framework (CFFC743F-43B0-4480-9391-14DF171D2073): 30
LogDevObjectVersion:   Dev-Mobile (B02B49B5-BB20-44E9-A304-32B752E40360): 0
LogDevObjectVersion:   Dev-Networking (A4E4105C-59A1-49B5-A7C5-40C4547EDFEE): 0
LogDevObjectVersion:   Dev-Online (39C831C9-5AE6-47DC-9A44-9C173E1C8E7C): 0
LogDevObjectVersion:   Dev-Physics (78F01B33-EBEA-4F98-B9B4-84EACCB95AA2): 0
LogDevObjectVersion:   Dev-Platform (6631380F-2D4D-43E0-8009-CF276956A95A): 0
LogDevObjectVersion:   Dev-Rendering (12F88B9F-8875-4AFC-A67C-D90C383ABD29): 20
LogDevObjectVersion:   Dev-Sequencer (7B5AE74C-D270-4C10-A958-57980B212A5A): 4
LogDevObjectVersion:   Dev-VR (D7296918-1DD6-4BDD-9DE2-64A83CC13884): 0
LogDevObjectVersion:   Dev-LoadTimes (C2A15278-BFE7-4AFE-6C17-90FF531DF755): 1
LogDevObjectVersion:   Private-Geometry (6EACA3D4-40EC-4CC1-B786-8BED09428FC5): 1
LogDevObjectVersion:   Dev-AnimPhys (29E575DD-E0A3-4627-9D10-D276232CDCEA): 12
LogInit: Compiled (64-bit): Jan 12 2018 02:04:55
LogInit: Compiled with Visual C++: 19.00.24215.01
LogInit: Build Configuration: Development
LogInit: Branch Name: ++UE4+Release-4.18
LogInit: Command line:  
LogInit: Base directory: C:/Program Files/Epic Games/UE_4.18/Engine/Binaries/Win64/
LogInit: Installed Engine Build: 1
LogInit: Presizing for max 8388607 objects, including 0 objects not considered by GC, pre-allocating 0 bytes for permanent pool.
LogInit: Object subsystem initialized
[2018.01.28-02.47.21:588][  0]LogInit: Selected Device Profile: [Windows]
[2018.01.28-02.47.21:588][  0]LogInit: Applying CVar settings loaded from the selected device profile: [Windows]
[2018.01.28-02.47.21:621][  0]LogInit: Computer: DESKTOP-TVE1Q8K
[2018.01.28-02.47.21:621][  0]LogInit: User: Cosmotron
[2018.01.28-02.47.21:621][  0]LogInit: CPU Page size=4096, Cores=4
[2018.01.28-02.47.21:621][  0]LogInit: High frequency timer resolution =2.648441 MHz
[2018.01.28-02.47.21:621][  0]LogMemory: Memory total: Physical=32.0GB (32GB approx)
[2018.01.28-02.47.21:621][  0]LogMemory: Platform Memory Stats for Windows
[2018.01.28-02.47.21:621][  0]LogMemory: Process Physical Memory: 278.02 MB used, 278.02 MB peak
[2018.01.28-02.47.21:621][  0]LogMemory: Process Virtual Memory: 276.22 MB used, 276.22 MB peak
[2018.01.28-02.47.21:621][  0]LogMemory: Physical Memory: 4874.39 MB used,  27848.32 MB free, 32722.71 MB total
[2018.01.28-02.47.21:622][  0]LogMemory: Virtual Memory: 733.92 MB used,  27848.32 MB free, 134217728.00 MB total
[2018.01.28-02.47.21:939][  0]LogInit: Using OS detected language (en-US).
[2018.01.28-02.47.21:940][  0]LogInit: Using OS detected locale (en-US).
[2018.01.28-02.47.22:008][  0]LogTextLocalizationManager: No specific localization for 'en-US' exists, so the 'en' localization will be used.
[2018.01.28-02.47.22:598][  0]LogInit: Setting process to per monitor DPI aware
[2018.01.28-02.47.25:791][  0]LogD3D11RHI: D3D11 adapters:
[2018.01.28-02.47.25:841][  0]LogD3D11RHI:    0. 'NVIDIA GeForce GTX 1070' (Feature Level 11_0)
[2018.01.28-02.47.25:841][  0]LogD3D11RHI:       8089/0/16361 MB DedicatedVideo/DedicatedSystem/SharedSystem, Outputs:1, VendorId:0x10de
[2018.01.28-02.47.25:844][  0]LogD3D11RHI:    1. 'Microsoft Basic Render Driver' (Feature Level 11_0)
[2018.01.28-02.47.25:844][  0]LogD3D11RHI:       0/0/16361 MB DedicatedVideo/DedicatedSystem/SharedSystem, Outputs:0, VendorId:0x1414
[2018.01.28-02.47.25:844][  0]LogD3D11RHI: Chosen D3D11 Adapter: 0
[2018.01.28-02.47.25:851][  0]LogD3D11RHI: Creating new Direct3DDevice
[2018.01.28-02.47.25:852][  0]LogD3D11RHI:     GPU DeviceId: 0x1be1 (for the marketing name, search the web for "GPU Device Id")
[2018.01.28-02.47.25:852][  0]LogWindows: EnumDisplayDevices:
[2018.01.28-02.47.25:852][  0]LogWindows:    0. 'NVIDIA GeForce GTX 1070' (P:1 D:1)
[2018.01.28-02.47.25:853][  0]LogWindows:    1. 'NVIDIA GeForce GTX 1070' (P:0 D:0)
[2018.01.28-02.47.25:853][  0]LogWindows:    2. 'NVIDIA GeForce GTX 1070' (P:0 D:0)
[2018.01.28-02.47.25:853][  0]LogWindows:    3. 'NVIDIA GeForce GTX 1070' (P:0 D:0)
[2018.01.28-02.47.25:853][  0]LogWindows: DebugString: GetVideoDriverDetailsInvalid PrimaryIsNotTheChoosenAdapter GetVideoDriverDetailsInvalid PrimaryIsNotTheChoosenAdapter GetVideoDriverDetailsInvalid PrimaryIsNotTheChoosenAdapter GetVideoDriverDetailsInvalid PrimaryIsNotTheChoosenAdapter FoundDriverCount:0 
[2018.01.28-02.47.25:853][  0]LogD3D11RHI:     Adapter Name: NVIDIA GeForce GTX 1070
[2018.01.28-02.47.25:853][  0]LogD3D11RHI:   Driver Version: Unknown (internal:Unknown, unified:Unknown)
[2018.01.28-02.47.25:853][  0]LogD3D11RHI:      Driver Date: Unknown
[2018.01.28-02.47.25:853][  0]LogRHI: Texture pool is 5662 MB (70% of 8089 MB)
[2018.01.28-02.47.25:881][  0]LogD3D11RHI: Async texture creation enabled
[2018.01.28-02.47.25:983][  0]LogD3D11RHI: GPU Timing Frequency: 1000.000000 (Debug: 2 1)
[2018.01.28-02.47.26:026][  0]LogShaderCompilers: Guid format shader working directory is -18 characters bigger than the processId version (../../../../../../Users/Cosmotron/Documents/GitHub/VR_SwordMechanic/Intermediate/Shaders/WorkingDirectory/12572/).
[2018.01.28-02.47.26:026][  0]LogShaderCompilers: Cleaned the shader compiler working directory 'C:/Users/Cosmotron/AppData/Local/Temp/UnrealShaderWorkingDir/D2DA182A45FF7B3435AD3B843358385D/'.
[2018.01.28-02.47.26:026][  0]LogShaderCompilers: Display: Using Local Shader Compiler.
[2018.01.28-02.47.28:567][  0]LogTemp: Display: Loaded TP AllDesktopTargetPlatform
[2018.01.28-02.47.28:632][  0]LogTemp: Display: Loaded TP MacClientTargetPlatform
[2018.01.28-02.47.28:694][  0]LogTemp: Display: Loaded TP MacNoEditorTargetPlatform
[2018.01.28-02.47.28:758][  0]LogTemp: Display: Loaded TP MacServerTargetPlatform
[2018.01.28-02.47.28:830][  0]LogTemp: Display: Loaded TP MacTargetPlatform
[2018.01.28-02.47.28:896][  0]LogTemp: Display: Loaded TP WindowsClientTargetPlatform
[2018.01.28-02.47.28:964][  0]LogTemp: Display: Loaded TP WindowsNoEditorTargetPlatform
[2018.01.28-02.47.29:032][  0]LogTemp: Display: Loaded TP WindowsServerTargetPlatform
[2018.01.28-02.47.29:088][  0]LogTemp: Display: Loaded TP WindowsTargetPlatform
[2018.01.28-02.47.29:150][  0]LogTemp: Display: Loaded TP Android_ASTCTargetPlatform
[2018.01.28-02.47.29:220][  0]LogTemp: Display: Loaded TP Android_ATCTargetPlatform
[2018.01.28-02.47.29:286][  0]LogTemp: Display: Loaded TP Android_DXTTargetPlatform
[2018.01.28-02.47.29:349][  0]LogTemp: Display: Loaded TP Android_ETC1TargetPlatform
[2018.01.28-02.47.29:411][  0]LogTemp: Display: Loaded TP Android_ETC2TargetPlatform
[2018.01.28-02.47.29:542][  0]LogTemp: Display: Loaded TP Android_MultiTargetPlatform
[2018.01.28-02.47.29:542][  0]LogTemp: Display: Loaded TP Android_PVRTCTargetPlatform
[2018.01.28-02.47.29:615][  0]LogTemp: Display: Loaded TP AndroidTargetPlatform
[2018.01.28-02.47.29:669][  0]LogTemp: Display: Loaded TP HTML5TargetPlatform
[2018.01.28-02.47.29:787][  0]LogTemp: Display: Loaded TP IOSTargetPlatform
[2018.01.28-02.47.29:821][  0]LogTemp: Display: Loaded TP TVOSTargetPlatform
[2018.01.28-02.47.29:886][  0]LogTemp: Display: Loaded TP LinuxClientTargetPlatform
[2018.01.28-02.47.29:951][  0]LogTemp: Display: Loaded TP LinuxNoEditorTargetPlatform
[2018.01.28-02.47.30:015][  0]LogTemp: Display: Loaded TP LinuxServerTargetPlatform
[2018.01.28-02.47.30:088][  0]LogTemp: Display: Loaded TP LinuxTargetPlatform
[2018.01.28-02.47.30:088][  0]LogTargetPlatformManager: Display: Building Assets For Windows
[2018.01.28-02.47.30:693][  0]LogDerivedDataCache: Display: Max Cache Size: 512 MB
[2018.01.28-02.47.30:775][  0]LogDerivedDataCache: Loaded boot cache 0.08s 79MB C:/Users/Cosmotron/AppData/Local/UnrealEngine/4.18/DerivedDataCache/Boot.ddc.
[2018.01.28-02.47.30:775][  0]LogDerivedDataCache: Display: Loaded Boot cache: C:/Users/Cosmotron/AppData/Local/UnrealEngine/4.18/DerivedDataCache/Boot.ddc
[2018.01.28-02.47.30:775][  0]LogDerivedDataCache: FDerivedDataBackendGraph:  Pak pak cache file ../../../../../../Users/Cosmotron/Documents/GitHub/VR_SwordMechanic/DerivedDataCache/DDC.ddp not found, will not use a pak cache.
[2018.01.28-02.47.30:775][  0]LogDerivedDataCache: Unable to find inner node Pak for hierarchical cache Hierarchy.
[2018.01.28-02.47.30:775][  0]LogDerivedDataCache: FDerivedDataBackendGraph:  CompressedPak pak cache file ../../../../../../Users/Cosmotron/Documents/GitHub/VR_SwordMechanic/DerivedDataCache/Compressed.ddp not found, will not use a pak cache.
[2018.01.28-02.47.30:775][  0]LogDerivedDataCache: Unable to find inner node CompressedPak for hierarchical cache Hierarchy.
[2018.01.28-02.47.30:801][  0]LogDerivedDataCache: Display: Pak cache opened for reading ../../../Engine/DerivedDataCache/Compressed.ddp.
[2018.01.28-02.47.30:813][  0]LogDerivedDataCache: Using Local data cache path C:/Users/Cosmotron/AppData/Local/UnrealEngine/Common/DerivedDataCache: Writable
[2018.01.28-02.47.30:827][  0]LogMaterial: Verifying Global Shaders for PCD3D_SM5
[2018.01.28-02.47.30:827][  0]LogSlate: Using Freetype 2.6.0
[2018.01.28-02.47.30:846][  0]LogSlate: SlateFontCache - WITH_FREETYPE: 1, WITH_HARFBUZZ: 1
[2018.01.28-02.47.30:846][  0]LogSlate: SlateFontCache - WITH_FREETYPE: 1, WITH_HARFBUZZ: 1
[2018.01.28-02.47.31:481][  0]LogInit: Selected Device Profile: [Windows]
[2018.01.28-02.47.32:026][  0]LogSimplygon: Simplygon DLL not present - disabling.
[2018.01.28-02.47.32:079][  0]LogMeshReduction: Using SimplygonSwarm for distributed automatic mesh merging
[2018.01.28-02.47.32:079][  0]LogMeshReduction: Using QuadricMeshReduction for automatic static mesh reduction
[2018.01.28-02.47.32:079][  0]LogMeshReduction: No automatic skeletal mesh reduction module available
[2018.01.28-02.47.32:079][  0]LogMeshReduction: No automatic mesh merging module available
[2018.01.28-02.47.32:079][  0]LogMeshMerging: No automatic mesh merging module available
[2018.01.28-02.47.32:132][  0]LogNetVersion: VR_SwordMechanic , NetCL: 3709383, EngineNetVer: 2, GameNetVer: 0 (Checksum: 4132229332)
[2018.01.28-02.47.32:563][  0]LogAssetRegistry: FAssetRegistry took 0.0278 seconds to start up
[2018.01.28-02.47.33:626][  0]LogPackageLocalizationCache: Processed 7 localized package path(s) for 2 prioritized culture(s) in 0.101780 seconds
[2018.01.28-02.47.33:634][  0]LogUObjectArray: 35870 objects as part of root set at end of initial load.
[2018.01.28-02.47.33:634][  0]LogUObjectAllocator: 7363696 out of 0 bytes used by permanent object pool.
[2018.01.28-02.47.33:634][  0]LogUObjectArray: CloseDisregardForGC: 0/0 objects in disregard for GC pool
[2018.01.28-02.47.33:699][  0]LogInit: WinSock: version 1.1 (2.2), MaxSocks=32767, MaxUdp=65467
[2018.01.28-02.47.38:938][  0]LogTcpMessaging: Initializing TcpMessaging bridge
[2018.01.28-02.47.38:987][  0]LogUdpMessaging: Initializing bridge on interface 0.0.0.0:0 to multicast group 230.0.0.1:6666.
[2018.01.28-02.47.39:913][  0]LogMaterial: Uniform references updated for custom material expression Custom.
[2018.01.28-02.47.40:546][  0]SourceControl: Source control is disabled
[2018.01.28-02.47.40:546][  0]SourceControl: Source control is disabled
[2018.01.28-02.47.40:613][  0]SourceControl: Source control is disabled
[2018.01.28-02.47.40:681][  0]SourceControl: Source control is disabled
[2018.01.28-02.47.41:731][  0]LogAndroidPermission: UAndroidPermissionCallbackProxy::GetInstance
[2018.01.28-02.47.42:074][  0]LogOcInput: OculusInput pre-init called
[2018.01.28-02.47.42:463][  0]LogEngine: Initializing Engine...
[2018.01.28-02.47.45:558][  0]LogHMD: SteamVR initialized.  Driver: lighthouse  Display: LHR-25FB5BEE
[2018.01.28-02.47.45:992][  0]LogStats: UGameplayTagsManager::ConstructGameplayTagTree: Construct from data asset -  0.000 s
[2018.01.28-02.47.45:992][  0]LogStats: UGameplayTagsManager::ConstructGameplayTagTree: GameplayTagTreeChangedEvent.Broadcast -  0.000 s
[2018.01.28-02.47.46:146][  0]LogAIModule: Creating AISystem for world Untitled
[2018.01.28-02.47.46:171][  0]LogInit: XAudio2 using 'HTC-VIVE-C (NVIDIA High Definition Audio)' : 2 channels at 48 kHz using 16 bits per sample (channel mask 0x3)
[2018.01.28-02.47.46:187][  0]LogInit: FAudioDevice initialized.
[2018.01.28-02.47.46:258][  0]LogDerivedDataCache: Saved boot cache 0.07s 79MB C:/Users/Cosmotron/AppData/Local/UnrealEngine/4.18/DerivedDataCache/Boot.ddc.
[2018.01.28-02.47.46:267][  0]LogInit: Texture streaming: Enabled
[2018.01.28-02.47.46:385][  0]LogEngineSessionManager: EngineSessionManager initialized
[2018.01.28-02.47.46:552][  0]LogInit: Transaction tracking system initialized
[2018.01.28-02.47.46:957][  0]BlueprintLog: New page: Editor Load
[2018.01.28-02.47.48:099][  0]LocalizationService: Localization service is disabled
[2018.01.28-02.47.48:764][  0]LogLinker: Warning: Can't find file '/Game/ThirdPersonBP/ThirdPersonOverview'
[2018.01.28-02.47.48:764][  0]LogLinker: Warning: Can't find file '/Game/ThirdPersonBP/ThirdPersonOverview'
[2018.01.28-02.47.48:764][  0]LogUObjectGlobals: Warning: Failed to find object 'Class /Game/ThirdPersonBP/ThirdPersonOverview.ThirdPersonOverview_C'
[2018.01.28-02.47.49:082][  0]LogConsoleResponse: Display: 
[2018.01.28-02.47.49:746][  0]LogCook: Display: Max memory allowance for cook 16384mb min free memory 0mb
[2018.01.28-02.47.49:746][  0]LogCook: Display: Mobile HDR setting 1
[2018.01.28-02.47.49:746][  0]LogGameplayTags: Display: UGameplayTagsManager::DoneAddingNativeTags. DelegateIsBound: 0
[2018.01.28-02.47.50:266][  0]LogFileCache: Scanning file cache for directory 'C:/Users/Cosmotron/Documents/GitHub/VR_SwordMechanic/Content/' took 0.02s
[2018.01.28-02.47.51:294][  0]SourceControl: Source control is disabled
[2018.01.28-02.47.51:295][  0]Cmd: MAP LOAD FILE="../../../../../../Users/Cosmotron/Documents/GitHub/VR_SwordMechanic/Content/VirtualRealityBP/Maps/StartupMap.umap" TEMPLATE=0 SHOWPROGRESS=1 FEATURELEVEL=3
[2018.01.28-02.47.51:299][  0]LightingResults: New page: Lighting Build
[2018.01.28-02.47.51:354][  0]MapCheck: New page: Map Check
[2018.01.28-02.47.51:354][  0]LightingResults: New page: Lighting Build
[2018.01.28-02.47.51:622][  0]LogAIModule: Creating AISystem for world StartupMap
[2018.01.28-02.47.51:636][  0]LogEditorServer: Finished looking for orphan Actors (0.000 secs)
[2018.01.28-02.47.51:647][  0]Cmd: MAP CHECKDEP NOCLEARLOG
[2018.01.28-02.47.51:705][  0]MapCheck: Map check complete: 0 Error(s), 0 Warning(s), took 58.186ms to complete.
[2018.01.28-02.47.51:706][  0]LogFileHelpers: Loading map 'StartupMap' took 0.411
[2018.01.28-02.47.51:954][  0]LogCollectionManager: Loaded 0 collections in 0.002110 seconds
[2018.01.28-02.47.52:045][  0]LogFileCache: Scanning file cache for directory 'C:/Users/Cosmotron/Documents/GitHub/VR_SwordMechanic/Saved/Collections/' took 0.01s
[2018.01.28-02.47.52:045][  0]LogFileCache: Scanning file cache for directory 'C:/Users/Cosmotron/Documents/GitHub/VR_SwordMechanic/Content/Developers/Cosmotron/Collections/' took 0.01s
[2018.01.28-02.47.52:045][  0]LogFileCache: Scanning file cache for directory 'C:/Users/Cosmotron/Documents/GitHub/VR_SwordMechanic/Content/Collections/' took 0.01s
[2018.01.28-02.47.52:045][  0]LogCollectionManager: Rebuilt the GUID cache for 0 collections in 0.000001 seconds
[2018.01.28-02.47.52:057][  0]LogContentBrowser: Native class hierarchy populated in 0.0117 seconds. Added 2364 classes and 521 folders.
[2018.01.28-02.47.52:138][  0]LogContentBrowser: Native class hierarchy updated for 'WidgetCarousel' in 0.0003 seconds. Added 0 classes and 0 folders.
[2018.01.28-02.47.52:500][  0]LogContentBrowser: Native class hierarchy updated for 'AddContentDialog' in 0.0004 seconds. Added 0 classes and 0 folders.
[2018.01.28-02.47.52:589][  0]LogSlate: Took 0.006980 seconds to synchronously load lazily loaded font '../../../Engine/Content/Slate/Fonts/Roboto-Regular.ttf' (155K)
[2018.01.28-02.47.52:599][  0]LogSlate: Took 0.004554 seconds to synchronously load lazily loaded font '../../../Engine/Content/Slate/Fonts/Roboto-Bold.ttf' (160K)
[2018.01.28-02.47.52:606][  0]LogSlate: Took 0.005587 seconds to synchronously load lazily loaded font '../../../Engine/Content/Editor/Slate/Fonts/FontAwesome.ttf' (139K)
[2018.01.28-02.47.52:759][  0]LogRenderer: Reallocating scene render targets to support 1044x512 Format 26 NumSamples 1 (Frame:1).
[2018.01.28-02.47.53:019][  0]LogContentBrowser: Native class hierarchy updated for 'HierarchicalLODOutliner' in 0.0002 seconds. Added 1 classes and 2 folders.
[2018.01.28-02.47.53:019][  0]LogLoad: (Engine Initialization) Total time: 35.90 seconds
[2018.01.28-02.47.53:019][  0]LogLoad: (Engine Initialization) Total Blueprint compile time: 0.00 seconds
[2018.01.28-02.47.53:019][  0]LogExternalProfiler: No external profilers were discovered.  External profiling features will not be available.
[2018.01.28-02.47.53:057][  0]LogContentStreaming: Texture pool size now 1000 MB
[2018.01.28-02.47.53:124][  0]LogSlate: Took 0.004872 seconds to synchronously load lazily loaded font '../../../Engine/Content/Slate/Fonts/Roboto-Light.ttf' (159K)
[2018.01.28-02.47.53:141][  1]LogAssetRegistry: Asset discovery search completed in 20.6002 seconds
[2018.01.28-02.47.53:144][  1]LogCollectionManager: Rebuilt the object cache for 0 collections in 0.000000 seconds (found 0 objects)
[2018.01.28-02.47.53:144][  1]LogCollectionManager: Fixed up redirectors for 0 collections in 0.000062 seconds (updated 0 objects)
[2018.01.28-02.47.57:978][254]LogSlate: Took 0.000156 seconds to synchronously load lazily loaded font '../../../Engine/Content/Slate/Fonts/Roboto-Light.ttf' (159K)
[2018.01.28-02.47.58:689][254]LogAIModule: Creating AISystem for world MotionControllerMap
[2018.01.28-02.47.58:716][254]Cmd: MAP LOAD FILE="../../../../../../Users/Cosmotron/Documents/GitHub/VR_SwordMechanic/Content/VirtualRealityBP/Maps/MotionControllerMap.umap" TEMPLATE=0 SHOWPROGRESS=1 FEATURELEVEL=3
[2018.01.28-02.47.58:716][254]LightingResults: New page: Lighting Build
[2018.01.28-02.47.58:717][254]LoadErrors: New page: Loading map: MotionControllerMap.umap
[2018.01.28-02.47.58:717][254]MapCheck: New page: Map Check
[2018.01.28-02.47.58:718][254]LightingResults: New page: Lighting Build
[2018.01.28-02.47.58:809][254]LogEditorServer: Finished looking for orphan Actors (0.000 secs)
[2018.01.28-02.47.58:849][254]Cmd: MAP CHECKDEP NOCLEARLOG
[2018.01.28-02.47.58:912][254]MapCheck: Map check complete: 0 Error(s), 0 Warning(s), took 62.218ms to complete.
[2018.01.28-02.47.58:913][254]LogFileHelpers: Loading map 'MotionControllerMap' took 0.198
[2018.01.28-02.48.02:673][431]LogTemp: Repeating last play command: VR Preview
[2018.01.28-02.48.02:730][431]LogBlueprintUserMessages: Early PlayInEditor Detection: Level '/Game/VirtualRealityBP/Maps/MotionControllerMap.MotionControllerMap:PersistentLevel' has LevelScriptBlueprint '/Game/VirtualRealityBP/Maps/MotionControllerMap.MotionControllerMap:PersistentLevel.MotionControllerMap' with GeneratedClass '/Game/VirtualRealityBP/Maps/MotionControllerMap.MotionControllerMap_C' with ClassGeneratedBy '/Game/VirtualRealityBP/Maps/MotionControllerMap.MotionControllerMap:PersistentLevel.MotionControllerMap'
[2018.01.28-02.48.02:730][431]LogPlayLevel: PlayLevel: No blueprints needed recompiling
[2018.01.28-02.48.02:731][431]PIE: New page: PIE session: MotionControllerMap (Jan 27, 2018, 4:48:02 PM)
[2018.01.28-02.48.02:731][431]LogPlayLevel: Creating play world package: /Game/VirtualRealityBP/Maps/UEDPIE_0_MotionControllerMap
[2018.01.28-02.48.02:743][431]LogPlayLevel: PIE: StaticDuplicateObject took: (0.012826s)
[2018.01.28-02.48.02:744][431]LogAIModule: Creating AISystem for world MotionControllerMap
[2018.01.28-02.48.02:745][431]LogPlayLevel: PIE: World Init took: (0.001086s)
[2018.01.28-02.48.02:745][431]LogPlayLevel: PIE: Created PIE world by copying editor world from /Game/VirtualRealityBP/Maps/MotionControllerMap.MotionControllerMap to /Game/VirtualRealityBP/Maps/UEDPIE_0_MotionControllerMap.MotionControllerMap (0.014339s)
[2018.01.28-02.48.02:770][431]LogInit: XAudio2 using 'HTC-VIVE-C (NVIDIA High Definition Audio)' : 2 channels at 48 kHz using 16 bits per sample (channel mask 0x3)
[2018.01.28-02.48.02:780][431]LogInit: FAudioDevice initialized.
[2018.01.28-02.48.02:879][431]LogUObjectGlobals: Warning: Failed to find object 'Class None.'
[2018.01.28-02.48.02:879][431]LogLoad: Game class is 'GameModeBase'
[2018.01.28-02.48.02:882][431]LogWorld: Bringing World /Game/VirtualRealityBP/Maps/UEDPIE_0_MotionControllerMap.MotionControllerMap up for play (max tick rate 0) at 2018.01.27-21.48.02
[2018.01.28-02.48.02:883][431]LogWorld: Bringing up level for play took: 0.002527
[2018.01.28-02.48.02:933][431]LogContentBrowser: Native class hierarchy updated for 'MovieSceneCapture' in 0.0003 seconds. Added 11 classes and 0 folders.
[2018.01.28-02.48.02:943][431]PIE: Play in editor start time for /Game/VirtualRealityBP/Maps/UEDPIE_0_MotionControllerMap -0.1
[2018.01.28-02.48.02:943][431]LogBlueprintUserMessages: Late PlayInEditor Detection: Level '/Game/VirtualRealityBP/Maps/MotionControllerMap.MotionControllerMap:PersistentLevel' has LevelScriptBlueprint '/Game/VirtualRealityBP/Maps/MotionControllerMap.MotionControllerMap:PersistentLevel.MotionControllerMap' with GeneratedClass '/Game/VirtualRealityBP/Maps/MotionControllerMap.MotionControllerMap_C' with ClassGeneratedBy '/Game/VirtualRealityBP/Maps/MotionControllerMap.MotionControllerMap:PersistentLevel.MotionControllerMap'
[2018.01.28-02.48.02:994][432]LogRenderer: Reallocating scene render targets to support 2160x1200 Format 26 NumSamples 1 (Frame:1).
[2018.01.28-02.48.35:866][372]LogBlueprintUserMessages: Early EndPlayMap Detection: Level '/Game/VirtualRealityBP/Maps/MotionControllerMap.MotionControllerMap:PersistentLevel' has LevelScriptBlueprint '/Game/VirtualRealityBP/Maps/MotionControllerMap.MotionControllerMap:PersistentLevel.MotionControllerMap' with GeneratedClass '/Game/VirtualRealityBP/Maps/MotionControllerMap.MotionControllerMap_C' with ClassGeneratedBy '/Game/VirtualRealityBP/Maps/MotionControllerMap.MotionControllerMap:PersistentLevel.MotionControllerMap'
[2018.01.28-02.48.36:051][372]LogBlueprintUserMessages: Late EndPlayMap Detection: Level '/Game/VirtualRealityBP/Maps/MotionControllerMap.MotionControllerMap:PersistentLevel' has LevelScriptBlueprint '/Game/VirtualRealityBP/Maps/MotionControllerMap.MotionControllerMap:PersistentLevel.MotionControllerMap' with GeneratedClass '/Game/VirtualRealityBP/Maps/MotionControllerMap.MotionControllerMap_C' with ClassGeneratedBy '/Game/VirtualRealityBP/Maps/MotionControllerMap.MotionControllerMap:PersistentLevel.MotionControllerMap'
[2018.01.28-02.48.49:591][ 17]LogContentBrowser: Native class hierarchy updated for 'BlueprintGraph' in 0.0011 seconds. Added 116 classes and 0 folders.
[2018.01.28-02.48.50:437][ 17]LogSlate: Took 0.000179 seconds to synchronously load lazily loaded font '../../../Engine/Content/Slate/Fonts/Roboto-Regular.ttf' (155K)
[2018.01.28-02.48.50:595][ 17]LogSlate: Took 0.004745 seconds to synchronously load lazily loaded font '../../../Engine/Content/Editor/Slate/Fonts/Roboto-BoldCondensed.ttf' (158K)
[2018.01.28-02.48.50:749][ 18]LogSlate: Took 0.005035 seconds to synchronously load lazily loaded font '../../../Engine/Content/Editor/Slate/Fonts/Roboto-Italic.ttf' (157K)
[2018.01.28-02.49.12:648][990]BlueprintLog: New page: Compile EtheralHand_R
[2018.01.28-02.49.25:436][310]LogContentBrowser: Native class hierarchy updated for 'SkeletonEditor' in 0.0004 seconds. Added 1 classes and 2 folders.
[2018.01.28-02.49.25:615][310]LogActorComponent: RegisterComponentWithWorld: (/Engine/Transient.World_10:PersistentLevel.Actor_0.DebugSkelMeshComponent_0) Already registered. Aborting.
[2018.01.28-02.49.25:919][310]LogSkeletalMesh: USkeletalMeshComponent::InitArticulated : Bodies already created (/Engine/Transient.World_10:PersistentLevel.Actor_0.DebugSkelMeshComponent_0) - call TermArticulated first.
[2018.01.28-02.49.26:359][310]LogContentBrowser: Native class hierarchy updated for 'ClothingSystemEditorInterface' in 0.0002 seconds. Added 1 classes and 0 folders.
[2018.01.28-02.51.21:812][859]BlueprintLog: New page: Compile TestPlayer
[2018.01.28-02.51.43:501][133]LogTemp: Repeating last play command: VR Preview
[2018.01.28-02.51.43:522][133]LogBlueprintUserMessages: Early PlayInEditor Detection: Level '/Game/VirtualRealityBP/Maps/MotionControllerMap.MotionControllerMap:PersistentLevel' has LevelScriptBlueprint '/Game/VirtualRealityBP/Maps/MotionControllerMap.MotionControllerMap:PersistentLevel.MotionControllerMap' with GeneratedClass '/Game/VirtualRealityBP/Maps/MotionControllerMap.MotionControllerMap_C' with ClassGeneratedBy '/Game/VirtualRealityBP/Maps/MotionControllerMap.MotionControllerMap:PersistentLevel.MotionControllerMap'
[2018.01.28-02.51.43:523][133]LogPlayLevel: PlayLevel: No blueprints needed recompiling
[2018.01.28-02.51.43:523][133]PIE: New page: PIE session: MotionControllerMap (Jan 27, 2018, 4:51:43 PM)
[2018.01.28-02.51.43:523][133]LogPlayLevel: Creating play world package: /Game/VirtualRealityBP/Maps/UEDPIE_0_MotionControllerMap
[2018.01.28-02.51.43:537][133]LogPlayLevel: PIE: StaticDuplicateObject took: (0.014260s)
[2018.01.28-02.51.43:538][133]LogAIModule: Creating AISystem for world MotionControllerMap
[2018.01.28-02.51.43:538][133]LogPlayLevel: PIE: World Init took: (0.001103s)
[2018.01.28-02.51.43:539][133]LogPlayLevel: PIE: Created PIE world by copying editor world from /Game/VirtualRealityBP/Maps/MotionControllerMap.MotionControllerMap to /Game/VirtualRealityBP/Maps/UEDPIE_0_MotionControllerMap.MotionControllerMap (0.015726s)
[2018.01.28-02.51.43:583][133]LogInit: XAudio2 using 'HTC-VIVE-C (NVIDIA High Definition Audio)' : 2 channels at 48 kHz using 16 bits per sample (channel mask 0x3)
[2018.01.28-02.51.43:593][133]LogInit: FAudioDevice initialized.
[2018.01.28-02.51.43:682][133]LogUObjectGlobals: Warning: Failed to find object 'Class None.'
[2018.01.28-02.51.43:682][133]LogLoad: Game class is 'GameModeBase'
[2018.01.28-02.51.43:685][133]LogWorld: Bringing World /Game/VirtualRealityBP/Maps/UEDPIE_0_MotionControllerMap.MotionControllerMap up for play (max tick rate 0) at 2018.01.27-21.51.43
[2018.01.28-02.51.43:685][133]LogWorld: Bringing up level for play took: 0.002743
[2018.01.28-02.51.43:694][133]PIE: Play in editor start time for /Game/VirtualRealityBP/Maps/UEDPIE_0_MotionControllerMap 0.65
[2018.01.28-02.51.43:694][133]LogBlueprintUserMessages: Late PlayInEditor Detection: Level '/Game/VirtualRealityBP/Maps/MotionControllerMap.MotionControllerMap:PersistentLevel' has LevelScriptBlueprint '/Game/VirtualRealityBP/Maps/MotionControllerMap.MotionControllerMap:PersistentLevel.MotionControllerMap' with GeneratedClass '/Game/VirtualRealityBP/Maps/MotionControllerMap.MotionControllerMap_C' with ClassGeneratedBy '/Game/VirtualRealityBP/Maps/MotionControllerMap.MotionControllerMap:PersistentLevel.MotionControllerMap'
[2018.01.28-02.51.58:133][422]LogBlueprintUserMessages: Early EndPlayMap Detection: Level '/Game/VirtualRealityBP/Maps/MotionControllerMap.MotionControllerMap:PersistentLevel' has LevelScriptBlueprint '/Game/VirtualRealityBP/Maps/MotionControllerMap.MotionControllerMap:PersistentLevel.MotionControllerMap' with GeneratedClass '/Game/VirtualRealityBP/Maps/MotionControllerMap.MotionControllerMap_C' with ClassGeneratedBy '/Game/VirtualRealityBP/Maps/MotionControllerMap.MotionControllerMap:PersistentLevel.MotionControllerMap'
[2018.01.28-02.51.58:311][422]LogBlueprintUserMessages: Late EndPlayMap Detection: Level '/Game/VirtualRealityBP/Maps/MotionControllerMap.MotionControllerMap:PersistentLevel' has LevelScriptBlueprint '/Game/VirtualRealityBP/Maps/MotionControllerMap.MotionControllerMap:PersistentLevel.MotionControllerMap' with GeneratedClass '/Game/VirtualRealityBP/Maps/MotionControllerMap.MotionControllerMap_C' with ClassGeneratedBy '/Game/VirtualRealityBP/Maps/MotionControllerMap.MotionControllerMap:PersistentLevel.MotionControllerMap'
[2018.01.28-02.53.40:126][445]LogActorComponent: RegisterComponentWithWorld: (/Engine/Transient.World_16:PersistentLevel.Actor_1.DebugSkelMeshComponent_2) Already registered. Aborting.
[2018.01.28-02.53.40:152][445]LogSkeletalMesh: USkeletalMeshComponent::InitArticulated : Bodies already created (/Engine/Transient.World_16:PersistentLevel.Actor_1.DebugSkelMeshComponent_2) - call TermArticulated first.
[2018.01.28-02.55.05:087][ 97]LogSlate: Warning: Prevented a slow task dialog from being summoned while a context menu was open
[2018.01.28-02.55.37:096][341]LogTemp: Repeating last play command: VR Preview
[2018.01.28-02.55.37:122][341]LogBlueprintUserMessages: Early PlayInEditor Detection: Level '/Game/VirtualRealityBP/Maps/MotionControllerMap.MotionControllerMap:PersistentLevel' has LevelScriptBlueprint '/Game/VirtualRealityBP/Maps/MotionControllerMap.MotionControllerMap:PersistentLevel.MotionControllerMap' with GeneratedClass '/Game/VirtualRealityBP/Maps/MotionControllerMap.MotionControllerMap_C' with ClassGeneratedBy '/Game/VirtualRealityBP/Maps/MotionControllerMap.MotionControllerMap:PersistentLevel.MotionControllerMap'
[2018.01.28-02.55.37:122][341]BlueprintLog: New page: Pre-Play auto-recompile
[2018.01.28-02.55.37:161][341]LogPlayLevel: [PlayLevel] Compiling Etheral_Avatar before play...
[2018.01.28-02.55.37:211][341]LogBlueprint: Error: [Compiler Etheral_Avatar] This blueprint (self) is not a EtheralHand_L_C, therefore ' Target ' must have a connection.
[2018.01.28-02.55.37:213][341]LogBlueprint: Error: [Compiler Etheral_Avatar] Variable node  Set ArmLength  uses an invalid target.  It may depend on a node that is not connected to the execution chain, and got purged.
[2018.01.28-02.55.37:214][341]LogBlueprint: Warning: [Compiler Etheral_Avatar] [0500.09] Compile of Etheral_Avatar failed. 2 Fatal Issue(s) 0 Warning(s) [in 55 ms] (/Game/x-NewStuff/EtheralRelated/Etheral_Avatar.Etheral_Avatar)
[2018.01.28-02.55.37:366][341]LogPlayLevel: PlayLevel: Blueprint regeneration took 244 ms (1 blueprints)
[2018.01.28-02.55.37:366][341]BlueprintLog: Blueprint Etheral_Avatar failed to compile
[2018.01.28-02.55.43:131][814]LogSlate: Warning: Prevented a slow task dialog from being summoned while a context menu was open
[2018.01.28-02.55.51:600][395]BlueprintLog: New page: Compile Etheral_Avatar
[2018.01.28-02.55.51:693][395]LogBlueprint: Error: [Compiler Etheral_Avatar] This blueprint (self) is not a EtheralHand_L_C, therefore ' Target ' must have a connection.
[2018.01.28-02.55.51:696][395]LogBlueprint: Error: [Compiler Etheral_Avatar] Variable node  Set ArmLength  uses an invalid target.  It may depend on a node that is not connected to the execution chain, and got purged.
[2018.01.28-02.55.51:832][395]LogBlueprint: Warning: [Compiler Etheral_Avatar] [0514.71] Compile of Etheral_Avatar failed. 2 Fatal Issue(s) 0 Warning(s) [in 232 ms] (/Game/x-NewStuff/EtheralRelated/Etheral_Avatar.Etheral_Avatar)
[2018.01.28-02.55.58:605][727]BlueprintLog: New page: Compile Etheral_Avatar
[2018.01.28-02.55.58:696][727]LogBlueprint: Error: [Compiler Etheral_Avatar] This blueprint (self) is not a EtheralHand_L_C, therefore ' Target ' must have a connection.
[2018.01.28-02.55.58:698][727]LogBlueprint: Error: [Compiler Etheral_Avatar] Variable node  Set ArmLength  uses an invalid target.  It may depend on a node that is not connected to the execution chain, and got purged.
[2018.01.28-02.55.58:843][727]LogBlueprint: Warning: [Compiler Etheral_Avatar] [0521.72] Compile of Etheral_Avatar failed. 2 Fatal Issue(s) 0 Warning(s) [in 238 ms] (/Game/x-NewStuff/EtheralRelated/Etheral_Avatar.Etheral_Avatar)
[2018.01.28-02.55.59:540][760]BlueprintLog: New page: Compile Etheral_Avatar
[2018.01.28-02.55.59:632][760]LogBlueprint: Error: [Compiler Etheral_Avatar] This blueprint (self) is not a EtheralHand_L_C, therefore ' Target ' must have a connection.
[2018.01.28-02.55.59:634][760]LogBlueprint: Error: [Compiler Etheral_Avatar] Variable node  Set ArmLength  uses an invalid target.  It may depend on a node that is not connected to the execution chain, and got purged.
[2018.01.28-02.55.59:769][760]LogBlueprint: Warning: [Compiler Etheral_Avatar] [0522.65] Compile of Etheral_Avatar failed. 2 Fatal Issue(s) 0 Warning(s) [in 228 ms] (/Game/x-NewStuff/EtheralRelated/Etheral_Avatar.Etheral_Avatar)
[2018.01.28-02.56.01:566][906]LogEditorTransaction: Undo Edit Animation Mode
[2018.01.28-02.56.01:574][906]LogSlate: Took 0.000233 seconds to synchronously load lazily loaded font '../../../Engine/Content/Slate/Fonts/Roboto-Light.ttf' (159K)
[2018.01.28-02.56.02:086][939]LogEditorTransaction: Undo Rename Component Variable
[2018.01.28-02.56.02:826][978]LogEditorTransaction: Undo Edit Auto Activate
[2018.01.28-02.56.02:848][978]LogActorComponent: ~FComponentReregisterContext: (/Engine/Transient.World_15:PersistentLevel.TestPlayer_C_1.CollisionCylinder) Component already registered.
[2018.01.28-02.56.03:219][997]LogEditorTransaction: Undo Modify Component(s)
[2018.01.28-02.56.04:329][ 53]LogEditorTransaction: Undo Edit Anim Class
[2018.01.28-02.56.06:449][140]BlueprintLog: New page: Compile Etheral_Avatar
[2018.01.28-02.56.06:545][140]LogBlueprint: Error: [Compiler Etheral_Avatar] This blueprint (self) is not a EtheralHand_L_C, therefore ' Target ' must have a connection.
[2018.01.28-02.56.06:548][140]LogBlueprint: Error: [Compiler Etheral_Avatar] Variable node  Set ArmLength  uses an invalid target.  It may depend on a node that is not connected to the execution chain, and got purged.
[2018.01.28-02.56.06:701][140]LogBlueprint: Warning: [Compiler Etheral_Avatar] [0529.58] Compile of Etheral_Avatar failed. 2 Fatal Issue(s) 0 Warning(s) [in 250 ms] (/Game/x-NewStuff/EtheralRelated/Etheral_Avatar.Etheral_Avatar)
[2018.01.28-02.56.30:819][612]LogSlate: Warning: Prevented a slow task dialog from being summoned while a context menu was open
[2018.01.28-02.56.36:042][ 36]LogSavePackage: Save=211.80ms
[2018.01.28-02.56.36:042][ 36]LogSavePackage: Moving '../../../../../../Users/Cosmotron/Documents/GitHub/VR_SwordMechanic/Saved/Etheral_AvatarF97E73364A026F983023AD95987D99CB.tmp' to '../../../../../../Users/Cosmotron/Documents/GitHub/VR_SwordMechanic/Content/x-NewStuff/EtheralRelated/Etheral_Avatar.uasset'
[2018.01.28-02.56.36:047][ 36]LogSavePackage: Display: Finished SavePackage ../../../../../../Users/Cosmotron/Documents/GitHub/VR_SwordMechanic/Content/x-NewStuff/EtheralRelated/Etheral_Avatar.uasset
[2018.01.28-02.56.59:598][ 37]LogSavePackage: Save=217.71ms
[2018.01.28-02.56.59:598][ 37]LogSavePackage: Moving '../../../../../../Users/Cosmotron/Documents/GitHub/VR_SwordMechanic/Saved/Etheral_AvatarA27A371A4FB22E0028F00C8E30F2B23A.tmp' to '../../../../../../Users/Cosmotron/Documents/GitHub/VR_SwordMechanic/Content/x-NewStuff/EtheralRelated/Etheral_Avatar.uasset'
[2018.01.28-02.56.59:602][ 37]LogSavePackage: Display: Finished SavePackage ../../../../../../Users/Cosmotron/Documents/GitHub/VR_SwordMechanic/Content/x-NewStuff/EtheralRelated/Etheral_Avatar.uasset
[2018.01.28-02.57.01:046][185]BlueprintLog: New page: Compile Etheral_Avatar
[2018.01.28-02.57.08:291][323]LogSavePackage: Save=221.20ms
[2018.01.28-02.57.08:291][323]LogSavePackage: Moving '../../../../../../Users/Cosmotron/Documents/GitHub/VR_SwordMechanic/Saved/Etheral_Avatar77FFF7A94E927DA7BD456B96F534427C.tmp' to '../../../../../../Users/Cosmotron/Documents/GitHub/VR_SwordMechanic/Content/x-NewStuff/EtheralRelated/Etheral_Avatar.uasset'
[2018.01.28-02.57.08:295][323]LogSavePackage: Display: Finished SavePackage ../../../../../../Users/Cosmotron/Documents/GitHub/VR_SwordMechanic/Content/x-NewStuff/EtheralRelated/Etheral_Avatar.uasset
[2018.01.28-02.57.17:050][157]BlueprintLog: New page: Compile Etheral_Avatar
[2018.01.28-02.57.21:037][494]LogActorComponent: RegisterComponentWithWorld: (/Engine/Transient.World_21:PersistentLevel.Actor_2.DebugSkelMeshComponent_3) Already registered. Aborting.
[2018.01.28-02.57.21:306][494]LogSkeletalMesh: USkeletalMeshComponent::InitArticulated : Bodies already created (/Engine/Transient.World_21:PersistentLevel.Actor_2.DebugSkelMeshComponent_3) - call TermArticulated first.
[2018.01.28-02.57.51:573][ 64]LogUObjectArray: Warning: Invalid object index -572662307
[2018.01.28-02.57.51:739][ 64]LogStats: FPlatformStackWalk::StackWalkAndDump -  0.166 s
[2018.01.28-02.57.51:739][ 64]LogOutputDevice: Error: === Handled ensure: ===
[2018.01.28-02.57.51:739][ 64]LogOutputDevice: Error: 
[2018.01.28-02.57.51:739][ 64]LogOutputDevice: Error: Ensure condition failed: false [File:D:\Build\++UE4+Release-4.18+Compile\Sync\Engine\Source\Editor\UnrealEd\Private\Kismet2\KismetDebugUtilities.cpp] [Line: 1029]
[2018.01.28-02.57.51:739][ 64]LogOutputDevice: Error: Error: Invalid (but non-null) property associated with pin; cannot get variable value
[2018.01.28-02.57.51:739][ 64]LogOutputDevice: Error: Stack: 
[2018.01.28-02.57.51:739][ 64]LogOutputDevice: Error: [Callstack] 0x0000000033AC2786 UE4Editor-Core.dll!UnknownFunction []
[2018.01.28-02.57.51:739][ 64]LogOutputDevice: Error: [Callstack] 0x000000003386123A UE4Editor-Core.dll!UnknownFunction []
[2018.01.28-02.57.51:739][ 64]LogOutputDevice: Error: [Callstack] 0x000000003387B906 UE4Editor-Core.dll!UnknownFunction []
[2018.01.28-02.57.51:740][ 64]LogOutputDevice: Error: [Callstack] 0x000000002F0533F6 UE4Editor-UnrealEd.dll!UnknownFunction []
[2018.01.28-02.57.51:740][ 64]LogOutputDevice: Error: [Callstack] 0x000000002BD803AB UE4Editor-BlueprintGraph.dll!UnknownFunction []
[2018.01.28-02.57.51:740][ 64]LogOutputDevice: Error: [Callstack] 0x000000002AC13EBA UE4Editor-GraphEditor.dll!UnknownFunction []
[2018.01.28-02.57.51:740][ 64]LogOutputDevice: Error: [Callstack] 0x000000002AAA74AC UE4Editor-GraphEditor.dll!UnknownFunction []
[2018.01.28-02.57.51:740][ 64]LogOutputDevice: Error: [Callstack] 0x000000002AAAABF9 UE4Editor-GraphEditor.dll!UnknownFunction []
[2018.01.28-02.57.51:740][ 64]LogOutputDevice: Error: [Callstack] 0x000000002ABD8225 UE4Editor-GraphEditor.dll!UnknownFunction []
[2018.01.28-02.57.51:740][ 64]LogOutputDevice: Error: [Callstack] 0x000000002FFC7397 UE4Editor-Slate.dll!UnknownFunction []
[2018.01.28-02.57.51:740][ 64]LogOutputDevice: Error: [Callstack] 0x000000002FFCCE61 UE4Editor-Slate.dll!UnknownFunction []
[2018.01.28-02.57.51:740][ 64]LogOutputDevice: Error: [Callstack] 0x0000000030209913 UE4Editor-Slate.dll!UnknownFunction []
[2018.01.28-02.57.51:740][ 64]LogOutputDevice: Error: [Callstack] 0x0000000030023484 UE4Editor-Slate.dll!UnknownFunction []
[2018.01.28-02.57.51:740][ 64]LogOutputDevice: Error: [Callstack] 0x000000002FFFB68C UE4Editor-Slate.dll!UnknownFunction []
[2018.01.28-02.57.51:740][ 64]LogOutputDevice: Error: [Callstack] 0x000000002FFED6B7 UE4Editor-Slate.dll!UnknownFunction []
[2018.01.28-02.57.51:740][ 64]LogOutputDevice: Error: [Callstack] 0x000000003081E39E UE4Editor-ApplicationCore.dll!UnknownFunction []
[2018.01.28-02.57.51:740][ 64]LogOutputDevice: Error: [Callstack] 0x0000000030811A48 UE4Editor-ApplicationCore.dll!UnknownFunction []
[2018.01.28-02.57.51:740][ 64]LogOutputDevice: Error: [Callstack] 0x00000000308203EC UE4Editor-ApplicationCore.dll!UnknownFunction []
[2018.01.28-02.57.51:740][ 64]LogOutputDevice: Error: [Callstack] 0x000000003080D5A9 UE4Editor-ApplicationCore.dll!UnknownFunction []
[2018.01.28-02.57.51:740][ 64]LogOutputDevice: Error: [Callstack] 0x000000008A0CB85D USER32.dll!UnknownFunction []
[2018.01.28-02.57.51:740][ 64]LogOutputDevice: Error: [Callstack] 0x000000008A0CB1EF USER32.dll!UnknownFunction []
[2018.01.28-02.57.51:740][ 64]LogOutputDevice: Error: [Callstack] 0x0000000030821516 UE4Editor-ApplicationCore.dll!UnknownFunction []
[2018.01.28-02.57.51:740][ 64]LogOutputDevice: Error: [Callstack] 0x00000000721750C8 UE4Editor.exe!UnknownFunction []
[2018.01.28-02.57.51:740][ 64]LogOutputDevice: Error: [Callstack] 0x0000000072185430 UE4Editor.exe!UnknownFunction []
[2018.01.28-02.57.51:740][ 64]LogOutputDevice: Error: [Callstack] 0x00000000721854AA UE4Editor.exe!UnknownFunction []
[2018.01.28-02.57.51:740][ 64]LogOutputDevice: Error: [Callstack] 0x0000000072192379 UE4Editor.exe!UnknownFunction []
[2018.01.28-02.57.51:740][ 64]LogOutputDevice: Error: [Callstack] 0x0000000072193D57 UE4Editor.exe!UnknownFunction []
[2018.01.28-02.57.51:740][ 64]LogOutputDevice: Error: [Callstack] 0x000000008BA61FE4 KERNEL32.DLL!UnknownFunction []
[2018.01.28-02.57.51:740][ 64]LogOutputDevice: Error: [Callstack] 0x000000008BB9EFB1 ntdll.dll!UnknownFunction []
[2018.01.28-02.57.51:740][ 64]LogOutputDevice: Error: 
[2018.01.28-02.57.51:742][ 64]LogStats:                SubmitErrorReport -  0.000 s
[2018.01.28-02.57.52:232][ 64]LogStats:                    SendNewReport -  0.490 s
[2018.01.28-02.57.52:232][ 64]LogStats:             FDebug::EnsureFailed -  0.659 s
[2018.01.28-02.57.52:233][ 64]LogUObjectArray: Warning: Invalid object index -572662307
[2018.01.28-02.58.47:458][247]LogFileHelpers: Editor autosave (incl. sublevels) for '/Game/VirtualRealityBP/Maps/MotionControllerMap' took 0.025
[2018.01.28-02.58.47:461][247]OBJ SavePackage: Generating thumbnails for [1] asset(s) in package [/Game/x-NewStuff/EtheralRelated/LeftArm_AnimBP] ([1] browsable assets)...
[2018.01.28-02.58.47:493][247]OBJ SavePackage:     Rendered thumbnail for [AnimBlueprint /Game/x-NewStuff/EtheralRelated/LeftArm_AnimBP.LeftArm_AnimBP]
[2018.01.28-02.58.47:493][247]OBJ SavePackage: Finished generating thumbnails for package [/Game/x-NewStuff/EtheralRelated/LeftArm_AnimBP]
[2018.01.28-02.58.47:566][247]LogSavePackage: Save=50.94ms
[2018.01.28-02.58.47:566][247]LogSavePackage: Moving '../../../../../../Users/Cosmotron/Documents/GitHub/VR_SwordMechanic/Saved/LeftArm_AnimBP_Auto1783F6C4F46AC4452E7A3159A16A1DFBD.tmp' to '../../../../../../Users/Cosmotron/Documents/GitHub/VR_SwordMechanic/Saved/Autosaves/Game/x-NewStuff/EtheralRelated/LeftArm_AnimBP_Auto1.uasset'
[2018.01.28-02.58.47:568][247]LogSavePackage: Display: Finished SavePackage ../../../../../../Users/Cosmotron/Documents/GitHub/VR_SwordMechanic/Saved/Autosaves/Game/x-NewStuff/EtheralRelated/LeftArm_AnimBP_Auto1.uasset
[2018.01.28-02.58.47:569][247]LogFileHelpers: Auto-saving content packages took 0.110
[2018.01.28-04.45.53:235][314]LogSavePackage: Save=49.48ms
[2018.01.28-04.45.53:235][314]LogSavePackage: Moving '../../../../../../Users/Cosmotron/Documents/GitHub/VR_SwordMechanic/Saved/LeftArm_AnimBP4BEBA40D4D1B8AC938E588B561731E24.tmp' to '../../../../../../Users/Cosmotron/Documents/GitHub/VR_SwordMechanic/Content/x-NewStuff/EtheralRelated/LeftArm_AnimBP.uasset'
[2018.01.28-04.45.53:239][314]LogSavePackage: Display: Finished SavePackage ../../../../../../Users/Cosmotron/Documents/GitHub/VR_SwordMechanic/Content/x-NewStuff/EtheralRelated/LeftArm_AnimBP.uasset
[2018.01.28-04.45.53:609][314]LogActorComponent: UnregisterComponent: (/Engine/Transient.EditorFloorComp) Not registered. Aborting.
[2018.01.28-04.45.53:680][314]LogActorComponent: UnregisterComponent: (/Engine/Transient.EditorFloorComp) Not registered. Aborting.
[2018.01.28-04.45.53:750][314]LogActorComponent: UnregisterComponent: (/Engine/Transient.EditorFloorComp) Not registered. Aborting.
[2018.01.28-04.45.54:087][315]Cmd: QUIT_EDITOR
[2018.01.28-04.45.54:111][315]LogWindowsTextInputMethodSystem: Display: IME system now deactivated.
[2018.01.28-04.45.54:126][315]LogExit: Preparing to exit.
[2018.01.28-04.45.54:594][315]LogDirectoryWatcher: A directory notification for 'C:/Users/Cosmotron/Documents/GitHub/VR_SwordMechanic/Content/' was aborted.
[2018.01.28-04.45.54:635][315]LogExit: Editor shut down
[2018.01.28-04.45.54:639][315]LogExit: Transaction tracking system shut down
[2018.01.28-04.45.54:729][315]LogDirectoryWatcher: A directory notification for '../../../Engine/Content/' was aborted.
[2018.01.28-04.45.54:729][315]LogDirectoryWatcher: A directory notification for '../../../../../../Users/Cosmotron/Documents/GitHub/VR_SwordMechanic/Content/' was aborted.
[2018.01.28-04.45.54:729][315]LogDirectoryWatcher: A directory notification for '../../../Engine/Plugins/2D/Paper2D/Content/' was aborted.
[2018.01.28-04.45.54:729][315]LogDirectoryWatcher: A directory notification for '../../../Engine/Plugins/Media/MediaCompositing/Content/' was aborted.
[2018.01.28-04.45.54:730][315]LogDirectoryWatcher: A directory notification for '../../../Engine/Plugins/Runtime/AppleARKit/Content/' was aborted.
[2018.01.28-04.45.54:730][315]LogDirectoryWatcher: A directory notification for '../../../Engine/Plugins/Runtime/Oculus/OculusVR/Content/' was aborted.
[2018.01.28-04.45.54:730][315]LogDirectoryWatcher: A directory notification for '../../../Engine/Plugins/Runtime/Steam/SteamVR/Content/' was aborted.
[2018.01.28-04.45.54:822][315]LogExit: Object subsystem successfully closed.
[2018.01.28-04.45.54:838][315]LogD3D11RHI: Shutdown
[2018.01.28-04.45.54:838][315]LogD3D11RHI: CleanupD3DDevice
[2018.01.28-04.45.54:843][315]LogD3D11RHI: ~FD3D11DynamicRHI
[2018.01.28-04.45.54:861][315]LogModuleManager: Shutting down and abandoning module ClothingSystemEditorInterface (558)
[2018.01.28-04.45.54:861][315]LogModuleManager: Shutting down and abandoning module SkeletonEditor (556)
[2018.01.28-04.45.54:861][315]LogModuleManager: Shutting down and abandoning module AnimationBlueprintEditor (554)
[2018.01.28-04.45.54:861][315]LogModuleManager: Shutting down and abandoning module BlueprintGraph (552)
[2018.01.28-04.45.54:861][315]LogModuleManager: Shutting down and abandoning module MovieSceneCapture (550)
[2018.01.28-04.45.54:861][315]LogModuleManager: Shutting down and abandoning module HierarchicalLODOutliner (548)
[2018.01.28-04.45.54:861][315]LogModuleManager: Shutting down and abandoning module AddContentDialog (546)
[2018.01.28-04.45.54:861][315]LogDirectoryWatcher: A directory notification for 'C:/Program Files/Epic Games/UE_4.18/FeaturePacks/' was aborted.
[2018.01.28-04.45.54:862][315]LogModuleManager: Shutting down and abandoning module WidgetCarousel (545)
[2018.01.28-04.45.54:862][315]LogModuleManager: Shutting down and abandoning module EditorWidgets (542)
[2018.01.28-04.45.54:862][315]LogModuleManager: Shutting down and abandoning module CollectionManager (540)
[2018.01.28-04.45.54:862][315]LogDirectoryWatcher: A directory notification for 'C:/Users/Cosmotron/Documents/GitHub/VR_SwordMechanic/Content/Collections/' was aborted.
[2018.01.28-04.45.54:862][315]LogDirectoryWatcher: A directory notification for 'C:/Users/Cosmotron/Documents/GitHub/VR_SwordMechanic/Content/Developers/Cosmotron/Collections/' was aborted.
[2018.01.28-04.45.54:862][315]LogDirectoryWatcher: A directory notification for 'C:/Users/Cosmotron/Documents/GitHub/VR_SwordMechanic/Saved/Collections/' was aborted.
[2018.01.28-04.45.54:862][315]LogModuleManager: Shutting down and abandoning module SceneOutliner (538)
[2018.01.28-04.45.54:862][315]LogModuleManager: Shutting down and abandoning module StatsViewer (536)
[2018.01.28-04.45.54:862][315]LogModuleManager: Shutting down and abandoning module FoliageEdit (534)
[2018.01.28-04.45.54:862][315]LogModuleManager: Shutting down and abandoning module LandscapeEditor (532)
[2018.01.28-04.45.54:862][315]LogModuleManager: Shutting down and abandoning module MeshPaintMode (530)
[2018.01.28-04.45.54:862][315]LogModuleManager: Shutting down and abandoning module SceneDepthPickerMode (528)
[2018.01.28-04.45.54:863][315]LogModuleManager: Shutting down and abandoning module ActorPickerMode (526)
[2018.01.28-04.45.54:863][315]LogModuleManager: Shutting down and abandoning module GeometryMode (524)
[2018.01.28-04.45.54:863][315]LogModuleManager: Shutting down and abandoning module TextureAlignMode (522)
[2018.01.28-04.45.54:863][315]LogModuleManager: Shutting down and abandoning module BspMode (520)
[2018.01.28-04.45.54:863][315]LogModuleManager: Shutting down and abandoning module PIEPreviewDeviceProfileSelector (518)
[2018.01.28-04.45.54:863][315]LogModuleManager: Shutting down and abandoning module HardwareSurvey (516)
[2018.01.28-04.45.54:863][315]LogModuleManager: Shutting down and abandoning module SequenceRecorderSections (514)
[2018.01.28-04.45.54:863][315]LogModuleManager: Shutting down and abandoning module AutomationWorker (512)
[2018.01.28-04.45.54:863][315]LogModuleManager: Shutting down and abandoning module MatineeToLevelSequence (510)
[2018.01.28-04.45.54:863][315]LogModuleManager: Shutting down and abandoning module LevelSequenceEditor (508)
[2018.01.28-04.45.54:863][315]LogModuleManager: Shutting down and abandoning module PlacementMode (507)
[2018.01.28-04.45.54:863][315]LogModuleManager: Shutting down and abandoning module WmfMediaFactory (504)
[2018.01.28-04.45.54:863][315]LogModuleManager: Shutting down and abandoning module WmfMediaEditor (502)
[2018.01.28-04.45.54:863][315]LogModuleManager: Shutting down and abandoning module OpenExrWrapper (500)
[2018.01.28-04.45.54:863][315]LogModuleManager: Shutting down and abandoning module ImgMediaFactory (498)
[2018.01.28-04.45.54:863][315]LogModuleManager: Shutting down and abandoning module ImgMediaEditor (496)
[2018.01.28-04.45.54:863][315]LogModuleManager: Shutting down and abandoning module AvfMediaFactory (494)
[2018.01.28-04.45.54:863][315]LogModuleManager: Shutting down and abandoning module AvfMediaEditor (492)
[2018.01.28-04.45.54:863][315]LogModuleManager: Shutting down and abandoning module AndroidMediaFactory (490)
[2018.01.28-04.45.54:863][315]LogModuleManager: Shutting down and abandoning module AndroidMediaEditor (488)
[2018.01.28-04.45.54:863][315]LogModuleManager: Shutting down and abandoning module CharacterAI (486)
[2018.01.28-04.45.54:863][315]LogModuleManager: Shutting down and abandoning module AudioCapture (484)
[2018.01.28-04.45.54:863][315]LogModuleManager: Shutting down and abandoning module SequenceRecorder (483)
[2018.01.28-04.45.54:863][315]LogModuleManager: Shutting down and abandoning module SmartSnapping (480)
[2018.01.28-04.45.54:863][315]LogModuleManager: Shutting down and abandoning module SessionServices (478)
[2018.01.28-04.45.54:863][315]LogModuleManager: Shutting down and abandoning module ViewportSnapping (476)
[2018.01.28-04.45.54:863][315]LogModuleManager: Shutting down and abandoning module ViewportInteraction (474)
[2018.01.28-04.45.54:863][315]LogModuleManager: Shutting down and abandoning module ClothPainter (472)
[2018.01.28-04.45.54:863][315]LogModuleManager: Shutting down and abandoning module SkeletalMeshEditor (471)
[2018.01.28-04.45.54:863][315]LogModuleManager: Shutting down and abandoning module LogVisualizer (468)
[2018.01.28-04.45.54:863][315]LogModuleManager: Shutting down and abandoning module IntroTutorials (466)
[2018.01.28-04.45.54:864][315]LogModuleManager: Shutting down and abandoning module GameProjectGeneration (465)
[2018.01.28-04.45.54:864][315]LogModuleManager: Shutting down and abandoning module IOSPlatformEditor (462)
[2018.01.28-04.45.54:864][315]LogModuleManager: Shutting down and abandoning module HTML5PlatformEditor (460)
[2018.01.28-04.45.54:864][315]LogModuleManager: Shutting down and abandoning module AndroidPlatformEditor (458)
[2018.01.28-04.45.54:864][315]LogModuleManager: Shutting down and abandoning module AndroidDeviceDetection (457)
[2018.01.28-04.45.55:085][315]LogModuleManager: Shutting down and abandoning module WindowsPlatformEditor (454)
[2018.01.28-04.45.55:085][315]LogModuleManager: Shutting down and abandoning module IOSRuntimeSettings (452)
[2018.01.28-04.45.55:085][315]LogModuleManager: Shutting down and abandoning module AndroidRuntimeSettings (450)
[2018.01.28-04.45.55:085][315]LogModuleManager: Shutting down and abandoning module InputBindingEditor (448)
[2018.01.28-04.45.55:085][315]LogModuleManager: Shutting down and abandoning module MergeActors (446)
[2018.01.28-04.45.55:085][315]LogModuleManager: Shutting down and abandoning module SizeMap (444)
[2018.01.28-04.45.55:085][315]LogModuleManager: Shutting down and abandoning module TreeMap (442)
[2018.01.28-04.45.55:086][315]LogModuleManager: Shutting down and abandoning module ReferenceViewer (440)
[2018.01.28-04.45.55:086][315]LogModuleManager: Shutting down and abandoning module LocalizationDashboard (438)
[2018.01.28-04.45.55:086][315]LogModuleManager: Shutting down and abandoning module LocalizationService (437)
[2018.01.28-04.45.55:086][315]LogModuleManager: Shutting down and abandoning module HardwareTargeting (434)
[2018.01.28-04.45.55:086][315]LogModuleManager: Shutting down and abandoning module DeviceProfileEditor (432)
[2018.01.28-04.45.55:086][315]LogModuleManager: Shutting down and abandoning module UndoHistory (430)
[2018.01.28-04.45.55:086][315]LogModuleManager: Shutting down and abandoning module XmlParser (428)
[2018.01.28-04.45.55:086][315]LogModuleManager: Shutting down and abandoning module Blutility (426)
[2018.01.28-04.45.55:086][315]LogModuleManager: Shutting down and abandoning module ProjectSettingsViewer (424)
[2018.01.28-04.45.55:086][315]LogModuleManager: Shutting down and abandoning module ProjectTargetPlatformEditor (423)
[2018.01.28-04.45.55:086][315]LogModuleManager: Shutting down and abandoning module EditorSettingsViewer (420)
[2018.01.28-04.45.55:086][315]LogModuleManager: Shutting down and abandoning module SettingsEditor (418)
[2018.01.28-04.45.55:086][315]LogModuleManager: Shutting down and abandoning module ProjectLauncher (416)
[2018.01.28-04.45.55:086][315]LogModuleManager: Shutting down and abandoning module SessionFrontend (414)
[2018.01.28-04.45.55:086][315]LogModuleManager: Shutting down and abandoning module ProfilerClient (412)
[2018.01.28-04.45.55:086][315]LogModuleManager: Shutting down and abandoning module DeviceManager (410)
[2018.01.28-04.45.55:086][315]LogModuleManager: Shutting down and abandoning module TargetDeviceServices (409)
[2018.01.28-04.45.55:150][315]LogModuleManager: Shutting down and abandoning module AutomationController (406)
[2018.01.28-04.45.55:150][315]LogModuleManager: Shutting down and abandoning module AutomationWindow (404)
[2018.01.28-04.45.55:150][315]LogModuleManager: Shutting down and abandoning module Layers (402)
[2018.01.28-04.45.55:150][315]LogModuleManager: Shutting down and abandoning module ComponentVisualizers (400)
[2018.01.28-04.45.55:150][315]LogModuleManager: Shutting down and abandoning module DetailCustomizations (398)
[2018.01.28-04.45.55:150][315]LogModuleManager: Shutting down and abandoning module PackagesDialog (396)
[2018.01.28-04.45.55:150][315]LogModuleManager: Shutting down and abandoning module Persona (394)
[2018.01.28-04.45.55:151][315]LogModuleManager: Shutting down and abandoning module AdvancedPreviewScene (393)
[2018.01.28-04.45.55:151][315]LogModuleManager: Shutting down and abandoning module AnimGraph (391)
[2018.01.28-04.45.55:151][315]LogModuleManager: Shutting down and abandoning module Kismet (388)
[2018.01.28-04.45.55:161][315]LogModuleManager: Shutting down and abandoning module ClassViewer (386)
[2018.01.28-04.45.55:162][315]LogModuleManager: Shutting down and abandoning module Toolbox (384)
[2018.01.28-04.45.55:162][315]LogModuleManager: Shutting down and abandoning module ModuleUI (382)
[2018.01.28-04.45.55:162][315]LogModuleManager: Shutting down and abandoning module MovieSceneTools (380)
[2018.01.28-04.45.55:162][315]LogModuleManager: Shutting down and abandoning module OutputLog (378)
[2018.01.28-04.45.55:162][315]LogModuleManager: Shutting down and abandoning module GammaUI (376)
[2018.01.28-04.45.55:163][315]LogModuleManager: Shutting down and abandoning module Documentation (374)
[2018.01.28-04.45.55:163][315]LogModuleManager: Shutting down and abandoning module MovieSceneTracks (372)
[2018.01.28-04.45.55:163][315]LogModuleManager: Shutting down and abandoning module MovieScene (370)
[2018.01.28-04.45.55:163][315]LogModuleManager: Shutting down and abandoning module StreamingPauseRendering (368)
[2018.01.28-04.45.55:163][315]LogModuleManager: Shutting down and abandoning module LauncherPlatform (366)
[2018.01.28-04.45.55:163][315]LogModuleManager: Shutting down and abandoning module AnalyticsET (364)
[2018.01.28-04.45.55:163][315]LogModuleManager: Shutting down and abandoning module PortalServices (362)
[2018.01.28-04.45.55:163][315]LogModuleManager: Shutting down and abandoning module PortalRpc (360)
[2018.01.28-04.45.55:163][315]LogModuleManager: Shutting down and abandoning module MessagingRpc (358)
[2018.01.28-04.45.55:163][315]LogModuleManager: Shutting down and abandoning module AIModule (356)
[2018.01.28-04.45.55:163][315]LogModuleManager: Shutting down and abandoning module GameplayDebugger (355)
[2018.01.28-04.45.55:163][315]LogModuleManager: Shutting down and abandoning module AITestSuite (353)
[2018.01.28-04.45.55:163][315]LogModuleManager: Shutting down and abandoning module DesktopPlatform (350)
[2018.01.28-04.45.55:163][315]LogModuleManager: Shutting down and abandoning module ProfilerService (348)
[2018.01.28-04.45.55:213][315]LogModuleManager: Shutting down and abandoning module TaskGraph (346)
[2018.01.28-04.45.55:213][315]LogModuleManager: Shutting down and abandoning module SteamVRController (344)
[2018.01.28-04.45.55:213][315]LogModuleManager: Shutting down and abandoning module ProceduralMeshComponentEditor (342)
[2018.01.28-04.45.55:213][315]LogModuleManager: Shutting down and abandoning module ProceduralMeshComponent (340)
[2018.01.28-04.45.55:213][315]LogModuleManager: Shutting down and abandoning module OculusInput (338)
[2018.01.28-04.45.55:213][315]LogModuleManager: Shutting down and abandoning module MobilePatchingUtils (336)
[2018.01.28-04.45.55:213][315]LogModuleManager: Shutting down and abandoning module CustomMeshComponent (334)
[2018.01.28-04.45.55:213][315]LogModuleManager: Shutting down and abandoning module CableComponent (332)
[2018.01.28-04.45.55:213][315]LogModuleManager: Shutting down and abandoning module ArchVisCharacter (330)
[2018.01.28-04.45.55:213][315]LogModuleManager: Shutting down and abandoning module AndroidPermission (328)
[2018.01.28-04.45.55:213][315]LogModuleManager: Shutting down and abandoning module ActorSequence (324)
[2018.01.28-04.45.55:213][315]LogModuleManager: Shutting down and abandoning module MediaPlayerEditor (322)
[2018.01.28-04.45.55:214][315]LogModuleManager: Shutting down and abandoning module MediaCompositingEditor (320)
[2018.01.28-04.45.55:214][315]LogModuleManager: Shutting down and abandoning module MediaCompositing (318)
[2018.01.28-04.45.55:214][315]LogModuleManager: Shutting down and abandoning module HTML5Networking (316)
[2018.01.28-04.45.55:214][315]LogModuleManager: Shutting down and abandoning module AlembicImporter (314)
[2018.01.28-04.45.55:214][315]LogModuleManager: Shutting down and abandoning module AlembicLibrary (313)
[2018.01.28-04.45.55:214][315]LogModuleManager: Shutting down and abandoning module GeometryCache (312)
[2018.01.28-04.45.55:214][315]LogModuleManager: Shutting down and abandoning module GeometryCacheEd (311)
[2018.01.28-04.45.55:214][315]LogModuleManager: Shutting down and abandoning module SpeedTreeImporter (306)
[2018.01.28-04.45.55:214][315]LogModuleManager: Shutting down and abandoning module PluginBrowser (304)
[2018.01.28-04.45.55:214][315]LogModuleManager: Shutting down and abandoning module MobileLauncherProfileWizard (302)
[2018.01.28-04.45.55:214][315]LogModuleManager: Shutting down and abandoning module VisualStudioSourceCodeAccess (300)
[2018.01.28-04.45.55:214][315]LogModuleManager: Shutting down and abandoning module VisualStudioCodeSourceCodeAccess (298)
[2018.01.28-04.45.55:214][315]LogModuleManager: Shutting down and abandoning module UObjectPlugin (296)
[2018.01.28-04.45.55:214][315]LogModuleManager: Shutting down and abandoning module SubversionSourceControl (294)
[2018.01.28-04.45.55:214][315]LogModuleManager: Shutting down and abandoning module PerforceSourceControl (292)
[2018.01.28-04.45.55:214][315]LogModuleManager: Shutting down and abandoning module GitSourceControl (290)
[2018.01.28-04.45.55:214][315]LogModuleManager: Shutting down and abandoning module SourceControl (289)
[2018.01.28-04.45.55:214][315]LogModuleManager: Shutting down and abandoning module LightPropagationVolumeEditor (286)
[2018.01.28-04.45.55:214][315]LogModuleManager: Shutting down and abandoning module PaperTiledImporter (284)
[2018.01.28-04.45.55:214][315]LogModuleManager: Shutting down and abandoning module PaperSpriteSheetImporter (282)
[2018.01.28-04.45.55:214][315]LogModuleManager: Shutting down and abandoning module Paper2DEditor (280)
[2018.01.28-04.45.55:214][315]LogModuleManager: Shutting down and abandoning module MeshPaint (279)
[2018.01.28-04.45.55:214][315]LogModuleManager: Shutting down and abandoning module LevelEditor (277)
[2018.01.28-04.45.55:215][315]LogModuleManager: Shutting down and abandoning module PixelInspectorModule (276)
[2018.01.28-04.45.55:215][315]LogModuleManager: Shutting down and abandoning module MainFrame (274)
[2018.01.28-04.45.55:215][315]LogModuleManager: Shutting down and abandoning module HotReload (273)
[2018.01.28-04.45.55:216][315]LogModuleManager: Shutting down and abandoning module RuntimePhysXCooking (268)
[2018.01.28-04.45.55:216][315]LogModuleManager: Shutting down and abandoning module PhysXVehiclesEditor (266)
[2018.01.28-04.45.55:216][315]LogModuleManager: Shutting down and abandoning module PhysXVehicles (264)
[2018.01.28-04.45.55:216][315]LogModuleManager: Shutting down and abandoning module OculusEditor (262)
[2018.01.28-04.45.55:216][315]LogModuleManager: Shutting down and abandoning module LocationServicesBPLibrary (260)
[2018.01.28-04.45.55:216][315]LogModuleManager: Shutting down and abandoning module ImmediatePhysicsEditor (258)
[2018.01.28-04.45.55:216][315]LogModuleManager: Shutting down and abandoning module ImmediatePhysics (256)
[2018.01.28-04.45.55:216][315]LogModuleManager: Shutting down and abandoning module UdpMessaging (254)
[2018.01.28-04.45.55:317][315]LogModuleManager: Shutting down and abandoning module TcpMessaging (252)
[2018.01.28-04.45.55:418][315]LogModuleManager: Shutting down and abandoning module GameplayTagsEditor (250)
[2018.01.28-04.45.55:418][315]LogModuleManager: Shutting down and abandoning module FacialAnimationEditor (248)
[2018.01.28-04.45.55:418][315]LogModuleManager: Shutting down and abandoning module FacialAnimation (246)
[2018.01.28-04.45.55:418][315]LogModuleManager: Shutting down and abandoning module AssetManagerEditor (244)
[2018.01.28-04.45.55:418][315]LogModuleManager: Shutting down and abandoning module GraphEditor (243)
[2018.01.28-04.45.55:418][315]LogModuleManager: Shutting down and abandoning module ContentBrowser (241)
[2018.01.28-04.45.55:419][315]LogModuleManager: Shutting down and abandoning module LightPropagationVolumeRuntime (238)
[2018.01.28-04.45.55:419][315]LogModuleManager: Shutting down and abandoning module Paper2D (236)
[2018.01.28-04.45.55:419][315]LogModuleManager: Shutting down and abandoning module WindowsMoviePlayer (234)
[2018.01.28-04.45.55:419][315]LogModuleManager: Shutting down and abandoning module WmfMedia (232)
[2018.01.28-04.45.55:421][315]LogModuleManager: Shutting down and abandoning module ImgMedia (230)
[2018.01.28-04.45.55:421][315]LogModuleManager: Shutting down and abandoning module PacketHandler (228)
[2018.01.28-04.45.55:421][315]LogModuleManager: Shutting down and abandoning module ClothingSystemEditor (226)
[2018.01.28-04.45.55:422][315]LogModuleManager: Shutting down and abandoning module ClothingSystemRuntime (224)
[2018.01.28-04.45.55:422][315]LogModuleManager: Shutting down and abandoning module MediaAssets (222)
[2018.01.28-04.45.55:422][315]LogModuleManager: Shutting down and abandoning module Media (221)
[2018.01.28-04.45.55:428][315]LogModuleManager: Shutting down and abandoning module Overlay (218)
[2018.01.28-04.45.55:428][315]LogModuleManager: Shutting down and abandoning module OverlayEditor (217)
[2018.01.28-04.45.55:428][315]LogModuleManager: Shutting down and abandoning module VREditor (214)
[2018.01.28-04.45.55:428][315]LogModuleManager: Shutting down and abandoning module StringTableEditor (212)
[2018.01.28-04.45.55:428][315]LogModuleManager: Shutting down and abandoning module GameplayTasksEditor (210)
[2018.01.28-04.45.55:428][315]LogModuleManager: Shutting down and abandoning module BehaviorTreeEditor (208)
[2018.01.28-04.45.55:428][315]LogModuleManager: Shutting down and abandoning module FunctionalTesting (206)
[2018.01.28-04.45.55:428][315]LogModuleManager: Shutting down and abandoning module CollisionAnalyzer (204)
[2018.01.28-04.45.55:428][315]LogModuleManager: Shutting down and abandoning module WorkspaceMenuStructure (203)
[2018.01.28-04.45.55:428][315]LogModuleManager: Shutting down and abandoning module UMG (200)
[2018.01.28-04.45.55:428][315]LogModuleManager: Shutting down and abandoning module UMGEditor (199)
[2018.01.28-04.45.55:428][315]LogModuleManager: Shutting down and abandoning module Sequencer (198)
[2018.01.28-04.45.55:428][315]LogModuleManager: Shutting down and abandoning module MessageLog (195)
[2018.01.28-04.45.55:428][315]LogModuleManager: Shutting down and abandoning module SlateReflector (190)
[2018.01.28-04.45.55:428][315]LogModuleManager: Shutting down and abandoning module Slate (188)
[2018.01.28-04.45.55:428][315]LogModuleManager: Shutting down and abandoning module EditorStyle (186)
[2018.01.28-04.45.55:430][315]LogModuleManager: Shutting down and abandoning module MRMesh (184)
[2018.01.28-04.45.55:430][315]LogModuleManager: Shutting down and abandoning module SourceCodeAccess (182)
[2018.01.28-04.45.55:430][315]LogModuleManager: Shutting down and abandoning module HeadMountedDisplay (180)
[2018.01.28-04.45.55:430][315]LogModuleManager: Shutting down and abandoning module XAudio2 (178)
[2018.01.28-04.45.55:430][315]LogModuleManager: Shutting down and abandoning module Networking (176)
[2018.01.28-04.45.55:430][315]LogModuleManager: Shutting down and abandoning module Core (172)
[2018.01.28-04.45.55:430][315]LogModuleManager: Shutting down and abandoning module LevelSequence (168)
[2018.01.28-04.45.55:430][315]LogModuleManager: Shutting down and abandoning module DirectoryWatcher (166)
[2018.01.28-04.45.55:431][315]LogModuleManager: Shutting down and abandoning module KismetCompiler (164)
[2018.01.28-04.45.55:431][315]LogModuleManager: Shutting down and abandoning module MeshUtilities (162)
[2018.01.28-04.45.55:431][315]LogModuleManager: Shutting down and abandoning module MeshMergeUtilities (161)
[2018.01.28-04.45.55:431][315]LogModuleManager: Shutting down and abandoning module MeshReductionInterface (160)
[2018.01.28-04.45.55:431][315]LogModuleManager: Shutting down and abandoning module SimplygonSwarm (159)
[2018.01.28-04.45.55:431][315]LogModuleManager: Shutting down and abandoning module SimplygonMeshReduction (157)
[2018.01.28-04.45.55:431][315]LogModuleManager: Shutting down and abandoning module QuadricMeshReduction (155)
[2018.01.28-04.45.55:431][315]LogModuleManager: Shutting down and abandoning module MaterialBaking (151)
[2018.01.28-04.45.55:431][315]LogModuleManager: Shutting down and abandoning module DerivedDataCache (148)
[2018.01.28-04.45.55:499][315]LogDerivedDataCache: Shutdown
[2018.01.28-04.45.55:499][315]LogModuleManager: Shutting down and abandoning module TargetPlatform (146)
[2018.01.28-04.45.55:499][315]LogModuleManager: Shutting down and abandoning module VulkanShaderFormat (145)
[2018.01.28-04.45.55:499][315]LogModuleManager: Shutting down and abandoning module ShaderFormatVectorVM (143)
[2018.01.28-04.45.55:499][315]LogModuleManager: Shutting down and abandoning module ShaderFormatOpenGL (141)
[2018.01.28-04.45.55:499][315]LogModuleManager: Shutting down and abandoning module ShaderFormatD3D (139)
[2018.01.28-04.45.55:499][315]LogModuleManager: Shutting down and abandoning module MetalShaderFormat (137)
[2018.01.28-04.45.55:499][315]LogModuleManager: Shutting down and abandoning module TextureFormatUncompressed (135)
[2018.01.28-04.45.55:499][315]LogModuleManager: Shutting down and abandoning module TextureFormatPVR (133)
[2018.01.28-04.45.55:499][315]LogModuleManager: Shutting down and abandoning module TextureFormatDXT (131)
[2018.01.28-04.45.55:499][315]LogModuleManager: Shutting down and abandoning module TextureFormatIntelISPCTexComp (129)
[2018.01.28-04.45.55:499][315]LogModuleManager: Shutting down and abandoning module TextureFormatASTC (127)
[2018.01.28-04.45.55:499][315]LogModuleManager: Shutting down and abandoning module ImageWrapper (126)
[2018.01.28-04.45.55:499][315]LogModuleManager: Shutting down and abandoning module TextureFormatAndroid (123)
[2018.01.28-04.45.55:499][315]LogModuleManager: Shutting down and abandoning module AudioFormatOpus (121)
[2018.01.28-04.45.55:499][315]LogModuleManager: Shutting down and abandoning module AudioFormatOgg (119)
[2018.01.28-04.45.55:499][315]LogModuleManager: Shutting down and abandoning module AudioFormatADPCM (117)
[2018.01.28-04.45.55:499][315]LogModuleManager: Shutting down and abandoning module LinuxTargetPlatform (115)
[2018.01.28-04.45.55:499][315]LogModuleManager: Shutting down and abandoning module LinuxServerTargetPlatform (113)
[2018.01.28-04.45.55:499][315]LogModuleManager: Shutting down and abandoning module LinuxNoEditorTargetPlatform (111)
[2018.01.28-04.45.55:499][315]LogModuleManager: Shutting down and abandoning module LinuxClientTargetPlatform (109)
[2018.01.28-04.45.55:499][315]LogModuleManager: Shutting down and abandoning module TVOSTargetPlatform (107)
[2018.01.28-04.45.55:499][315]LogModuleManager: Shutting down and abandoning module Messaging (105)
[2018.01.28-04.45.55:499][315]LogModuleManager: Shutting down and abandoning module IOSTargetPlatform (103)
[2018.01.28-04.45.55:499][315]LogModuleManager: Shutting down and abandoning module HTML5TargetPlatform (101)
[2018.01.28-04.45.55:499][315]LogModuleManager: Shutting down and abandoning module AndroidTargetPlatform (99)
[2018.01.28-04.45.55:499][315]LogModuleManager: Shutting down and abandoning module Android_PVRTCTargetPlatform (97)
[2018.01.28-04.45.55:499][315]LogModuleManager: Shutting down and abandoning module Android_MultiTargetPlatform (95)
[2018.01.28-04.45.55:499][315]LogModuleManager: Shutting down and abandoning module Android_ETC2TargetPlatform (93)
[2018.01.28-04.45.55:499][315]LogModuleManager: Shutting down and abandoning module Android_ETC1TargetPlatform (91)
[2018.01.28-04.45.55:499][315]LogModuleManager: Shutting down and abandoning module Android_DXTTargetPlatform (89)
[2018.01.28-04.45.55:499][315]LogModuleManager: Shutting down and abandoning module Android_ATCTargetPlatform (87)
[2018.01.28-04.45.55:499][315]LogModuleManager: Shutting down and abandoning module Android_ASTCTargetPlatform (85)
[2018.01.28-04.45.55:499][315]LogModuleManager: Shutting down and abandoning module WindowsTargetPlatform (83)
[2018.01.28-04.45.55:500][315]LogModuleManager: Shutting down and abandoning module WindowsServerTargetPlatform (81)
[2018.01.28-04.45.55:500][315]LogModuleManager: Shutting down and abandoning module WindowsNoEditorTargetPlatform (79)
[2018.01.28-04.45.55:500][315]LogModuleManager: Shutting down and abandoning module WindowsClientTargetPlatform (77)
[2018.01.28-04.45.55:500][315]LogModuleManager: Shutting down and abandoning module MacTargetPlatform (75)
[2018.01.28-04.45.55:500][315]LogModuleManager: Shutting down and abandoning module MacServerTargetPlatform (73)
[2018.01.28-04.45.55:500][315]LogModuleManager: Shutting down and abandoning module MacNoEditorTargetPlatform (71)
[2018.01.28-04.45.55:500][315]LogModuleManager: Shutting down and abandoning module MacClientTargetPlatform (69)
[2018.01.28-04.45.55:500][315]LogModuleManager: Shutting down and abandoning module AllDesktopTargetPlatform (67)
[2018.01.28-04.45.55:500][315]LogModuleManager: Shutting down and abandoning module InputCore (64)
[2018.01.28-04.45.55:500][315]LogModuleManager: Shutting down and abandoning module Settings (62)
[2018.01.28-04.45.55:500][315]LogModuleManager: Shutting down and abandoning module PhysXCooking (60)
[2018.01.28-04.45.55:500][315]LogModuleManager: Shutting down and abandoning module SteamVR (58)
[2018.01.28-04.45.55:500][315]LogModuleManager: Shutting down and abandoning module OculusHMD (56)
[2018.01.28-04.45.55:500][315]LogModuleManager: Shutting down and abandoning module ExampleDeviceProfileSelector (54)
[2018.01.28-04.45.55:500][315]LogModuleManager: Shutting down and abandoning module AppleARKit (52)
[2018.01.28-04.45.55:500][315]LogModuleManager: Shutting down and abandoning module AugmentedReality (51)
[2018.01.28-04.45.55:500][315]LogModuleManager: Shutting down and abandoning module OnlineBlueprintSupport (48)
[2018.01.28-04.45.55:500][315]LogModuleManager: Shutting down and abandoning module OnlineSubsystem (44)
[2018.01.28-04.45.55:500][315]LogModuleManager: Shutting down and abandoning module XMPP (43)
[2018.01.28-04.45.55:500][315]LogModuleManager: Shutting down and abandoning module HTTP (41)
[2018.01.28-04.45.55:500][315]LogHttp: Display: Http module shutting down, but needs to wait on 2 outstanding Http requests:
[2018.01.28-04.45.55:500][315]LogHttp: Display: 	verb=[POST] url=[https://datarouter.ol.epicgames.com/datarouter/api/v1/public/data?SessionID=%7BBEB8C646-46BD-5ADF-736A-DC8FBCBDB7D6%7D&AppID=UEEditor.Rocket.Release&AppVersion=4.18.3-3832480%2B%2B%2BUE4%2BRelease-4.18&UserID=a198cc664e80f62bffec53ae281df260%7Caede66b47dc74c7dbc239fe2c29745e4%7Cd3a968a9-d84c-4791-baa5-56d6482b1928&AppEnvironment=datacollector-binary&UploadType=eteventstream] status=Processing
[2018.01.28-04.45.55:500][315]LogHttp: Display: 	verb=[POST] url=[https://datarouter.ol.epicgames.com/datarouter/api/v1/public/data?SessionID=%7BBEB8C646-46BD-5ADF-736A-DC8FBCBDB7D6%7D&AppID=UEEditor.Rocket.Release&AppVersion=4.18.3-3832480%2B%2B%2BUE4%2BRelease-4.18&UserID=a198cc664e80f62bffec53ae281df260%7Caede66b47dc74c7dbc239fe2c29745e4%7Cd3a968a9-d84c-4791-baa5-56d6482b1928&AppEnvironment=datacollector-binary&UploadType=eteventstream] status=Processing
[2018.01.28-04.45.55:515][315]LogModuleManager: Shutting down and abandoning module SSL (40)
[2018.01.28-04.45.55:516][315]LogModuleManager: Shutting down and abandoning module AnimationModifiers (36)
[2018.01.28-04.45.55:516][315]LogModuleManager: Shutting down and abandoning module PropertyEditor (35)
[2018.01.28-04.45.55:516][315]LogModuleManager: Shutting down and abandoning module AudioEditor (32)
[2018.01.28-04.45.55:516][315]LogModuleManager: Shutting down and abandoning module TextureCompressor (30)
[2018.01.28-04.45.55:516][315]LogModuleManager: Shutting down and abandoning module ShaderCore (28)
[2018.01.28-04.45.55:516][315]LogModuleManager: Shutting down and abandoning module Landscape (26)
[2018.01.28-04.45.55:516][315]LogModuleManager: Shutting down and abandoning module SlateRHIRenderer (24)
[2018.01.28-04.45.55:518][315]LogModuleManager: Shutting down and abandoning module OpenGLDrv (22)
[2018.01.28-04.45.55:518][315]LogModuleManager: Shutting down and abandoning module D3D11RHI (20)
[2018.01.28-04.45.55:518][315]LogModuleManager: Shutting down and abandoning module AnimGraphRuntime (18)
[2018.01.28-04.45.55:518][315]LogModuleManager: Shutting down and abandoning module Renderer (16)
[2018.01.28-04.45.55:518][315]LogModuleManager: Shutting down and abandoning module Engine (14)
[2018.01.28-04.45.55:518][315]LogModuleManager: Shutting down and abandoning module CoreUObject (12)
[2018.01.28-04.45.55:518][315]LogModuleManager: Shutting down and abandoning module NetworkFile (10)
[2018.01.28-04.45.55:518][315]LogModuleManager: Shutting down and abandoning module CookedIterativeFile (8)
[2018.01.28-04.45.55:518][315]LogModuleManager: Shutting down and abandoning module StreamingFile (6)
[2018.01.28-04.45.55:518][315]LogModuleManager: Shutting down and abandoning module SandboxFile (4)
[2018.01.28-04.45.55:518][315]LogModuleManager: Shutting down and abandoning module PakFile (2)
[2018.01.28-04.45.55:522][315]LogExit: Exiting.
[2018.01.28-04.45.55:536][315]Log file closed, 01/27/18 23:45:55
